
    
<-<-<================================================================================>->->
    File generated by leekslazylogger v2.0.7 by eartharoid (http://leeks.js.org/logger)
    SquashCodes | Log File
    Tuesday, 13th April 2021, 14:01 pm (America/Sao_Paulo) -->
    Node: v14.15.5 on 'Windows' | Time format: 'HH:mm:ss' | Date format: 'YYYY-MM-DD'
<-<-<================================================================================>->->


[14:01:21 | INFO] Connecting to MySQL database...
[14:01:21 | INFO] > Evento debug carregado com sucesso
[14:01:21 | INFO] > Evento error carregado com sucesso
[14:01:22 | INFO] > Evento guildMemberAdd carregado com sucesso
[14:01:22 | INFO] > Evento message carregado com sucesso
[14:01:22 | INFO] > Evento messageDelete carregado com sucesso
[14:01:22 | INFO] > Evento messageReactionAdd carregado com sucesso
[14:01:22 | INFO] > Evento messageUpdate carregado com sucesso
[14:01:22 | INFO] > Evento rateLimit carregado com sucesso
[14:01:22 | INFO] > Evento ready carregado com sucesso
[14:01:22 | INFO] > Evento warn carregado com sucesso
[14:01:22 | INFO] > Comando !add carregado com sucesso
[14:01:22 | INFO] > Comando !authenticate carregado com sucesso
[14:01:22 | INFO] > Comando !canvas carregado com sucesso
[14:01:22 | INFO] > Comando !clear carregado com sucesso
[14:01:22 | INFO] > Comando !close carregado com sucesso
[14:01:22 | INFO] > Comando !closeall carregado com sucesso
[14:01:22 | INFO] > Comando !delete carregado com sucesso
[14:01:22 | INFO] > Comando !eval carregado com sucesso
[14:01:22 | INFO] > Comando !ajuda carregado com sucesso
[14:01:22 | INFO] > Comando !msg carregado com sucesso
[14:01:22 | INFO] > Comando !panel carregado com sucesso
[14:01:22 | INFO] > Comando !remove carregado com sucesso
[14:01:22 | INFO] > Comando !rename carregado com sucesso
[14:01:22 | INFO] > Comando !stats carregado com sucesso
[14:01:22 | INFO] > Comando !suporte carregado com sucesso
[14:01:22 | INFO] > Comando !tickets carregado com sucesso
[14:01:22 | INFO] > Comando !topic carregado com sucesso
[14:01:22 | INFO] > Comando !trans carregado com sucesso
[14:01:22 | INFO] > Comando !transcript carregado com sucesso
[14:01:22 | INFO] Foram carregados 10 eventos e 19 comandos
[14:01:23 | INFO] Autenticado com sucesso como Betina#2704
[14:01:23 | INFO] Permissão de 'ADMINISTRATOR' verificada com sucesso
[14:01:35 | INFO] dutra#3978 usou o comando 'authenticate'
[14:01:35 | WARN] An error was not caught
[14:01:36 | WARN] Uncaught ReferenceError: doc is not defined
[14:01:36 | ERROR] ReferenceError: doc is not defined
    at Object.execute (C:\Users\COMPUTADOR\node\Sqh\src\commands\authenticate.js:19:5)
    at Object.execute (C:\Users\COMPUTADOR\node\Sqh\src\events\message.js:98:12)
    at processTicksAndRejections (internal/process/task_queues.js:93:5)

    
<-<-<================================================================================>->->
    File generated by leekslazylogger v2.0.7 by eartharoid (http://leeks.js.org/logger)
    SquashCodes | Log File
    Tuesday, 13th April 2021, 14:02 pm (America/Sao_Paulo) -->
    Node: v14.15.5 on 'Windows' | Time format: 'HH:mm:ss' | Date format: 'YYYY-MM-DD'
<-<-<================================================================================>->->



    
<-<-<================================================================================>->->
    File generated by leekslazylogger v2.0.7 by eartharoid (http://leeks.js.org/logger)
    SquashCodes | Log File
    Tuesday, 13th April 2021, 14:02 pm (America/Sao_Paulo) -->
    Node: v14.15.5 on 'Windows' | Time format: 'HH:mm:ss' | Date format: 'YYYY-MM-DD'
<-<-<================================================================================>->->


[14:02:42 | INFO] Connecting to MySQL database...
[14:02:42 | INFO] > Evento debug carregado com sucesso
[14:02:42 | INFO] > Evento error carregado com sucesso
[14:02:42 | INFO] > Evento guildMemberAdd carregado com sucesso
[14:02:42 | INFO] > Evento message carregado com sucesso
[14:02:42 | INFO] > Evento messageDelete carregado com sucesso
[14:02:42 | INFO] > Evento messageReactionAdd carregado com sucesso
[14:02:42 | INFO] > Evento messageUpdate carregado com sucesso
[14:02:42 | INFO] > Evento rateLimit carregado com sucesso
[14:02:42 | INFO] > Evento ready carregado com sucesso
[14:02:42 | INFO] > Evento warn carregado com sucesso
[14:02:42 | INFO] > Comando !add carregado com sucesso
[14:02:42 | INFO] > Comando !authenticate carregado com sucesso
[14:02:42 | INFO] > Comando !canvas carregado com sucesso
[14:02:42 | INFO] > Comando !clear carregado com sucesso
[14:02:42 | INFO] > Comando !close carregado com sucesso
[14:02:42 | INFO] > Comando !closeall carregado com sucesso
[14:02:42 | INFO] > Comando !delete carregado com sucesso
[14:02:43 | INFO] > Comando !eval carregado com sucesso
[14:02:43 | INFO] > Comando !ajuda carregado com sucesso
[14:02:43 | INFO] > Comando !msg carregado com sucesso
[14:02:43 | INFO] > Comando !panel carregado com sucesso
[14:02:43 | INFO] > Comando !remove carregado com sucesso
[14:02:43 | INFO] > Comando !rename carregado com sucesso
[14:02:43 | INFO] > Comando !stats carregado com sucesso
[14:02:43 | INFO] > Comando !suporte carregado com sucesso
[14:02:43 | INFO] > Comando !tickets carregado com sucesso
[14:02:43 | INFO] > Comando !topic carregado com sucesso
[14:02:43 | INFO] > Comando !trans carregado com sucesso
[14:02:43 | INFO] > Comando !transcript carregado com sucesso
[14:02:43 | INFO] Foram carregados 10 eventos e 19 comandos
[14:02:44 | INFO] Autenticado com sucesso como Betina#2704
[14:02:44 | INFO] Permissão de 'ADMINISTRATOR' verificada com sucesso
[14:02:48 | INFO] dutra#3978 usou o comando 'authenticate'
[14:02:48 | WARN] An error was not caught
[14:02:48 | WARN] Uncaught TypeError: Cannot read property 'findOne' of undefined
[14:02:48 | ERROR] TypeError: Cannot read property 'findOne' of undefined
    at Object.execute (C:\Users\COMPUTADOR\node\Sqh\src\commands\authenticate.js:19:33)
    at Object.execute (C:\Users\COMPUTADOR\node\Sqh\src\events\message.js:98:12)
    at processTicksAndRejections (internal/process/task_queues.js:93:5)

    
<-<-<================================================================================>->->
    File generated by leekslazylogger v2.0.7 by eartharoid (http://leeks.js.org/logger)
    SquashCodes | Log File
    Tuesday, 13th April 2021, 14:07 pm (America/Sao_Paulo) -->
    Node: v14.15.5 on 'Windows' | Time format: 'HH:mm:ss' | Date format: 'YYYY-MM-DD'
<-<-<================================================================================>->->


[14:07:30 | INFO] Connecting to MySQL database...
[14:07:31 | INFO] > Evento debug carregado com sucesso
[14:07:31 | INFO] > Evento error carregado com sucesso
[14:07:31 | INFO] > Evento guildMemberAdd carregado com sucesso
[14:07:31 | INFO] > Evento message carregado com sucesso
[14:07:31 | INFO] > Evento messageDelete carregado com sucesso
[14:07:31 | INFO] > Evento messageReactionAdd carregado com sucesso
[14:07:31 | INFO] > Evento messageUpdate carregado com sucesso
[14:07:31 | INFO] > Evento rateLimit carregado com sucesso
[14:07:31 | INFO] > Evento ready carregado com sucesso
[14:07:32 | INFO] > Evento warn carregado com sucesso
[14:07:32 | INFO] > Comando !add carregado com sucesso
[14:07:32 | INFO] > Comando !authenticate carregado com sucesso
[14:07:32 | INFO] > Comando !canvas carregado com sucesso
[14:07:32 | INFO] > Comando !clear carregado com sucesso
[14:07:32 | INFO] > Comando !close carregado com sucesso
[14:07:32 | INFO] > Comando !closeall carregado com sucesso
[14:07:32 | INFO] > Comando !delete carregado com sucesso
[14:07:32 | INFO] > Comando !eval carregado com sucesso
[14:07:32 | INFO] > Comando !ajuda carregado com sucesso
[14:07:32 | INFO] > Comando !msg carregado com sucesso
[14:07:32 | INFO] > Comando !panel carregado com sucesso
[14:07:32 | INFO] > Comando !remove carregado com sucesso
[14:07:32 | INFO] > Comando !rename carregado com sucesso
[14:07:32 | INFO] > Comando !stats carregado com sucesso
[14:07:32 | INFO] > Comando !suporte carregado com sucesso
[14:07:32 | INFO] > Comando !tickets carregado com sucesso
[14:07:32 | INFO] > Comando !topic carregado com sucesso
[14:07:32 | INFO] > Comando !trans carregado com sucesso
[14:07:32 | INFO] > Comando !transcript carregado com sucesso
[14:07:33 | INFO] Foram carregados 10 eventos e 19 comandos
[14:07:34 | INFO] Autenticado com sucesso como Betina#2704
[14:07:34 | INFO] Permissão de 'ADMINISTRATOR' verificada com sucesso

    
<-<-<================================================================================>->->
    File generated by leekslazylogger v2.0.7 by eartharoid (http://leeks.js.org/logger)
    SquashCodes | Log File
    Tuesday, 13th April 2021, 14:14 pm (America/Sao_Paulo) -->
    Node: v14.15.5 on 'Windows' | Time format: 'HH:mm:ss' | Date format: 'YYYY-MM-DD'
<-<-<================================================================================>->->


[14:14:31 | INFO] Connecting to MySQL database...
[14:14:32 | INFO] > Evento debug carregado com sucesso
[14:14:32 | INFO] > Evento error carregado com sucesso
[14:14:32 | INFO] > Evento guildMemberAdd carregado com sucesso
[14:14:32 | INFO] > Evento message carregado com sucesso
[14:14:32 | INFO] > Evento messageDelete carregado com sucesso
[14:14:32 | INFO] > Evento messageReactionAdd carregado com sucesso
[14:14:32 | INFO] > Evento messageUpdate carregado com sucesso
[14:14:32 | INFO] > Evento rateLimit carregado com sucesso
[14:14:32 | INFO] > Evento ready carregado com sucesso
[14:14:32 | INFO] > Evento warn carregado com sucesso
[14:14:32 | INFO] > Comando !add carregado com sucesso
[14:14:32 | INFO] > Comando !authenticate carregado com sucesso
[14:14:32 | INFO] > Comando !canvas carregado com sucesso
[14:14:32 | INFO] > Comando !clear carregado com sucesso
[14:14:32 | INFO] > Comando !close carregado com sucesso
[14:14:32 | INFO] > Comando !closeall carregado com sucesso
[14:14:32 | INFO] > Comando !delete carregado com sucesso
[14:14:32 | INFO] > Comando !eval carregado com sucesso
[14:14:32 | INFO] > Comando !ajuda carregado com sucesso
[14:14:32 | INFO] > Comando !msg carregado com sucesso
[14:14:32 | INFO] > Comando !panel carregado com sucesso
[14:14:32 | INFO] > Comando !remove carregado com sucesso
[14:14:32 | INFO] > Comando !rename carregado com sucesso
[14:14:32 | INFO] > Comando !stats carregado com sucesso
[14:14:32 | INFO] > Comando !suporte carregado com sucesso
[14:14:32 | INFO] > Comando !tickets carregado com sucesso
[14:14:32 | INFO] > Comando !topic carregado com sucesso
[14:14:32 | INFO] > Comando !trans carregado com sucesso
[14:14:32 | INFO] > Comando !transcript carregado com sucesso
[14:14:32 | INFO] Foram carregados 10 eventos e 19 comandos
[14:14:33 | INFO] Autenticado com sucesso como Betina#2704
[14:14:33 | INFO] Permissão de 'ADMINISTRATOR' verificada com sucesso

    
<-<-<================================================================================>->->
    File generated by leekslazylogger v2.0.7 by eartharoid (http://leeks.js.org/logger)
    SquashCodes | Log File
    Tuesday, 13th April 2021, 14:15 pm (America/Sao_Paulo) -->
    Node: v14.15.5 on 'Windows' | Time format: 'HH:mm:ss' | Date format: 'YYYY-MM-DD'
<-<-<================================================================================>->->


[14:15:20 | INFO] Connecting to MySQL database...
[14:15:20 | INFO] > Evento debug carregado com sucesso
[14:15:20 | INFO] > Evento error carregado com sucesso
[14:15:20 | INFO] > Evento guildMemberAdd carregado com sucesso
[14:15:20 | INFO] > Evento message carregado com sucesso
[14:15:20 | INFO] > Evento messageDelete carregado com sucesso
[14:15:21 | INFO] > Evento messageReactionAdd carregado com sucesso
[14:15:21 | INFO] > Evento messageUpdate carregado com sucesso
[14:15:21 | INFO] > Evento rateLimit carregado com sucesso
[14:15:21 | INFO] > Evento ready carregado com sucesso
[14:15:21 | INFO] > Evento warn carregado com sucesso
[14:15:21 | INFO] > Comando !add carregado com sucesso
[14:15:21 | INFO] > Comando !authenticate carregado com sucesso
[14:15:21 | INFO] > Comando !canvas carregado com sucesso
[14:15:21 | INFO] > Comando !clear carregado com sucesso
[14:15:21 | INFO] > Comando !close carregado com sucesso
[14:15:21 | INFO] > Comando !closeall carregado com sucesso
[14:15:21 | INFO] > Comando !delete carregado com sucesso
[14:15:21 | INFO] > Comando !eval carregado com sucesso
[14:15:21 | INFO] > Comando !ajuda carregado com sucesso
[14:15:21 | INFO] > Comando !msg carregado com sucesso
[14:15:21 | INFO] > Comando !panel carregado com sucesso
[14:15:21 | INFO] > Comando !remove carregado com sucesso
[14:15:21 | INFO] > Comando !rename carregado com sucesso
[14:15:21 | INFO] > Comando !stats carregado com sucesso
[14:15:21 | INFO] > Comando !suporte carregado com sucesso
[14:15:21 | INFO] > Comando !tickets carregado com sucesso
[14:15:21 | INFO] > Comando !topic carregado com sucesso
[14:15:21 | INFO] > Comando !trans carregado com sucesso
[14:15:21 | INFO] > Comando !transcript carregado com sucesso
[14:15:21 | INFO] Foram carregados 10 eventos e 19 comandos
[14:15:22 | INFO] Autenticado com sucesso como Betina#2704
[14:15:22 | INFO] Permissão de 'ADMINISTRATOR' verificada com sucesso
[14:15:28 | INFO] dutra#3978 usou o comando 'authenticate'
[14:15:28 | WARN] An error was not caught
[14:15:28 | WARN] Uncaught ReferenceError: guild is not defined
[14:15:28 | ERROR] ReferenceError: guild is not defined
    at Object.execute (C:\Users\COMPUTADOR\node\Sqh\src\commands\authenticate.js:21:172)
    at Object.execute (C:\Users\COMPUTADOR\node\Sqh\src\events\message.js:98:12)
    at processTicksAndRejections (internal/process/task_queues.js:93:5)

    
<-<-<================================================================================>->->
    File generated by leekslazylogger v2.0.7 by eartharoid (http://leeks.js.org/logger)
    SquashCodes | Log File
    Tuesday, 13th April 2021, 14:16 pm (America/Sao_Paulo) -->
    Node: v14.15.5 on 'Windows' | Time format: 'HH:mm:ss' | Date format: 'YYYY-MM-DD'
<-<-<================================================================================>->->


[14:16:08 | INFO] Connecting to MySQL database...
[14:16:09 | INFO] > Evento debug carregado com sucesso
[14:16:09 | INFO] > Evento error carregado com sucesso
[14:16:09 | INFO] > Evento guildMemberAdd carregado com sucesso
[14:16:09 | INFO] > Evento message carregado com sucesso
[14:16:09 | INFO] > Evento messageDelete carregado com sucesso
[14:16:09 | INFO] > Evento messageReactionAdd carregado com sucesso
[14:16:09 | INFO] > Evento messageUpdate carregado com sucesso
[14:16:09 | INFO] > Evento rateLimit carregado com sucesso
[14:16:09 | INFO] > Evento ready carregado com sucesso
[14:16:09 | INFO] > Evento warn carregado com sucesso
[14:16:09 | INFO] > Comando !add carregado com sucesso
[14:16:09 | INFO] > Comando !authenticate carregado com sucesso
[14:16:09 | INFO] > Comando !canvas carregado com sucesso
[14:16:09 | INFO] > Comando !clear carregado com sucesso
[14:16:09 | INFO] > Comando !close carregado com sucesso
[14:16:09 | INFO] > Comando !closeall carregado com sucesso
[14:16:09 | INFO] > Comando !delete carregado com sucesso
[14:16:09 | INFO] > Comando !eval carregado com sucesso
[14:16:09 | INFO] > Comando !ajuda carregado com sucesso
[14:16:09 | INFO] > Comando !msg carregado com sucesso
[14:16:09 | INFO] > Comando !panel carregado com sucesso
[14:16:09 | INFO] > Comando !remove carregado com sucesso
[14:16:09 | INFO] > Comando !rename carregado com sucesso
[14:16:09 | INFO] > Comando !stats carregado com sucesso
[14:16:09 | INFO] > Comando !suporte carregado com sucesso
[14:16:09 | INFO] > Comando !tickets carregado com sucesso
[14:16:09 | INFO] > Comando !topic carregado com sucesso
[14:16:09 | INFO] > Comando !trans carregado com sucesso
[14:16:10 | INFO] > Comando !transcript carregado com sucesso
[14:16:10 | INFO] Foram carregados 10 eventos e 19 comandos
[14:16:11 | INFO] Autenticado com sucesso como Betina#2704
[14:16:11 | INFO] Permissão de 'ADMINISTRATOR' verificada com sucesso
[14:16:17 | INFO] dutra#3978 usou o comando 'authenticate'

    
<-<-<================================================================================>->->
    File generated by leekslazylogger v2.0.7 by eartharoid (http://leeks.js.org/logger)
    SquashCodes | Log File
    Tuesday, 13th April 2021, 14:24 pm (America/Sao_Paulo) -->
    Node: v14.15.5 on 'Windows' | Time format: 'HH:mm:ss' | Date format: 'YYYY-MM-DD'
<-<-<================================================================================>->->


[14:24:29 | INFO] Connecting to MySQL database...
[14:24:30 | INFO] > Evento debug carregado com sucesso
[14:24:30 | INFO] > Evento error carregado com sucesso
[14:24:30 | INFO] > Evento guildMemberAdd carregado com sucesso
[14:24:30 | INFO] > Evento message carregado com sucesso
[14:24:30 | INFO] > Evento messageDelete carregado com sucesso
[14:24:30 | INFO] > Evento messageReactionAdd carregado com sucesso
[14:24:30 | INFO] > Evento messageUpdate carregado com sucesso
[14:24:30 | INFO] > Evento rateLimit carregado com sucesso
[14:24:30 | INFO] > Evento ready carregado com sucesso
[14:24:30 | INFO] > Evento warn carregado com sucesso
[14:24:30 | INFO] > Comando !add carregado com sucesso
[14:24:31 | INFO] > Comando !authenticate carregado com sucesso
[14:24:31 | INFO] > Comando !canvas carregado com sucesso
[14:24:31 | INFO] > Comando !clear carregado com sucesso
[14:24:31 | INFO] > Comando !close carregado com sucesso
[14:24:31 | INFO] > Comando !closeall carregado com sucesso
[14:24:31 | INFO] > Comando !delete carregado com sucesso
[14:24:31 | INFO] > Comando !eval carregado com sucesso
[14:24:32 | INFO] > Comando !ajuda carregado com sucesso
[14:24:32 | INFO] > Comando !msg carregado com sucesso
[14:24:32 | INFO] > Comando !panel carregado com sucesso
[14:24:32 | INFO] > Comando !remove carregado com sucesso
[14:24:32 | INFO] > Comando !rename carregado com sucesso
[14:24:32 | INFO] > Comando !stats carregado com sucesso
[14:24:32 | INFO] > Comando !suporte carregado com sucesso
[14:24:32 | INFO] > Comando !tickets carregado com sucesso
[14:24:32 | INFO] > Comando !topic carregado com sucesso
[14:24:32 | INFO] > Comando !trans carregado com sucesso
[14:24:32 | INFO] > Comando !transcript carregado com sucesso
[14:24:32 | INFO] Foram carregados 10 eventos e 19 comandos
[14:24:33 | INFO] Autenticado com sucesso como Betina#2704
[14:24:33 | INFO] Permissão de 'ADMINISTRATOR' verificada com sucesso
[14:24:40 | INFO] dutra#3978 usou o comando 'authenticate'
[14:24:40 | WARN] An error was not caught
[14:24:40 | WARN] Uncaught TypeError: Cannot read property 'guild' of undefined
[14:24:40 | ERROR] TypeError: Cannot read property 'guild' of undefined
    at Object.execute (C:\Users\COMPUTADOR\node\Sqh\src\commands\authenticate.js:12:50)
    at Object.execute (C:\Users\COMPUTADOR\node\Sqh\src\events\message.js:98:12)
    at processTicksAndRejections (internal/process/task_queues.js:93:5)

    
<-<-<================================================================================>->->
    File generated by leekslazylogger v2.0.7 by eartharoid (http://leeks.js.org/logger)
    SquashCodes | Log File
    Tuesday, 13th April 2021, 14:27 pm (America/Sao_Paulo) -->
    Node: v14.15.5 on 'Windows' | Time format: 'HH:mm:ss' | Date format: 'YYYY-MM-DD'
<-<-<================================================================================>->->


[14:27:47 | INFO] Connecting to MySQL database...
[14:27:47 | INFO] > Evento debug carregado com sucesso
[14:27:47 | INFO] > Evento error carregado com sucesso
[14:27:47 | INFO] > Evento guildMemberAdd carregado com sucesso
[14:27:47 | INFO] > Evento message carregado com sucesso
[14:27:47 | INFO] > Evento messageDelete carregado com sucesso
[14:27:47 | INFO] > Evento messageReactionAdd carregado com sucesso
[14:27:48 | INFO] > Evento messageUpdate carregado com sucesso
[14:27:48 | INFO] > Evento rateLimit carregado com sucesso
[14:27:48 | INFO] > Evento ready carregado com sucesso
[14:27:48 | INFO] > Evento warn carregado com sucesso
[14:27:48 | INFO] > Comando !add carregado com sucesso
[14:27:48 | INFO] > Comando !authenticate carregado com sucesso
[14:27:48 | INFO] > Comando !canvas carregado com sucesso
[14:27:48 | INFO] > Comando !clear carregado com sucesso
[14:27:48 | INFO] > Comando !close carregado com sucesso
[14:27:48 | INFO] > Comando !closeall carregado com sucesso
[14:27:48 | INFO] > Comando !delete carregado com sucesso
[14:27:48 | INFO] > Comando !eval carregado com sucesso
[14:27:48 | INFO] > Comando !ajuda carregado com sucesso
[14:27:48 | INFO] > Comando !msg carregado com sucesso
[14:27:48 | INFO] > Comando !panel carregado com sucesso
[14:27:48 | INFO] > Comando !remove carregado com sucesso
[14:27:48 | INFO] > Comando !rename carregado com sucesso
[14:27:48 | INFO] > Comando !stats carregado com sucesso
[14:27:48 | INFO] > Comando !suporte carregado com sucesso
[14:27:48 | INFO] > Comando !tickets carregado com sucesso
[14:27:48 | INFO] > Comando !topic carregado com sucesso
[14:27:48 | INFO] > Comando !trans carregado com sucesso
[14:27:48 | INFO] > Comando !transcript carregado com sucesso
[14:27:48 | INFO] Foram carregados 10 eventos e 19 comandos
[14:27:50 | INFO] Autenticado com sucesso como Betina#2704
[14:27:50 | INFO] Permissão de 'ADMINISTRATOR' verificada com sucesso
[14:27:55 | INFO] dutra#3978 usou o comando 'authenticate'
[14:27:55 | WARN] An error was not caught
[14:27:55 | WARN] Uncaught TypeError: Cannot read property 'guild' of undefined
[14:27:55 | ERROR] TypeError: Cannot read property 'guild' of undefined
    at Object.execute (C:\Users\COMPUTADOR\node\Sqh\src\commands\authenticate.js:12:50)
    at Object.execute (C:\Users\COMPUTADOR\node\Sqh\src\events\message.js:98:12)
    at processTicksAndRejections (internal/process/task_queues.js:93:5)

    
<-<-<================================================================================>->->
    File generated by leekslazylogger v2.0.7 by eartharoid (http://leeks.js.org/logger)
    SquashCodes | Log File
    Tuesday, 13th April 2021, 14:29 pm (America/Sao_Paulo) -->
    Node: v14.15.5 on 'Windows' | Time format: 'HH:mm:ss' | Date format: 'YYYY-MM-DD'
<-<-<================================================================================>->->


[14:29:47 | INFO] Connecting to MySQL database...
[14:29:48 | INFO] > Evento debug carregado com sucesso
[14:29:48 | INFO] > Evento error carregado com sucesso
[14:29:48 | INFO] > Evento guildMemberAdd carregado com sucesso
[14:29:48 | INFO] > Evento message carregado com sucesso
[14:29:48 | INFO] > Evento messageDelete carregado com sucesso
[14:29:48 | INFO] > Evento messageReactionAdd carregado com sucesso
[14:29:48 | INFO] > Evento messageUpdate carregado com sucesso
[14:29:48 | INFO] > Evento rateLimit carregado com sucesso
[14:29:48 | INFO] > Evento ready carregado com sucesso
[14:29:49 | INFO] > Evento warn carregado com sucesso
[14:29:49 | INFO] > Comando !add carregado com sucesso
[14:29:49 | INFO] > Comando !authenticate carregado com sucesso
[14:29:49 | INFO] > Comando !canvas carregado com sucesso
[14:29:49 | INFO] > Comando !clear carregado com sucesso
[14:29:49 | INFO] > Comando !close carregado com sucesso
[14:29:49 | INFO] > Comando !closeall carregado com sucesso
[14:29:49 | INFO] > Comando !delete carregado com sucesso
[14:29:49 | INFO] > Comando !eval carregado com sucesso
[14:29:49 | INFO] > Comando !ajuda carregado com sucesso
[14:29:49 | INFO] > Comando !msg carregado com sucesso
[14:29:49 | INFO] > Comando !panel carregado com sucesso
[14:29:49 | INFO] > Comando !remove carregado com sucesso
[14:29:49 | INFO] > Comando !rename carregado com sucesso
[14:29:49 | INFO] > Comando !stats carregado com sucesso
[14:29:49 | INFO] > Comando !suporte carregado com sucesso
[14:29:49 | INFO] > Comando !tickets carregado com sucesso
[14:29:49 | INFO] > Comando !topic carregado com sucesso
[14:29:49 | INFO] > Comando !trans carregado com sucesso
[14:29:50 | INFO] > Comando !transcript carregado com sucesso
[14:29:50 | INFO] Foram carregados 10 eventos e 19 comandos
[14:29:51 | INFO] Autenticado com sucesso como Betina#2704
[14:29:51 | INFO] Permissão de 'ADMINISTRATOR' verificada com sucesso

    
<-<-<================================================================================>->->
    File generated by leekslazylogger v2.0.7 by eartharoid (http://leeks.js.org/logger)
    SquashCodes | Log File
    Tuesday, 13th April 2021, 14:30 pm (America/Sao_Paulo) -->
    Node: v14.15.5 on 'Windows' | Time format: 'HH:mm:ss' | Date format: 'YYYY-MM-DD'
<-<-<================================================================================>->->


[14:30:05 | INFO] Connecting to MySQL database...
[14:30:06 | INFO] > Evento debug carregado com sucesso
[14:30:06 | INFO] > Evento error carregado com sucesso
[14:30:06 | INFO] > Evento guildMemberAdd carregado com sucesso
[14:30:06 | INFO] > Evento message carregado com sucesso
[14:30:06 | INFO] > Evento messageDelete carregado com sucesso
[14:30:06 | INFO] > Evento messageReactionAdd carregado com sucesso
[14:30:06 | INFO] > Evento messageUpdate carregado com sucesso
[14:30:06 | INFO] > Evento rateLimit carregado com sucesso
[14:30:06 | INFO] > Evento ready carregado com sucesso
[14:30:06 | INFO] > Evento warn carregado com sucesso
[14:30:06 | INFO] > Comando !add carregado com sucesso
[14:30:06 | INFO] > Comando !authenticate carregado com sucesso
[14:30:06 | INFO] > Comando !canvas carregado com sucesso
[14:30:06 | INFO] > Comando !clear carregado com sucesso
[14:30:06 | INFO] > Comando !close carregado com sucesso
[14:30:06 | INFO] > Comando !closeall carregado com sucesso
[14:30:06 | INFO] > Comando !delete carregado com sucesso
[14:30:06 | INFO] > Comando !eval carregado com sucesso
[14:30:06 | INFO] > Comando !ajuda carregado com sucesso
[14:30:06 | INFO] > Comando !msg carregado com sucesso
[14:30:06 | INFO] > Comando !panel carregado com sucesso
[14:30:06 | INFO] > Comando !remove carregado com sucesso
[14:30:06 | INFO] > Comando !rename carregado com sucesso
[14:30:06 | INFO] > Comando !stats carregado com sucesso
[14:30:06 | INFO] > Comando !suporte carregado com sucesso
[14:30:06 | INFO] > Comando !tickets carregado com sucesso
[14:30:06 | INFO] > Comando !topic carregado com sucesso
[14:30:06 | INFO] > Comando !trans carregado com sucesso
[14:30:06 | INFO] > Comando !transcript carregado com sucesso
[14:30:06 | INFO] Foram carregados 10 eventos e 19 comandos
[14:30:07 | INFO] Autenticado com sucesso como Betina#2704
[14:30:07 | INFO] Permissão de 'ADMINISTRATOR' verificada com sucesso
[14:30:11 | INFO] dutra#3978 usou o comando 'authenticate'
[14:30:11 | WARN] An error was not caught
[14:30:11 | WARN] Uncaught TypeError: Cannot read property 'Customers' of undefined
[14:30:11 | ERROR] TypeError: Cannot read property 'Customers' of undefined
    at Object.execute (C:\Users\COMPUTADOR\node\Sqh\src\commands\authenticate.js:46:33)
    at Object.execute (C:\Users\COMPUTADOR\node\Sqh\src\events\message.js:98:12)
    at processTicksAndRejections (internal/process/task_queues.js:93:5)
[14:30:43 | INFO] dutra#3978 usou o comando 'authenticate'

    
<-<-<================================================================================>->->
    File generated by leekslazylogger v2.0.7 by eartharoid (http://leeks.js.org/logger)
    SquashCodes | Log File
    Tuesday, 13th April 2021, 14:33 pm (America/Sao_Paulo) -->
    Node: v14.15.5 on 'Windows' | Time format: 'HH:mm:ss' | Date format: 'YYYY-MM-DD'
<-<-<================================================================================>->->


[14:33:19 | INFO] Connecting to MySQL database...
[14:33:20 | INFO] > Evento debug carregado com sucesso
[14:33:20 | INFO] > Evento error carregado com sucesso
[14:33:20 | INFO] > Evento guildMemberAdd carregado com sucesso
[14:33:20 | INFO] > Evento message carregado com sucesso
[14:33:20 | INFO] > Evento messageDelete carregado com sucesso
[14:33:20 | INFO] > Evento messageReactionAdd carregado com sucesso
[14:33:20 | INFO] > Evento messageUpdate carregado com sucesso
[14:33:20 | INFO] > Evento rateLimit carregado com sucesso
[14:33:20 | INFO] > Evento ready carregado com sucesso
[14:33:20 | INFO] > Evento warn carregado com sucesso
[14:33:21 | INFO] > Comando !add carregado com sucesso
[14:33:21 | INFO] > Comando !authenticate carregado com sucesso
[14:33:21 | INFO] > Comando !canvas carregado com sucesso
[14:33:21 | INFO] > Comando !clear carregado com sucesso
[14:33:21 | INFO] > Comando !close carregado com sucesso
[14:33:21 | INFO] > Comando !closeall carregado com sucesso
[14:33:21 | INFO] > Comando !delete carregado com sucesso
[14:33:21 | INFO] > Comando !eval carregado com sucesso
[14:33:21 | INFO] > Comando !ajuda carregado com sucesso
[14:33:21 | INFO] > Comando !msg carregado com sucesso
[14:33:21 | INFO] > Comando !panel carregado com sucesso
[14:33:21 | INFO] > Comando !remove carregado com sucesso
[14:33:21 | INFO] > Comando !rename carregado com sucesso
[14:33:21 | INFO] > Comando !stats carregado com sucesso
[14:33:21 | INFO] > Comando !suporte carregado com sucesso
[14:33:21 | INFO] > Comando !tickets carregado com sucesso
[14:33:21 | INFO] > Comando !topic carregado com sucesso
[14:33:21 | INFO] > Comando !trans carregado com sucesso
[14:33:21 | INFO] > Comando !transcript carregado com sucesso
[14:33:21 | INFO] Foram carregados 10 eventos e 19 comandos
[14:33:22 | INFO] Autenticado com sucesso como Betina#2704
[14:33:22 | INFO] Permissão de 'ADMINISTRATOR' verificada com sucesso
[14:33:27 | INFO] dutra#3978 usou o comando 'authenticate'
[14:33:27 | WARN] An error was not caught
[14:33:27 | WARN] Uncaught TypeError: Cannot read property 'guild' of undefined
[14:33:27 | ERROR] TypeError: Cannot read property 'guild' of undefined
    at Object.execute (C:\Users\COMPUTADOR\node\Sqh\src\commands\authenticate.js:13:50)
    at Object.execute (C:\Users\COMPUTADOR\node\Sqh\src\events\message.js:98:12)
    at processTicksAndRejections (internal/process/task_queues.js:93:5)

    
<-<-<================================================================================>->->
    File generated by leekslazylogger v2.0.7 by eartharoid (http://leeks.js.org/logger)
    SquashCodes | Log File
    Tuesday, 13th April 2021, 14:33 pm (America/Sao_Paulo) -->
    Node: v14.15.5 on 'Windows' | Time format: 'HH:mm:ss' | Date format: 'YYYY-MM-DD'
<-<-<================================================================================>->->


[14:33:59 | INFO] Connecting to MySQL database...
[14:34:00 | INFO] > Evento debug carregado com sucesso
[14:34:00 | INFO] > Evento error carregado com sucesso
[14:34:00 | INFO] > Evento guildMemberAdd carregado com sucesso
[14:34:00 | INFO] > Evento message carregado com sucesso
[14:34:00 | INFO] > Evento messageDelete carregado com sucesso
[14:34:00 | INFO] > Evento messageReactionAdd carregado com sucesso
[14:34:00 | INFO] > Evento messageUpdate carregado com sucesso
[14:34:00 | INFO] > Evento rateLimit carregado com sucesso
[14:34:00 | INFO] > Evento ready carregado com sucesso
[14:34:00 | INFO] > Evento warn carregado com sucesso
[14:34:00 | INFO] > Comando !add carregado com sucesso
[14:34:00 | INFO] > Comando !authenticate carregado com sucesso
[14:34:00 | INFO] > Comando !canvas carregado com sucesso
[14:34:00 | INFO] > Comando !clear carregado com sucesso
[14:34:00 | INFO] > Comando !close carregado com sucesso
[14:34:00 | INFO] > Comando !closeall carregado com sucesso
[14:34:00 | INFO] > Comando !delete carregado com sucesso
[14:34:00 | INFO] > Comando !eval carregado com sucesso
[14:34:00 | INFO] > Comando !ajuda carregado com sucesso
[14:34:00 | INFO] > Comando !msg carregado com sucesso
[14:34:01 | INFO] > Comando !panel carregado com sucesso
[14:34:01 | INFO] > Comando !remove carregado com sucesso
[14:34:01 | INFO] > Comando !rename carregado com sucesso
[14:34:01 | INFO] > Comando !stats carregado com sucesso
[14:34:01 | INFO] > Comando !suporte carregado com sucesso
[14:34:01 | INFO] > Comando !tickets carregado com sucesso
[14:34:01 | INFO] > Comando !topic carregado com sucesso
[14:34:01 | INFO] > Comando !trans carregado com sucesso
[14:34:01 | INFO] > Comando !transcript carregado com sucesso
[14:34:01 | INFO] Foram carregados 10 eventos e 19 comandos
[14:34:02 | INFO] Autenticado com sucesso como Betina#2704
[14:34:02 | INFO] Permissão de 'ADMINISTRATOR' verificada com sucesso
[14:34:03 | INFO] dutra#3978 usou o comando 'authenticate'
[14:34:03 | WARN] An error was not caught
[14:34:03 | WARN] Uncaught TypeError: Cannot read property 'Customers' of undefined
[14:34:03 | ERROR] TypeError: Cannot read property 'Customers' of undefined
    at Object.execute (C:\Users\COMPUTADOR\node\Sqh\src\commands\authenticate.js:15:33)
    at Object.execute (C:\Users\COMPUTADOR\node\Sqh\src\events\message.js:98:12)
    at processTicksAndRejections (internal/process/task_queues.js:93:5)

    
<-<-<================================================================================>->->
    File generated by leekslazylogger v2.0.7 by eartharoid (http://leeks.js.org/logger)
    SquashCodes | Log File
    Tuesday, 13th April 2021, 14:39 pm (America/Sao_Paulo) -->
    Node: v14.15.5 on 'Windows' | Time format: 'HH:mm:ss' | Date format: 'YYYY-MM-DD'
<-<-<================================================================================>->->


[14:39:10 | INFO] Connecting to MySQL database...

    
<-<-<================================================================================>->->
    File generated by leekslazylogger v2.0.7 by eartharoid (http://leeks.js.org/logger)
    SquashCodes | Log File
    Tuesday, 13th April 2021, 14:39 pm (America/Sao_Paulo) -->
    Node: v14.15.5 on 'Windows' | Time format: 'HH:mm:ss' | Date format: 'YYYY-MM-DD'
<-<-<================================================================================>->->


[14:39:37 | INFO] Connecting to MySQL database...
[14:39:37 | INFO] > Evento debug carregado com sucesso
[14:39:37 | INFO] > Evento error carregado com sucesso
[14:39:37 | INFO] > Evento guildMemberAdd carregado com sucesso
[14:39:37 | INFO] > Evento message carregado com sucesso
[14:39:38 | INFO] > Evento messageDelete carregado com sucesso
[14:39:38 | INFO] > Evento messageReactionAdd carregado com sucesso
[14:39:38 | INFO] > Evento messageUpdate carregado com sucesso
[14:39:38 | INFO] > Evento rateLimit carregado com sucesso
[14:39:38 | INFO] > Evento ready carregado com sucesso
[14:39:38 | INFO] > Evento warn carregado com sucesso
[14:39:38 | INFO] > Comando !add carregado com sucesso
[14:39:38 | INFO] > Comando !authenticate carregado com sucesso
[14:39:38 | INFO] > Comando !canvas carregado com sucesso
[14:39:38 | INFO] > Comando !clear carregado com sucesso
[14:39:38 | INFO] > Comando !close carregado com sucesso
[14:39:38 | INFO] > Comando !closeall carregado com sucesso
[14:39:38 | INFO] > Comando !delete carregado com sucesso
[14:39:38 | INFO] > Comando !eval carregado com sucesso
[14:39:38 | INFO] > Comando !ajuda carregado com sucesso
[14:39:38 | INFO] > Comando !msg carregado com sucesso
[14:39:38 | INFO] > Comando !panel carregado com sucesso
[14:39:38 | INFO] > Comando !remove carregado com sucesso
[14:39:38 | INFO] > Comando !rename carregado com sucesso
[14:39:38 | INFO] > Comando !stats carregado com sucesso
[14:39:38 | INFO] > Comando !suporte carregado com sucesso
[14:39:38 | INFO] > Comando !tickets carregado com sucesso
[14:39:38 | INFO] > Comando !topic carregado com sucesso
[14:39:38 | INFO] > Comando !trans carregado com sucesso
[14:39:38 | INFO] > Comando !transcript carregado com sucesso
[14:39:38 | INFO] Foram carregados 10 eventos e 19 comandos
[14:39:39 | INFO] Autenticado com sucesso como Betina#2704
[14:39:39 | INFO] Permissão de 'ADMINISTRATOR' verificada com sucesso
[14:39:44 | INFO] dutra#3978 usou o comando 'authenticate'
[14:39:44 | WARN] An error was not caught
[14:39:44 | WARN] Uncaught TypeError: Cannot read property 'colour' of undefined
[14:39:44 | ERROR] TypeError: Cannot read property 'colour' of undefined
    at Object.execute (C:\Users\COMPUTADOR\node\Sqh\src\commands\authenticate.js:19:26)
    at processTicksAndRejections (internal/process/task_queues.js:93:5)

    
<-<-<================================================================================>->->
    File generated by leekslazylogger v2.0.7 by eartharoid (http://leeks.js.org/logger)
    SquashCodes | Log File
    Tuesday, 13th April 2021, 14:40 pm (America/Sao_Paulo) -->
    Node: v14.15.5 on 'Windows' | Time format: 'HH:mm:ss' | Date format: 'YYYY-MM-DD'
<-<-<================================================================================>->->


[14:40:23 | INFO] Connecting to MySQL database...
[14:40:24 | INFO] > Evento debug carregado com sucesso
[14:40:24 | INFO] > Evento error carregado com sucesso
[14:40:25 | INFO] > Evento guildMemberAdd carregado com sucesso

    
<-<-<================================================================================>->->
    File generated by leekslazylogger v2.0.7 by eartharoid (http://leeks.js.org/logger)
    SquashCodes | Log File
    Tuesday, 13th April 2021, 14:40 pm (America/Sao_Paulo) -->
    Node: v14.15.5 on 'Windows' | Time format: 'HH:mm:ss' | Date format: 'YYYY-MM-DD'
<-<-<================================================================================>->->


[14:40:30 | INFO] Connecting to MySQL database...
[14:40:31 | INFO] > Evento debug carregado com sucesso
[14:40:31 | INFO] > Evento error carregado com sucesso
[14:40:31 | INFO] > Evento guildMemberAdd carregado com sucesso
[14:40:32 | INFO] > Evento message carregado com sucesso
[14:40:32 | INFO] > Evento messageDelete carregado com sucesso
[14:40:32 | INFO] > Evento messageReactionAdd carregado com sucesso
[14:40:32 | INFO] > Evento messageUpdate carregado com sucesso
[14:40:32 | INFO] > Evento rateLimit carregado com sucesso
[14:40:32 | INFO] > Evento ready carregado com sucesso
[14:40:32 | INFO] > Evento warn carregado com sucesso
[14:40:32 | INFO] > Comando !add carregado com sucesso
[14:40:32 | INFO] > Comando !authenticate carregado com sucesso
[14:40:32 | INFO] > Comando !canvas carregado com sucesso
[14:40:32 | INFO] > Comando !clear carregado com sucesso
[14:40:32 | INFO] > Comando !close carregado com sucesso
[14:40:32 | INFO] > Comando !closeall carregado com sucesso
[14:40:32 | INFO] > Comando !delete carregado com sucesso
[14:40:32 | INFO] > Comando !eval carregado com sucesso
[14:40:32 | INFO] > Comando !ajuda carregado com sucesso
[14:40:32 | INFO] > Comando !msg carregado com sucesso
[14:40:32 | INFO] > Comando !panel carregado com sucesso
[14:40:32 | INFO] > Comando !remove carregado com sucesso
[14:40:32 | INFO] > Comando !rename carregado com sucesso
[14:40:32 | INFO] > Comando !stats carregado com sucesso
[14:40:32 | INFO] > Comando !suporte carregado com sucesso
[14:40:32 | INFO] > Comando !tickets carregado com sucesso
[14:40:32 | INFO] > Comando !topic carregado com sucesso
[14:40:32 | INFO] > Comando !trans carregado com sucesso
[14:40:32 | INFO] > Comando !transcript carregado com sucesso
[14:40:32 | INFO] Foram carregados 10 eventos e 19 comandos
[14:40:34 | INFO] Autenticado com sucesso como Betina#2704
[14:40:34 | INFO] Permissão de 'ADMINISTRATOR' verificada com sucesso
[14:42:11 | INFO] dutra#3978 usou o comando 'authenticate'
[14:42:11 | WARN] An error was not caught
[14:42:11 | WARN] Uncaught TypeError: Cannot read property 'colour' of undefined
[14:42:11 | ERROR] TypeError: Cannot read property 'colour' of undefined
    at Object.execute (C:\Users\COMPUTADOR\node\Sqh\src\commands\authenticate.js:20:26)
    at processTicksAndRejections (internal/process/task_queues.js:93:5)

    
<-<-<================================================================================>->->
    File generated by leekslazylogger v2.0.7 by eartharoid (http://leeks.js.org/logger)
    SquashCodes | Log File
    Tuesday, 13th April 2021, 14:42 pm (America/Sao_Paulo) -->
    Node: v14.15.5 on 'Windows' | Time format: 'HH:mm:ss' | Date format: 'YYYY-MM-DD'
<-<-<================================================================================>->->


[14:42:52 | INFO] Connecting to MySQL database...
[14:42:53 | INFO] > Evento debug carregado com sucesso
[14:42:53 | INFO] > Evento error carregado com sucesso
[14:42:53 | INFO] > Evento guildMemberAdd carregado com sucesso
[14:42:53 | INFO] > Evento message carregado com sucesso
[14:42:53 | INFO] > Evento messageDelete carregado com sucesso
[14:42:53 | INFO] > Evento messageReactionAdd carregado com sucesso
[14:42:53 | INFO] > Evento messageUpdate carregado com sucesso
[14:42:53 | INFO] > Evento rateLimit carregado com sucesso
[14:42:53 | INFO] > Evento ready carregado com sucesso
[14:42:53 | INFO] > Evento warn carregado com sucesso
[14:42:53 | INFO] > Comando !add carregado com sucesso
[14:42:53 | INFO] > Comando !authenticate carregado com sucesso
[14:42:53 | INFO] > Comando !canvas carregado com sucesso
[14:42:53 | INFO] > Comando !clear carregado com sucesso
[14:42:53 | INFO] > Comando !close carregado com sucesso
[14:42:53 | INFO] > Comando !closeall carregado com sucesso
[14:42:53 | INFO] > Comando !delete carregado com sucesso
[14:42:53 | INFO] > Comando !eval carregado com sucesso
[14:42:53 | INFO] > Comando !ajuda carregado com sucesso
[14:42:53 | INFO] > Comando !msg carregado com sucesso
[14:42:53 | INFO] > Comando !panel carregado com sucesso
[14:42:53 | INFO] > Comando !remove carregado com sucesso
[14:42:53 | INFO] > Comando !rename carregado com sucesso
[14:42:53 | INFO] > Comando !stats carregado com sucesso
[14:42:53 | INFO] > Comando !suporte carregado com sucesso
[14:42:53 | INFO] > Comando !tickets carregado com sucesso
[14:42:54 | INFO] > Comando !topic carregado com sucesso
[14:42:54 | INFO] > Comando !trans carregado com sucesso
[14:42:54 | INFO] > Comando !transcript carregado com sucesso
[14:42:54 | INFO] Foram carregados 10 eventos e 19 comandos
[14:42:55 | INFO] Autenticado com sucesso como Betina#2704
[14:42:55 | INFO] Permissão de 'ADMINISTRATOR' verificada com sucesso

    
<-<-<================================================================================>->->
    File generated by leekslazylogger v2.0.7 by eartharoid (http://leeks.js.org/logger)
    SquashCodes | Log File
    Tuesday, 13th April 2021, 14:50 pm (America/Sao_Paulo) -->
    Node: v14.15.5 on 'Windows' | Time format: 'HH:mm:ss' | Date format: 'YYYY-MM-DD'
<-<-<================================================================================>->->


[14:50:38 | INFO] Connecting to MySQL database...
[14:50:39 | INFO] > Evento debug carregado com sucesso
[14:50:39 | INFO] > Evento error carregado com sucesso
[14:50:39 | INFO] > Evento guildMemberAdd carregado com sucesso
[14:50:39 | INFO] > Evento message carregado com sucesso
[14:50:39 | INFO] > Evento messageDelete carregado com sucesso
[14:50:39 | INFO] > Evento messageReactionAdd carregado com sucesso
[14:50:39 | INFO] > Evento messageUpdate carregado com sucesso
[14:50:39 | INFO] > Evento rateLimit carregado com sucesso
[14:50:39 | INFO] > Evento ready carregado com sucesso
[14:50:39 | INFO] > Evento warn carregado com sucesso
[14:50:39 | INFO] > Comando !add carregado com sucesso
[14:50:39 | INFO] > Comando !authenticate carregado com sucesso
[14:50:39 | INFO] > Comando !canvas carregado com sucesso
[14:50:40 | INFO] > Comando !clear carregado com sucesso
[14:50:40 | INFO] > Comando !close carregado com sucesso
[14:50:40 | INFO] > Comando !closeall carregado com sucesso
[14:50:40 | INFO] > Comando !delete carregado com sucesso
[14:50:40 | INFO] > Comando !eval carregado com sucesso
[14:50:40 | INFO] > Comando !ajuda carregado com sucesso
[14:50:40 | INFO] > Comando !msg carregado com sucesso
[14:50:40 | INFO] > Comando !panel carregado com sucesso
[14:50:40 | INFO] > Comando !remove carregado com sucesso
[14:50:40 | INFO] > Comando !rename carregado com sucesso
[14:50:40 | INFO] > Comando !stats carregado com sucesso
[14:50:40 | INFO] > Comando !suporte carregado com sucesso
[14:50:40 | INFO] > Comando !tickets carregado com sucesso
[14:50:40 | INFO] > Comando !topic carregado com sucesso
[14:50:40 | INFO] > Comando !trans carregado com sucesso
[14:50:40 | INFO] > Comando !transcript carregado com sucesso
[14:50:40 | INFO] Foram carregados 10 eventos e 19 comandos
[14:50:41 | INFO] Autenticado com sucesso como Betina#2704
[14:50:41 | INFO] Permissão de 'ADMINISTRATOR' verificada com sucesso
[14:53:23 | INFO] JoohnWiick#2547 usou o comando 'authenticate'
[14:53:23 | WARN] An error was not caught
[14:53:23 | WARN] Uncaught ReferenceError: MessageEmbed is not defined
[14:53:23 | ERROR] ReferenceError: MessageEmbed is not defined
    at Object.execute (C:\Users\COMPUTADOR\node\Sqh\src\commands\authenticate.js:18:9)
    at Object.execute (C:\Users\COMPUTADOR\node\Sqh\src\events\message.js:98:12)
    at processTicksAndRejections (internal/process/task_queues.js:93:5)

    
<-<-<================================================================================>->->
    File generated by leekslazylogger v2.0.7 by eartharoid (http://leeks.js.org/logger)
    SquashCodes | Log File
    Tuesday, 13th April 2021, 14:53 pm (America/Sao_Paulo) -->
    Node: v14.15.5 on 'Windows' | Time format: 'HH:mm:ss' | Date format: 'YYYY-MM-DD'
<-<-<================================================================================>->->


[14:53:45 | INFO] Connecting to MySQL database...
[14:53:46 | INFO] > Evento debug carregado com sucesso
[14:53:46 | INFO] > Evento error carregado com sucesso
[14:53:46 | INFO] > Evento guildMemberAdd carregado com sucesso
[14:53:46 | INFO] > Evento message carregado com sucesso
[14:53:46 | INFO] > Evento messageDelete carregado com sucesso
[14:53:47 | INFO] > Evento messageReactionAdd carregado com sucesso
[14:53:47 | INFO] > Evento messageUpdate carregado com sucesso
[14:53:47 | INFO] > Evento rateLimit carregado com sucesso
[14:53:47 | INFO] > Evento ready carregado com sucesso
[14:53:47 | INFO] > Evento warn carregado com sucesso
[14:53:47 | INFO] > Comando !add carregado com sucesso
[14:53:47 | INFO] > Comando !authenticate carregado com sucesso
[14:53:47 | INFO] > Comando !canvas carregado com sucesso
[14:53:47 | INFO] > Comando !clear carregado com sucesso
[14:53:47 | INFO] > Comando !close carregado com sucesso
[14:53:47 | INFO] > Comando !closeall carregado com sucesso
[14:53:47 | INFO] > Comando !delete carregado com sucesso
[14:53:47 | INFO] > Comando !eval carregado com sucesso
[14:53:47 | INFO] > Comando !ajuda carregado com sucesso
[14:53:47 | INFO] > Comando !msg carregado com sucesso
[14:53:47 | INFO] > Comando !panel carregado com sucesso
[14:53:47 | INFO] > Comando !remove carregado com sucesso
[14:53:47 | INFO] > Comando !rename carregado com sucesso
[14:53:47 | INFO] > Comando !stats carregado com sucesso
[14:53:47 | INFO] > Comando !suporte carregado com sucesso
[14:53:47 | INFO] > Comando !tickets carregado com sucesso
[14:53:47 | INFO] > Comando !topic carregado com sucesso
[14:53:47 | INFO] > Comando !trans carregado com sucesso
[14:53:47 | INFO] > Comando !transcript carregado com sucesso
[14:53:47 | INFO] Foram carregados 10 eventos e 19 comandos
[14:53:49 | INFO] Autenticado com sucesso como Betina#2704
[14:53:49 | INFO] Permissão de 'ADMINISTRATOR' verificada com sucesso
[14:54:22 | INFO] JoohnWiick#2547 usou o comando 'authenticate'
[14:54:22 | WARN] An error was not caught
[14:54:22 | WARN] Uncaught ReferenceError: guild is not defined
[14:54:22 | ERROR] ReferenceError: guild is not defined
    at Object.execute (C:\Users\COMPUTADOR\node\Sqh\src\commands\authenticate.js:26:43)
    at Object.execute (C:\Users\COMPUTADOR\node\Sqh\src\events\message.js:98:12)
    at processTicksAndRejections (internal/process/task_queues.js:93:5)

    
<-<-<================================================================================>->->
    File generated by leekslazylogger v2.0.7 by eartharoid (http://leeks.js.org/logger)
    SquashCodes | Log File
    Tuesday, 13th April 2021, 14:54 pm (America/Sao_Paulo) -->
    Node: v14.15.5 on 'Windows' | Time format: 'HH:mm:ss' | Date format: 'YYYY-MM-DD'
<-<-<================================================================================>->->


[14:54:55 | INFO] Connecting to MySQL database...
[14:54:55 | INFO] > Evento debug carregado com sucesso
[14:54:55 | INFO] > Evento error carregado com sucesso
[14:54:56 | INFO] > Evento guildMemberAdd carregado com sucesso
[14:54:56 | INFO] > Evento message carregado com sucesso
[14:54:56 | INFO] > Evento messageDelete carregado com sucesso
[14:54:56 | INFO] > Evento messageReactionAdd carregado com sucesso
[14:54:56 | INFO] > Evento messageUpdate carregado com sucesso
[14:54:56 | INFO] > Evento rateLimit carregado com sucesso
[14:54:56 | INFO] > Evento ready carregado com sucesso
[14:54:56 | INFO] > Evento warn carregado com sucesso
[14:54:56 | INFO] > Comando !add carregado com sucesso
[14:54:56 | INFO] > Comando !authenticate carregado com sucesso
[14:54:56 | INFO] > Comando !canvas carregado com sucesso
[14:54:56 | INFO] > Comando !clear carregado com sucesso
[14:54:56 | INFO] > Comando !close carregado com sucesso
[14:54:56 | INFO] > Comando !closeall carregado com sucesso
[14:54:56 | INFO] > Comando !delete carregado com sucesso
[14:54:56 | INFO] > Comando !eval carregado com sucesso
[14:54:56 | INFO] > Comando !ajuda carregado com sucesso
[14:54:56 | INFO] > Comando !msg carregado com sucesso
[14:54:56 | INFO] > Comando !panel carregado com sucesso
[14:54:56 | INFO] > Comando !remove carregado com sucesso
[14:54:56 | INFO] > Comando !rename carregado com sucesso
[14:54:56 | INFO] > Comando !stats carregado com sucesso
[14:54:56 | INFO] > Comando !suporte carregado com sucesso
[14:54:56 | INFO] > Comando !tickets carregado com sucesso
[14:54:56 | INFO] > Comando !topic carregado com sucesso
[14:54:56 | INFO] > Comando !trans carregado com sucesso
[14:54:56 | INFO] > Comando !transcript carregado com sucesso
[14:54:56 | INFO] Foram carregados 10 eventos e 19 comandos
[14:54:57 | INFO] Autenticado com sucesso como Betina#2704
[14:54:57 | INFO] Permissão de 'ADMINISTRATOR' verificada com sucesso
[14:55:03 | INFO] JoohnWiick#2547 usou o comando 'authenticate'

    
<-<-<================================================================================>->->
    File generated by leekslazylogger v2.0.7 by eartharoid (http://leeks.js.org/logger)
    SquashCodes | Log File
    Tuesday, 13th April 2021, 14:55 pm (America/Sao_Paulo) -->
    Node: v14.15.5 on 'Windows' | Time format: 'HH:mm:ss' | Date format: 'YYYY-MM-DD'
<-<-<================================================================================>->->


[14:55:39 | INFO] Connecting to MySQL database...
[14:55:40 | INFO] > Evento debug carregado com sucesso
[14:55:40 | INFO] > Evento error carregado com sucesso
[14:55:40 | INFO] > Evento guildMemberAdd carregado com sucesso
[14:55:40 | INFO] > Evento message carregado com sucesso
[14:55:40 | INFO] > Evento messageDelete carregado com sucesso
[14:55:40 | INFO] > Evento messageReactionAdd carregado com sucesso
[14:55:40 | INFO] > Evento messageUpdate carregado com sucesso
[14:55:40 | INFO] > Evento rateLimit carregado com sucesso
[14:55:40 | INFO] > Evento ready carregado com sucesso
[14:55:40 | INFO] > Evento warn carregado com sucesso
[14:55:40 | INFO] > Comando !add carregado com sucesso
[14:55:40 | INFO] > Comando !authenticate carregado com sucesso
[14:55:40 | INFO] > Comando !canvas carregado com sucesso
[14:55:40 | INFO] > Comando !clear carregado com sucesso
[14:55:40 | INFO] > Comando !close carregado com sucesso
[14:55:40 | INFO] > Comando !closeall carregado com sucesso
[14:55:40 | INFO] > Comando !delete carregado com sucesso
[14:55:40 | INFO] > Comando !eval carregado com sucesso
[14:55:40 | INFO] > Comando !ajuda carregado com sucesso
[14:55:40 | INFO] > Comando !msg carregado com sucesso
[14:55:40 | INFO] > Comando !panel carregado com sucesso
[14:55:40 | INFO] > Comando !remove carregado com sucesso
[14:55:40 | INFO] > Comando !rename carregado com sucesso
[14:55:40 | INFO] > Comando !stats carregado com sucesso
[14:55:40 | INFO] > Comando !suporte carregado com sucesso
[14:55:40 | INFO] > Comando !tickets carregado com sucesso
[14:55:41 | INFO] > Comando !topic carregado com sucesso
[14:55:41 | INFO] > Comando !trans carregado com sucesso
[14:55:41 | INFO] > Comando !transcript carregado com sucesso
[14:55:41 | INFO] Foram carregados 10 eventos e 19 comandos
[14:55:42 | INFO] Autenticado com sucesso como Betina#2704
[14:55:42 | INFO] Permissão de 'ADMINISTRATOR' verificada com sucesso

    
<-<-<================================================================================>->->
    File generated by leekslazylogger v2.0.7 by eartharoid (http://leeks.js.org/logger)
    SquashCodes | Log File
    Tuesday, 13th April 2021, 14:57 pm (America/Sao_Paulo) -->
    Node: v14.15.5 on 'Windows' | Time format: 'HH:mm:ss' | Date format: 'YYYY-MM-DD'
<-<-<================================================================================>->->


[14:57:39 | INFO] Connecting to MySQL database...
[14:57:40 | INFO] > Evento debug carregado com sucesso
[14:57:40 | INFO] > Evento error carregado com sucesso
[14:57:40 | INFO] > Evento guildMemberAdd carregado com sucesso
[14:57:40 | INFO] > Evento message carregado com sucesso
[14:57:40 | INFO] > Evento messageDelete carregado com sucesso
[14:57:40 | INFO] > Evento messageReactionAdd carregado com sucesso
[14:57:40 | INFO] > Evento messageUpdate carregado com sucesso
[14:57:40 | INFO] > Evento rateLimit carregado com sucesso
[14:57:40 | INFO] > Evento ready carregado com sucesso
[14:57:41 | INFO] > Evento warn carregado com sucesso
[14:57:41 | INFO] > Comando !add carregado com sucesso
[14:57:41 | INFO] > Comando !authenticate carregado com sucesso
[14:57:41 | INFO] > Comando !canvas carregado com sucesso
[14:57:41 | INFO] > Comando !clear carregado com sucesso
[14:57:41 | INFO] > Comando !close carregado com sucesso
[14:57:41 | INFO] > Comando !closeall carregado com sucesso
[14:57:41 | INFO] > Comando !delete carregado com sucesso
[14:57:41 | INFO] > Comando !eval carregado com sucesso
[14:57:41 | INFO] > Comando !ajuda carregado com sucesso
[14:57:41 | INFO] > Comando !msg carregado com sucesso
[14:57:41 | INFO] > Comando !panel carregado com sucesso
[14:57:41 | INFO] > Comando !remove carregado com sucesso
[14:57:41 | INFO] > Comando !rename carregado com sucesso
[14:57:41 | INFO] > Comando !stats carregado com sucesso
[14:57:41 | INFO] > Comando !suporte carregado com sucesso
[14:57:41 | INFO] > Comando !tickets carregado com sucesso
[14:57:41 | INFO] > Comando !topic carregado com sucesso
[14:57:41 | INFO] > Comando !trans carregado com sucesso
[14:57:41 | INFO] > Comando !transcript carregado com sucesso
[14:57:41 | INFO] Foram carregados 10 eventos e 19 comandos
[14:57:43 | INFO] Autenticado com sucesso como Betina#2704
[14:57:43 | INFO] Permissão de 'ADMINISTRATOR' verificada com sucesso

    
<-<-<================================================================================>->->
    File generated by leekslazylogger v2.0.7 by eartharoid (http://leeks.js.org/logger)
    SquashCodes | Log File
    Tuesday, 13th April 2021, 14:58 pm (America/Sao_Paulo) -->
    Node: v14.15.5 on 'Windows' | Time format: 'HH:mm:ss' | Date format: 'YYYY-MM-DD'
<-<-<================================================================================>->->


[14:58:11 | INFO] Connecting to MySQL database...
[14:58:12 | INFO] > Evento debug carregado com sucesso
[14:58:12 | INFO] > Evento error carregado com sucesso
[14:58:12 | INFO] > Evento guildMemberAdd carregado com sucesso
[14:58:12 | INFO] > Evento message carregado com sucesso
[14:58:12 | INFO] > Evento messageDelete carregado com sucesso
[14:58:13 | INFO] > Evento messageReactionAdd carregado com sucesso
[14:58:13 | INFO] > Evento messageUpdate carregado com sucesso
[14:58:13 | INFO] > Evento rateLimit carregado com sucesso
[14:58:13 | INFO] > Evento ready carregado com sucesso
[14:58:13 | INFO] > Evento warn carregado com sucesso
[14:58:13 | INFO] > Comando !add carregado com sucesso
[14:58:13 | INFO] > Comando !authenticate carregado com sucesso
[14:58:13 | INFO] > Comando !canvas carregado com sucesso
[14:58:13 | INFO] > Comando !clear carregado com sucesso
[14:58:13 | INFO] > Comando !close carregado com sucesso
[14:58:13 | INFO] > Comando !closeall carregado com sucesso
[14:58:13 | INFO] > Comando !delete carregado com sucesso
[14:58:13 | INFO] > Comando !eval carregado com sucesso
[14:58:13 | INFO] > Comando !ajuda carregado com sucesso
[14:58:14 | INFO] > Comando !msg carregado com sucesso
[14:58:14 | INFO] > Comando !panel carregado com sucesso
[14:58:14 | INFO] > Comando !remove carregado com sucesso
[14:58:14 | INFO] > Comando !rename carregado com sucesso
[14:58:14 | INFO] > Comando !stats carregado com sucesso
[14:58:14 | INFO] > Comando !suporte carregado com sucesso
[14:58:14 | INFO] > Comando !tickets carregado com sucesso
[14:58:14 | INFO] > Comando !topic carregado com sucesso
[14:58:14 | INFO] > Comando !trans carregado com sucesso
[14:58:14 | INFO] > Comando !transcript carregado com sucesso
[14:58:14 | INFO] Foram carregados 10 eventos e 19 comandos
[14:58:15 | INFO] Autenticado com sucesso como Betina#2704
[14:58:15 | INFO] Permissão de 'ADMINISTRATOR' verificada com sucesso

    
<-<-<================================================================================>->->
    File generated by leekslazylogger v2.0.7 by eartharoid (http://leeks.js.org/logger)
    SquashCodes | Log File
    Tuesday, 13th April 2021, 14:59 pm (America/Sao_Paulo) -->
    Node: v14.15.5 on 'Windows' | Time format: 'HH:mm:ss' | Date format: 'YYYY-MM-DD'
<-<-<================================================================================>->->


[14:59:16 | INFO] Connecting to MySQL database...
[14:59:16 | INFO] > Evento debug carregado com sucesso
[14:59:16 | INFO] > Evento error carregado com sucesso
[14:59:16 | INFO] > Evento guildMemberAdd carregado com sucesso
[14:59:16 | INFO] > Evento message carregado com sucesso
[14:59:16 | INFO] > Evento messageDelete carregado com sucesso
[14:59:16 | INFO] > Evento messageReactionAdd carregado com sucesso
[14:59:16 | INFO] > Evento messageUpdate carregado com sucesso
[14:59:16 | INFO] > Evento rateLimit carregado com sucesso
[14:59:16 | INFO] > Evento ready carregado com sucesso
[14:59:16 | INFO] > Evento warn carregado com sucesso
[14:59:16 | INFO] > Comando !add carregado com sucesso
[14:59:17 | INFO] > Comando !authenticate carregado com sucesso
[14:59:17 | INFO] > Comando !canvas carregado com sucesso
[14:59:17 | INFO] > Comando !clear carregado com sucesso
[14:59:17 | INFO] > Comando !close carregado com sucesso
[14:59:17 | INFO] > Comando !closeall carregado com sucesso
[14:59:17 | INFO] > Comando !delete carregado com sucesso
[14:59:17 | INFO] > Comando !eval carregado com sucesso
[14:59:17 | INFO] > Comando !ajuda carregado com sucesso
[14:59:17 | INFO] > Comando !msg carregado com sucesso
[14:59:17 | INFO] > Comando !panel carregado com sucesso
[14:59:17 | INFO] > Comando !remove carregado com sucesso
[14:59:17 | INFO] > Comando !rename carregado com sucesso
[14:59:17 | INFO] > Comando !stats carregado com sucesso
[14:59:17 | INFO] > Comando !suporte carregado com sucesso
[14:59:17 | INFO] > Comando !tickets carregado com sucesso
[14:59:17 | INFO] > Comando !topic carregado com sucesso
[14:59:17 | INFO] > Comando !trans carregado com sucesso
[14:59:17 | INFO] > Comando !transcript carregado com sucesso
[14:59:17 | INFO] Foram carregados 10 eventos e 19 comandos
[14:59:18 | INFO] Autenticado com sucesso como Betina#2704
[14:59:18 | INFO] Permissão de 'ADMINISTRATOR' verificada com sucesso

    
<-<-<================================================================================>->->
    File generated by leekslazylogger v2.0.7 by eartharoid (http://leeks.js.org/logger)
    SquashCodes | Log File
    Tuesday, 13th April 2021, 14:59 pm (America/Sao_Paulo) -->
    Node: v14.15.5 on 'Windows' | Time format: 'HH:mm:ss' | Date format: 'YYYY-MM-DD'
<-<-<================================================================================>->->


[14:59:41 | INFO] Connecting to MySQL database...
[14:59:42 | INFO] > Evento debug carregado com sucesso
[14:59:42 | INFO] > Evento error carregado com sucesso
[14:59:42 | INFO] > Evento guildMemberAdd carregado com sucesso
[14:59:42 | INFO] > Evento message carregado com sucesso
[14:59:42 | INFO] > Evento messageDelete carregado com sucesso
[14:59:42 | INFO] > Evento messageReactionAdd carregado com sucesso
[14:59:42 | INFO] > Evento messageUpdate carregado com sucesso
[14:59:42 | INFO] > Evento rateLimit carregado com sucesso
[14:59:42 | INFO] > Evento ready carregado com sucesso
[14:59:42 | INFO] > Evento warn carregado com sucesso
[14:59:42 | INFO] > Comando !add carregado com sucesso
[14:59:42 | INFO] > Comando !authenticate carregado com sucesso
[14:59:42 | INFO] > Comando !canvas carregado com sucesso
[14:59:42 | INFO] > Comando !clear carregado com sucesso
[14:59:42 | INFO] > Comando !close carregado com sucesso
[14:59:42 | INFO] > Comando !closeall carregado com sucesso
[14:59:42 | INFO] > Comando !delete carregado com sucesso
[14:59:42 | INFO] > Comando !eval carregado com sucesso
[14:59:42 | INFO] > Comando !ajuda carregado com sucesso
[14:59:42 | INFO] > Comando !msg carregado com sucesso
[14:59:42 | INFO] > Comando !panel carregado com sucesso
[14:59:42 | INFO] > Comando !remove carregado com sucesso
[14:59:42 | INFO] > Comando !rename carregado com sucesso
[14:59:42 | INFO] > Comando !stats carregado com sucesso
[14:59:42 | INFO] > Comando !suporte carregado com sucesso
[14:59:42 | INFO] > Comando !tickets carregado com sucesso
[14:59:42 | INFO] > Comando !topic carregado com sucesso
[14:59:42 | INFO] > Comando !trans carregado com sucesso
[14:59:42 | INFO] > Comando !transcript carregado com sucesso
[14:59:42 | INFO] Foram carregados 10 eventos e 19 comandos
[14:59:44 | INFO] Autenticado com sucesso como Betina#2704
[14:59:44 | INFO] Permissão de 'ADMINISTRATOR' verificada com sucesso
[14:59:45 | INFO] dutra#3978 usou o comando 'authenticate'
[15:00:24 | INFO] dutra#3978 usou o comando 'authenticate'
[15:00:25 | WARN] An error was not caught
[15:00:25 | WARN] Uncaught ReferenceError: logs is not defined
[15:00:25 | ERROR] ReferenceError: logs is not defined
    at Object.execute (C:\Users\COMPUTADOR\node\Sqh\src\commands\authenticate.js:56:77)
    at processTicksAndRejections (internal/process/task_queues.js:93:5)

    
<-<-<================================================================================>->->
    File generated by leekslazylogger v2.0.7 by eartharoid (http://leeks.js.org/logger)
    SquashCodes | Log File
    Tuesday, 13th April 2021, 15:01 pm (America/Sao_Paulo) -->
    Node: v14.15.5 on 'Windows' | Time format: 'HH:mm:ss' | Date format: 'YYYY-MM-DD'
<-<-<================================================================================>->->


[15:01:06 | INFO] Connecting to MySQL database...
[15:01:07 | INFO] > Evento debug carregado com sucesso
[15:01:07 | INFO] > Evento error carregado com sucesso
[15:01:07 | INFO] > Evento guildMemberAdd carregado com sucesso
[15:01:07 | INFO] > Evento message carregado com sucesso
[15:01:07 | INFO] > Evento messageDelete carregado com sucesso
[15:01:07 | INFO] > Evento messageReactionAdd carregado com sucesso
[15:01:07 | INFO] > Evento messageUpdate carregado com sucesso
[15:01:07 | INFO] > Evento rateLimit carregado com sucesso
[15:01:07 | INFO] > Evento ready carregado com sucesso
[15:01:07 | INFO] > Evento warn carregado com sucesso
[15:01:07 | INFO] > Comando !add carregado com sucesso
[15:01:07 | INFO] > Comando !authenticate carregado com sucesso
[15:01:07 | INFO] > Comando !canvas carregado com sucesso
[15:01:07 | INFO] > Comando !clear carregado com sucesso
[15:01:07 | INFO] > Comando !close carregado com sucesso
[15:01:07 | INFO] > Comando !closeall carregado com sucesso
[15:01:07 | INFO] > Comando !delete carregado com sucesso
[15:01:07 | INFO] > Comando !eval carregado com sucesso
[15:01:07 | INFO] > Comando !ajuda carregado com sucesso
[15:01:07 | INFO] > Comando !msg carregado com sucesso
[15:01:07 | INFO] > Comando !panel carregado com sucesso
[15:01:07 | INFO] > Comando !remove carregado com sucesso
[15:01:07 | INFO] > Comando !rename carregado com sucesso
[15:01:07 | INFO] > Comando !stats carregado com sucesso
[15:01:07 | INFO] > Comando !suporte carregado com sucesso
[15:01:07 | INFO] > Comando !tickets carregado com sucesso
[15:01:07 | INFO] > Comando !topic carregado com sucesso
[15:01:07 | INFO] > Comando !trans carregado com sucesso
[15:01:07 | INFO] > Comando !transcript carregado com sucesso
[15:01:07 | INFO] Foram carregados 10 eventos e 19 comandos
[15:01:08 | INFO] Autenticado com sucesso como Betina#2704
[15:01:08 | INFO] Permissão de 'ADMINISTRATOR' verificada com sucesso
[15:01:12 | INFO] dutra#3978 usou o comando 'authenticate'

    
<-<-<================================================================================>->->
    File generated by leekslazylogger v2.0.7 by eartharoid (http://leeks.js.org/logger)
    SquashCodes | Log File
    Tuesday, 13th April 2021, 15:07 pm (America/Sao_Paulo) -->
    Node: v14.15.5 on 'Windows' | Time format: 'HH:mm:ss' | Date format: 'YYYY-MM-DD'
<-<-<================================================================================>->->


[15:07:33 | INFO] Connecting to MySQL database...
[15:07:34 | INFO] > Evento debug carregado com sucesso
[15:07:35 | INFO] > Evento error carregado com sucesso
[15:07:35 | INFO] > Evento guildMemberAdd carregado com sucesso
[15:07:35 | INFO] > Evento message carregado com sucesso
[15:07:35 | INFO] > Evento messageDelete carregado com sucesso
[15:07:35 | INFO] > Evento messageReactionAdd carregado com sucesso
[15:07:35 | INFO] > Evento messageUpdate carregado com sucesso
[15:07:35 | INFO] > Evento rateLimit carregado com sucesso
[15:07:35 | INFO] > Evento ready carregado com sucesso
[15:07:35 | INFO] > Evento warn carregado com sucesso
[15:07:35 | INFO] > Comando !add carregado com sucesso
[15:07:35 | INFO] > Comando !authenticate carregado com sucesso
[15:07:35 | INFO] > Comando !canvas carregado com sucesso
[15:07:35 | INFO] > Comando !undefined carregado com sucesso
[15:07:35 | INFO] > Comando !clear carregado com sucesso
[15:07:35 | INFO] > Comando !close carregado com sucesso
[15:07:36 | INFO] > Comando !closeall carregado com sucesso
[15:07:36 | INFO] > Comando !delete carregado com sucesso
[15:07:36 | INFO] > Comando !eval carregado com sucesso
[15:07:36 | INFO] > Comando !ajuda carregado com sucesso
[15:07:36 | INFO] > Comando !msg carregado com sucesso
[15:07:36 | INFO] > Comando !panel carregado com sucesso
[15:07:36 | INFO] > Comando !remove carregado com sucesso
[15:07:36 | INFO] > Comando !rename carregado com sucesso
[15:07:36 | INFO] > Comando !stats carregado com sucesso
[15:07:36 | INFO] > Comando !suporte carregado com sucesso
[15:07:36 | INFO] > Comando !tickets carregado com sucesso
[15:07:36 | INFO] > Comando !topic carregado com sucesso
[15:07:36 | INFO] > Comando !trans carregado com sucesso
[15:07:36 | INFO] > Comando !transcript carregado com sucesso
[15:07:36 | INFO] Foram carregados 10 eventos e 20 comandos
[15:07:37 | INFO] Autenticado com sucesso como Betina#2704
[15:07:37 | INFO] Permissão de 'ADMINISTRATOR' verificada com sucesso

    
<-<-<================================================================================>->->
    File generated by leekslazylogger v2.0.7 by eartharoid (http://leeks.js.org/logger)
    SquashCodes | Log File
    Tuesday, 13th April 2021, 15:08 pm (America/Sao_Paulo) -->
    Node: v14.15.5 on 'Windows' | Time format: 'HH:mm:ss' | Date format: 'YYYY-MM-DD'
<-<-<================================================================================>->->


[15:08:08 | INFO] Connecting to MySQL database...
[15:08:09 | INFO] > Evento debug carregado com sucesso
[15:08:09 | INFO] > Evento error carregado com sucesso
[15:08:09 | INFO] > Evento guildMemberAdd carregado com sucesso
[15:08:09 | INFO] > Evento message carregado com sucesso
[15:08:09 | INFO] > Evento messageDelete carregado com sucesso
[15:08:09 | INFO] > Evento messageReactionAdd carregado com sucesso
[15:08:09 | INFO] > Evento messageUpdate carregado com sucesso
[15:08:09 | INFO] > Evento rateLimit carregado com sucesso
[15:08:09 | INFO] > Evento ready carregado com sucesso
[15:08:09 | INFO] > Evento warn carregado com sucesso
[15:08:09 | INFO] > Comando !add carregado com sucesso
[15:08:09 | INFO] > Comando !authenticate carregado com sucesso
[15:08:09 | INFO] > Comando !canvas carregado com sucesso
[15:08:09 | INFO] > Comando !changeip carregado com sucesso
[15:08:09 | INFO] > Comando !clear carregado com sucesso
[15:08:09 | INFO] > Comando !close carregado com sucesso
[15:08:09 | INFO] > Comando !closeall carregado com sucesso
[15:08:09 | INFO] > Comando !delete carregado com sucesso
[15:08:09 | INFO] > Comando !eval carregado com sucesso
[15:08:10 | INFO] > Comando !ajuda carregado com sucesso
[15:08:10 | INFO] > Comando !msg carregado com sucesso
[15:08:10 | INFO] > Comando !panel carregado com sucesso
[15:08:10 | INFO] > Comando !remove carregado com sucesso
[15:08:10 | INFO] > Comando !rename carregado com sucesso
[15:08:10 | INFO] > Comando !stats carregado com sucesso
[15:08:10 | INFO] > Comando !suporte carregado com sucesso
[15:08:10 | INFO] > Comando !tickets carregado com sucesso
[15:08:10 | INFO] > Comando !topic carregado com sucesso
[15:08:10 | INFO] > Comando !trans carregado com sucesso
[15:08:10 | INFO] > Comando !transcript carregado com sucesso
[15:08:10 | INFO] Foram carregados 10 eventos e 20 comandos

    
<-<-<================================================================================>->->
    File generated by leekslazylogger v2.0.7 by eartharoid (http://leeks.js.org/logger)
    SquashCodes | Log File
    Tuesday, 13th April 2021, 15:08 pm (America/Sao_Paulo) -->
    Node: v14.15.5 on 'Windows' | Time format: 'HH:mm:ss' | Date format: 'YYYY-MM-DD'
<-<-<================================================================================>->->


[15:08:14 | INFO] Connecting to MySQL database...
[15:08:15 | INFO] > Evento debug carregado com sucesso
[15:08:15 | INFO] > Evento error carregado com sucesso
[15:08:15 | INFO] > Evento guildMemberAdd carregado com sucesso
[15:08:15 | INFO] > Evento message carregado com sucesso
[15:08:15 | INFO] > Evento messageDelete carregado com sucesso
[15:08:15 | INFO] > Evento messageReactionAdd carregado com sucesso
[15:08:16 | INFO] > Evento messageUpdate carregado com sucesso
[15:08:16 | INFO] > Evento rateLimit carregado com sucesso
[15:08:16 | INFO] > Evento ready carregado com sucesso
[15:08:16 | INFO] > Evento warn carregado com sucesso
[15:08:16 | INFO] > Comando !add carregado com sucesso
[15:08:16 | INFO] > Comando !authenticate carregado com sucesso
[15:08:16 | INFO] > Comando !canvas carregado com sucesso
[15:08:16 | INFO] > Comando !changeip carregado com sucesso
[15:08:16 | INFO] > Comando !clear carregado com sucesso
[15:08:16 | INFO] > Comando !close carregado com sucesso
[15:08:16 | INFO] > Comando !closeall carregado com sucesso
[15:08:16 | INFO] > Comando !delete carregado com sucesso
[15:08:16 | INFO] > Comando !eval carregado com sucesso
[15:08:16 | INFO] > Comando !ajuda carregado com sucesso
[15:08:16 | INFO] > Comando !msg carregado com sucesso
[15:08:16 | INFO] > Comando !panel carregado com sucesso
[15:08:16 | INFO] > Comando !remove carregado com sucesso
[15:08:16 | INFO] > Comando !rename carregado com sucesso
[15:08:16 | INFO] > Comando !stats carregado com sucesso
[15:08:16 | INFO] > Comando !suporte carregado com sucesso
[15:08:16 | INFO] > Comando !tickets carregado com sucesso
[15:08:16 | INFO] > Comando !topic carregado com sucesso
[15:08:16 | INFO] > Comando !trans carregado com sucesso
[15:08:16 | INFO] > Comando !transcript carregado com sucesso
[15:08:16 | INFO] Foram carregados 10 eventos e 20 comandos
[15:08:18 | INFO] Autenticado com sucesso como Betina#2704
[15:08:18 | INFO] Permissão de 'ADMINISTRATOR' verificada com sucesso

    
<-<-<================================================================================>->->
    File generated by leekslazylogger v2.0.7 by eartharoid (http://leeks.js.org/logger)
    SquashCodes | Log File
    Tuesday, 13th April 2021, 15:08 pm (America/Sao_Paulo) -->
    Node: v14.15.5 on 'Windows' | Time format: 'HH:mm:ss' | Date format: 'YYYY-MM-DD'
<-<-<================================================================================>->->


[15:08:27 | INFO] Connecting to MySQL database...
[15:08:28 | INFO] > Evento debug carregado com sucesso
[15:08:28 | INFO] > Evento error carregado com sucesso
[15:08:28 | INFO] > Evento guildMemberAdd carregado com sucesso
[15:08:28 | INFO] > Evento message carregado com sucesso
[15:08:28 | INFO] > Evento messageDelete carregado com sucesso
[15:08:28 | INFO] > Evento messageReactionAdd carregado com sucesso
[15:08:28 | INFO] > Evento messageUpdate carregado com sucesso
[15:08:28 | INFO] > Evento rateLimit carregado com sucesso
[15:08:28 | INFO] > Evento ready carregado com sucesso
[15:08:28 | INFO] > Evento warn carregado com sucesso
[15:08:28 | INFO] > Comando !add carregado com sucesso
[15:08:28 | INFO] > Comando !authenticate carregado com sucesso
[15:08:28 | INFO] > Comando !canvas carregado com sucesso
[15:08:28 | INFO] > Comando !changeip carregado com sucesso
[15:08:28 | INFO] > Comando !clear carregado com sucesso
[15:08:28 | INFO] > Comando !close carregado com sucesso
[15:08:29 | INFO] > Comando !closeall carregado com sucesso
[15:08:29 | INFO] > Comando !delete carregado com sucesso
[15:08:29 | INFO] > Comando !eval carregado com sucesso
[15:08:29 | INFO] > Comando !ajuda carregado com sucesso
[15:08:29 | INFO] > Comando !msg carregado com sucesso
[15:08:29 | INFO] > Comando !panel carregado com sucesso
[15:08:29 | INFO] > Comando !remove carregado com sucesso
[15:08:29 | INFO] > Comando !rename carregado com sucesso
[15:08:29 | INFO] > Comando !stats carregado com sucesso
[15:08:29 | INFO] > Comando !suporte carregado com sucesso
[15:08:29 | INFO] > Comando !tickets carregado com sucesso
[15:08:29 | INFO] > Comando !topic carregado com sucesso
[15:08:29 | INFO] > Comando !trans carregado com sucesso
[15:08:29 | INFO] > Comando !transcript carregado com sucesso
[15:08:29 | INFO] Foram carregados 10 eventos e 20 comandos
[15:08:30 | INFO] Autenticado com sucesso como Betina#2704
[15:08:30 | INFO] Permissão de 'ADMINISTRATOR' verificada com sucesso

    
<-<-<================================================================================>->->
    File generated by leekslazylogger v2.0.7 by eartharoid (http://leeks.js.org/logger)
    SquashCodes | Log File
    Tuesday, 13th April 2021, 15:12 pm (America/Sao_Paulo) -->
    Node: v14.15.5 on 'Windows' | Time format: 'HH:mm:ss' | Date format: 'YYYY-MM-DD'
<-<-<================================================================================>->->


[15:12:34 | INFO] Connecting to MySQL database...
[15:12:34 | INFO] > Evento debug carregado com sucesso
[15:12:34 | INFO] > Evento error carregado com sucesso
[15:12:34 | INFO] > Evento guildMemberAdd carregado com sucesso
[15:12:34 | INFO] > Evento message carregado com sucesso
[15:12:34 | INFO] > Evento messageDelete carregado com sucesso
[15:12:34 | INFO] > Evento messageReactionAdd carregado com sucesso
[15:12:34 | INFO] > Evento messageUpdate carregado com sucesso
[15:12:34 | INFO] > Evento rateLimit carregado com sucesso
[15:12:34 | INFO] > Evento ready carregado com sucesso
[15:12:34 | INFO] > Evento warn carregado com sucesso
[15:12:34 | INFO] > Comando !add carregado com sucesso
[15:12:34 | INFO] > Comando !authenticate carregado com sucesso
[15:12:35 | INFO] > Comando !canvas carregado com sucesso
[15:12:35 | INFO] > Comando !changeip carregado com sucesso
[15:12:35 | INFO] > Comando !clear carregado com sucesso
[15:12:35 | INFO] > Comando !close carregado com sucesso
[15:12:35 | INFO] > Comando !closeall carregado com sucesso
[15:12:35 | INFO] > Comando !delete carregado com sucesso
[15:12:35 | INFO] > Comando !eval carregado com sucesso
[15:12:35 | INFO] > Comando !ajuda carregado com sucesso
[15:12:35 | INFO] > Comando !msg carregado com sucesso
[15:12:35 | INFO] > Comando !panel carregado com sucesso
[15:12:35 | INFO] > Comando !remove carregado com sucesso
[15:12:35 | INFO] > Comando !rename carregado com sucesso
[15:12:35 | INFO] > Comando !stats carregado com sucesso
[15:12:35 | INFO] > Comando !suporte carregado com sucesso
[15:12:35 | INFO] > Comando !tickets carregado com sucesso
[15:12:35 | INFO] > Comando !topic carregado com sucesso
[15:12:35 | INFO] > Comando !trans carregado com sucesso
[15:12:35 | INFO] > Comando !transcript carregado com sucesso
[15:12:35 | INFO] Foram carregados 10 eventos e 20 comandos
[15:12:36 | INFO] Autenticado com sucesso como Betina#2704
[15:12:36 | INFO] Permissão de 'ADMINISTRATOR' verificada com sucesso

    
<-<-<================================================================================>->->
    File generated by leekslazylogger v2.0.7 by eartharoid (http://leeks.js.org/logger)
    SquashCodes | Log File
    Tuesday, 13th April 2021, 15:21 pm (America/Sao_Paulo) -->
    Node: v14.15.5 on 'Windows' | Time format: 'HH:mm:ss' | Date format: 'YYYY-MM-DD'
<-<-<================================================================================>->->


[15:21:34 | INFO] Connecting to MySQL database...
[15:21:35 | INFO] > Evento debug carregado com sucesso
[15:21:35 | INFO] > Evento error carregado com sucesso
[15:21:35 | INFO] > Evento guildMemberAdd carregado com sucesso
[15:21:35 | INFO] > Evento message carregado com sucesso
[15:21:35 | INFO] > Evento messageDelete carregado com sucesso
[15:21:35 | INFO] > Evento messageReactionAdd carregado com sucesso
[15:21:35 | INFO] > Evento messageUpdate carregado com sucesso
[15:21:35 | INFO] > Evento rateLimit carregado com sucesso
[15:21:35 | INFO] > Evento ready carregado com sucesso
[15:21:35 | INFO] > Evento warn carregado com sucesso
[15:21:35 | INFO] > Comando !add carregado com sucesso
[15:21:35 | INFO] > Comando !authenticate carregado com sucesso
[15:21:35 | INFO] > Comando !canvas carregado com sucesso
[15:21:35 | INFO] > Comando !changeip carregado com sucesso
[15:21:35 | INFO] > Comando !clear carregado com sucesso
[15:21:35 | INFO] > Comando !close carregado com sucesso
[15:21:35 | INFO] > Comando !closeall carregado com sucesso
[15:21:35 | INFO] > Comando !delete carregado com sucesso
[15:21:35 | INFO] > Comando !eval carregado com sucesso
[15:21:35 | INFO] > Comando !ajuda carregado com sucesso
[15:21:35 | INFO] > Comando !msg carregado com sucesso
[15:21:35 | INFO] > Comando !panel carregado com sucesso
[15:21:35 | INFO] > Comando !remove carregado com sucesso
[15:21:35 | INFO] > Comando !rename carregado com sucesso
[15:21:35 | INFO] > Comando !stats carregado com sucesso
[15:21:35 | INFO] > Comando !suporte carregado com sucesso
[15:21:35 | INFO] > Comando !tickets carregado com sucesso
[15:21:35 | INFO] > Comando !topic carregado com sucesso
[15:21:35 | INFO] > Comando !trans carregado com sucesso
[15:21:35 | INFO] > Comando !transcript carregado com sucesso
[15:21:35 | INFO] Foram carregados 10 eventos e 20 comandos
[15:21:36 | INFO] Autenticado com sucesso como Betina#2704
[15:21:36 | INFO] Permissão de 'ADMINISTRATOR' verificada com sucesso
[15:21:41 | INFO] dutra#3978 usou o comando 'changeip'
[15:22:07 | INFO] DM Recebida de dutra#3978: iniciar
[15:22:30 | INFO] DM Recebida de dutra#3978: mtasa://123.030300.03030
[15:22:30 | WARN] An error was not caught
[15:22:30 | WARN] Uncaught ReferenceError: MessageEmbed is not defined
[15:22:30 | ERROR] ReferenceError: MessageEmbed is not defined
    at MessageCollector.<anonymous> (C:\Users\COMPUTADOR\node\Sqh\src\commands\changeip.js:60:48)
    at MessageCollector.emit (events.js:315:20)
    at MessageCollector.handleCollect (C:\Users\COMPUTADOR\node\Sqh\node_modules\discord.js\src\structures\interfaces\Collector.js:100:12)
    at processTicksAndRejections (internal/process/task_queues.js:93:5)

    
<-<-<================================================================================>->->
    File generated by leekslazylogger v2.0.7 by eartharoid (http://leeks.js.org/logger)
    SquashCodes | Log File
    Tuesday, 13th April 2021, 15:22 pm (America/Sao_Paulo) -->
    Node: v14.15.5 on 'Windows' | Time format: 'HH:mm:ss' | Date format: 'YYYY-MM-DD'
<-<-<================================================================================>->->


[15:22:51 | INFO] Connecting to MySQL database...
[15:22:52 | INFO] > Evento debug carregado com sucesso
[15:22:52 | INFO] > Evento error carregado com sucesso
[15:22:52 | INFO] > Evento guildMemberAdd carregado com sucesso
[15:22:52 | INFO] > Evento message carregado com sucesso
[15:22:52 | INFO] > Evento messageDelete carregado com sucesso
[15:22:52 | INFO] > Evento messageReactionAdd carregado com sucesso
[15:22:52 | INFO] > Evento messageUpdate carregado com sucesso
[15:22:52 | INFO] > Evento rateLimit carregado com sucesso
[15:22:52 | INFO] > Evento ready carregado com sucesso
[15:22:52 | INFO] > Evento warn carregado com sucesso
[15:22:52 | INFO] > Comando !add carregado com sucesso
[15:22:52 | INFO] > Comando !authenticate carregado com sucesso
[15:22:52 | INFO] > Comando !canvas carregado com sucesso
[15:22:52 | INFO] > Comando !changeip carregado com sucesso
[15:22:52 | INFO] > Comando !clear carregado com sucesso
[15:22:52 | INFO] > Comando !close carregado com sucesso
[15:22:52 | INFO] > Comando !closeall carregado com sucesso
[15:22:52 | INFO] > Comando !delete carregado com sucesso
[15:22:52 | INFO] > Comando !eval carregado com sucesso
[15:22:52 | INFO] > Comando !ajuda carregado com sucesso
[15:22:52 | INFO] > Comando !msg carregado com sucesso
[15:22:52 | INFO] > Comando !panel carregado com sucesso
[15:22:52 | INFO] > Comando !remove carregado com sucesso
[15:22:53 | INFO] > Comando !rename carregado com sucesso
[15:22:53 | INFO] > Comando !stats carregado com sucesso
[15:22:53 | INFO] > Comando !suporte carregado com sucesso
[15:22:53 | INFO] > Comando !tickets carregado com sucesso
[15:22:53 | INFO] > Comando !topic carregado com sucesso
[15:22:53 | INFO] > Comando !trans carregado com sucesso
[15:22:53 | INFO] > Comando !transcript carregado com sucesso
[15:22:53 | INFO] Foram carregados 10 eventos e 20 comandos
[15:22:54 | INFO] Autenticado com sucesso como Betina#2704
[15:22:54 | INFO] Permissão de 'ADMINISTRATOR' verificada com sucesso
[15:23:02 | INFO] dutra#3978 usou o comando 'changeip'
[15:23:09 | INFO] DM Recebida de dutra#3978: iniciar
[15:23:13 | INFO] DM Recebida de dutra#3978: mtasa://123311
[15:23:30 | INFO] DM Recebida de dutra#3978: asdadads

    
<-<-<================================================================================>->->
    File generated by leekslazylogger v2.0.7 by eartharoid (http://leeks.js.org/logger)
    SquashCodes | Log File
    Tuesday, 13th April 2021, 15:24 pm (America/Sao_Paulo) -->
    Node: v14.15.5 on 'Windows' | Time format: 'HH:mm:ss' | Date format: 'YYYY-MM-DD'
<-<-<================================================================================>->->


[15:24:03 | INFO] Connecting to MySQL database...
[15:24:03 | INFO] > Evento debug carregado com sucesso
[15:24:03 | INFO] > Evento error carregado com sucesso
[15:24:04 | INFO] > Evento guildMemberAdd carregado com sucesso
[15:24:04 | INFO] > Evento message carregado com sucesso
[15:24:04 | INFO] > Evento messageDelete carregado com sucesso
[15:24:04 | INFO] > Evento messageReactionAdd carregado com sucesso
[15:24:04 | INFO] > Evento messageUpdate carregado com sucesso
[15:24:04 | INFO] > Evento rateLimit carregado com sucesso
[15:24:04 | INFO] > Evento ready carregado com sucesso
[15:24:04 | INFO] > Evento warn carregado com sucesso
[15:24:04 | INFO] > Comando !add carregado com sucesso
[15:24:04 | INFO] > Comando !authenticate carregado com sucesso
[15:24:04 | INFO] > Comando !canvas carregado com sucesso
[15:24:04 | INFO] > Comando !changeip carregado com sucesso
[15:24:04 | INFO] > Comando !clear carregado com sucesso
[15:24:04 | INFO] > Comando !close carregado com sucesso
[15:24:04 | INFO] > Comando !closeall carregado com sucesso
[15:24:04 | INFO] > Comando !delete carregado com sucesso
[15:24:04 | INFO] > Comando !eval carregado com sucesso
[15:24:04 | INFO] > Comando !ajuda carregado com sucesso
[15:24:04 | INFO] > Comando !msg carregado com sucesso
[15:24:04 | INFO] > Comando !panel carregado com sucesso
[15:24:04 | INFO] > Comando !remove carregado com sucesso
[15:24:04 | INFO] > Comando !rename carregado com sucesso
[15:24:04 | INFO] > Comando !stats carregado com sucesso
[15:24:04 | INFO] > Comando !suporte carregado com sucesso
[15:24:04 | INFO] > Comando !tickets carregado com sucesso
[15:24:04 | INFO] > Comando !topic carregado com sucesso
[15:24:04 | INFO] > Comando !trans carregado com sucesso
[15:24:04 | INFO] > Comando !transcript carregado com sucesso
[15:24:04 | INFO] Foram carregados 10 eventos e 20 comandos
[15:24:05 | INFO] Autenticado com sucesso como Betina#2704
[15:24:05 | INFO] Permissão de 'ADMINISTRATOR' verificada com sucesso
[15:24:16 | INFO] dutra#3978 usou o comando 'changeip'
