
    
<-<-<================================================================================>->->
    File generated by leekslazylogger v2.0.7 by eartharoid (http://leeks.js.org/logger)
    SquashCodes | Log File
    Sunday, 23rd May 2021, 00:12 am (America/Sao_Paulo) -->
    Node: v14.17.0 on 'Windows' | Time format: 'HH:mm:ss' | Date format: 'YYYY-MM-DD'
<-<-<================================================================================>->->


[00:12:47 | INFO] Connecting to MySQL database...

    
<-<-<================================================================================>->->
    File generated by leekslazylogger v2.0.7 by eartharoid (http://leeks.js.org/logger)
    SquashCodes | Log File
    Sunday, 23rd May 2021, 00:14 am (America/Sao_Paulo) -->
    Node: v14.17.0 on 'Windows' | Time format: 'HH:mm:ss' | Date format: 'YYYY-MM-DD'
<-<-<================================================================================>->->


[00:14:02 | INFO] Connecting to MySQL database...
[00:14:03 | INFO] > Evento debug carregado com sucesso
[00:14:03 | INFO] > Evento error carregado com sucesso
[00:14:03 | INFO] > Evento guildMemberAdd carregado com sucesso
[00:14:03 | INFO] > Evento message carregado com sucesso
[00:14:03 | INFO] > Evento messageDelete carregado com sucesso
[00:14:03 | INFO] > Evento messageReactionAdd carregado com sucesso
[00:14:03 | INFO] > Evento messageUpdate carregado com sucesso
[00:14:03 | INFO] > Evento rateLimit carregado com sucesso
[00:14:03 | INFO] > Evento ready carregado com sucesso
[00:14:03 | INFO] > Evento warn carregado com sucesso
[00:14:03 | INFO] > Comando !add carregado com sucesso
[00:14:03 | INFO] > Comando !authenticate carregado com sucesso
[00:14:03 | INFO] > Comando !canvas carregado com sucesso
[00:14:03 | INFO] > Comando !changeip carregado com sucesso
[00:14:03 | INFO] > Comando !clear carregado com sucesso
[00:14:04 | INFO] > Comando !close carregado com sucesso
[00:14:04 | INFO] > Comando !closeall carregado com sucesso
[00:14:04 | INFO] > Comando !delete carregado com sucesso
[00:14:04 | INFO] > Comando !eval carregado com sucesso
[00:14:04 | INFO] > Comando !ajuda carregado com sucesso
[00:14:04 | INFO] > Comando !msg carregado com sucesso
[00:14:04 | INFO] > Comando !panel carregado com sucesso
[00:14:04 | INFO] > Comando !remove carregado com sucesso
[00:14:04 | INFO] > Comando !rename carregado com sucesso
[00:14:04 | INFO] > Comando !stats carregado com sucesso
[00:14:04 | INFO] > Comando !suporte carregado com sucesso
[00:14:04 | INFO] > Comando !tickets carregado com sucesso
[00:14:04 | INFO] > Comando !topic carregado com sucesso
[00:14:04 | INFO] > Comando !trans carregado com sucesso
[00:14:04 | INFO] > Comando !transcript carregado com sucesso
[00:14:04 | INFO] Foram carregados 10 eventos e 20 comandos
[00:14:07 | INFO] Conexão ao MongoDB realizada com sucesso!
[00:14:07 | WARN] An error was not caught
[00:14:07 | WARN] Uncaught SequelizeConnectionError: Unknown database 'squash-code'
[00:14:07 | ERROR] SequelizeConnectionError: Unknown database 'squash-code'
    at ConnectionManager.connect (D:\repos\Jobs\SquashCodes-Bot\node_modules\sequelize\lib\dialects\mysql\connection-manager.js:126:17)
    at processTicksAndRejections (internal/process/task_queues.js:95:5)
    at async ConnectionManager._connect (D:\repos\Jobs\SquashCodes-Bot\node_modules\sequelize\lib\dialects\abstract\connection-manager.js:318:24)
    at async D:\repos\Jobs\SquashCodes-Bot\node_modules\sequelize\lib\dialects\abstract\connection-manager.js:250:32
[00:14:07 | WARN] An error was not caught
[00:14:07 | WARN] Uncaught SequelizeConnectionError: Unknown database 'squash-code'
[00:14:07 | ERROR] SequelizeConnectionError: Unknown database 'squash-code'
    at ConnectionManager.connect (D:\repos\Jobs\SquashCodes-Bot\node_modules\sequelize\lib\dialects\mysql\connection-manager.js:126:17)
    at processTicksAndRejections (internal/process/task_queues.js:95:5)
    at async ConnectionManager._connect (D:\repos\Jobs\SquashCodes-Bot\node_modules\sequelize\lib\dialects\abstract\connection-manager.js:318:24)
    at async D:\repos\Jobs\SquashCodes-Bot\node_modules\sequelize\lib\dialects\abstract\connection-manager.js:250:32
[00:14:07 | WARN] An error was not caught
[00:14:07 | WARN] Uncaught SequelizeConnectionError: Unknown database 'squash-code'
[00:14:07 | ERROR] SequelizeConnectionError: Unknown database 'squash-code'
    at ConnectionManager.connect (D:\repos\Jobs\SquashCodes-Bot\node_modules\sequelize\lib\dialects\mysql\connection-manager.js:126:17)
    at processTicksAndRejections (internal/process/task_queues.js:95:5)
    at async ConnectionManager._connect (D:\repos\Jobs\SquashCodes-Bot\node_modules\sequelize\lib\dialects\abstract\connection-manager.js:318:24)
    at async D:\repos\Jobs\SquashCodes-Bot\node_modules\sequelize\lib\dialects\abstract\connection-manager.js:250:32
[00:14:08 | INFO] Serão carregados: 7 comandos!
[00:14:08 | INFO] 1: D:/repos/Jobs/SquashCodes-Bot/encomendas/src/commands/clearSystem.js carregado.
[00:14:08 | INFO] 2: D:/repos/Jobs/SquashCodes-Bot/encomendas/src/commands/eval.js carregado.
[00:14:08 | INFO] 3: D:/repos/Jobs/SquashCodes-Bot/encomendas/src/commands/finishOrder.js carregado.
[00:14:08 | INFO] 4: D:/repos/Jobs/SquashCodes-Bot/encomendas/src/commands/newOrder.js carregado.
[00:14:08 | INFO] 5: D:/repos/Jobs/SquashCodes-Bot/encomendas/src/commands/restoreOrder.js carregado.
[00:14:08 | INFO] 6: D:/repos/Jobs/SquashCodes-Bot/encomendas/src/commands/updateOrder.js carregado.
[00:14:08 | INFO] 7: D:/repos/Jobs/SquashCodes-Bot/encomendas/src/commands/updateUser.js carregado.
[00:14:08 | INFO] 

[00:14:08 | INFO] Serão carregados: 3 eventos!
[00:14:08 | INFO] 1: D:/repos/Jobs/SquashCodes-Bot/encomendas/src/events/guild/member/add.js carregado.
[00:14:08 | INFO] 2: D:/repos/Jobs/SquashCodes-Bot/encomendas/src/events/guild/member/update.js carregado.
[00:14:08 | INFO] 3: D:/repos/Jobs/SquashCodes-Bot/encomendas/src/events/message/update.js carregado.
[00:14:08 | INFO] 

[00:14:09 | INFO] Autenticado com sucesso como Zuraaa Testes#7347
[00:14:09 | INFO] Permissão de 'ADMINISTRATOR' verificada com sucesso
[00:14:09 | INFO] [ENCOMENDAS] SISTEMA ONLINE!
[00:14:09 | INFO] [ENCOMENDAS] CACHEANDO CARGOS
[00:14:09 | INFO] [ENCOMENDAS] CARGOS CACHEADOS
[00:14:09 | INFO] [ENCOMENDAS] CACHEANDO ENCOMENDAS
[00:14:09 | INFO] [ENCOMENDAS] ENCOMENDAS CACHEADAS

    
<-<-<================================================================================>->->
    File generated by leekslazylogger v2.0.7 by eartharoid (http://leeks.js.org/logger)
    SquashCodes | Log File
    Sunday, 23rd May 2021, 00:17 am (America/Sao_Paulo) -->
    Node: v14.17.0 on 'Windows' | Time format: 'HH:mm:ss' | Date format: 'YYYY-MM-DD'
<-<-<================================================================================>->->


[00:17:02 | INFO] Connecting to MySQL database...
[00:17:02 | INFO] > Evento debug carregado com sucesso
[00:17:02 | INFO] > Evento error carregado com sucesso
[00:17:02 | INFO] > Evento guildMemberAdd carregado com sucesso
[00:17:02 | INFO] > Evento message carregado com sucesso
[00:17:02 | INFO] > Evento messageDelete carregado com sucesso
[00:17:02 | INFO] > Evento messageReactionAdd carregado com sucesso
[00:17:02 | INFO] > Evento messageUpdate carregado com sucesso
[00:17:02 | INFO] > Evento rateLimit carregado com sucesso
[00:17:02 | INFO] > Evento ready carregado com sucesso
[00:17:02 | INFO] > Evento warn carregado com sucesso
[00:17:02 | INFO] > Comando !add carregado com sucesso
[00:17:02 | INFO] > Comando !authenticate carregado com sucesso
[00:17:02 | INFO] > Comando !canvas carregado com sucesso
[00:17:02 | INFO] > Comando !changeip carregado com sucesso
[00:17:02 | INFO] > Comando !clear carregado com sucesso
[00:17:02 | INFO] > Comando !close carregado com sucesso
[00:17:02 | INFO] > Comando !closeall carregado com sucesso
[00:17:02 | INFO] > Comando !delete carregado com sucesso
[00:17:02 | INFO] > Comando !eval carregado com sucesso
[00:17:02 | INFO] > Comando !ajuda carregado com sucesso
[00:17:02 | INFO] > Comando !msg carregado com sucesso
[00:17:02 | INFO] > Comando !panel carregado com sucesso
[00:17:02 | INFO] > Comando !remove carregado com sucesso
[00:17:02 | INFO] > Comando !rename carregado com sucesso
[00:17:02 | INFO] > Comando !stats carregado com sucesso
[00:17:02 | INFO] > Comando !suporte carregado com sucesso
[00:17:02 | INFO] > Comando !tickets carregado com sucesso
[00:17:02 | INFO] > Comando !topic carregado com sucesso
[00:17:02 | INFO] > Comando !trans carregado com sucesso
[00:17:02 | INFO] > Comando !transcript carregado com sucesso
[00:17:02 | INFO] Foram carregados 10 eventos e 20 comandos
[00:17:03 | INFO] Conexão ao MongoDB realizada com sucesso!
[00:17:03 | WARN] An error was not caught
[00:17:03 | WARN] Uncaught SequelizeConnectionError: Unknown database 'squash-code'
[00:17:03 | ERROR] SequelizeConnectionError: Unknown database 'squash-code'
    at ConnectionManager.connect (D:\repos\Jobs\SquashCodes-Bot\node_modules\sequelize\lib\dialects\mysql\connection-manager.js:126:17)
    at processTicksAndRejections (internal/process/task_queues.js:95:5)
    at async ConnectionManager._connect (D:\repos\Jobs\SquashCodes-Bot\node_modules\sequelize\lib\dialects\abstract\connection-manager.js:318:24)
    at async D:\repos\Jobs\SquashCodes-Bot\node_modules\sequelize\lib\dialects\abstract\connection-manager.js:250:32
[00:17:03 | WARN] An error was not caught
[00:17:03 | WARN] Uncaught SequelizeConnectionError: Unknown database 'squash-code'
[00:17:03 | ERROR] SequelizeConnectionError: Unknown database 'squash-code'
    at ConnectionManager.connect (D:\repos\Jobs\SquashCodes-Bot\node_modules\sequelize\lib\dialects\mysql\connection-manager.js:126:17)
    at processTicksAndRejections (internal/process/task_queues.js:95:5)
    at async ConnectionManager._connect (D:\repos\Jobs\SquashCodes-Bot\node_modules\sequelize\lib\dialects\abstract\connection-manager.js:318:24)
    at async D:\repos\Jobs\SquashCodes-Bot\node_modules\sequelize\lib\dialects\abstract\connection-manager.js:250:32
[00:17:03 | WARN] An error was not caught
[00:17:03 | WARN] Uncaught SequelizeConnectionError: Unknown database 'squash-code'
[00:17:03 | ERROR] SequelizeConnectionError: Unknown database 'squash-code'
    at ConnectionManager.connect (D:\repos\Jobs\SquashCodes-Bot\node_modules\sequelize\lib\dialects\mysql\connection-manager.js:126:17)
    at processTicksAndRejections (internal/process/task_queues.js:95:5)
    at async ConnectionManager._connect (D:\repos\Jobs\SquashCodes-Bot\node_modules\sequelize\lib\dialects\abstract\connection-manager.js:318:24)
    at async D:\repos\Jobs\SquashCodes-Bot\node_modules\sequelize\lib\dialects\abstract\connection-manager.js:250:32
[00:17:04 | INFO] Serão carregados: 7 comandos!
[00:17:04 | INFO] 1: D:/repos/Jobs/SquashCodes-Bot/encomendas/src/commands/clearSystem.js carregado.
[00:17:04 | INFO] 2: D:/repos/Jobs/SquashCodes-Bot/encomendas/src/commands/eval.js carregado.
[00:17:04 | INFO] 3: D:/repos/Jobs/SquashCodes-Bot/encomendas/src/commands/finishOrder.js carregado.
[00:17:04 | INFO] 4: D:/repos/Jobs/SquashCodes-Bot/encomendas/src/commands/newOrder.js carregado.
[00:17:04 | INFO] 5: D:/repos/Jobs/SquashCodes-Bot/encomendas/src/commands/restoreOrder.js carregado.
[00:17:04 | INFO] 6: D:/repos/Jobs/SquashCodes-Bot/encomendas/src/commands/updateOrder.js carregado.
[00:17:04 | INFO] 7: D:/repos/Jobs/SquashCodes-Bot/encomendas/src/commands/updateUser.js carregado.
[00:17:04 | INFO] 

[00:17:04 | INFO] Serão carregados: 3 eventos!
[00:17:04 | INFO] 1: D:/repos/Jobs/SquashCodes-Bot/encomendas/src/events/guild/member/add.js carregado.
[00:17:04 | INFO] 2: D:/repos/Jobs/SquashCodes-Bot/encomendas/src/events/guild/member/update.js carregado.
[00:17:04 | INFO] 3: D:/repos/Jobs/SquashCodes-Bot/encomendas/src/events/message/update.js carregado.
[00:17:04 | INFO] 

[00:17:05 | INFO] Autenticado com sucesso como Zuraaa Testes#7347
[00:17:05 | INFO] Permissão de 'ADMINISTRATOR' verificada com sucesso
[00:17:05 | INFO] [ENCOMENDAS] SISTEMA ONLINE!
[00:17:05 | INFO] [ENCOMENDAS] CACHEANDO CARGOS
[00:17:05 | INFO] [ENCOMENDAS] CARGOS CACHEADOS
[00:17:05 | INFO] [ENCOMENDAS] CACHEANDO ENCOMENDAS
[00:17:05 | INFO] [ENCOMENDAS] ENCOMENDAS CACHEADAS

    
<-<-<================================================================================>->->
    File generated by leekslazylogger v2.0.7 by eartharoid (http://leeks.js.org/logger)
    SquashCodes | Log File
    Sunday, 23rd May 2021, 00:38 am (America/Sao_Paulo) -->
    Node: v14.17.0 on 'Windows' | Time format: 'HH:mm:ss' | Date format: 'YYYY-MM-DD'
<-<-<================================================================================>->->


[00:38:31 | INFO] Connecting to MySQL database...
[00:38:33 | INFO] > Evento debug carregado com sucesso
[00:38:33 | INFO] > Evento error carregado com sucesso
[00:38:33 | INFO] > Evento guildMemberAdd carregado com sucesso
[00:38:33 | INFO] > Evento message carregado com sucesso
[00:38:33 | INFO] > Evento messageDelete carregado com sucesso
[00:38:33 | INFO] > Evento messageReactionAdd carregado com sucesso
[00:38:33 | INFO] > Evento messageUpdate carregado com sucesso
[00:38:33 | INFO] > Evento rateLimit carregado com sucesso
[00:38:33 | INFO] > Evento ready carregado com sucesso
[00:38:33 | INFO] > Evento warn carregado com sucesso
[00:38:33 | INFO] > Comando !add carregado com sucesso
[00:38:33 | INFO] > Comando !authenticate carregado com sucesso
[00:38:33 | INFO] > Comando !canvas carregado com sucesso
[00:38:33 | INFO] > Comando !changeip carregado com sucesso
[00:38:33 | INFO] > Comando !clear carregado com sucesso
[00:38:33 | INFO] > Comando !close carregado com sucesso
[00:38:33 | INFO] > Comando !closeall carregado com sucesso
[00:38:33 | INFO] > Comando !delete carregado com sucesso
[00:38:33 | INFO] > Comando !eval carregado com sucesso
[00:38:33 | INFO] > Comando !ajuda carregado com sucesso
[00:38:33 | INFO] > Comando !msg carregado com sucesso
[00:38:33 | INFO] > Comando !panel carregado com sucesso
[00:38:34 | INFO] > Comando !remove carregado com sucesso
[00:38:34 | INFO] > Comando !rename carregado com sucesso
[00:38:34 | INFO] > Comando !stats carregado com sucesso
[00:38:34 | INFO] > Comando !suporte carregado com sucesso
[00:38:34 | INFO] > Comando !tickets carregado com sucesso
[00:38:34 | INFO] > Comando !topic carregado com sucesso
[00:38:34 | INFO] > Comando !trans carregado com sucesso
[00:38:34 | INFO] > Comando !transcript carregado com sucesso
[00:38:34 | INFO] Foram carregados 10 eventos e 20 comandos
[00:38:35 | INFO] Conexão ao MongoDB realizada com sucesso!
[00:38:35 | INFO] Serão carregados: 7 comandos!
[00:38:35 | INFO] 1: D:/repos/Jobs/SquashCodes-Bot/encomendas/src/commands/clearSystem.js carregado.
[00:38:35 | INFO] 2: D:/repos/Jobs/SquashCodes-Bot/encomendas/src/commands/eval.js carregado.
[00:38:35 | INFO] 3: D:/repos/Jobs/SquashCodes-Bot/encomendas/src/commands/finishOrder.js carregado.
[00:38:35 | INFO] 4: D:/repos/Jobs/SquashCodes-Bot/encomendas/src/commands/newOrder.js carregado.
[00:38:35 | INFO] 5: D:/repos/Jobs/SquashCodes-Bot/encomendas/src/commands/restoreOrder.js carregado.
[00:38:35 | INFO] 6: D:/repos/Jobs/SquashCodes-Bot/encomendas/src/commands/updateOrder.js carregado.
[00:38:35 | INFO] 7: D:/repos/Jobs/SquashCodes-Bot/encomendas/src/commands/updateUser.js carregado.
[00:38:35 | INFO] 

[00:38:35 | INFO] Serão carregados: 3 eventos!
[00:38:35 | INFO] 1: D:/repos/Jobs/SquashCodes-Bot/encomendas/src/events/guild/member/add.js carregado.
[00:38:35 | INFO] 2: D:/repos/Jobs/SquashCodes-Bot/encomendas/src/events/guild/member/update.js carregado.
[00:38:35 | INFO] 3: D:/repos/Jobs/SquashCodes-Bot/encomendas/src/events/message/update.js carregado.
[00:38:35 | INFO] 

[00:38:36 | INFO] Autenticado com sucesso como Zuraaa Testes#7347
[00:38:36 | INFO] Permissão de 'ADMINISTRATOR' verificada com sucesso
[00:38:36 | INFO] [ENCOMENDAS] SISTEMA ONLINE!
[00:38:37 | INFO] [ENCOMENDAS] CACHEANDO CARGOS
[00:38:37 | INFO] [ENCOMENDAS] CARGOS CACHEADOS
[00:38:37 | INFO] [ENCOMENDAS] CACHEANDO ENCOMENDAS
[00:38:37 | INFO] [ENCOMENDAS] ENCOMENDAS CACHEADAS
[00:41:32 | INFO] Kurumi Tokisaki#7872 usou o comando 'panel'
[00:41:32 | INFO] Kurumi Tokisaki#7872 criou um painel de tickets
[00:41:39 | ERROR] TypeError: Cannot read property 'send' of undefined
    at D:\repos\Jobs\SquashCodes-Bot\src\events\messageReactionAdd.js:167:63
    at processTicksAndRejections (internal/process/task_queues.js:95:5)
[00:42:00 | INFO] Kurumi Tokisaki#7872 usou o comando 'close'
[00:42:00 | WARN] An error was not caught
[00:42:00 | WARN] Uncaught DiscordAPIError: Unknown Emoji
[00:42:00 | ERROR] DiscordAPIError: Unknown Emoji
    at RequestHandler.execute (D:\repos\Jobs\SquashCodes-Bot\node_modules\discord.js\src\rest\RequestHandler.js:154:13)
    at processTicksAndRejections (internal/process/task_queues.js:95:5)
    at async RequestHandler.push (D:\repos\Jobs\SquashCodes-Bot\node_modules\discord.js\src\rest\RequestHandler.js:39:14)
    at async Object.execute (D:\repos\Jobs\SquashCodes-Bot\src\commands\close.js:87:7)
[00:42:00 | WARN] Unhandled Rejection...
[00:42:00 | ERROR] DiscordAPIError: Unknown Emoji
    at RequestHandler.execute (D:\repos\Jobs\SquashCodes-Bot\node_modules\discord.js\src\rest\RequestHandler.js:154:13)
    at processTicksAndRejections (internal/process/task_queues.js:95:5)
    at async RequestHandler.push (D:\repos\Jobs\SquashCodes-Bot\node_modules\discord.js\src\rest\RequestHandler.js:39:14)
    at async Object.execute (D:\repos\Jobs\SquashCodes-Bot\src\commands\close.js:87:7)
[00:42:00 | INFO] Bye bye~!

    
<-<-<================================================================================>->->
    File generated by leekslazylogger v2.0.7 by eartharoid (http://leeks.js.org/logger)
    SquashCodes | Log File
    Sunday, 23rd May 2021, 00:47 am (America/Sao_Paulo) -->
    Node: v14.17.0 on 'Windows' | Time format: 'HH:mm:ss' | Date format: 'YYYY-MM-DD'
<-<-<================================================================================>->->


[00:47:42 | INFO] Connecting to MySQL database...
[00:47:43 | INFO] > Evento debug carregado com sucesso
[00:47:43 | INFO] > Evento error carregado com sucesso
[00:47:43 | INFO] > Evento guildMemberAdd carregado com sucesso
[00:47:43 | INFO] > Evento message carregado com sucesso
[00:47:43 | INFO] > Evento messageDelete carregado com sucesso
[00:47:43 | INFO] > Evento messageReactionAdd carregado com sucesso
[00:47:43 | INFO] > Evento messageUpdate carregado com sucesso
[00:47:43 | INFO] > Evento rateLimit carregado com sucesso
[00:47:43 | INFO] > Evento ready carregado com sucesso
[00:47:43 | INFO] > Evento warn carregado com sucesso
[00:47:43 | INFO] > Comando !add carregado com sucesso
[00:47:43 | INFO] > Comando !authenticate carregado com sucesso
[00:47:43 | INFO] > Comando !canvas carregado com sucesso
[00:47:43 | INFO] > Comando !changeip carregado com sucesso
[00:47:43 | INFO] > Comando !clear carregado com sucesso
[00:47:43 | INFO] > Comando !close carregado com sucesso
[00:47:43 | INFO] > Comando !closeall carregado com sucesso
[00:47:43 | INFO] > Comando !delete carregado com sucesso
[00:47:43 | INFO] > Comando !eval carregado com sucesso
[00:47:43 | INFO] > Comando !ajuda carregado com sucesso
[00:47:43 | INFO] > Comando !msg carregado com sucesso
[00:47:43 | INFO] > Comando !panel carregado com sucesso
[00:47:43 | INFO] > Comando !remove carregado com sucesso
[00:47:43 | INFO] > Comando !rename carregado com sucesso
[00:47:43 | INFO] > Comando !stats carregado com sucesso
[00:47:43 | INFO] > Comando !suporte carregado com sucesso
[00:47:43 | INFO] > Comando !tickets carregado com sucesso
[00:47:43 | INFO] > Comando !topic carregado com sucesso
[00:47:43 | INFO] > Comando !trans carregado com sucesso
[00:47:43 | INFO] > Comando !transcript carregado com sucesso
[00:47:43 | INFO] Foram carregados 10 eventos e 20 comandos
[00:47:46 | INFO] Conexão ao MongoDB realizada com sucesso!
[00:47:47 | INFO] Serão carregados: 7 comandos!
[00:47:47 | INFO] 1: D:/repos/Jobs/SquashCodes-Bot/encomendas/src/commands/clearSystem.js carregado.
[00:47:47 | INFO] 2: D:/repos/Jobs/SquashCodes-Bot/encomendas/src/commands/eval.js carregado.
[00:47:47 | INFO] 3: D:/repos/Jobs/SquashCodes-Bot/encomendas/src/commands/finishOrder.js carregado.
[00:47:47 | INFO] 4: D:/repos/Jobs/SquashCodes-Bot/encomendas/src/commands/newOrder.js carregado.
[00:47:47 | INFO] 5: D:/repos/Jobs/SquashCodes-Bot/encomendas/src/commands/restoreOrder.js carregado.
[00:47:47 | INFO] 6: D:/repos/Jobs/SquashCodes-Bot/encomendas/src/commands/updateOrder.js carregado.
[00:47:47 | INFO] 7: D:/repos/Jobs/SquashCodes-Bot/encomendas/src/commands/updateUser.js carregado.
[00:47:47 | INFO] 

[00:47:47 | INFO] Serão carregados: 3 eventos!
[00:47:47 | INFO] 1: D:/repos/Jobs/SquashCodes-Bot/encomendas/src/events/guild/member/add.js carregado.
[00:47:47 | INFO] 2: D:/repos/Jobs/SquashCodes-Bot/encomendas/src/events/guild/member/update.js carregado.
[00:47:47 | INFO] 3: D:/repos/Jobs/SquashCodes-Bot/encomendas/src/events/message/update.js carregado.
[00:47:47 | INFO] 

[00:47:48 | INFO] Autenticado com sucesso como Zuraaa Testes#7347
[00:47:48 | INFO] Permissão de 'ADMINISTRATOR' verificada com sucesso
[00:47:48 | INFO] [ENCOMENDAS] SISTEMA ONLINE!
[00:47:48 | INFO] [ENCOMENDAS] CACHEANDO CARGOS
[00:47:48 | INFO] [ENCOMENDAS] CARGOS CACHEADOS
[00:47:49 | INFO] [ENCOMENDAS] CACHEANDO ENCOMENDAS
[00:47:49 | INFO] [ENCOMENDAS] ENCOMENDAS CACHEADAS

    
<-<-<================================================================================>->->
    File generated by leekslazylogger v2.0.7 by eartharoid (http://leeks.js.org/logger)
    SquashCodes | Log File
    Sunday, 23rd May 2021, 00:48 am (America/Sao_Paulo) -->
    Node: v14.17.0 on 'Windows' | Time format: 'HH:mm:ss' | Date format: 'YYYY-MM-DD'
<-<-<================================================================================>->->


[00:48:12 | INFO] Connecting to MySQL database...
[00:48:12 | INFO] > Evento debug carregado com sucesso
[00:48:12 | INFO] > Evento error carregado com sucesso
[00:48:12 | INFO] > Evento guildMemberAdd carregado com sucesso
[00:48:12 | INFO] > Evento message carregado com sucesso
[00:48:12 | INFO] > Evento messageDelete carregado com sucesso
[00:48:12 | INFO] > Evento messageReactionAdd carregado com sucesso
[00:48:12 | INFO] > Evento messageUpdate carregado com sucesso
[00:48:12 | INFO] > Evento rateLimit carregado com sucesso
[00:48:12 | INFO] > Evento ready carregado com sucesso
[00:48:12 | INFO] > Evento warn carregado com sucesso
[00:48:12 | INFO] > Comando !add carregado com sucesso
[00:48:12 | INFO] > Comando !authenticate carregado com sucesso
[00:48:12 | INFO] > Comando !canvas carregado com sucesso
[00:48:12 | INFO] > Comando !changeip carregado com sucesso
[00:48:12 | INFO] > Comando !clear carregado com sucesso
[00:48:12 | INFO] > Comando !close carregado com sucesso
[00:48:12 | INFO] > Comando !closeall carregado com sucesso
[00:48:12 | INFO] > Comando !delete carregado com sucesso
[00:48:12 | INFO] > Comando !eval carregado com sucesso
[00:48:12 | INFO] > Comando !ajuda carregado com sucesso
[00:48:12 | INFO] > Comando !msg carregado com sucesso
[00:48:12 | INFO] > Comando !panel carregado com sucesso
[00:48:12 | INFO] > Comando !remove carregado com sucesso
[00:48:12 | INFO] > Comando !rename carregado com sucesso
[00:48:12 | INFO] > Comando !stats carregado com sucesso
[00:48:12 | INFO] > Comando !suporte carregado com sucesso
[00:48:12 | INFO] > Comando !tickets carregado com sucesso
[00:48:12 | INFO] > Comando !topic carregado com sucesso
[00:48:12 | INFO] > Comando !trans carregado com sucesso
[00:48:12 | INFO] > Comando !transcript carregado com sucesso
[00:48:12 | INFO] Foram carregados 10 eventos e 20 comandos
[00:48:13 | INFO] Conexão ao MongoDB realizada com sucesso!
[00:48:14 | INFO] 

[00:48:14 | INFO] Serão carregados: 7 comandos!
[00:48:14 | INFO] 1: D:/repos/Jobs/SquashCodes-Bot/encomendas/src/commands/clearSystem.js carregado.
[00:48:14 | INFO] 2: D:/repos/Jobs/SquashCodes-Bot/encomendas/src/commands/eval.js carregado.
[00:48:14 | INFO] 3: D:/repos/Jobs/SquashCodes-Bot/encomendas/src/commands/finishOrder.js carregado.
[00:48:14 | INFO] 4: D:/repos/Jobs/SquashCodes-Bot/encomendas/src/commands/newOrder.js carregado.
[00:48:14 | INFO] 5: D:/repos/Jobs/SquashCodes-Bot/encomendas/src/commands/restoreOrder.js carregado.
[00:48:14 | INFO] 6: D:/repos/Jobs/SquashCodes-Bot/encomendas/src/commands/updateOrder.js carregado.
[00:48:14 | INFO] 7: D:/repos/Jobs/SquashCodes-Bot/encomendas/src/commands/updateUser.js carregado.
[00:48:14 | INFO] 

[00:48:14 | INFO] Serão carregados: 3 eventos!
[00:48:14 | INFO] 1: D:/repos/Jobs/SquashCodes-Bot/encomendas/src/events/guild/member/add.js carregado.
[00:48:14 | INFO] 2: D:/repos/Jobs/SquashCodes-Bot/encomendas/src/events/guild/member/update.js carregado.
[00:48:14 | INFO] 3: D:/repos/Jobs/SquashCodes-Bot/encomendas/src/events/message/update.js carregado.
[00:48:14 | INFO] 

[00:48:15 | INFO] Autenticado com sucesso como Zuraaa Testes#7347
[00:48:15 | INFO] Permissão de 'ADMINISTRATOR' verificada com sucesso
[00:48:15 | INFO] [ENCOMENDAS] SISTEMA ONLINE!
[00:48:15 | INFO] [ENCOMENDAS] CACHEANDO CARGOS
[00:48:15 | INFO] [ENCOMENDAS] CARGOS CACHEADOS
[00:48:15 | INFO] [ENCOMENDAS] CACHEANDO ENCOMENDAS
[00:48:15 | INFO] [ENCOMENDAS] ENCOMENDAS CACHEADAS

    
<-<-<================================================================================>->->
    File generated by leekslazylogger v2.0.7 by eartharoid (http://leeks.js.org/logger)
    SquashCodes | Log File
    Sunday, 23rd May 2021, 00:48 am (America/Sao_Paulo) -->
    Node: v14.17.0 on 'Windows' | Time format: 'HH:mm:ss' | Date format: 'YYYY-MM-DD'
<-<-<================================================================================>->->


[00:48:27 | INFO] Connecting to MySQL database...
[00:48:27 | INFO] > Evento debug carregado com sucesso
[00:48:27 | INFO] > Evento error carregado com sucesso
[00:48:27 | INFO] > Evento guildMemberAdd carregado com sucesso
[00:48:27 | INFO] > Evento message carregado com sucesso
[00:48:27 | INFO] > Evento messageDelete carregado com sucesso
[00:48:27 | INFO] > Evento messageReactionAdd carregado com sucesso
[00:48:27 | INFO] > Evento messageUpdate carregado com sucesso
[00:48:27 | INFO] > Evento rateLimit carregado com sucesso
[00:48:27 | INFO] > Evento ready carregado com sucesso
[00:48:27 | INFO] > Evento warn carregado com sucesso
[00:48:27 | INFO] > Comando !add carregado com sucesso
[00:48:27 | INFO] > Comando !authenticate carregado com sucesso
[00:48:27 | INFO] > Comando !canvas carregado com sucesso
[00:48:27 | INFO] > Comando !changeip carregado com sucesso
[00:48:27 | INFO] > Comando !clear carregado com sucesso
[00:48:27 | INFO] > Comando !close carregado com sucesso
[00:48:27 | INFO] > Comando !closeall carregado com sucesso
[00:48:27 | INFO] > Comando !delete carregado com sucesso
[00:48:27 | INFO] > Comando !eval carregado com sucesso
[00:48:27 | INFO] > Comando !ajuda carregado com sucesso
[00:48:27 | INFO] > Comando !msg carregado com sucesso
[00:48:27 | INFO] > Comando !panel carregado com sucesso
[00:48:27 | INFO] > Comando !remove carregado com sucesso
[00:48:27 | INFO] > Comando !rename carregado com sucesso
[00:48:27 | INFO] > Comando !stats carregado com sucesso
[00:48:27 | INFO] > Comando !suporte carregado com sucesso
[00:48:27 | INFO] > Comando !tickets carregado com sucesso
[00:48:27 | INFO] > Comando !topic carregado com sucesso
[00:48:27 | INFO] > Comando !trans carregado com sucesso
[00:48:27 | INFO] > Comando !transcript carregado com sucesso
[00:48:27 | INFO] Foram carregados 10 eventos e 20 comandos
[00:48:28 | INFO] Conexão ao MongoDB realizada com sucesso!
[00:48:29 | INFO] Serão carregados: 7 comandos!
[00:48:29 | INFO] 1: D:/repos/Jobs/SquashCodes-Bot/encomendas/src/commands/clearSystem.js carregado.
[00:48:29 | INFO] 2: D:/repos/Jobs/SquashCodes-Bot/encomendas/src/commands/eval.js carregado.
[00:48:29 | INFO] 3: D:/repos/Jobs/SquashCodes-Bot/encomendas/src/commands/finishOrder.js carregado.
[00:48:29 | INFO] 4: D:/repos/Jobs/SquashCodes-Bot/encomendas/src/commands/newOrder.js carregado.
[00:48:29 | INFO] 5: D:/repos/Jobs/SquashCodes-Bot/encomendas/src/commands/restoreOrder.js carregado.
[00:48:29 | INFO] 6: D:/repos/Jobs/SquashCodes-Bot/encomendas/src/commands/updateOrder.js carregado.
[00:48:29 | INFO] 7: D:/repos/Jobs/SquashCodes-Bot/encomendas/src/commands/updateUser.js carregado.
[00:48:29 | INFO] 

[00:48:29 | INFO] Serão carregados: 3 eventos!
[00:48:29 | INFO] 1: D:/repos/Jobs/SquashCodes-Bot/encomendas/src/events/guild/member/add.js carregado.
[00:48:29 | INFO] 2: D:/repos/Jobs/SquashCodes-Bot/encomendas/src/events/guild/member/update.js carregado.
[00:48:29 | INFO] 3: D:/repos/Jobs/SquashCodes-Bot/encomendas/src/events/message/update.js carregado.
[00:48:29 | INFO] 

[00:48:30 | INFO] Autenticado com sucesso como Zuraaa Testes#7347
[00:48:30 | INFO] Permissão de 'ADMINISTRATOR' verificada com sucesso
[00:48:30 | INFO] [ENCOMENDAS] SISTEMA ONLINE!
[00:48:30 | INFO] [ENCOMENDAS] CACHEANDO CARGOS
[00:48:30 | INFO] [ENCOMENDAS] CARGOS CACHEADOS
[00:48:30 | INFO] [ENCOMENDAS] CACHEANDO ENCOMENDAS
[00:48:30 | INFO] [ENCOMENDAS] ENCOMENDAS CACHEADAS

    
<-<-<================================================================================>->->
    File generated by leekslazylogger v2.0.7 by eartharoid (http://leeks.js.org/logger)
    SquashCodes | Log File
    Sunday, 23rd May 2021, 00:48 am (America/Sao_Paulo) -->
    Node: v14.17.0 on 'Windows' | Time format: 'HH:mm:ss' | Date format: 'YYYY-MM-DD'
<-<-<================================================================================>->->


[00:48:44 | INFO] Connecting to MySQL database...
[00:48:44 | INFO] > Evento debug carregado com sucesso
[00:48:44 | INFO] > Evento error carregado com sucesso
[00:48:44 | INFO] > Evento guildMemberAdd carregado com sucesso
[00:48:44 | INFO] > Evento message carregado com sucesso
[00:48:44 | INFO] > Evento messageDelete carregado com sucesso
[00:48:44 | INFO] > Evento messageReactionAdd carregado com sucesso
[00:48:44 | INFO] > Evento messageUpdate carregado com sucesso
[00:48:44 | INFO] > Evento rateLimit carregado com sucesso
[00:48:44 | INFO] > Evento ready carregado com sucesso
[00:48:44 | INFO] > Evento warn carregado com sucesso
[00:48:44 | INFO] > Comando !add carregado com sucesso
[00:48:44 | INFO] > Comando !authenticate carregado com sucesso
[00:48:44 | INFO] > Comando !canvas carregado com sucesso
[00:48:44 | INFO] > Comando !changeip carregado com sucesso
[00:48:44 | INFO] > Comando !clear carregado com sucesso
[00:48:44 | INFO] > Comando !close carregado com sucesso
[00:48:44 | INFO] > Comando !closeall carregado com sucesso
[00:48:44 | INFO] > Comando !delete carregado com sucesso
[00:48:44 | INFO] > Comando !eval carregado com sucesso
[00:48:44 | INFO] > Comando !ajuda carregado com sucesso
[00:48:44 | INFO] > Comando !msg carregado com sucesso
[00:48:44 | INFO] > Comando !panel carregado com sucesso
[00:48:44 | INFO] > Comando !remove carregado com sucesso
[00:48:44 | INFO] > Comando !rename carregado com sucesso
[00:48:44 | INFO] > Comando !stats carregado com sucesso
[00:48:44 | INFO] > Comando !suporte carregado com sucesso
[00:48:44 | INFO] > Comando !tickets carregado com sucesso
[00:48:44 | INFO] > Comando !topic carregado com sucesso
[00:48:44 | INFO] > Comando !trans carregado com sucesso
[00:48:44 | INFO] > Comando !transcript carregado com sucesso
[00:48:44 | INFO] Foram carregados 10 eventos e 20 comandos
[00:48:45 | INFO] 

[00:48:45 | INFO] Conexão ao MongoDB realizada com sucesso!
[00:48:46 | INFO] Serão carregados: 7 comandos!
[00:48:46 | INFO] 1: D:/repos/Jobs/SquashCodes-Bot/encomendas/src/commands/clearSystem.js carregado.
[00:48:46 | INFO] 2: D:/repos/Jobs/SquashCodes-Bot/encomendas/src/commands/eval.js carregado.
[00:48:46 | INFO] 3: D:/repos/Jobs/SquashCodes-Bot/encomendas/src/commands/finishOrder.js carregado.
[00:48:46 | INFO] 4: D:/repos/Jobs/SquashCodes-Bot/encomendas/src/commands/newOrder.js carregado.
[00:48:46 | INFO] 5: D:/repos/Jobs/SquashCodes-Bot/encomendas/src/commands/restoreOrder.js carregado.
[00:48:46 | INFO] 6: D:/repos/Jobs/SquashCodes-Bot/encomendas/src/commands/updateOrder.js carregado.
[00:48:46 | INFO] 7: D:/repos/Jobs/SquashCodes-Bot/encomendas/src/commands/updateUser.js carregado.
[00:48:46 | INFO] 

[00:48:46 | INFO] Serão carregados: 3 eventos!
[00:48:46 | INFO] 1: D:/repos/Jobs/SquashCodes-Bot/encomendas/src/events/guild/member/add.js carregado.
[00:48:46 | INFO] 2: D:/repos/Jobs/SquashCodes-Bot/encomendas/src/events/guild/member/update.js carregado.
[00:48:46 | INFO] 3: D:/repos/Jobs/SquashCodes-Bot/encomendas/src/events/message/update.js carregado.
[00:48:46 | INFO] 

[00:48:47 | INFO] Autenticado com sucesso como Zuraaa Testes#7347
[00:48:47 | INFO] Permissão de 'ADMINISTRATOR' verificada com sucesso
[00:48:47 | INFO] [ENCOMENDAS] SISTEMA ONLINE!
[00:48:47 | INFO] [ENCOMENDAS] CACHEANDO CARGOS
[00:48:47 | INFO] [ENCOMENDAS] CARGOS CACHEADOS
[00:48:47 | INFO] [ENCOMENDAS] CACHEANDO ENCOMENDAS
[00:48:47 | INFO] [ENCOMENDAS] ENCOMENDAS CACHEADAS

    
<-<-<================================================================================>->->
    File generated by leekslazylogger v2.0.7 by eartharoid (http://leeks.js.org/logger)
    SquashCodes | Log File
    Sunday, 23rd May 2021, 00:49 am (America/Sao_Paulo) -->
    Node: v14.17.0 on 'Windows' | Time format: 'HH:mm:ss' | Date format: 'YYYY-MM-DD'
<-<-<================================================================================>->->


[00:49:19 | INFO] Connecting to MySQL database...
[00:49:20 | INFO] > Evento debug carregado com sucesso
[00:49:20 | INFO] > Evento error carregado com sucesso
[00:49:20 | INFO] > Evento guildMemberAdd carregado com sucesso
[00:49:20 | INFO] > Evento message carregado com sucesso
[00:49:20 | INFO] > Evento messageDelete carregado com sucesso
[00:49:20 | INFO] > Evento messageReactionAdd carregado com sucesso
[00:49:20 | INFO] > Evento messageUpdate carregado com sucesso
[00:49:20 | INFO] > Evento rateLimit carregado com sucesso
[00:49:20 | INFO] > Evento ready carregado com sucesso
[00:49:20 | INFO] > Evento warn carregado com sucesso
[00:49:20 | INFO] > Comando !add carregado com sucesso
[00:49:20 | INFO] > Comando !authenticate carregado com sucesso
[00:49:20 | INFO] > Comando !canvas carregado com sucesso
[00:49:20 | INFO] > Comando !changeip carregado com sucesso
[00:49:20 | INFO] > Comando !clear carregado com sucesso
[00:49:20 | INFO] > Comando !close carregado com sucesso
[00:49:20 | INFO] > Comando !closeall carregado com sucesso
[00:49:20 | INFO] > Comando !delete carregado com sucesso
[00:49:20 | INFO] > Comando !eval carregado com sucesso
[00:49:20 | INFO] > Comando !ajuda carregado com sucesso
[00:49:20 | INFO] > Comando !msg carregado com sucesso
[00:49:20 | INFO] > Comando !panel carregado com sucesso
[00:49:20 | INFO] > Comando !remove carregado com sucesso
[00:49:20 | INFO] > Comando !rename carregado com sucesso
[00:49:20 | INFO] > Comando !stats carregado com sucesso
[00:49:20 | INFO] > Comando !suporte carregado com sucesso
[00:49:20 | INFO] > Comando !tickets carregado com sucesso
[00:49:20 | INFO] > Comando !topic carregado com sucesso
[00:49:20 | INFO] > Comando !trans carregado com sucesso
[00:49:20 | INFO] > Comando !transcript carregado com sucesso
[00:49:20 | INFO] Foram carregados 10 eventos e 20 comandos
[00:49:21 | INFO] [ENCOMENDAS] - INICIANDO SISTEMA
[00:49:21 | INFO] Conexão ao MongoDB realizada com sucesso!
[00:49:21 | INFO] Serão carregados: 7 comandos!
[00:49:21 | INFO] 1: D:/repos/Jobs/SquashCodes-Bot/encomendas/src/commands/clearSystem.js carregado.
[00:49:21 | INFO] 2: D:/repos/Jobs/SquashCodes-Bot/encomendas/src/commands/eval.js carregado.
[00:49:21 | INFO] 3: D:/repos/Jobs/SquashCodes-Bot/encomendas/src/commands/finishOrder.js carregado.
[00:49:21 | INFO] 4: D:/repos/Jobs/SquashCodes-Bot/encomendas/src/commands/newOrder.js carregado.
[00:49:21 | INFO] 5: D:/repos/Jobs/SquashCodes-Bot/encomendas/src/commands/restoreOrder.js carregado.
[00:49:21 | INFO] 6: D:/repos/Jobs/SquashCodes-Bot/encomendas/src/commands/updateOrder.js carregado.
[00:49:21 | INFO] 7: D:/repos/Jobs/SquashCodes-Bot/encomendas/src/commands/updateUser.js carregado.
[00:49:21 | INFO] 

[00:49:21 | INFO] Serão carregados: 3 eventos!
[00:49:21 | INFO] 1: D:/repos/Jobs/SquashCodes-Bot/encomendas/src/events/guild/member/add.js carregado.
[00:49:21 | INFO] 2: D:/repos/Jobs/SquashCodes-Bot/encomendas/src/events/guild/member/update.js carregado.
[00:49:21 | INFO] 3: D:/repos/Jobs/SquashCodes-Bot/encomendas/src/events/message/update.js carregado.
[00:49:21 | INFO] 


    
<-<-<================================================================================>->->
    File generated by leekslazylogger v2.0.7 by eartharoid (http://leeks.js.org/logger)
    SquashCodes | Log File
    Sunday, 23rd May 2021, 00:49 am (America/Sao_Paulo) -->
    Node: v14.17.0 on 'Windows' | Time format: 'HH:mm:ss' | Date format: 'YYYY-MM-DD'
<-<-<================================================================================>->->


[00:49:31 | INFO] Connecting to MySQL database...
[00:49:31 | INFO] > Evento debug carregado com sucesso
[00:49:31 | INFO] > Evento error carregado com sucesso
[00:49:31 | INFO] > Evento guildMemberAdd carregado com sucesso
[00:49:31 | INFO] > Evento message carregado com sucesso
[00:49:31 | INFO] > Evento messageDelete carregado com sucesso
[00:49:32 | INFO] > Evento messageReactionAdd carregado com sucesso
[00:49:32 | INFO] > Evento messageUpdate carregado com sucesso
[00:49:32 | INFO] > Evento rateLimit carregado com sucesso
[00:49:32 | INFO] > Evento ready carregado com sucesso
[00:49:32 | INFO] > Evento warn carregado com sucesso
[00:49:32 | INFO] > Comando !add carregado com sucesso
[00:49:32 | INFO] > Comando !authenticate carregado com sucesso
[00:49:32 | INFO] > Comando !canvas carregado com sucesso
[00:49:32 | INFO] > Comando !changeip carregado com sucesso
[00:49:32 | INFO] > Comando !clear carregado com sucesso
[00:49:32 | INFO] > Comando !close carregado com sucesso
[00:49:32 | INFO] > Comando !closeall carregado com sucesso
[00:49:32 | INFO] > Comando !delete carregado com sucesso
[00:49:32 | INFO] > Comando !eval carregado com sucesso
[00:49:32 | INFO] > Comando !ajuda carregado com sucesso
[00:49:32 | INFO] > Comando !msg carregado com sucesso
[00:49:32 | INFO] > Comando !panel carregado com sucesso
[00:49:32 | INFO] > Comando !remove carregado com sucesso
[00:49:32 | INFO] > Comando !rename carregado com sucesso
[00:49:32 | INFO] > Comando !stats carregado com sucesso
[00:49:32 | INFO] > Comando !suporte carregado com sucesso
[00:49:32 | INFO] > Comando !tickets carregado com sucesso
[00:49:32 | INFO] > Comando !topic carregado com sucesso
[00:49:32 | INFO] > Comando !trans carregado com sucesso
[00:49:32 | INFO] > Comando !transcript carregado com sucesso
[00:49:32 | INFO] Foram carregados 10 eventos e 20 comandos
[00:49:32 | INFO] 

[00:49:32 | INFO] [ENCOMENDAS] - INICIANDO SISTEMA
[00:49:33 | INFO] Conexão ao MongoDB realizada com sucesso!
[00:49:33 | INFO] Serão carregados: 7 comandos!
[00:49:33 | INFO] 1: D:/repos/Jobs/SquashCodes-Bot/encomendas/src/commands/clearSystem.js carregado.
[00:49:33 | INFO] 2: D:/repos/Jobs/SquashCodes-Bot/encomendas/src/commands/eval.js carregado.
[00:49:33 | INFO] 3: D:/repos/Jobs/SquashCodes-Bot/encomendas/src/commands/finishOrder.js carregado.
[00:49:33 | INFO] 4: D:/repos/Jobs/SquashCodes-Bot/encomendas/src/commands/newOrder.js carregado.
[00:49:33 | INFO] 5: D:/repos/Jobs/SquashCodes-Bot/encomendas/src/commands/restoreOrder.js carregado.
[00:49:33 | INFO] 6: D:/repos/Jobs/SquashCodes-Bot/encomendas/src/commands/updateOrder.js carregado.
[00:49:33 | INFO] 7: D:/repos/Jobs/SquashCodes-Bot/encomendas/src/commands/updateUser.js carregado.
[00:49:33 | INFO] 

[00:49:33 | INFO] Serão carregados: 3 eventos!
[00:49:33 | INFO] 1: D:/repos/Jobs/SquashCodes-Bot/encomendas/src/events/guild/member/add.js carregado.
[00:49:33 | INFO] 2: D:/repos/Jobs/SquashCodes-Bot/encomendas/src/events/guild/member/update.js carregado.
[00:49:33 | INFO] 3: D:/repos/Jobs/SquashCodes-Bot/encomendas/src/events/message/update.js carregado.
[00:49:33 | INFO] 

[00:49:34 | INFO] Autenticado com sucesso como Zuraaa Testes#7347
[00:49:34 | INFO] Permissão de 'ADMINISTRATOR' verificada com sucesso
[00:49:35 | INFO] [ENCOMENDAS] SISTEMA ONLINE!
[00:49:35 | INFO] [ENCOMENDAS] CACHEANDO CARGOS
[00:49:35 | INFO] [ENCOMENDAS] CARGOS CACHEADOS
[00:49:35 | INFO] [ENCOMENDAS] CACHEANDO ENCOMENDAS
[00:49:35 | INFO] [ENCOMENDAS] ENCOMENDAS CACHEADAS

    
<-<-<================================================================================>->->
    File generated by leekslazylogger v2.0.7 by eartharoid (http://leeks.js.org/logger)
    SquashCodes | Log File
    Sunday, 23rd May 2021, 00:52 am (America/Sao_Paulo) -->
    Node: v14.17.0 on 'Windows' | Time format: 'HH:mm:ss' | Date format: 'YYYY-MM-DD'
<-<-<================================================================================>->->


[00:52:41 | INFO] Connecting to MySQL database...
[00:52:42 | INFO] > Evento debug carregado com sucesso
[00:52:42 | INFO] > Evento error carregado com sucesso
[00:52:43 | INFO] > Evento guildMemberAdd carregado com sucesso
[00:52:43 | INFO] > Evento message carregado com sucesso
[00:52:43 | INFO] > Evento messageDelete carregado com sucesso
[00:52:43 | INFO] > Evento messageReactionAdd carregado com sucesso
[00:52:43 | INFO] > Evento messageUpdate carregado com sucesso
[00:52:43 | INFO] > Evento rateLimit carregado com sucesso
[00:52:43 | INFO] > Evento ready carregado com sucesso
[00:52:43 | INFO] > Evento warn carregado com sucesso
[00:52:43 | INFO] > Comando !add carregado com sucesso
[00:52:43 | INFO] > Comando !authenticate carregado com sucesso
[00:52:43 | INFO] > Comando !canvas carregado com sucesso
[00:52:43 | INFO] > Comando !changeip carregado com sucesso
[00:52:43 | INFO] > Comando !clear carregado com sucesso
[00:52:43 | INFO] > Comando !close carregado com sucesso
[00:52:43 | INFO] > Comando !closeall carregado com sucesso
[00:52:43 | INFO] > Comando !delete carregado com sucesso
[00:52:43 | INFO] > Comando !eval carregado com sucesso
[00:52:43 | INFO] > Comando !ajuda carregado com sucesso
[00:52:43 | INFO] > Comando !msg carregado com sucesso
[00:52:43 | INFO] > Comando !panel carregado com sucesso
[00:52:43 | INFO] > Comando !remove carregado com sucesso
[00:52:43 | INFO] > Comando !rename carregado com sucesso
[00:52:43 | INFO] > Comando !stats carregado com sucesso
[00:52:43 | INFO] > Comando !suporte carregado com sucesso
[00:52:43 | INFO] > Comando !tickets carregado com sucesso
[00:52:43 | INFO] > Comando !topic carregado com sucesso
[00:52:43 | INFO] > Comando !trans carregado com sucesso
[00:52:43 | INFO] > Comando !transcript carregado com sucesso
[00:52:43 | INFO] Foram carregados 10 eventos e 20 comandos
[00:52:46 | INFO] 

[00:52:46 | INFO] [ENCOMENDAS] - INICIANDO SISTEMA
[00:52:46 | INFO] Conexão ao MongoDB realizada com sucesso!
[00:52:47 | INFO] Serão carregados: 7 comandos!
[00:52:47 | INFO] 1: D:/repos/Jobs/SquashCodes-Bot/encomendas/src/commands/clearSystem.js carregado.
[00:52:47 | INFO] 2: D:/repos/Jobs/SquashCodes-Bot/encomendas/src/commands/eval.js carregado.
[00:52:47 | INFO] 3: D:/repos/Jobs/SquashCodes-Bot/encomendas/src/commands/finishOrder.js carregado.
[00:52:47 | INFO] 4: D:/repos/Jobs/SquashCodes-Bot/encomendas/src/commands/newOrder.js carregado.
[00:52:47 | INFO] 5: D:/repos/Jobs/SquashCodes-Bot/encomendas/src/commands/restoreOrder.js carregado.
[00:52:47 | INFO] 6: D:/repos/Jobs/SquashCodes-Bot/encomendas/src/commands/updateOrder.js carregado.
[00:52:47 | INFO] 7: D:/repos/Jobs/SquashCodes-Bot/encomendas/src/commands/updateUser.js carregado.
[00:52:47 | INFO] 

[00:52:47 | INFO] Serão carregados: 3 eventos!
[00:52:47 | INFO] 1: D:/repos/Jobs/SquashCodes-Bot/encomendas/src/events/guild/member/add.js carregado.
[00:52:47 | INFO] 2: D:/repos/Jobs/SquashCodes-Bot/encomendas/src/events/guild/member/update.js carregado.
[00:52:47 | INFO] 3: D:/repos/Jobs/SquashCodes-Bot/encomendas/src/events/message/update.js carregado.
[00:52:47 | INFO] 

[00:52:48 | INFO] Autenticado com sucesso como Zuraaa Testes#7347
[00:52:48 | INFO] Permissão de 'ADMINISTRATOR' verificada com sucesso
[00:52:48 | INFO] [ENCOMENDAS] SISTEMA ONLINE!
[00:52:48 | INFO] [ENCOMENDAS] CACHEANDO CARGOS
[00:52:48 | INFO] [ENCOMENDAS] CARGOS CACHEADOS
[00:52:48 | INFO] [ENCOMENDAS] CACHEANDO ENCOMENDAS
[00:52:48 | INFO] [ENCOMENDAS] ENCOMENDAS CACHEADAS

    
<-<-<================================================================================>->->
    File generated by leekslazylogger v2.0.7 by eartharoid (http://leeks.js.org/logger)
    SquashCodes | Log File
    Sunday, 23rd May 2021, 00:53 am (America/Sao_Paulo) -->
    Node: v14.17.0 on 'Windows' | Time format: 'HH:mm:ss' | Date format: 'YYYY-MM-DD'
<-<-<================================================================================>->->


[00:53:46 | INFO] Connecting to MySQL database...
[00:53:47 | INFO] > Evento debug carregado com sucesso
[00:53:47 | INFO] > Evento error carregado com sucesso
[00:53:47 | INFO] > Evento guildMemberAdd carregado com sucesso
[00:53:47 | INFO] > Evento message carregado com sucesso
[00:53:47 | INFO] > Evento messageDelete carregado com sucesso
[00:53:47 | INFO] > Evento messageReactionAdd carregado com sucesso
[00:53:47 | INFO] > Evento messageUpdate carregado com sucesso
[00:53:47 | INFO] > Evento rateLimit carregado com sucesso
[00:53:47 | INFO] > Evento ready carregado com sucesso
[00:53:47 | INFO] > Evento warn carregado com sucesso
[00:53:47 | INFO] > Comando !add carregado com sucesso
[00:53:47 | INFO] > Comando !authenticate carregado com sucesso
[00:53:47 | INFO] > Comando !canvas carregado com sucesso
[00:53:47 | INFO] > Comando !changeip carregado com sucesso
[00:53:47 | INFO] > Comando !clear carregado com sucesso
[00:53:47 | INFO] > Comando !close carregado com sucesso
[00:53:48 | INFO] > Comando !closeall carregado com sucesso
[00:53:48 | INFO] > Comando !delete carregado com sucesso
[00:53:48 | INFO] > Comando !eval carregado com sucesso
[00:53:48 | INFO] > Comando !ajuda carregado com sucesso
[00:53:48 | INFO] > Comando !msg carregado com sucesso
[00:53:48 | INFO] > Comando !panel carregado com sucesso
[00:53:48 | INFO] > Comando !remove carregado com sucesso
[00:53:48 | INFO] > Comando !rename carregado com sucesso
[00:53:48 | INFO] > Comando !stats carregado com sucesso
[00:53:48 | INFO] > Comando !suporte carregado com sucesso
[00:53:48 | INFO] > Comando !tickets carregado com sucesso
[00:53:48 | INFO] > Comando !topic carregado com sucesso
[00:53:48 | INFO] > Comando !trans carregado com sucesso
[00:53:48 | INFO] > Comando !transcript carregado com sucesso
[00:53:48 | INFO] Foram carregados 10 eventos e 20 comandos
[00:53:48 | INFO] 

[00:53:48 | INFO] [ENCOMENDAS] - INICIANDO SISTEMA
[00:53:49 | INFO] Conexão ao MongoDB realizada com sucesso!
[00:53:49 | INFO] Serão carregados: 7 comandos!
[00:53:49 | INFO] 1: D:/repos/Jobs/SquashCodes-Bot/encomendas/src/commands/clearSystem.js carregado.
[00:53:49 | INFO] 2: D:/repos/Jobs/SquashCodes-Bot/encomendas/src/commands/eval.js carregado.
[00:53:49 | INFO] 3: D:/repos/Jobs/SquashCodes-Bot/encomendas/src/commands/finishOrder.js carregado.
[00:53:49 | INFO] 4: D:/repos/Jobs/SquashCodes-Bot/encomendas/src/commands/newOrder.js carregado.
[00:53:49 | INFO] 5: D:/repos/Jobs/SquashCodes-Bot/encomendas/src/commands/restoreOrder.js carregado.
[00:53:49 | INFO] 6: D:/repos/Jobs/SquashCodes-Bot/encomendas/src/commands/updateOrder.js carregado.
[00:53:49 | INFO] 7: D:/repos/Jobs/SquashCodes-Bot/encomendas/src/commands/updateUser.js carregado.
[00:53:49 | INFO] 

[00:53:49 | INFO] Serão carregados: 3 eventos!
[00:53:49 | INFO] 1: D:/repos/Jobs/SquashCodes-Bot/encomendas/src/events/guild/member/add.js carregado.
[00:53:49 | INFO] 2: D:/repos/Jobs/SquashCodes-Bot/encomendas/src/events/guild/member/update.js carregado.
[00:53:49 | INFO] 3: D:/repos/Jobs/SquashCodes-Bot/encomendas/src/events/message/update.js carregado.
[00:53:49 | INFO] 

[00:53:50 | INFO] Autenticado com sucesso como Zuraaa Testes#7347
[00:53:50 | INFO] Permissão de 'ADMINISTRATOR' verificada com sucesso
[00:53:51 | INFO] [ENCOMENDAS] SISTEMA ONLINE!
[00:53:51 | INFO] [ENCOMENDAS] CACHEANDO CARGOS
[00:53:51 | INFO] [ENCOMENDAS] CARGOS CACHEADOS
[00:53:51 | INFO] [ENCOMENDAS] CACHEANDO ENCOMENDAS
[00:53:51 | INFO] [ENCOMENDAS] ENCOMENDAS CACHEADAS

    
<-<-<================================================================================>->->
    File generated by leekslazylogger v2.0.7 by eartharoid (http://leeks.js.org/logger)
    SquashCodes | Log File
    Sunday, 23rd May 2021, 00:55 am (America/Sao_Paulo) -->
    Node: v14.17.0 on 'Windows' | Time format: 'HH:mm:ss' | Date format: 'YYYY-MM-DD'
<-<-<================================================================================>->->


[00:55:30 | INFO] Connecting to MySQL database...
[00:55:31 | INFO] > Evento debug carregado com sucesso
[00:55:31 | INFO] > Evento error carregado com sucesso
[00:55:31 | INFO] > Evento guildMemberAdd carregado com sucesso
[00:55:31 | INFO] > Evento message carregado com sucesso
[00:55:31 | INFO] > Evento messageDelete carregado com sucesso
[00:55:31 | INFO] > Evento messageReactionAdd carregado com sucesso
[00:55:31 | INFO] > Evento messageUpdate carregado com sucesso
[00:55:31 | INFO] > Evento rateLimit carregado com sucesso
[00:55:31 | INFO] > Evento ready carregado com sucesso
[00:55:31 | INFO] > Evento warn carregado com sucesso
[00:55:31 | INFO] > Comando !add carregado com sucesso
[00:55:31 | INFO] > Comando !authenticate carregado com sucesso
[00:55:31 | INFO] > Comando !canvas carregado com sucesso
[00:55:31 | INFO] > Comando !changeip carregado com sucesso
[00:55:31 | INFO] > Comando !clear carregado com sucesso
[00:55:31 | INFO] > Comando !close carregado com sucesso
[00:55:31 | INFO] > Comando !closeall carregado com sucesso
[00:55:31 | INFO] > Comando !delete carregado com sucesso
[00:55:31 | INFO] > Comando !eval carregado com sucesso
[00:55:31 | INFO] > Comando !ajuda carregado com sucesso
[00:55:31 | INFO] > Comando !msg carregado com sucesso
[00:55:31 | INFO] > Comando !panel carregado com sucesso
[00:55:31 | INFO] > Comando !remove carregado com sucesso
[00:55:31 | INFO] > Comando !rename carregado com sucesso
[00:55:31 | INFO] > Comando !stats carregado com sucesso
[00:55:31 | INFO] > Comando !suporte carregado com sucesso
[00:55:31 | INFO] > Comando !tickets carregado com sucesso
[00:55:31 | INFO] > Comando !topic carregado com sucesso
[00:55:31 | INFO] > Comando !trans carregado com sucesso
[00:55:31 | INFO] > Comando !transcript carregado com sucesso
[00:55:31 | INFO] Foram carregados 10 eventos e 20 comandos
[00:55:32 | INFO] 

[00:55:32 | INFO] [ENCOMENDAS] - INICIANDO SISTEMA
[00:55:32 | INFO] Conexão ao MongoDB realizada com sucesso!
[00:55:32 | INFO] Serão carregados: 7 comandos!
[00:55:32 | INFO] 1: D:/repos/Jobs/SquashCodes-Bot/encomendas/src/commands/clearSystem.js carregado.
[00:55:33 | INFO] 2: D:/repos/Jobs/SquashCodes-Bot/encomendas/src/commands/eval.js carregado.
[00:55:33 | INFO] 3: D:/repos/Jobs/SquashCodes-Bot/encomendas/src/commands/finishOrder.js carregado.
[00:55:33 | INFO] 4: D:/repos/Jobs/SquashCodes-Bot/encomendas/src/commands/newOrder.js carregado.
[00:55:33 | INFO] 5: D:/repos/Jobs/SquashCodes-Bot/encomendas/src/commands/restoreOrder.js carregado.
[00:55:33 | INFO] 6: D:/repos/Jobs/SquashCodes-Bot/encomendas/src/commands/updateOrder.js carregado.
[00:55:33 | INFO] 7: D:/repos/Jobs/SquashCodes-Bot/encomendas/src/commands/updateUser.js carregado.
[00:55:33 | INFO] 

[00:55:33 | INFO] Serão carregados: 3 eventos!
[00:55:33 | INFO] 1: D:/repos/Jobs/SquashCodes-Bot/encomendas/src/events/guild/member/add.js carregado.
[00:55:33 | INFO] 2: D:/repos/Jobs/SquashCodes-Bot/encomendas/src/events/guild/member/update.js carregado.
[00:55:33 | INFO] 3: D:/repos/Jobs/SquashCodes-Bot/encomendas/src/events/message/update.js carregado.
[00:55:33 | INFO] 

[00:55:33 | INFO] Autenticado com sucesso como Zuraaa Testes#7347
[00:55:33 | INFO] Permissão de 'ADMINISTRATOR' verificada com sucesso
[00:55:34 | INFO] [ENCOMENDAS] SISTEMA ONLINE!
[00:55:34 | INFO] [ENCOMENDAS] CACHEANDO CARGOS
[00:55:34 | INFO] [ENCOMENDAS] CARGOS CACHEADOS
[00:55:34 | INFO] [ENCOMENDAS] CACHEANDO ENCOMENDAS
[00:55:34 | INFO] [ENCOMENDAS] ENCOMENDAS CACHEADAS

    
<-<-<================================================================================>->->
    File generated by leekslazylogger v2.0.7 by eartharoid (http://leeks.js.org/logger)
    SquashCodes | Log File
    Sunday, 23rd May 2021, 00:56 am (America/Sao_Paulo) -->
    Node: v14.17.0 on 'Windows' | Time format: 'HH:mm:ss' | Date format: 'YYYY-MM-DD'
<-<-<================================================================================>->->


[00:56:34 | INFO] Connecting to MySQL database...
[00:56:34 | INFO] > Evento debug carregado com sucesso
[00:56:34 | INFO] > Evento error carregado com sucesso
[00:56:34 | INFO] > Evento guildMemberAdd carregado com sucesso
[00:56:34 | INFO] > Evento message carregado com sucesso
[00:56:34 | INFO] > Evento messageDelete carregado com sucesso
[00:56:34 | INFO] > Evento messageReactionAdd carregado com sucesso
[00:56:34 | INFO] > Evento messageUpdate carregado com sucesso
[00:56:34 | INFO] > Evento rateLimit carregado com sucesso
[00:56:34 | INFO] > Evento ready carregado com sucesso
[00:56:34 | INFO] > Evento warn carregado com sucesso
[00:56:34 | INFO] > Comando !add carregado com sucesso
[00:56:34 | INFO] > Comando !authenticate carregado com sucesso
[00:56:34 | INFO] > Comando !canvas carregado com sucesso
[00:56:34 | INFO] > Comando !changeip carregado com sucesso
[00:56:34 | INFO] > Comando !clear carregado com sucesso
[00:56:34 | INFO] > Comando !close carregado com sucesso
[00:56:34 | INFO] > Comando !closeall carregado com sucesso
[00:56:34 | INFO] > Comando !delete carregado com sucesso
[00:56:34 | INFO] > Comando !eval carregado com sucesso
[00:56:34 | INFO] > Comando !ajuda carregado com sucesso
[00:56:34 | INFO] > Comando !msg carregado com sucesso
[00:56:34 | INFO] > Comando !panel carregado com sucesso
[00:56:34 | INFO] > Comando !remove carregado com sucesso
[00:56:34 | INFO] > Comando !rename carregado com sucesso
[00:56:34 | INFO] > Comando !stats carregado com sucesso
[00:56:34 | INFO] > Comando !suporte carregado com sucesso
[00:56:34 | INFO] > Comando !tickets carregado com sucesso
[00:56:34 | INFO] > Comando !topic carregado com sucesso
[00:56:34 | INFO] > Comando !trans carregado com sucesso
[00:56:34 | INFO] > Comando !transcript carregado com sucesso
[00:56:34 | INFO] Foram carregados 10 eventos e 20 comandos
[00:56:35 | INFO] 

[00:56:35 | INFO] [ENCOMENDAS] - INICIANDO SISTEMA
[00:56:35 | INFO] Conexão ao MongoDB realizada com sucesso!
[00:56:36 | INFO] Serão carregados: 7 comandos!
[00:56:36 | INFO] 1: D:/repos/Jobs/SquashCodes-Bot/encomendas/src/commands/clearSystem.js carregado.
[00:56:36 | INFO] 2: D:/repos/Jobs/SquashCodes-Bot/encomendas/src/commands/eval.js carregado.
[00:56:36 | INFO] 3: D:/repos/Jobs/SquashCodes-Bot/encomendas/src/commands/finishOrder.js carregado.
[00:56:36 | INFO] 4: D:/repos/Jobs/SquashCodes-Bot/encomendas/src/commands/newOrder.js carregado.
[00:56:36 | INFO] 5: D:/repos/Jobs/SquashCodes-Bot/encomendas/src/commands/restoreOrder.js carregado.
[00:56:36 | INFO] 6: D:/repos/Jobs/SquashCodes-Bot/encomendas/src/commands/updateOrder.js carregado.
[00:56:36 | INFO] 7: D:/repos/Jobs/SquashCodes-Bot/encomendas/src/commands/updateUser.js carregado.
[00:56:36 | INFO] 

[00:56:36 | INFO] Serão carregados: 3 eventos!
[00:56:36 | INFO] 1: D:/repos/Jobs/SquashCodes-Bot/encomendas/src/events/guild/member/add.js carregado.
[00:56:36 | INFO] 2: D:/repos/Jobs/SquashCodes-Bot/encomendas/src/events/guild/member/update.js carregado.
[00:56:36 | INFO] 3: D:/repos/Jobs/SquashCodes-Bot/encomendas/src/events/message/update.js carregado.
[00:56:36 | INFO] 

[00:56:37 | INFO] Autenticado com sucesso como Zuraaa Testes#7347
[00:56:37 | INFO] Permissão de 'ADMINISTRATOR' verificada com sucesso
[00:56:37 | INFO] [ENCOMENDAS] SISTEMA ONLINE!
[00:56:37 | INFO] [ENCOMENDAS] CACHEANDO CARGOS
[00:56:37 | INFO] [ENCOMENDAS] CARGOS CACHEADOS
[00:56:37 | INFO] [ENCOMENDAS] CACHEANDO ENCOMENDAS
[00:56:37 | INFO] [ENCOMENDAS] ENCOMENDAS CACHEADAS

    
<-<-<================================================================================>->->
    File generated by leekslazylogger v2.0.7 by eartharoid (http://leeks.js.org/logger)
    SquashCodes | Log File
    Sunday, 23rd May 2021, 00:57 am (America/Sao_Paulo) -->
    Node: v14.17.0 on 'Windows' | Time format: 'HH:mm:ss' | Date format: 'YYYY-MM-DD'
<-<-<================================================================================>->->


[00:57:28 | INFO] Connecting to MySQL database...
[00:57:28 | INFO] > Evento debug carregado com sucesso
[00:57:28 | INFO] > Evento error carregado com sucesso
[00:57:28 | INFO] > Evento guildMemberAdd carregado com sucesso
[00:57:28 | INFO] > Evento message carregado com sucesso
[00:57:28 | INFO] > Evento messageDelete carregado com sucesso
[00:57:28 | INFO] > Evento messageReactionAdd carregado com sucesso
[00:57:28 | INFO] > Evento messageUpdate carregado com sucesso
[00:57:28 | INFO] > Evento rateLimit carregado com sucesso
[00:57:28 | INFO] > Evento ready carregado com sucesso
[00:57:28 | INFO] > Evento warn carregado com sucesso
[00:57:28 | INFO] > Comando !add carregado com sucesso
[00:57:28 | INFO] > Comando !authenticate carregado com sucesso
[00:57:28 | INFO] > Comando !canvas carregado com sucesso
[00:57:28 | INFO] > Comando !changeip carregado com sucesso
[00:57:28 | INFO] > Comando !clear carregado com sucesso
[00:57:28 | INFO] > Comando !close carregado com sucesso
[00:57:28 | INFO] > Comando !closeall carregado com sucesso
[00:57:28 | INFO] > Comando !delete carregado com sucesso
[00:57:28 | INFO] > Comando !eval carregado com sucesso
[00:57:28 | INFO] > Comando !ajuda carregado com sucesso
[00:57:28 | INFO] > Comando !msg carregado com sucesso
[00:57:28 | INFO] > Comando !panel carregado com sucesso
[00:57:28 | INFO] > Comando !remove carregado com sucesso
[00:57:28 | INFO] > Comando !rename carregado com sucesso
[00:57:28 | INFO] > Comando !stats carregado com sucesso
[00:57:28 | INFO] > Comando !suporte carregado com sucesso
[00:57:28 | INFO] > Comando !tickets carregado com sucesso
[00:57:28 | INFO] > Comando !topic carregado com sucesso
[00:57:28 | INFO] > Comando !trans carregado com sucesso
[00:57:28 | INFO] > Comando !transcript carregado com sucesso
[00:57:28 | INFO] Foram carregados 10 eventos e 20 comandos
[00:57:29 | INFO] 

[00:57:29 | INFO] [ENCOMENDAS] - INICIANDO SISTEMA
[00:57:29 | INFO] Conexão ao MongoDB realizada com sucesso!
[00:57:30 | INFO] Serão carregados: 7 comandos!
[00:57:30 | INFO] 1: D:/repos/Jobs/SquashCodes-Bot/encomendas/src/commands/clearSystem.js carregado.
[00:57:30 | INFO] 2: D:/repos/Jobs/SquashCodes-Bot/encomendas/src/commands/eval.js carregado.
[00:57:30 | INFO] 3: D:/repos/Jobs/SquashCodes-Bot/encomendas/src/commands/finishOrder.js carregado.
[00:57:30 | INFO] 4: D:/repos/Jobs/SquashCodes-Bot/encomendas/src/commands/newOrder.js carregado.
[00:57:30 | INFO] 5: D:/repos/Jobs/SquashCodes-Bot/encomendas/src/commands/restoreOrder.js carregado.
[00:57:30 | INFO] 6: D:/repos/Jobs/SquashCodes-Bot/encomendas/src/commands/updateOrder.js carregado.
[00:57:30 | INFO] 7: D:/repos/Jobs/SquashCodes-Bot/encomendas/src/commands/updateUser.js carregado.
[00:57:30 | INFO] 

[00:57:30 | INFO] Serão carregados: 3 eventos!
[00:57:30 | INFO] 1: D:/repos/Jobs/SquashCodes-Bot/encomendas/src/events/guild/member/add.js carregado.
[00:57:30 | INFO] 2: D:/repos/Jobs/SquashCodes-Bot/encomendas/src/events/guild/member/update.js carregado.
[00:57:30 | INFO] 3: D:/repos/Jobs/SquashCodes-Bot/encomendas/src/events/message/update.js carregado.
[00:57:30 | INFO] 

[00:57:31 | INFO] Autenticado com sucesso como Zuraaa Testes#7347
[00:57:31 | INFO] Permissão de 'ADMINISTRATOR' verificada com sucesso
[00:57:31 | INFO] [ENCOMENDAS] SISTEMA ONLINE!
[00:57:31 | INFO] [ENCOMENDAS] CACHEANDO CARGOS
[00:57:31 | INFO] [ENCOMENDAS] CARGOS CACHEADOS
[00:57:31 | INFO] [ENCOMENDAS] CACHEANDO ENCOMENDAS
[00:57:31 | INFO] [ENCOMENDAS] ENCOMENDAS CACHEADAS
