
    
<-<-<================================================================================>->->
    File generated by leekslazylogger v2.0.7 by eartharoid (http://leeks.js.org/logger)
    SquashCodes | Log File
    Wednesday, 26th May 2021, 09:13 am (America/Sao_Paulo) -->
    Node: v14.17.0 on 'Windows' | Time format: 'HH:mm:ss' | Date format: 'YYYY-MM-DD'
<-<-<================================================================================>->->


[09:13:33 | INFO] Connecting to MySQL database...
[09:13:36 | INFO] > Evento debug carregado com sucesso
[09:13:36 | INFO] > Evento error carregado com sucesso
[09:13:37 | INFO] > Evento guildMemberAdd carregado com sucesso
[09:13:37 | INFO] > Evento message carregado com sucesso
[09:13:37 | INFO] > Evento messageDelete carregado com sucesso
[09:13:37 | INFO] > Evento messageReactionAdd carregado com sucesso
[09:13:37 | INFO] > Evento messageUpdate carregado com sucesso
[09:13:37 | INFO] > Evento rateLimit carregado com sucesso
[09:13:37 | INFO] > Evento ready carregado com sucesso
[09:13:37 | INFO] > Evento warn carregado com sucesso
[09:13:37 | INFO] > Comando !add carregado com sucesso
[09:13:37 | INFO] > Comando !authenticate carregado com sucesso
[09:13:37 | INFO] > Comando !canvas carregado com sucesso
[09:13:37 | INFO] > Comando !changeip carregado com sucesso
[09:13:37 | INFO] > Comando !clear carregado com sucesso
[09:13:37 | INFO] > Comando !close carregado com sucesso
[09:13:37 | INFO] > Comando !closeall carregado com sucesso
[09:13:37 | INFO] > Comando !delete carregado com sucesso
[09:13:38 | INFO] > Comando !eval carregado com sucesso
[09:13:38 | INFO] > Comando !ajuda carregado com sucesso
[09:13:38 | INFO] > Comando !msg carregado com sucesso
[09:13:38 | INFO] > Comando !panel carregado com sucesso
[09:13:38 | INFO] > Comando !remove carregado com sucesso
[09:13:38 | INFO] > Comando !rename carregado com sucesso
[09:13:38 | INFO] > Comando !stats carregado com sucesso
[09:13:38 | INFO] > Comando !suporte carregado com sucesso
[09:13:38 | INFO] > Comando !tickets carregado com sucesso
[09:13:38 | INFO] > Comando !topic carregado com sucesso
[09:13:38 | INFO] > Comando !trans carregado com sucesso
[09:13:38 | INFO] > Comando !transcript carregado com sucesso
[09:13:38 | INFO] Foram carregados 10 eventos e 20 comandos
[09:13:51 | INFO] 

[09:13:51 | INFO] [ENCOMENDAS] - INICIANDO SISTEMA
[09:13:51 | INFO] [MONGODB] CONEXÃO REALIZADA COM SUCESSO
[09:13:52 | INFO] Serão carregados: 8 comandos!
[09:13:52 | INFO] 1: D:/repos/Jobs/SquashCodes-Bot/encomendas/src/commands/Order/finishOrder.js carregado.
[09:13:52 | INFO] 2: D:/repos/Jobs/SquashCodes-Bot/encomendas/src/commands/Order/newOrder.js carregado.
[09:13:52 | INFO] 3: D:/repos/Jobs/SquashCodes-Bot/encomendas/src/commands/Order/orderStatus.js carregado.
[09:13:52 | INFO] 4: D:/repos/Jobs/SquashCodes-Bot/encomendas/src/commands/Order/restoreOrder.js carregado.
[09:13:52 | INFO] 5: D:/repos/Jobs/SquashCodes-Bot/encomendas/src/commands/Order/updateOrder.js carregado.
[09:13:52 | INFO] 6: D:/repos/Jobs/SquashCodes-Bot/encomendas/src/commands/Util/clearSystem.js carregado.
[09:13:52 | INFO] 7: D:/repos/Jobs/SquashCodes-Bot/encomendas/src/commands/Util/ehelp.js carregado.
[09:13:52 | INFO] 8: D:/repos/Jobs/SquashCodes-Bot/encomendas/src/commands/Util/eval.js carregado.
[09:13:52 | INFO] 

[09:13:52 | INFO] Serão carregados: 3 eventos!
[09:13:52 | INFO] 1: D:/repos/Jobs/SquashCodes-Bot/encomendas/src/events/guild/member/add.js carregado.
[09:13:52 | INFO] 2: D:/repos/Jobs/SquashCodes-Bot/encomendas/src/events/guild/member/update.js carregado.
[09:13:52 | INFO] 3: D:/repos/Jobs/SquashCodes-Bot/encomendas/src/events/message/update.js carregado.
[09:13:52 | INFO] 

[09:13:53 | INFO] Autenticado com sucesso como Zuraaa Testes#7347
[09:13:53 | INFO] Permissão de 'ADMINISTRATOR' verificada com sucesso
[09:13:53 | INFO] [MYSQL] CONEXÃO REALIZADA COM SUCESSO
[09:13:53 | INFO] [ENCOMENDAS] SISTEMA ONLINE!
[09:13:53 | INFO] [ENCOMENDAS] CACHEANDO CARGOS
[09:13:53 | INFO] [ENCOMENDAS] CARGOS CACHEADOS
[09:13:53 | INFO] [ENCOMENDAS] CACHEANDO ENCOMENDAS
[09:13:53 | INFO] [ENCOMENDAS] ENCOMENDAS CACHEADAS

    
<-<-<================================================================================>->->
    File generated by leekslazylogger v2.0.7 by eartharoid (http://leeks.js.org/logger)
    SquashCodes | Log File
    Wednesday, 26th May 2021, 09:15 am (America/Sao_Paulo) -->
    Node: v14.17.0 on 'Windows' | Time format: 'HH:mm:ss' | Date format: 'YYYY-MM-DD'
<-<-<================================================================================>->->


[09:15:30 | INFO] Connecting to MySQL database...
[09:15:30 | INFO] > Evento debug carregado com sucesso
[09:15:30 | INFO] > Evento error carregado com sucesso
[09:15:30 | INFO] > Evento guildMemberAdd carregado com sucesso
[09:15:30 | INFO] > Evento message carregado com sucesso
[09:15:30 | INFO] > Evento messageDelete carregado com sucesso
[09:15:30 | INFO] > Evento messageReactionAdd carregado com sucesso
[09:15:30 | INFO] > Evento messageUpdate carregado com sucesso
[09:15:30 | INFO] > Evento rateLimit carregado com sucesso
[09:15:30 | INFO] > Evento ready carregado com sucesso
[09:15:30 | INFO] > Evento warn carregado com sucesso
[09:15:30 | INFO] > Comando !add carregado com sucesso
[09:15:30 | INFO] > Comando !authenticate carregado com sucesso
[09:15:30 | INFO] > Comando !canvas carregado com sucesso
[09:15:30 | INFO] > Comando !changeip carregado com sucesso
[09:15:30 | INFO] > Comando !clear carregado com sucesso
[09:15:30 | INFO] > Comando !close carregado com sucesso
[09:15:30 | INFO] > Comando !closeall carregado com sucesso
[09:15:30 | INFO] > Comando !delete carregado com sucesso
[09:15:30 | INFO] > Comando !eval carregado com sucesso
[09:15:30 | INFO] > Comando !ajuda carregado com sucesso
[09:15:30 | INFO] > Comando !msg carregado com sucesso
[09:15:30 | INFO] > Comando !panel carregado com sucesso
[09:15:30 | INFO] > Comando !remove carregado com sucesso
[09:15:30 | INFO] > Comando !rename carregado com sucesso
[09:15:31 | INFO] > Comando !stats carregado com sucesso
[09:15:31 | INFO] > Comando !suporte carregado com sucesso
[09:15:31 | INFO] > Comando !tickets carregado com sucesso
[09:15:31 | INFO] > Comando !topic carregado com sucesso
[09:15:31 | INFO] > Comando !trans carregado com sucesso
[09:15:31 | INFO] > Comando !transcript carregado com sucesso
[09:15:31 | INFO] Foram carregados 10 eventos e 20 comandos
[09:15:32 | INFO] 

[09:15:32 | INFO] [ENCOMENDAS] - INICIANDO SISTEMA
[09:15:32 | INFO] [MONGODB] CONEXÃO REALIZADA COM SUCESSO
[09:15:33 | INFO] Serão carregados: 8 comandos!
[09:15:33 | INFO] 1: D:/repos/Jobs/SquashCodes-Bot/encomendas/src/commands/Order/finishOrder.js carregado.
[09:15:33 | INFO] 2: D:/repos/Jobs/SquashCodes-Bot/encomendas/src/commands/Order/newOrder.js carregado.
[09:15:33 | INFO] 3: D:/repos/Jobs/SquashCodes-Bot/encomendas/src/commands/Order/orderStatus.js carregado.
[09:15:33 | INFO] 4: D:/repos/Jobs/SquashCodes-Bot/encomendas/src/commands/Order/restoreOrder.js carregado.
[09:15:33 | INFO] 5: D:/repos/Jobs/SquashCodes-Bot/encomendas/src/commands/Order/updateOrder.js carregado.
[09:15:33 | INFO] 6: D:/repos/Jobs/SquashCodes-Bot/encomendas/src/commands/Util/clearSystem.js carregado.
[09:15:33 | INFO] 7: D:/repos/Jobs/SquashCodes-Bot/encomendas/src/commands/Util/ehelp.js carregado.
[09:15:33 | INFO] 8: D:/repos/Jobs/SquashCodes-Bot/encomendas/src/commands/Util/eval.js carregado.
[09:15:33 | INFO] 

[09:15:33 | INFO] Serão carregados: 3 eventos!
[09:15:33 | INFO] 1: D:/repos/Jobs/SquashCodes-Bot/encomendas/src/events/guild/member/add.js carregado.
[09:15:33 | INFO] 2: D:/repos/Jobs/SquashCodes-Bot/encomendas/src/events/guild/member/update.js carregado.
[09:15:33 | INFO] 3: D:/repos/Jobs/SquashCodes-Bot/encomendas/src/events/message/update.js carregado.
[09:15:33 | INFO] 

[09:15:34 | INFO] Autenticado com sucesso como Zuraaa Testes#7347
[09:15:34 | INFO] Permissão de 'ADMINISTRATOR' verificada com sucesso
[09:15:34 | INFO] [MYSQL] CONEXÃO REALIZADA COM SUCESSO
[09:15:34 | INFO] [ENCOMENDAS] SISTEMA ONLINE!
[09:15:34 | INFO] [ENCOMENDAS] CACHEANDO CARGOS
[09:15:34 | INFO] [ENCOMENDAS] CARGOS CACHEADOS
[09:15:34 | INFO] [ENCOMENDAS] CACHEANDO ENCOMENDAS
[09:15:34 | INFO] [ENCOMENDAS] ENCOMENDAS CACHEADAS

    
<-<-<================================================================================>->->
    File generated by leekslazylogger v2.0.7 by eartharoid (http://leeks.js.org/logger)
    SquashCodes | Log File
    Wednesday, 26th May 2021, 09:16 am (America/Sao_Paulo) -->
    Node: v14.17.0 on 'Windows' | Time format: 'HH:mm:ss' | Date format: 'YYYY-MM-DD'
<-<-<================================================================================>->->


[09:16:18 | INFO] Connecting to MySQL database...
[09:16:19 | INFO] > Evento debug carregado com sucesso
[09:16:19 | INFO] > Evento error carregado com sucesso
[09:16:19 | INFO] > Evento guildMemberAdd carregado com sucesso
[09:16:19 | INFO] > Evento message carregado com sucesso
[09:16:19 | INFO] > Evento messageDelete carregado com sucesso
[09:16:19 | INFO] > Evento messageReactionAdd carregado com sucesso
[09:16:19 | INFO] > Evento messageUpdate carregado com sucesso
[09:16:19 | INFO] > Evento rateLimit carregado com sucesso
[09:16:19 | INFO] > Evento ready carregado com sucesso
[09:16:19 | INFO] > Evento warn carregado com sucesso
[09:16:19 | INFO] > Comando !add carregado com sucesso
[09:16:19 | INFO] > Comando !authenticate carregado com sucesso
[09:16:19 | INFO] > Comando !canvas carregado com sucesso
[09:16:19 | INFO] > Comando !changeip carregado com sucesso
[09:16:19 | INFO] > Comando !clear carregado com sucesso
[09:16:19 | INFO] > Comando !close carregado com sucesso
[09:16:19 | INFO] > Comando !closeall carregado com sucesso
[09:16:19 | INFO] > Comando !delete carregado com sucesso
[09:16:19 | INFO] > Comando !eval carregado com sucesso
[09:16:19 | INFO] > Comando !ajuda carregado com sucesso
[09:16:19 | INFO] > Comando !msg carregado com sucesso
[09:16:19 | INFO] > Comando !panel carregado com sucesso
[09:16:19 | INFO] > Comando !remove carregado com sucesso
[09:16:19 | INFO] > Comando !rename carregado com sucesso
[09:16:19 | INFO] > Comando !stats carregado com sucesso
[09:16:19 | INFO] > Comando !suporte carregado com sucesso
[09:16:19 | INFO] > Comando !tickets carregado com sucesso
[09:16:19 | INFO] > Comando !topic carregado com sucesso
[09:16:19 | INFO] > Comando !trans carregado com sucesso
[09:16:19 | INFO] > Comando !transcript carregado com sucesso
[09:16:19 | INFO] Foram carregados 10 eventos e 20 comandos
[09:16:20 | INFO] 

[09:16:20 | INFO] [ENCOMENDAS] - INICIANDO SISTEMA
[09:16:20 | INFO] [MONGODB] CONEXÃO REALIZADA COM SUCESSO
[09:16:21 | INFO] Serão carregados: 8 comandos!
[09:16:21 | INFO] 1: D:/repos/Jobs/SquashCodes-Bot/encomendas/src/commands/Order/finishOrder.js carregado.
[09:16:21 | INFO] 2: D:/repos/Jobs/SquashCodes-Bot/encomendas/src/commands/Order/newOrder.js carregado.
[09:16:21 | INFO] 3: D:/repos/Jobs/SquashCodes-Bot/encomendas/src/commands/Order/orderStatus.js carregado.
[09:16:21 | INFO] 4: D:/repos/Jobs/SquashCodes-Bot/encomendas/src/commands/Order/restoreOrder.js carregado.
[09:16:21 | INFO] 5: D:/repos/Jobs/SquashCodes-Bot/encomendas/src/commands/Order/updateOrder.js carregado.
[09:16:21 | INFO] 6: D:/repos/Jobs/SquashCodes-Bot/encomendas/src/commands/Util/clearSystem.js carregado.
[09:16:21 | INFO] 7: D:/repos/Jobs/SquashCodes-Bot/encomendas/src/commands/Util/ehelp.js carregado.
[09:16:21 | INFO] 8: D:/repos/Jobs/SquashCodes-Bot/encomendas/src/commands/Util/eval.js carregado.
[09:16:21 | INFO] 

[09:16:21 | INFO] Serão carregados: 3 eventos!
[09:16:21 | INFO] 1: D:/repos/Jobs/SquashCodes-Bot/encomendas/src/events/guild/member/add.js carregado.
[09:16:21 | INFO] 2: D:/repos/Jobs/SquashCodes-Bot/encomendas/src/events/guild/member/update.js carregado.
[09:16:21 | INFO] 3: D:/repos/Jobs/SquashCodes-Bot/encomendas/src/events/message/update.js carregado.
[09:16:21 | INFO] 

[09:16:22 | INFO] Autenticado com sucesso como Zuraaa Testes#7347
[09:16:22 | INFO] Permissão de 'ADMINISTRATOR' verificada com sucesso
[09:16:22 | INFO] [MYSQL] CONEXÃO REALIZADA COM SUCESSO
[09:16:22 | INFO] [ENCOMENDAS] SISTEMA ONLINE!
[09:16:22 | INFO] [ENCOMENDAS] CACHEANDO CARGOS
[09:16:22 | INFO] [ENCOMENDAS] CARGOS CACHEADOS
[09:16:22 | INFO] [ENCOMENDAS] CACHEANDO ENCOMENDAS
[09:16:22 | INFO] [ENCOMENDAS] ENCOMENDAS CACHEADAS

    
<-<-<================================================================================>->->
    File generated by leekslazylogger v2.0.7 by eartharoid (http://leeks.js.org/logger)
    SquashCodes | Log File
    Wednesday, 26th May 2021, 09:17 am (America/Sao_Paulo) -->
    Node: v14.17.0 on 'Windows' | Time format: 'HH:mm:ss' | Date format: 'YYYY-MM-DD'
<-<-<================================================================================>->->


[09:17:48 | INFO] Connecting to MySQL database...
[09:17:49 | INFO] > Evento debug carregado com sucesso
[09:17:49 | INFO] > Evento error carregado com sucesso
[09:17:49 | INFO] > Evento guildMemberAdd carregado com sucesso
[09:17:49 | INFO] > Evento message carregado com sucesso
[09:17:49 | INFO] > Evento messageDelete carregado com sucesso
[09:17:49 | INFO] > Evento messageReactionAdd carregado com sucesso
[09:17:49 | INFO] > Evento messageUpdate carregado com sucesso
[09:17:49 | INFO] > Evento rateLimit carregado com sucesso
[09:17:49 | INFO] > Evento ready carregado com sucesso
[09:17:49 | INFO] > Evento warn carregado com sucesso
[09:17:49 | INFO] > Comando !add carregado com sucesso
[09:17:49 | INFO] > Comando !authenticate carregado com sucesso
[09:17:49 | INFO] > Comando !canvas carregado com sucesso
[09:17:49 | INFO] > Comando !changeip carregado com sucesso
[09:17:49 | INFO] > Comando !clear carregado com sucesso
[09:17:49 | INFO] > Comando !close carregado com sucesso
[09:17:49 | INFO] > Comando !closeall carregado com sucesso
[09:17:49 | INFO] > Comando !delete carregado com sucesso
[09:17:49 | INFO] > Comando !eval carregado com sucesso
[09:17:49 | INFO] > Comando !ajuda carregado com sucesso
[09:17:49 | INFO] > Comando !msg carregado com sucesso
[09:17:49 | INFO] > Comando !panel carregado com sucesso
[09:17:49 | INFO] > Comando !remove carregado com sucesso
[09:17:49 | INFO] > Comando !rename carregado com sucesso
[09:17:49 | INFO] > Comando !stats carregado com sucesso
[09:17:49 | INFO] > Comando !suporte carregado com sucesso
[09:17:49 | INFO] > Comando !tickets carregado com sucesso
[09:17:49 | INFO] > Comando !topic carregado com sucesso
[09:17:49 | INFO] > Comando !trans carregado com sucesso
[09:17:49 | INFO] > Comando !transcript carregado com sucesso
[09:17:49 | INFO] Foram carregados 10 eventos e 20 comandos
[09:17:51 | INFO] 

[09:17:51 | INFO] [ENCOMENDAS] - INICIANDO SISTEMA
[09:17:51 | INFO] [MONGODB] CONEXÃO REALIZADA COM SUCESSO
[09:17:52 | INFO] Serão carregados: 8 comandos!
[09:17:52 | INFO] 1: D:/repos/Jobs/SquashCodes-Bot/encomendas/src/commands/Order/finishOrder.js carregado.
[09:17:52 | INFO] 2: D:/repos/Jobs/SquashCodes-Bot/encomendas/src/commands/Order/newOrder.js carregado.
[09:17:52 | INFO] 3: D:/repos/Jobs/SquashCodes-Bot/encomendas/src/commands/Order/orderStatus.js carregado.
[09:17:52 | INFO] 4: D:/repos/Jobs/SquashCodes-Bot/encomendas/src/commands/Order/restoreOrder.js carregado.
[09:17:52 | INFO] 5: D:/repos/Jobs/SquashCodes-Bot/encomendas/src/commands/Order/updateOrder.js carregado.
[09:17:52 | INFO] 6: D:/repos/Jobs/SquashCodes-Bot/encomendas/src/commands/Util/clearSystem.js carregado.
[09:17:52 | INFO] 7: D:/repos/Jobs/SquashCodes-Bot/encomendas/src/commands/Util/ehelp.js carregado.
[09:17:52 | INFO] 8: D:/repos/Jobs/SquashCodes-Bot/encomendas/src/commands/Util/eval.js carregado.
[09:17:52 | INFO] 

[09:17:52 | INFO] Serão carregados: 3 eventos!
[09:17:52 | INFO] 1: D:/repos/Jobs/SquashCodes-Bot/encomendas/src/events/guild/member/add.js carregado.
[09:17:52 | INFO] 2: D:/repos/Jobs/SquashCodes-Bot/encomendas/src/events/guild/member/update.js carregado.
[09:17:52 | INFO] 3: D:/repos/Jobs/SquashCodes-Bot/encomendas/src/events/message/update.js carregado.
[09:17:52 | INFO] 

[09:17:53 | INFO] Autenticado com sucesso como Zuraaa Testes#7347
[09:17:53 | INFO] Permissão de 'ADMINISTRATOR' verificada com sucesso
[09:17:53 | INFO] [MYSQL] CONEXÃO REALIZADA COM SUCESSO
[09:17:53 | INFO] [ENCOMENDAS] SISTEMA ONLINE!
[09:17:53 | INFO] [ENCOMENDAS] CACHEANDO CARGOS
[09:17:53 | INFO] [ENCOMENDAS] CARGOS CACHEADOS
[09:17:53 | INFO] [ENCOMENDAS] CACHEANDO ENCOMENDAS
[09:17:53 | INFO] [ENCOMENDAS] ENCOMENDAS CACHEADAS

    
<-<-<================================================================================>->->
    File generated by leekslazylogger v2.0.7 by eartharoid (http://leeks.js.org/logger)
    SquashCodes | Log File
    Wednesday, 26th May 2021, 09:18 am (America/Sao_Paulo) -->
    Node: v14.17.0 on 'Windows' | Time format: 'HH:mm:ss' | Date format: 'YYYY-MM-DD'
<-<-<================================================================================>->->


[09:18:33 | INFO] Connecting to MySQL database...
[09:18:33 | INFO] > Evento debug carregado com sucesso
[09:18:33 | INFO] > Evento error carregado com sucesso
[09:18:33 | INFO] > Evento guildMemberAdd carregado com sucesso
[09:18:33 | INFO] > Evento message carregado com sucesso
[09:18:33 | INFO] > Evento messageDelete carregado com sucesso
[09:18:33 | INFO] > Evento messageReactionAdd carregado com sucesso
[09:18:33 | INFO] > Evento messageUpdate carregado com sucesso
[09:18:33 | INFO] > Evento rateLimit carregado com sucesso
[09:18:33 | INFO] > Evento ready carregado com sucesso
[09:18:33 | INFO] > Evento warn carregado com sucesso
[09:18:33 | INFO] > Comando !add carregado com sucesso
[09:18:33 | INFO] > Comando !authenticate carregado com sucesso
[09:18:33 | INFO] > Comando !canvas carregado com sucesso
[09:18:33 | INFO] > Comando !changeip carregado com sucesso
[09:18:33 | INFO] > Comando !clear carregado com sucesso
[09:18:33 | INFO] > Comando !close carregado com sucesso
[09:18:33 | INFO] > Comando !closeall carregado com sucesso
[09:18:33 | INFO] > Comando !delete carregado com sucesso
[09:18:33 | INFO] > Comando !eval carregado com sucesso
[09:18:33 | INFO] > Comando !ajuda carregado com sucesso
[09:18:33 | INFO] > Comando !msg carregado com sucesso
[09:18:33 | INFO] > Comando !panel carregado com sucesso
[09:18:33 | INFO] > Comando !remove carregado com sucesso
[09:18:33 | INFO] > Comando !rename carregado com sucesso
[09:18:33 | INFO] > Comando !stats carregado com sucesso
[09:18:33 | INFO] > Comando !suporte carregado com sucesso
[09:18:33 | INFO] > Comando !tickets carregado com sucesso
[09:18:33 | INFO] > Comando !topic carregado com sucesso
[09:18:33 | INFO] > Comando !trans carregado com sucesso
[09:18:33 | INFO] > Comando !transcript carregado com sucesso
[09:18:33 | INFO] Foram carregados 10 eventos e 20 comandos
[09:18:34 | INFO] 

[09:18:34 | INFO] [ENCOMENDAS] - INICIANDO SISTEMA
[09:18:34 | INFO] [MONGODB] CONEXÃO REALIZADA COM SUCESSO
[09:18:35 | INFO] Serão carregados: 8 comandos!
[09:18:35 | INFO] 1: D:/repos/Jobs/SquashCodes-Bot/encomendas/src/commands/Order/finishOrder.js carregado.
[09:18:35 | INFO] 2: D:/repos/Jobs/SquashCodes-Bot/encomendas/src/commands/Order/newOrder.js carregado.
[09:18:35 | INFO] 3: D:/repos/Jobs/SquashCodes-Bot/encomendas/src/commands/Order/orderStatus.js carregado.
[09:18:35 | INFO] 4: D:/repos/Jobs/SquashCodes-Bot/encomendas/src/commands/Order/restoreOrder.js carregado.
[09:18:35 | INFO] 5: D:/repos/Jobs/SquashCodes-Bot/encomendas/src/commands/Order/updateOrder.js carregado.
[09:18:35 | INFO] 6: D:/repos/Jobs/SquashCodes-Bot/encomendas/src/commands/Util/clearSystem.js carregado.
[09:18:35 | INFO] 7: D:/repos/Jobs/SquashCodes-Bot/encomendas/src/commands/Util/ehelp.js carregado.
[09:18:35 | INFO] 8: D:/repos/Jobs/SquashCodes-Bot/encomendas/src/commands/Util/eval.js carregado.
[09:18:35 | INFO] 

[09:18:35 | INFO] Serão carregados: 3 eventos!
[09:18:35 | INFO] 1: D:/repos/Jobs/SquashCodes-Bot/encomendas/src/events/guild/member/add.js carregado.
[09:18:35 | INFO] 2: D:/repos/Jobs/SquashCodes-Bot/encomendas/src/events/guild/member/update.js carregado.
[09:18:35 | INFO] 3: D:/repos/Jobs/SquashCodes-Bot/encomendas/src/events/message/update.js carregado.
[09:18:35 | INFO] 

[09:18:36 | INFO] Autenticado com sucesso como Zuraaa Testes#7347
[09:18:36 | INFO] Permissão de 'ADMINISTRATOR' verificada com sucesso
[09:18:36 | INFO] [MYSQL] CONEXÃO REALIZADA COM SUCESSO
[09:18:36 | INFO] [ENCOMENDAS] SISTEMA ONLINE!
[09:18:36 | INFO] [ENCOMENDAS] CACHEANDO CARGOS
[09:18:36 | INFO] [ENCOMENDAS] CARGOS CACHEADOS
[09:18:36 | INFO] [ENCOMENDAS] CACHEANDO ENCOMENDAS
[09:18:36 | INFO] [ENCOMENDAS] ENCOMENDAS CACHEADAS

    
<-<-<================================================================================>->->
    File generated by leekslazylogger v2.0.7 by eartharoid (http://leeks.js.org/logger)
    SquashCodes | Log File
    Wednesday, 26th May 2021, 09:18 am (America/Sao_Paulo) -->
    Node: v14.17.0 on 'Windows' | Time format: 'HH:mm:ss' | Date format: 'YYYY-MM-DD'
<-<-<================================================================================>->->


[09:18:48 | INFO] Connecting to MySQL database...
[09:18:49 | INFO] > Evento debug carregado com sucesso
[09:18:49 | INFO] > Evento error carregado com sucesso
[09:18:49 | INFO] > Evento guildMemberAdd carregado com sucesso
[09:18:49 | INFO] > Evento message carregado com sucesso
[09:18:49 | INFO] > Evento messageDelete carregado com sucesso
[09:18:49 | INFO] > Evento messageReactionAdd carregado com sucesso
[09:18:49 | INFO] > Evento messageUpdate carregado com sucesso
[09:18:49 | INFO] > Evento rateLimit carregado com sucesso
[09:18:49 | INFO] > Evento ready carregado com sucesso
[09:18:49 | INFO] > Evento warn carregado com sucesso
[09:18:49 | INFO] > Comando !add carregado com sucesso
[09:18:49 | INFO] > Comando !authenticate carregado com sucesso
[09:18:49 | INFO] > Comando !canvas carregado com sucesso
[09:18:49 | INFO] > Comando !changeip carregado com sucesso
[09:18:49 | INFO] > Comando !clear carregado com sucesso
[09:18:49 | INFO] > Comando !close carregado com sucesso
[09:18:49 | INFO] > Comando !closeall carregado com sucesso
[09:18:49 | INFO] > Comando !delete carregado com sucesso
[09:18:49 | INFO] > Comando !eval carregado com sucesso
[09:18:49 | INFO] > Comando !ajuda carregado com sucesso
[09:18:49 | INFO] > Comando !msg carregado com sucesso
[09:18:49 | INFO] > Comando !panel carregado com sucesso
[09:18:49 | INFO] > Comando !remove carregado com sucesso
[09:18:49 | INFO] > Comando !rename carregado com sucesso
[09:18:49 | INFO] > Comando !stats carregado com sucesso
[09:18:49 | INFO] > Comando !suporte carregado com sucesso
[09:18:49 | INFO] > Comando !tickets carregado com sucesso
[09:18:49 | INFO] > Comando !topic carregado com sucesso
[09:18:49 | INFO] > Comando !trans carregado com sucesso
[09:18:49 | INFO] > Comando !transcript carregado com sucesso
[09:18:49 | INFO] Foram carregados 10 eventos e 20 comandos
[09:18:50 | INFO] 

[09:18:50 | INFO] [ENCOMENDAS] - INICIANDO SISTEMA
[09:18:50 | INFO] [MONGODB] CONEXÃO REALIZADA COM SUCESSO
[09:18:51 | INFO] Serão carregados: 8 comandos!
[09:18:51 | INFO] 1: D:/repos/Jobs/SquashCodes-Bot/encomendas/src/commands/Order/finishOrder.js carregado.
[09:18:51 | INFO] 2: D:/repos/Jobs/SquashCodes-Bot/encomendas/src/commands/Order/newOrder.js carregado.
[09:18:51 | INFO] 3: D:/repos/Jobs/SquashCodes-Bot/encomendas/src/commands/Order/orderStatus.js carregado.
[09:18:51 | INFO] 4: D:/repos/Jobs/SquashCodes-Bot/encomendas/src/commands/Order/restoreOrder.js carregado.
[09:18:51 | INFO] 5: D:/repos/Jobs/SquashCodes-Bot/encomendas/src/commands/Order/updateOrder.js carregado.
[09:18:51 | INFO] 6: D:/repos/Jobs/SquashCodes-Bot/encomendas/src/commands/Util/clearSystem.js carregado.
[09:18:51 | INFO] 7: D:/repos/Jobs/SquashCodes-Bot/encomendas/src/commands/Util/ehelp.js carregado.
[09:18:51 | INFO] 8: D:/repos/Jobs/SquashCodes-Bot/encomendas/src/commands/Util/eval.js carregado.
[09:18:51 | INFO] 

[09:18:51 | INFO] Serão carregados: 3 eventos!
[09:18:51 | INFO] 1: D:/repos/Jobs/SquashCodes-Bot/encomendas/src/events/guild/member/add.js carregado.
[09:18:51 | INFO] 2: D:/repos/Jobs/SquashCodes-Bot/encomendas/src/events/guild/member/update.js carregado.
[09:18:51 | INFO] 3: D:/repos/Jobs/SquashCodes-Bot/encomendas/src/events/message/update.js carregado.
[09:18:51 | INFO] 

[09:18:52 | INFO] Autenticado com sucesso como Zuraaa Testes#7347
[09:18:52 | INFO] Permissão de 'ADMINISTRATOR' verificada com sucesso
[09:18:52 | INFO] [MYSQL] CONEXÃO REALIZADA COM SUCESSO
[09:18:52 | INFO] [ENCOMENDAS] SISTEMA ONLINE!
[09:18:52 | INFO] [ENCOMENDAS] CACHEANDO CARGOS
[09:18:52 | INFO] [ENCOMENDAS] CARGOS CACHEADOS
[09:18:52 | INFO] [ENCOMENDAS] CACHEANDO ENCOMENDAS
[09:18:52 | INFO] [ENCOMENDAS] ENCOMENDAS CACHEADAS

    
<-<-<================================================================================>->->
    File generated by leekslazylogger v2.0.7 by eartharoid (http://leeks.js.org/logger)
    SquashCodes | Log File
    Wednesday, 26th May 2021, 09:21 am (America/Sao_Paulo) -->
    Node: v14.17.0 on 'Windows' | Time format: 'HH:mm:ss' | Date format: 'YYYY-MM-DD'
<-<-<================================================================================>->->


[09:21:05 | INFO] Connecting to MySQL database...
[09:21:05 | INFO] > Evento debug carregado com sucesso
[09:21:05 | INFO] > Evento error carregado com sucesso
[09:21:05 | INFO] > Evento guildMemberAdd carregado com sucesso
[09:21:05 | INFO] > Evento message carregado com sucesso
[09:21:05 | INFO] > Evento messageDelete carregado com sucesso
[09:21:05 | INFO] > Evento messageReactionAdd carregado com sucesso
[09:21:05 | INFO] > Evento messageUpdate carregado com sucesso
[09:21:05 | INFO] > Evento rateLimit carregado com sucesso
[09:21:05 | INFO] > Evento ready carregado com sucesso
[09:21:05 | INFO] > Evento warn carregado com sucesso
[09:21:05 | INFO] > Comando !add carregado com sucesso
[09:21:05 | INFO] > Comando !authenticate carregado com sucesso
[09:21:05 | INFO] > Comando !canvas carregado com sucesso
[09:21:05 | INFO] > Comando !changeip carregado com sucesso
[09:21:05 | INFO] > Comando !clear carregado com sucesso
[09:21:05 | INFO] > Comando !close carregado com sucesso
[09:21:05 | INFO] > Comando !closeall carregado com sucesso
[09:21:05 | INFO] > Comando !delete carregado com sucesso
[09:21:05 | INFO] > Comando !eval carregado com sucesso
[09:21:05 | INFO] > Comando !ajuda carregado com sucesso
[09:21:05 | INFO] > Comando !msg carregado com sucesso
[09:21:05 | INFO] > Comando !panel carregado com sucesso
[09:21:05 | INFO] > Comando !remove carregado com sucesso
[09:21:05 | INFO] > Comando !rename carregado com sucesso
[09:21:05 | INFO] > Comando !stats carregado com sucesso
[09:21:05 | INFO] > Comando !suporte carregado com sucesso
[09:21:05 | INFO] > Comando !tickets carregado com sucesso
[09:21:05 | INFO] > Comando !topic carregado com sucesso
[09:21:05 | INFO] > Comando !trans carregado com sucesso
[09:21:05 | INFO] > Comando !transcript carregado com sucesso
[09:21:05 | INFO] Foram carregados 10 eventos e 20 comandos

    
<-<-<================================================================================>->->
    File generated by leekslazylogger v2.0.7 by eartharoid (http://leeks.js.org/logger)
    SquashCodes | Log File
    Wednesday, 26th May 2021, 09:21 am (America/Sao_Paulo) -->
    Node: v14.17.0 on 'Windows' | Time format: 'HH:mm:ss' | Date format: 'YYYY-MM-DD'
<-<-<================================================================================>->->


[09:21:06 | INFO] Connecting to MySQL database...
[09:21:07 | INFO] > Evento debug carregado com sucesso
[09:21:07 | INFO] > Evento error carregado com sucesso
[09:21:07 | INFO] > Evento guildMemberAdd carregado com sucesso
[09:21:07 | INFO] > Evento message carregado com sucesso
[09:21:07 | INFO] > Evento messageDelete carregado com sucesso
[09:21:07 | INFO] > Evento messageReactionAdd carregado com sucesso
[09:21:07 | INFO] > Evento messageUpdate carregado com sucesso
[09:21:07 | INFO] > Evento rateLimit carregado com sucesso
[09:21:07 | INFO] > Evento ready carregado com sucesso
[09:21:07 | INFO] > Evento warn carregado com sucesso
[09:21:07 | INFO] > Comando !add carregado com sucesso
[09:21:07 | INFO] > Comando !authenticate carregado com sucesso
[09:21:07 | INFO] > Comando !canvas carregado com sucesso
[09:21:07 | INFO] > Comando !changeip carregado com sucesso
[09:21:07 | INFO] > Comando !clear carregado com sucesso
[09:21:07 | INFO] > Comando !close carregado com sucesso
[09:21:07 | INFO] > Comando !closeall carregado com sucesso
[09:21:07 | INFO] > Comando !delete carregado com sucesso
[09:21:07 | INFO] > Comando !eval carregado com sucesso
[09:21:07 | INFO] > Comando !ajuda carregado com sucesso
[09:21:07 | INFO] > Comando !msg carregado com sucesso
[09:21:07 | INFO] > Comando !panel carregado com sucesso
[09:21:07 | INFO] > Comando !remove carregado com sucesso
[09:21:07 | INFO] > Comando !rename carregado com sucesso
[09:21:07 | INFO] > Comando !stats carregado com sucesso
[09:21:07 | INFO] > Comando !suporte carregado com sucesso
[09:21:07 | INFO] > Comando !tickets carregado com sucesso
[09:21:07 | INFO] > Comando !topic carregado com sucesso
[09:21:07 | INFO] > Comando !trans carregado com sucesso
[09:21:07 | INFO] > Comando !transcript carregado com sucesso
[09:21:07 | INFO] Foram carregados 10 eventos e 20 comandos
[09:21:08 | INFO] 

[09:21:08 | INFO] [ENCOMENDAS] - INICIANDO SISTEMA
[09:21:08 | INFO] [MONGODB] CONEXÃO REALIZADA COM SUCESSO
[09:21:09 | INFO] Serão carregados: 8 comandos!
[09:21:09 | INFO] 1: D:/repos/Jobs/SquashCodes-Bot/encomendas/src/commands/Order/finishOrder.js carregado.
[09:21:09 | INFO] 2: D:/repos/Jobs/SquashCodes-Bot/encomendas/src/commands/Order/newOrder.js carregado.
[09:21:09 | INFO] 3: D:/repos/Jobs/SquashCodes-Bot/encomendas/src/commands/Order/orderStatus.js carregado.
[09:21:09 | INFO] 4: D:/repos/Jobs/SquashCodes-Bot/encomendas/src/commands/Order/restoreOrder.js carregado.
[09:21:09 | INFO] 5: D:/repos/Jobs/SquashCodes-Bot/encomendas/src/commands/Order/updateOrder.js carregado.
[09:21:09 | INFO] 6: D:/repos/Jobs/SquashCodes-Bot/encomendas/src/commands/Util/clearSystem.js carregado.
[09:21:09 | INFO] 7: D:/repos/Jobs/SquashCodes-Bot/encomendas/src/commands/Util/ehelp.js carregado.
[09:21:09 | INFO] 8: D:/repos/Jobs/SquashCodes-Bot/encomendas/src/commands/Util/eval.js carregado.
[09:21:09 | INFO] 

[09:21:09 | INFO] Serão carregados: 3 eventos!
[09:21:09 | INFO] 1: D:/repos/Jobs/SquashCodes-Bot/encomendas/src/events/guild/member/add.js carregado.
[09:21:09 | INFO] 2: D:/repos/Jobs/SquashCodes-Bot/encomendas/src/events/guild/member/update.js carregado.
[09:21:09 | INFO] 3: D:/repos/Jobs/SquashCodes-Bot/encomendas/src/events/message/update.js carregado.
[09:21:09 | INFO] 

[09:21:10 | INFO] Autenticado com sucesso como Zuraaa Testes#7347
[09:21:10 | INFO] Permissão de 'ADMINISTRATOR' verificada com sucesso
[09:21:10 | INFO] [MYSQL] CONEXÃO REALIZADA COM SUCESSO
[09:21:10 | INFO] [ENCOMENDAS] SISTEMA ONLINE!
[09:21:10 | INFO] [ENCOMENDAS] CACHEANDO CARGOS
[09:21:10 | INFO] [ENCOMENDAS] CARGOS CACHEADOS
[09:21:10 | INFO] [ENCOMENDAS] CACHEANDO ENCOMENDAS
[09:21:10 | INFO] [ENCOMENDAS] ENCOMENDAS CACHEADAS

    
<-<-<================================================================================>->->
    File generated by leekslazylogger v2.0.7 by eartharoid (http://leeks.js.org/logger)
    SquashCodes | Log File
    Wednesday, 26th May 2021, 09:21 am (America/Sao_Paulo) -->
    Node: v14.17.0 on 'Windows' | Time format: 'HH:mm:ss' | Date format: 'YYYY-MM-DD'
<-<-<================================================================================>->->


[09:21:48 | INFO] Connecting to MySQL database...
[09:21:49 | INFO] > Evento debug carregado com sucesso
[09:21:49 | INFO] > Evento error carregado com sucesso
[09:21:49 | INFO] > Evento guildMemberAdd carregado com sucesso
[09:21:49 | INFO] > Evento message carregado com sucesso
[09:21:49 | INFO] > Evento messageDelete carregado com sucesso
[09:21:49 | INFO] > Evento messageReactionAdd carregado com sucesso
[09:21:49 | INFO] > Evento messageUpdate carregado com sucesso
[09:21:49 | INFO] > Evento rateLimit carregado com sucesso
[09:21:49 | INFO] > Evento ready carregado com sucesso
[09:21:49 | INFO] > Evento warn carregado com sucesso
[09:21:49 | INFO] > Comando !add carregado com sucesso
[09:21:49 | INFO] > Comando !authenticate carregado com sucesso
[09:21:49 | INFO] > Comando !canvas carregado com sucesso
[09:21:49 | INFO] > Comando !changeip carregado com sucesso
[09:21:49 | INFO] > Comando !clear carregado com sucesso
[09:21:49 | INFO] > Comando !close carregado com sucesso
[09:21:49 | INFO] > Comando !closeall carregado com sucesso
[09:21:49 | INFO] > Comando !delete carregado com sucesso
[09:21:49 | INFO] > Comando !eval carregado com sucesso
[09:21:49 | INFO] > Comando !ajuda carregado com sucesso
[09:21:49 | INFO] > Comando !msg carregado com sucesso
[09:21:49 | INFO] > Comando !panel carregado com sucesso
[09:21:49 | INFO] > Comando !remove carregado com sucesso
[09:21:49 | INFO] > Comando !rename carregado com sucesso
[09:21:49 | INFO] > Comando !stats carregado com sucesso
[09:21:49 | INFO] > Comando !suporte carregado com sucesso
[09:21:49 | INFO] > Comando !tickets carregado com sucesso
[09:21:49 | INFO] > Comando !topic carregado com sucesso
[09:21:49 | INFO] > Comando !trans carregado com sucesso
[09:21:49 | INFO] > Comando !transcript carregado com sucesso
[09:21:49 | INFO] Foram carregados 10 eventos e 20 comandos
[09:21:50 | INFO] 

[09:21:50 | INFO] [ENCOMENDAS] - INICIANDO SISTEMA
[09:21:50 | INFO] [MONGODB] CONEXÃO REALIZADA COM SUCESSO
[09:21:51 | INFO] Serão carregados: 8 comandos!
[09:21:51 | INFO] 1: D:/repos/Jobs/SquashCodes-Bot/encomendas/src/commands/Order/finishOrder.js carregado.
[09:21:51 | INFO] 2: D:/repos/Jobs/SquashCodes-Bot/encomendas/src/commands/Order/newOrder.js carregado.
[09:21:51 | INFO] 3: D:/repos/Jobs/SquashCodes-Bot/encomendas/src/commands/Order/orderStatus.js carregado.
[09:21:51 | INFO] 4: D:/repos/Jobs/SquashCodes-Bot/encomendas/src/commands/Order/restoreOrder.js carregado.
[09:21:51 | INFO] 5: D:/repos/Jobs/SquashCodes-Bot/encomendas/src/commands/Order/updateOrder.js carregado.
[09:21:51 | INFO] 6: D:/repos/Jobs/SquashCodes-Bot/encomendas/src/commands/Util/clearSystem.js carregado.
[09:21:51 | INFO] 7: D:/repos/Jobs/SquashCodes-Bot/encomendas/src/commands/Util/ehelp.js carregado.
[09:21:51 | INFO] 8: D:/repos/Jobs/SquashCodes-Bot/encomendas/src/commands/Util/eval.js carregado.
[09:21:51 | INFO] 

[09:21:51 | INFO] Serão carregados: 3 eventos!
[09:21:51 | INFO] 1: D:/repos/Jobs/SquashCodes-Bot/encomendas/src/events/guild/member/add.js carregado.
[09:21:51 | INFO] 2: D:/repos/Jobs/SquashCodes-Bot/encomendas/src/events/guild/member/update.js carregado.
[09:21:51 | INFO] 3: D:/repos/Jobs/SquashCodes-Bot/encomendas/src/events/message/update.js carregado.
[09:21:51 | INFO] 

[09:21:53 | INFO] Autenticado com sucesso como Zuraaa Testes#7347
[09:21:53 | INFO] Permissão de 'ADMINISTRATOR' verificada com sucesso
[09:21:53 | INFO] [MYSQL] CONEXÃO REALIZADA COM SUCESSO
[09:21:53 | INFO] [ENCOMENDAS] SISTEMA ONLINE!
[09:21:53 | INFO] [ENCOMENDAS] CACHEANDO CARGOS
[09:21:53 | INFO] [ENCOMENDAS] CARGOS CACHEADOS
[09:21:53 | INFO] [ENCOMENDAS] CACHEANDO ENCOMENDAS
[09:21:53 | INFO] [ENCOMENDAS] ENCOMENDAS CACHEADAS

    
<-<-<================================================================================>->->
    File generated by leekslazylogger v2.0.7 by eartharoid (http://leeks.js.org/logger)
    SquashCodes | Log File
    Wednesday, 26th May 2021, 09:22 am (America/Sao_Paulo) -->
    Node: v14.17.0 on 'Windows' | Time format: 'HH:mm:ss' | Date format: 'YYYY-MM-DD'
<-<-<================================================================================>->->


[09:22:08 | INFO] Connecting to MySQL database...
[09:22:08 | INFO] > Evento debug carregado com sucesso
[09:22:08 | INFO] > Evento error carregado com sucesso
[09:22:08 | INFO] > Evento guildMemberAdd carregado com sucesso
[09:22:08 | INFO] > Evento message carregado com sucesso
[09:22:08 | INFO] > Evento messageDelete carregado com sucesso
[09:22:08 | INFO] > Evento messageReactionAdd carregado com sucesso
[09:22:08 | INFO] > Evento messageUpdate carregado com sucesso
[09:22:08 | INFO] > Evento rateLimit carregado com sucesso
[09:22:08 | INFO] > Evento ready carregado com sucesso
[09:22:08 | INFO] > Evento warn carregado com sucesso
[09:22:08 | INFO] > Comando !add carregado com sucesso
[09:22:08 | INFO] > Comando !authenticate carregado com sucesso
[09:22:08 | INFO] > Comando !canvas carregado com sucesso
[09:22:08 | INFO] > Comando !changeip carregado com sucesso
[09:22:08 | INFO] > Comando !clear carregado com sucesso
[09:22:08 | INFO] > Comando !close carregado com sucesso
[09:22:08 | INFO] > Comando !closeall carregado com sucesso
[09:22:08 | INFO] > Comando !delete carregado com sucesso
[09:22:08 | INFO] > Comando !eval carregado com sucesso
[09:22:08 | INFO] > Comando !ajuda carregado com sucesso
[09:22:08 | INFO] > Comando !msg carregado com sucesso
[09:22:08 | INFO] > Comando !panel carregado com sucesso
[09:22:08 | INFO] > Comando !remove carregado com sucesso
[09:22:08 | INFO] > Comando !rename carregado com sucesso
[09:22:08 | INFO] > Comando !stats carregado com sucesso
[09:22:08 | INFO] > Comando !suporte carregado com sucesso
[09:22:08 | INFO] > Comando !tickets carregado com sucesso
[09:22:08 | INFO] > Comando !topic carregado com sucesso
[09:22:08 | INFO] > Comando !trans carregado com sucesso
[09:22:08 | INFO] > Comando !transcript carregado com sucesso
[09:22:08 | INFO] Foram carregados 10 eventos e 20 comandos
[09:22:09 | INFO] 

[09:22:09 | INFO] [ENCOMENDAS] - INICIANDO SISTEMA
[09:22:09 | INFO] [MONGODB] CONEXÃO REALIZADA COM SUCESSO
[09:22:10 | INFO] Serão carregados: 8 comandos!
[09:22:10 | INFO] 1: D:/repos/Jobs/SquashCodes-Bot/encomendas/src/commands/Order/finishOrder.js carregado.
[09:22:10 | INFO] 2: D:/repos/Jobs/SquashCodes-Bot/encomendas/src/commands/Order/newOrder.js carregado.
[09:22:10 | INFO] 3: D:/repos/Jobs/SquashCodes-Bot/encomendas/src/commands/Order/orderStatus.js carregado.
[09:22:10 | INFO] 4: D:/repos/Jobs/SquashCodes-Bot/encomendas/src/commands/Order/restoreOrder.js carregado.
[09:22:10 | INFO] 5: D:/repos/Jobs/SquashCodes-Bot/encomendas/src/commands/Order/updateOrder.js carregado.
[09:22:10 | INFO] 6: D:/repos/Jobs/SquashCodes-Bot/encomendas/src/commands/Util/clearSystem.js carregado.
[09:22:10 | INFO] 7: D:/repos/Jobs/SquashCodes-Bot/encomendas/src/commands/Util/ehelp.js carregado.
[09:22:10 | INFO] 8: D:/repos/Jobs/SquashCodes-Bot/encomendas/src/commands/Util/eval.js carregado.
[09:22:10 | INFO] 

[09:22:10 | INFO] Serão carregados: 3 eventos!
[09:22:10 | INFO] 1: D:/repos/Jobs/SquashCodes-Bot/encomendas/src/events/guild/member/add.js carregado.
[09:22:10 | INFO] 2: D:/repos/Jobs/SquashCodes-Bot/encomendas/src/events/guild/member/update.js carregado.
[09:22:10 | INFO] 3: D:/repos/Jobs/SquashCodes-Bot/encomendas/src/events/message/update.js carregado.
[09:22:10 | INFO] 

[09:22:11 | INFO] Autenticado com sucesso como Zuraaa Testes#7347
[09:22:11 | INFO] Permissão de 'ADMINISTRATOR' verificada com sucesso
[09:22:11 | INFO] [MYSQL] CONEXÃO REALIZADA COM SUCESSO
[09:22:11 | INFO] [ENCOMENDAS] SISTEMA ONLINE!
[09:22:11 | INFO] [ENCOMENDAS] CACHEANDO CARGOS
[09:22:11 | INFO] [ENCOMENDAS] CARGOS CACHEADOS
[09:22:11 | INFO] [ENCOMENDAS] CACHEANDO ENCOMENDAS
[09:22:11 | INFO] [ENCOMENDAS] ENCOMENDAS CACHEADAS

    
<-<-<================================================================================>->->
    File generated by leekslazylogger v2.0.7 by eartharoid (http://leeks.js.org/logger)
    SquashCodes | Log File
    Wednesday, 26th May 2021, 09:23 am (America/Sao_Paulo) -->
    Node: v14.17.0 on 'Windows' | Time format: 'HH:mm:ss' | Date format: 'YYYY-MM-DD'
<-<-<================================================================================>->->


[09:23:22 | INFO] Connecting to MySQL database...
[09:23:22 | INFO] > Evento debug carregado com sucesso
[09:23:22 | INFO] > Evento error carregado com sucesso
[09:23:22 | INFO] > Evento guildMemberAdd carregado com sucesso
[09:23:22 | INFO] > Evento message carregado com sucesso
[09:23:22 | INFO] > Evento messageDelete carregado com sucesso
[09:23:22 | INFO] > Evento messageReactionAdd carregado com sucesso
[09:23:22 | INFO] > Evento messageUpdate carregado com sucesso
[09:23:22 | INFO] > Evento rateLimit carregado com sucesso
[09:23:22 | INFO] > Evento ready carregado com sucesso
[09:23:22 | INFO] > Evento warn carregado com sucesso
[09:23:22 | INFO] > Comando !add carregado com sucesso
[09:23:22 | INFO] > Comando !authenticate carregado com sucesso
[09:23:22 | INFO] > Comando !canvas carregado com sucesso
[09:23:22 | INFO] > Comando !changeip carregado com sucesso
[09:23:22 | INFO] > Comando !clear carregado com sucesso
[09:23:22 | INFO] > Comando !close carregado com sucesso
[09:23:22 | INFO] > Comando !closeall carregado com sucesso
[09:23:22 | INFO] > Comando !delete carregado com sucesso
[09:23:22 | INFO] > Comando !eval carregado com sucesso
[09:23:22 | INFO] > Comando !ajuda carregado com sucesso
[09:23:22 | INFO] > Comando !msg carregado com sucesso
[09:23:22 | INFO] > Comando !panel carregado com sucesso
[09:23:22 | INFO] > Comando !remove carregado com sucesso
[09:23:22 | INFO] > Comando !rename carregado com sucesso
[09:23:22 | INFO] > Comando !stats carregado com sucesso
[09:23:22 | INFO] > Comando !suporte carregado com sucesso
[09:23:22 | INFO] > Comando !tickets carregado com sucesso
[09:23:22 | INFO] > Comando !topic carregado com sucesso
[09:23:22 | INFO] > Comando !trans carregado com sucesso
[09:23:22 | INFO] > Comando !transcript carregado com sucesso
[09:23:22 | INFO] Foram carregados 10 eventos e 20 comandos
[09:23:23 | INFO] 

[09:23:23 | INFO] [ENCOMENDAS] - INICIANDO SISTEMA
[09:23:23 | INFO] [MONGODB] CONEXÃO REALIZADA COM SUCESSO
[09:23:24 | INFO] Serão carregados: 8 comandos!
[09:23:24 | INFO] 1: D:/repos/Jobs/SquashCodes-Bot/encomendas/src/commands/Order/finishOrder.js carregado.
[09:23:24 | INFO] 2: D:/repos/Jobs/SquashCodes-Bot/encomendas/src/commands/Order/newOrder.js carregado.
[09:23:24 | INFO] 3: D:/repos/Jobs/SquashCodes-Bot/encomendas/src/commands/Order/orderStatus.js carregado.
[09:23:24 | INFO] 4: D:/repos/Jobs/SquashCodes-Bot/encomendas/src/commands/Order/restoreOrder.js carregado.
[09:23:24 | INFO] 5: D:/repos/Jobs/SquashCodes-Bot/encomendas/src/commands/Order/updateOrder.js carregado.
[09:23:24 | INFO] 6: D:/repos/Jobs/SquashCodes-Bot/encomendas/src/commands/Util/clearSystem.js carregado.
[09:23:24 | INFO] 7: D:/repos/Jobs/SquashCodes-Bot/encomendas/src/commands/Util/ehelp.js carregado.
[09:23:24 | INFO] 8: D:/repos/Jobs/SquashCodes-Bot/encomendas/src/commands/Util/eval.js carregado.
[09:23:24 | INFO] 

[09:23:24 | INFO] Serão carregados: 3 eventos!
[09:23:24 | INFO] 1: D:/repos/Jobs/SquashCodes-Bot/encomendas/src/events/guild/member/add.js carregado.
[09:23:24 | INFO] 2: D:/repos/Jobs/SquashCodes-Bot/encomendas/src/events/guild/member/update.js carregado.
[09:23:24 | INFO] 3: D:/repos/Jobs/SquashCodes-Bot/encomendas/src/events/message/update.js carregado.
[09:23:24 | INFO] 

[09:23:25 | INFO] Autenticado com sucesso como Zuraaa Testes#7347
[09:23:25 | INFO] Permissão de 'ADMINISTRATOR' verificada com sucesso
[09:23:25 | INFO] [MYSQL] CONEXÃO REALIZADA COM SUCESSO

    
<-<-<================================================================================>->->
    File generated by leekslazylogger v2.0.7 by eartharoid (http://leeks.js.org/logger)
    SquashCodes | Log File
    Wednesday, 26th May 2021, 09:23 am (America/Sao_Paulo) -->
    Node: v14.17.0 on 'Windows' | Time format: 'HH:mm:ss' | Date format: 'YYYY-MM-DD'
<-<-<================================================================================>->->


[09:23:26 | INFO] Connecting to MySQL database...
[09:23:26 | INFO] > Evento debug carregado com sucesso
[09:23:26 | INFO] > Evento error carregado com sucesso
[09:23:26 | INFO] > Evento guildMemberAdd carregado com sucesso
[09:23:26 | INFO] > Evento message carregado com sucesso
[09:23:26 | INFO] > Evento messageDelete carregado com sucesso
[09:23:26 | INFO] > Evento messageReactionAdd carregado com sucesso
[09:23:26 | INFO] > Evento messageUpdate carregado com sucesso
[09:23:26 | INFO] > Evento rateLimit carregado com sucesso
[09:23:26 | INFO] > Evento ready carregado com sucesso
[09:23:26 | INFO] > Evento warn carregado com sucesso
[09:23:26 | INFO] > Comando !add carregado com sucesso
[09:23:26 | INFO] > Comando !authenticate carregado com sucesso
[09:23:27 | INFO] > Comando !canvas carregado com sucesso
[09:23:27 | INFO] > Comando !changeip carregado com sucesso
[09:23:27 | INFO] > Comando !clear carregado com sucesso
[09:23:27 | INFO] > Comando !close carregado com sucesso
[09:23:27 | INFO] > Comando !closeall carregado com sucesso
[09:23:27 | INFO] > Comando !delete carregado com sucesso
[09:23:27 | INFO] > Comando !eval carregado com sucesso
[09:23:27 | INFO] > Comando !ajuda carregado com sucesso
[09:23:27 | INFO] > Comando !msg carregado com sucesso
[09:23:27 | INFO] > Comando !panel carregado com sucesso
[09:23:27 | INFO] > Comando !remove carregado com sucesso
[09:23:27 | INFO] > Comando !rename carregado com sucesso
[09:23:27 | INFO] > Comando !stats carregado com sucesso
[09:23:27 | INFO] > Comando !suporte carregado com sucesso
[09:23:27 | INFO] > Comando !tickets carregado com sucesso
[09:23:27 | INFO] > Comando !topic carregado com sucesso
[09:23:27 | INFO] > Comando !trans carregado com sucesso
[09:23:27 | INFO] > Comando !transcript carregado com sucesso
[09:23:27 | INFO] Foram carregados 10 eventos e 20 comandos
[09:23:28 | INFO] 

[09:23:28 | INFO] [ENCOMENDAS] - INICIANDO SISTEMA
[09:23:28 | INFO] [MONGODB] CONEXÃO REALIZADA COM SUCESSO
[09:23:28 | INFO] Serão carregados: 8 comandos!
[09:23:28 | INFO] 1: D:/repos/Jobs/SquashCodes-Bot/encomendas/src/commands/Order/finishOrder.js carregado.
[09:23:28 | INFO] 2: D:/repos/Jobs/SquashCodes-Bot/encomendas/src/commands/Order/newOrder.js carregado.
[09:23:28 | INFO] 3: D:/repos/Jobs/SquashCodes-Bot/encomendas/src/commands/Order/orderStatus.js carregado.
[09:23:28 | INFO] 4: D:/repos/Jobs/SquashCodes-Bot/encomendas/src/commands/Order/restoreOrder.js carregado.
[09:23:28 | INFO] 5: D:/repos/Jobs/SquashCodes-Bot/encomendas/src/commands/Order/updateOrder.js carregado.
[09:23:28 | INFO] 6: D:/repos/Jobs/SquashCodes-Bot/encomendas/src/commands/Util/clearSystem.js carregado.
[09:23:28 | INFO] 7: D:/repos/Jobs/SquashCodes-Bot/encomendas/src/commands/Util/ehelp.js carregado.
[09:23:28 | INFO] 8: D:/repos/Jobs/SquashCodes-Bot/encomendas/src/commands/Util/eval.js carregado.
[09:23:28 | INFO] 

[09:23:28 | INFO] Serão carregados: 3 eventos!
[09:23:28 | INFO] 1: D:/repos/Jobs/SquashCodes-Bot/encomendas/src/events/guild/member/add.js carregado.
[09:23:28 | INFO] 2: D:/repos/Jobs/SquashCodes-Bot/encomendas/src/events/guild/member/update.js carregado.
[09:23:28 | INFO] 3: D:/repos/Jobs/SquashCodes-Bot/encomendas/src/events/message/update.js carregado.
[09:23:28 | INFO] 

[09:23:35 | INFO] Autenticado com sucesso como Zuraaa Testes#7347
[09:23:35 | INFO] Permissão de 'ADMINISTRATOR' verificada com sucesso
[09:23:35 | INFO] [MYSQL] CONEXÃO REALIZADA COM SUCESSO
[09:23:36 | INFO] [ENCOMENDAS] SISTEMA ONLINE!
[09:23:36 | INFO] [ENCOMENDAS] CACHEANDO CARGOS
[09:23:36 | INFO] [ENCOMENDAS] CARGOS CACHEADOS
[09:23:36 | INFO] [ENCOMENDAS] CACHEANDO ENCOMENDAS
[09:23:36 | INFO] [ENCOMENDAS] ENCOMENDAS CACHEADAS

    
<-<-<================================================================================>->->
    File generated by leekslazylogger v2.0.7 by eartharoid (http://leeks.js.org/logger)
    SquashCodes | Log File
    Wednesday, 26th May 2021, 09:25 am (America/Sao_Paulo) -->
    Node: v14.17.0 on 'Windows' | Time format: 'HH:mm:ss' | Date format: 'YYYY-MM-DD'
<-<-<================================================================================>->->


[09:25:59 | INFO] Connecting to MySQL database...
[09:25:59 | INFO] > Evento debug carregado com sucesso
[09:25:59 | INFO] > Evento error carregado com sucesso
[09:26:00 | INFO] > Evento guildMemberAdd carregado com sucesso
[09:26:00 | INFO] > Evento message carregado com sucesso
[09:26:00 | INFO] > Evento messageDelete carregado com sucesso
[09:26:00 | INFO] > Evento messageReactionAdd carregado com sucesso
[09:26:00 | INFO] > Evento messageUpdate carregado com sucesso
[09:26:00 | INFO] > Evento rateLimit carregado com sucesso
[09:26:00 | INFO] > Evento ready carregado com sucesso
[09:26:00 | INFO] > Evento warn carregado com sucesso
[09:26:00 | INFO] > Comando !add carregado com sucesso
[09:26:00 | INFO] > Comando !authenticate carregado com sucesso
[09:26:00 | INFO] > Comando !canvas carregado com sucesso
[09:26:00 | INFO] > Comando !changeip carregado com sucesso
[09:26:00 | INFO] > Comando !clear carregado com sucesso
[09:26:00 | INFO] > Comando !close carregado com sucesso
[09:26:00 | INFO] > Comando !closeall carregado com sucesso
[09:26:00 | INFO] > Comando !delete carregado com sucesso
[09:26:00 | INFO] > Comando !ajuda carregado com sucesso
[09:26:00 | INFO] > Comando !msg carregado com sucesso
[09:26:00 | INFO] > Comando !panel carregado com sucesso
[09:26:00 | INFO] > Comando !remove carregado com sucesso
[09:26:00 | INFO] > Comando !rename carregado com sucesso
[09:26:00 | INFO] > Comando !stats carregado com sucesso
[09:26:00 | INFO] > Comando !suporte carregado com sucesso
[09:26:00 | INFO] > Comando !tickets carregado com sucesso
[09:26:00 | INFO] > Comando !topic carregado com sucesso
[09:26:00 | INFO] > Comando !trans carregado com sucesso
[09:26:00 | INFO] > Comando !transcript carregado com sucesso
[09:26:00 | INFO] Foram carregados 10 eventos e 19 comandos
[09:26:01 | INFO] 

[09:26:01 | INFO] [ENCOMENDAS] - INICIANDO SISTEMA
[09:26:01 | INFO] [MONGODB] CONEXÃO REALIZADA COM SUCESSO
[09:26:01 | INFO] Serão carregados: 8 comandos!
[09:26:01 | INFO] 1: D:/repos/Jobs/SquashCodes-Bot/encomendas/src/commands/Order/finishOrder.js carregado.
[09:26:01 | INFO] 2: D:/repos/Jobs/SquashCodes-Bot/encomendas/src/commands/Order/newOrder.js carregado.
[09:26:01 | INFO] 3: D:/repos/Jobs/SquashCodes-Bot/encomendas/src/commands/Order/orderStatus.js carregado.
[09:26:01 | INFO] 4: D:/repos/Jobs/SquashCodes-Bot/encomendas/src/commands/Order/restoreOrder.js carregado.
[09:26:01 | INFO] 5: D:/repos/Jobs/SquashCodes-Bot/encomendas/src/commands/Order/updateOrder.js carregado.
[09:26:01 | INFO] 6: D:/repos/Jobs/SquashCodes-Bot/encomendas/src/commands/Util/clearSystem.js carregado.
[09:26:02 | INFO] 7: D:/repos/Jobs/SquashCodes-Bot/encomendas/src/commands/Util/ehelp.js carregado.
[09:26:02 | INFO] 8: D:/repos/Jobs/SquashCodes-Bot/encomendas/src/commands/Util/eval.js carregado.
[09:26:02 | INFO] 

[09:26:02 | INFO] Serão carregados: 3 eventos!
[09:26:02 | INFO] 1: D:/repos/Jobs/SquashCodes-Bot/encomendas/src/events/guild/member/add.js carregado.
[09:26:02 | INFO] 2: D:/repos/Jobs/SquashCodes-Bot/encomendas/src/events/guild/member/update.js carregado.
[09:26:02 | INFO] 3: D:/repos/Jobs/SquashCodes-Bot/encomendas/src/events/message/update.js carregado.
[09:26:02 | INFO] 

[09:26:02 | INFO] Autenticado com sucesso como Zuraaa Testes#7347
[09:26:02 | INFO] Permissão de 'ADMINISTRATOR' verificada com sucesso
[09:26:03 | INFO] [MYSQL] CONEXÃO REALIZADA COM SUCESSO
[09:26:03 | INFO] [ENCOMENDAS] SISTEMA ONLINE!
[09:26:03 | INFO] [ENCOMENDAS] CACHEANDO CARGOS
[09:26:03 | INFO] [ENCOMENDAS] CARGOS CACHEADOS
[09:26:03 | INFO] [ENCOMENDAS] CACHEANDO ENCOMENDAS
[09:26:03 | INFO] [ENCOMENDAS] ENCOMENDAS CACHEADAS

    
<-<-<================================================================================>->->
    File generated by leekslazylogger v2.0.7 by eartharoid (http://leeks.js.org/logger)
    SquashCodes | Log File
    Wednesday, 26th May 2021, 09:27 am (America/Sao_Paulo) -->
    Node: v14.17.0 on 'Windows' | Time format: 'HH:mm:ss' | Date format: 'YYYY-MM-DD'
<-<-<================================================================================>->->



    
<-<-<================================================================================>->->
    File generated by leekslazylogger v2.0.7 by eartharoid (http://leeks.js.org/logger)
    SquashCodes | Log File
    Wednesday, 26th May 2021, 09:27 am (America/Sao_Paulo) -->
    Node: v14.17.0 on 'Windows' | Time format: 'HH:mm:ss' | Date format: 'YYYY-MM-DD'
<-<-<================================================================================>->->


[09:27:15 | INFO] Connecting to MySQL database...
[09:27:16 | INFO] > Evento debug carregado com sucesso
[09:27:16 | INFO] > Evento error carregado com sucesso
[09:27:16 | INFO] > Evento guildMemberAdd carregado com sucesso
[09:27:16 | INFO] > Evento message carregado com sucesso
[09:27:16 | INFO] > Evento messageDelete carregado com sucesso
[09:27:16 | INFO] > Evento messageReactionAdd carregado com sucesso
[09:27:16 | INFO] > Evento messageUpdate carregado com sucesso
[09:27:16 | INFO] > Evento rateLimit carregado com sucesso
[09:27:16 | INFO] > Evento ready carregado com sucesso
[09:27:16 | INFO] > Evento warn carregado com sucesso
[09:27:16 | INFO] > Comando !add carregado com sucesso
[09:27:16 | INFO] > Comando !authenticate carregado com sucesso
[09:27:16 | INFO] > Comando !canvas carregado com sucesso
[09:27:16 | INFO] > Comando !changeip carregado com sucesso
[09:27:16 | INFO] > Comando !clear carregado com sucesso
[09:27:16 | INFO] > Comando !close carregado com sucesso
[09:27:16 | INFO] > Comando !closeall carregado com sucesso
[09:27:16 | INFO] > Comando !delete carregado com sucesso
[09:27:16 | INFO] > Comando !ajuda carregado com sucesso
[09:27:16 | INFO] > Comando !msg carregado com sucesso
[09:27:16 | INFO] > Comando !panel carregado com sucesso
[09:27:16 | INFO] > Comando !remove carregado com sucesso
[09:27:16 | INFO] > Comando !rename carregado com sucesso
[09:27:16 | INFO] > Comando !stats carregado com sucesso
[09:27:16 | INFO] > Comando !suporte carregado com sucesso
[09:27:16 | INFO] > Comando !tickets carregado com sucesso
[09:27:16 | INFO] > Comando !topic carregado com sucesso
[09:27:16 | INFO] > Comando !trans carregado com sucesso
[09:27:16 | INFO] > Comando !transcript carregado com sucesso
[09:27:16 | INFO] Foram carregados 10 eventos e 19 comandos
[09:27:17 | INFO] 

[09:27:17 | INFO] [ENCOMENDAS] - INICIANDO SISTEMA
[09:27:17 | INFO] [MONGODB] CONEXÃO REALIZADA COM SUCESSO
[09:27:18 | INFO] Serão carregados: 8 comandos!
[09:27:18 | INFO] 1: D:/repos/Jobs/SquashCodes-Bot/encomendas/src/commands/Order/finishOrder.js carregado.
[09:27:18 | INFO] 2: D:/repos/Jobs/SquashCodes-Bot/encomendas/src/commands/Order/newOrder.js carregado.
[09:27:18 | INFO] 3: D:/repos/Jobs/SquashCodes-Bot/encomendas/src/commands/Order/orderStatus.js carregado.
[09:27:18 | INFO] 4: D:/repos/Jobs/SquashCodes-Bot/encomendas/src/commands/Order/restoreOrder.js carregado.
[09:27:18 | INFO] 5: D:/repos/Jobs/SquashCodes-Bot/encomendas/src/commands/Order/updateOrder.js carregado.
[09:27:18 | INFO] 6: D:/repos/Jobs/SquashCodes-Bot/encomendas/src/commands/Util/clearSystem.js carregado.
[09:27:18 | INFO] 7: D:/repos/Jobs/SquashCodes-Bot/encomendas/src/commands/Util/ehelp.js carregado.
[09:27:18 | INFO] 8: D:/repos/Jobs/SquashCodes-Bot/encomendas/src/commands/Util/eval.js carregado.
[09:27:18 | INFO] 

[09:27:18 | INFO] Serão carregados: 3 eventos!
[09:27:18 | INFO] 1: D:/repos/Jobs/SquashCodes-Bot/encomendas/src/events/guild/member/add.js carregado.
[09:27:18 | INFO] 2: D:/repos/Jobs/SquashCodes-Bot/encomendas/src/events/guild/member/update.js carregado.
[09:27:18 | INFO] 3: D:/repos/Jobs/SquashCodes-Bot/encomendas/src/events/message/update.js carregado.
[09:27:18 | INFO] 

[09:27:19 | INFO] Autenticado com sucesso como Zuraaa Testes#7347
[09:27:19 | INFO] Permissão de 'ADMINISTRATOR' verificada com sucesso
[09:27:19 | INFO] [MYSQL] CONEXÃO REALIZADA COM SUCESSO
[09:27:19 | INFO] [ENCOMENDAS] SISTEMA ONLINE!
[09:27:19 | INFO] [ENCOMENDAS] CACHEANDO CARGOS
[09:27:19 | INFO] [ENCOMENDAS] CARGOS CACHEADOS
[09:27:19 | INFO] [ENCOMENDAS] CACHEANDO ENCOMENDAS
[09:27:19 | INFO] [ENCOMENDAS] ENCOMENDAS CACHEADAS

    
<-<-<================================================================================>->->
    File generated by leekslazylogger v2.0.7 by eartharoid (http://leeks.js.org/logger)
    SquashCodes | Log File
    Wednesday, 26th May 2021, 09:27 am (America/Sao_Paulo) -->
    Node: v14.17.0 on 'Windows' | Time format: 'HH:mm:ss' | Date format: 'YYYY-MM-DD'
<-<-<================================================================================>->->


[09:27:57 | INFO] Connecting to MySQL database...
[09:27:58 | INFO] > Evento debug carregado com sucesso
[09:27:58 | INFO] > Evento error carregado com sucesso
[09:27:58 | INFO] > Evento guildMemberAdd carregado com sucesso
[09:27:58 | INFO] > Evento message carregado com sucesso
[09:27:58 | INFO] > Evento messageDelete carregado com sucesso
[09:27:58 | INFO] > Evento messageReactionAdd carregado com sucesso
[09:27:58 | INFO] > Evento messageUpdate carregado com sucesso
[09:27:58 | INFO] > Evento rateLimit carregado com sucesso
[09:27:58 | INFO] > Evento ready carregado com sucesso
[09:27:58 | INFO] > Evento warn carregado com sucesso
[09:27:58 | INFO] > Comando !add carregado com sucesso
[09:27:58 | INFO] > Comando !authenticate carregado com sucesso
[09:27:58 | INFO] > Comando !canvas carregado com sucesso
[09:27:58 | INFO] > Comando !changeip carregado com sucesso
[09:27:58 | INFO] > Comando !clear carregado com sucesso
[09:27:58 | INFO] > Comando !close carregado com sucesso
[09:27:58 | INFO] > Comando !closeall carregado com sucesso
[09:27:58 | INFO] > Comando !delete carregado com sucesso
[09:27:58 | INFO] > Comando !ajuda carregado com sucesso
[09:27:58 | INFO] > Comando !msg carregado com sucesso
[09:27:58 | INFO] > Comando !panel carregado com sucesso
[09:27:58 | INFO] > Comando !remove carregado com sucesso
[09:27:58 | INFO] > Comando !rename carregado com sucesso
[09:27:58 | INFO] > Comando !stats carregado com sucesso
[09:27:58 | INFO] > Comando !suporte carregado com sucesso
[09:27:58 | INFO] > Comando !tickets carregado com sucesso
[09:27:58 | INFO] > Comando !topic carregado com sucesso
[09:27:58 | INFO] > Comando !trans carregado com sucesso
[09:27:58 | INFO] > Comando !transcript carregado com sucesso
[09:27:58 | INFO] Foram carregados 10 eventos e 19 comandos
[09:27:59 | INFO] 

[09:27:59 | INFO] [ENCOMENDAS] - INICIANDO SISTEMA
[09:27:59 | INFO] [MONGODB] CONEXÃO REALIZADA COM SUCESSO
[09:28:00 | INFO] Serão carregados: 8 comandos!
[09:28:00 | INFO] 1: D:/repos/Jobs/SquashCodes-Bot/encomendas/src/commands/Order/finishOrder.js carregado.
[09:28:00 | INFO] 2: D:/repos/Jobs/SquashCodes-Bot/encomendas/src/commands/Order/newOrder.js carregado.
[09:28:00 | INFO] 3: D:/repos/Jobs/SquashCodes-Bot/encomendas/src/commands/Order/orderStatus.js carregado.
[09:28:00 | INFO] 4: D:/repos/Jobs/SquashCodes-Bot/encomendas/src/commands/Order/restoreOrder.js carregado.
[09:28:00 | INFO] 5: D:/repos/Jobs/SquashCodes-Bot/encomendas/src/commands/Order/updateOrder.js carregado.
[09:28:00 | INFO] 6: D:/repos/Jobs/SquashCodes-Bot/encomendas/src/commands/Util/clearSystem.js carregado.
[09:28:00 | INFO] 7: D:/repos/Jobs/SquashCodes-Bot/encomendas/src/commands/Util/ehelp.js carregado.
[09:28:00 | INFO] 8: D:/repos/Jobs/SquashCodes-Bot/encomendas/src/commands/Util/eval.js carregado.
[09:28:00 | INFO] 

[09:28:00 | INFO] Serão carregados: 3 eventos!
[09:28:00 | INFO] 1: D:/repos/Jobs/SquashCodes-Bot/encomendas/src/events/guild/member/add.js carregado.
[09:28:00 | INFO] 2: D:/repos/Jobs/SquashCodes-Bot/encomendas/src/events/guild/member/update.js carregado.
[09:28:00 | INFO] 3: D:/repos/Jobs/SquashCodes-Bot/encomendas/src/events/message/update.js carregado.
[09:28:00 | INFO] 

[09:28:01 | INFO] Autenticado com sucesso como Zuraaa Testes#7347
[09:28:01 | INFO] Permissão de 'ADMINISTRATOR' verificada com sucesso
[09:28:01 | INFO] [MYSQL] CONEXÃO REALIZADA COM SUCESSO
[09:28:01 | INFO] [ENCOMENDAS] SISTEMA ONLINE!
[09:28:01 | INFO] [ENCOMENDAS] CACHEANDO CARGOS
[09:28:01 | INFO] [ENCOMENDAS] CARGOS CACHEADOS
[09:28:01 | INFO] [ENCOMENDAS] CACHEANDO ENCOMENDAS
[09:28:01 | INFO] [ENCOMENDAS] ENCOMENDAS CACHEADAS

    
<-<-<================================================================================>->->
    File generated by leekslazylogger v2.0.7 by eartharoid (http://leeks.js.org/logger)
    SquashCodes | Log File
    Wednesday, 26th May 2021, 09:28 am (America/Sao_Paulo) -->
    Node: v14.17.0 on 'Windows' | Time format: 'HH:mm:ss' | Date format: 'YYYY-MM-DD'
<-<-<================================================================================>->->


[09:28:28 | INFO] Connecting to MySQL database...
[09:28:28 | INFO] > Evento debug carregado com sucesso
[09:28:28 | INFO] > Evento error carregado com sucesso
[09:28:28 | INFO] > Evento guildMemberAdd carregado com sucesso
[09:28:28 | INFO] > Evento message carregado com sucesso
[09:28:28 | INFO] > Evento messageDelete carregado com sucesso
[09:28:28 | INFO] > Evento messageReactionAdd carregado com sucesso
[09:28:28 | INFO] > Evento messageUpdate carregado com sucesso
[09:28:28 | INFO] > Evento rateLimit carregado com sucesso
[09:28:28 | INFO] > Evento ready carregado com sucesso
[09:28:28 | INFO] > Evento warn carregado com sucesso
[09:28:28 | INFO] > Comando !add carregado com sucesso
[09:28:29 | INFO] > Comando !authenticate carregado com sucesso
[09:28:29 | INFO] > Comando !canvas carregado com sucesso
[09:28:29 | INFO] > Comando !changeip carregado com sucesso
[09:28:29 | INFO] > Comando !clear carregado com sucesso
[09:28:29 | INFO] > Comando !close carregado com sucesso
[09:28:29 | INFO] > Comando !closeall carregado com sucesso
[09:28:29 | INFO] > Comando !delete carregado com sucesso
[09:28:29 | INFO] > Comando !ajuda carregado com sucesso
[09:28:29 | INFO] > Comando !msg carregado com sucesso
[09:28:29 | INFO] > Comando !panel carregado com sucesso
[09:28:29 | INFO] > Comando !remove carregado com sucesso
[09:28:29 | INFO] > Comando !rename carregado com sucesso
[09:28:29 | INFO] > Comando !stats carregado com sucesso
[09:28:29 | INFO] > Comando !suporte carregado com sucesso
[09:28:29 | INFO] > Comando !tickets carregado com sucesso
[09:28:29 | INFO] > Comando !topic carregado com sucesso
[09:28:29 | INFO] > Comando !trans carregado com sucesso
[09:28:29 | INFO] > Comando !transcript carregado com sucesso
[09:28:29 | INFO] Foram carregados 10 eventos e 19 comandos
[09:28:30 | INFO] 

[09:28:30 | INFO] [ENCOMENDAS] - INICIANDO SISTEMA
[09:28:30 | INFO] [MONGODB] CONEXÃO REALIZADA COM SUCESSO
[09:28:30 | INFO] Serão carregados: 8 comandos!
[09:28:30 | INFO] 1: D:/repos/Jobs/SquashCodes-Bot/encomendas/src/commands/Order/finishOrder.js carregado.
[09:28:30 | INFO] 2: D:/repos/Jobs/SquashCodes-Bot/encomendas/src/commands/Order/newOrder.js carregado.
[09:28:30 | INFO] 3: D:/repos/Jobs/SquashCodes-Bot/encomendas/src/commands/Order/orderStatus.js carregado.
[09:28:30 | INFO] 4: D:/repos/Jobs/SquashCodes-Bot/encomendas/src/commands/Order/restoreOrder.js carregado.
[09:28:30 | INFO] 5: D:/repos/Jobs/SquashCodes-Bot/encomendas/src/commands/Order/updateOrder.js carregado.
[09:28:30 | INFO] 6: D:/repos/Jobs/SquashCodes-Bot/encomendas/src/commands/Util/clearSystem.js carregado.
[09:28:30 | INFO] 7: D:/repos/Jobs/SquashCodes-Bot/encomendas/src/commands/Util/ehelp.js carregado.
[09:28:30 | INFO] 8: D:/repos/Jobs/SquashCodes-Bot/encomendas/src/commands/Util/eval.js carregado.
[09:28:30 | INFO] 

[09:28:30 | INFO] Serão carregados: 3 eventos!
[09:28:30 | INFO] 1: D:/repos/Jobs/SquashCodes-Bot/encomendas/src/events/guild/member/add.js carregado.
[09:28:30 | INFO] 2: D:/repos/Jobs/SquashCodes-Bot/encomendas/src/events/guild/member/update.js carregado.
[09:28:31 | INFO] 3: D:/repos/Jobs/SquashCodes-Bot/encomendas/src/events/message/update.js carregado.
[09:28:31 | INFO] 

[09:28:31 | INFO] Autenticado com sucesso como Zuraaa Testes#7347
[09:28:31 | INFO] Permissão de 'ADMINISTRATOR' verificada com sucesso
[09:28:31 | INFO] [MYSQL] CONEXÃO REALIZADA COM SUCESSO
[09:28:32 | INFO] [ENCOMENDAS] SISTEMA ONLINE!
[09:28:32 | INFO] [ENCOMENDAS] CACHEANDO CARGOS
[09:28:32 | INFO] [ENCOMENDAS] CARGOS CACHEADOS
[09:28:32 | INFO] [ENCOMENDAS] CACHEANDO ENCOMENDAS
[09:28:32 | INFO] [ENCOMENDAS] ENCOMENDAS CACHEADAS

    
<-<-<================================================================================>->->
    File generated by leekslazylogger v2.0.7 by eartharoid (http://leeks.js.org/logger)
    SquashCodes | Log File
    Wednesday, 26th May 2021, 09:31 am (America/Sao_Paulo) -->
    Node: v14.17.0 on 'Windows' | Time format: 'HH:mm:ss' | Date format: 'YYYY-MM-DD'
<-<-<================================================================================>->->


[09:31:11 | INFO] Connecting to MySQL database...
[09:31:11 | INFO] > Evento debug carregado com sucesso
[09:31:11 | INFO] > Evento error carregado com sucesso
[09:31:11 | INFO] > Evento guildMemberAdd carregado com sucesso
[09:31:11 | INFO] > Evento message carregado com sucesso
[09:31:11 | INFO] > Evento messageDelete carregado com sucesso
[09:31:11 | INFO] > Evento messageReactionAdd carregado com sucesso
[09:31:11 | INFO] > Evento messageUpdate carregado com sucesso
[09:31:11 | INFO] > Evento rateLimit carregado com sucesso
[09:31:11 | INFO] > Evento ready carregado com sucesso
[09:31:11 | INFO] > Evento warn carregado com sucesso
[09:31:11 | INFO] > Comando !add carregado com sucesso
[09:31:11 | INFO] > Comando !authenticate carregado com sucesso
[09:31:11 | INFO] > Comando !canvas carregado com sucesso
[09:31:11 | INFO] > Comando !changeip carregado com sucesso
[09:31:11 | INFO] > Comando !clear carregado com sucesso
[09:31:11 | INFO] > Comando !close carregado com sucesso
[09:31:11 | INFO] > Comando !closeall carregado com sucesso
[09:31:11 | INFO] > Comando !delete carregado com sucesso
[09:31:11 | INFO] > Comando !ajuda carregado com sucesso
[09:31:11 | INFO] > Comando !msg carregado com sucesso
[09:31:11 | INFO] > Comando !panel carregado com sucesso
[09:31:11 | INFO] > Comando !remove carregado com sucesso
[09:31:11 | INFO] > Comando !rename carregado com sucesso
[09:31:11 | INFO] > Comando !stats carregado com sucesso
[09:31:11 | INFO] > Comando !suporte carregado com sucesso
[09:31:11 | INFO] > Comando !tickets carregado com sucesso
[09:31:11 | INFO] > Comando !topic carregado com sucesso
[09:31:11 | INFO] > Comando !trans carregado com sucesso
[09:31:11 | INFO] > Comando !transcript carregado com sucesso
[09:31:11 | INFO] Foram carregados 10 eventos e 19 comandos
[09:31:12 | INFO] 

[09:31:12 | INFO] [ENCOMENDAS] - INICIANDO SISTEMA
[09:31:12 | INFO] [MONGODB] CONEXÃO REALIZADA COM SUCESSO
[09:31:13 | INFO] Serão carregados: 8 comandos!
[09:31:13 | INFO] 1: D:/repos/Jobs/SquashCodes-Bot/encomendas/src/commands/Order/finishOrder.js carregado.
[09:31:13 | INFO] 2: D:/repos/Jobs/SquashCodes-Bot/encomendas/src/commands/Order/newOrder.js carregado.
[09:31:13 | INFO] 3: D:/repos/Jobs/SquashCodes-Bot/encomendas/src/commands/Order/orderStatus.js carregado.
[09:31:13 | INFO] 4: D:/repos/Jobs/SquashCodes-Bot/encomendas/src/commands/Order/restoreOrder.js carregado.
[09:31:13 | INFO] 5: D:/repos/Jobs/SquashCodes-Bot/encomendas/src/commands/Order/updateOrder.js carregado.
[09:31:13 | INFO] 6: D:/repos/Jobs/SquashCodes-Bot/encomendas/src/commands/Util/clearSystem.js carregado.
[09:31:13 | INFO] 7: D:/repos/Jobs/SquashCodes-Bot/encomendas/src/commands/Util/ehelp.js carregado.
[09:31:13 | INFO] 8: D:/repos/Jobs/SquashCodes-Bot/encomendas/src/commands/Util/eval.js carregado.
[09:31:13 | INFO] 

[09:31:13 | INFO] Serão carregados: 3 eventos!
[09:31:13 | INFO] 1: D:/repos/Jobs/SquashCodes-Bot/encomendas/src/events/guild/member/add.js carregado.
[09:31:13 | INFO] 2: D:/repos/Jobs/SquashCodes-Bot/encomendas/src/events/guild/member/update.js carregado.
[09:31:13 | INFO] 3: D:/repos/Jobs/SquashCodes-Bot/encomendas/src/events/message/update.js carregado.
[09:31:13 | INFO] 

[09:31:14 | INFO] Autenticado com sucesso como Zuraaa Testes#7347
[09:31:14 | INFO] Permissão de 'ADMINISTRATOR' verificada com sucesso
[09:31:14 | INFO] [MYSQL] CONEXÃO REALIZADA COM SUCESSO
[09:31:14 | INFO] [ENCOMENDAS] SISTEMA ONLINE!
[09:31:14 | INFO] [ENCOMENDAS] CACHEANDO CARGOS
[09:31:14 | INFO] [ENCOMENDAS] CARGOS CACHEADOS
[09:31:14 | INFO] [ENCOMENDAS] CACHEANDO ENCOMENDAS
[09:31:14 | INFO] [ENCOMENDAS] ENCOMENDAS CACHEADAS

    
<-<-<================================================================================>->->
    File generated by leekslazylogger v2.0.7 by eartharoid (http://leeks.js.org/logger)
    SquashCodes | Log File
    Wednesday, 26th May 2021, 09:32 am (America/Sao_Paulo) -->
    Node: v14.17.0 on 'Windows' | Time format: 'HH:mm:ss' | Date format: 'YYYY-MM-DD'
<-<-<================================================================================>->->


[09:32:03 | INFO] Connecting to MySQL database...
[09:32:03 | INFO] > Evento debug carregado com sucesso
[09:32:03 | INFO] > Evento error carregado com sucesso
[09:32:03 | INFO] > Evento guildMemberAdd carregado com sucesso
[09:32:03 | INFO] > Evento message carregado com sucesso
[09:32:03 | INFO] > Evento messageDelete carregado com sucesso
[09:32:03 | INFO] > Evento messageReactionAdd carregado com sucesso
[09:32:03 | INFO] > Evento messageUpdate carregado com sucesso
[09:32:03 | INFO] > Evento rateLimit carregado com sucesso
[09:32:03 | INFO] > Evento ready carregado com sucesso
[09:32:03 | INFO] > Evento warn carregado com sucesso
[09:32:04 | INFO] > Comando !add carregado com sucesso
[09:32:04 | INFO] > Comando !authenticate carregado com sucesso
[09:32:04 | INFO] > Comando !canvas carregado com sucesso
[09:32:04 | INFO] > Comando !changeip carregado com sucesso
[09:32:04 | INFO] > Comando !clear carregado com sucesso
[09:32:04 | INFO] > Comando !close carregado com sucesso
[09:32:04 | INFO] > Comando !closeall carregado com sucesso
[09:32:04 | INFO] > Comando !delete carregado com sucesso
[09:32:04 | INFO] > Comando !ajuda carregado com sucesso
[09:32:04 | INFO] > Comando !msg carregado com sucesso
[09:32:04 | INFO] > Comando !panel carregado com sucesso
[09:32:04 | INFO] > Comando !remove carregado com sucesso
[09:32:04 | INFO] > Comando !rename carregado com sucesso
[09:32:04 | INFO] > Comando !stats carregado com sucesso
[09:32:04 | INFO] > Comando !suporte carregado com sucesso
[09:32:04 | INFO] > Comando !tickets carregado com sucesso
[09:32:04 | INFO] > Comando !topic carregado com sucesso
[09:32:04 | INFO] > Comando !trans carregado com sucesso
[09:32:04 | INFO] > Comando !transcript carregado com sucesso
[09:32:04 | INFO] Foram carregados 10 eventos e 19 comandos
[09:32:05 | INFO] 

[09:32:05 | INFO] [ENCOMENDAS] - INICIANDO SISTEMA
[09:32:05 | INFO] [MONGODB] CONEXÃO REALIZADA COM SUCESSO
[09:32:05 | INFO] Serão carregados: 8 comandos!
[09:32:05 | INFO] 1: D:/repos/Jobs/SquashCodes-Bot/encomendas/src/commands/Order/finishOrder.js carregado.
[09:32:06 | INFO] 2: D:/repos/Jobs/SquashCodes-Bot/encomendas/src/commands/Order/newOrder.js carregado.
[09:32:06 | INFO] 3: D:/repos/Jobs/SquashCodes-Bot/encomendas/src/commands/Order/orderStatus.js carregado.
[09:32:06 | INFO] 4: D:/repos/Jobs/SquashCodes-Bot/encomendas/src/commands/Order/restoreOrder.js carregado.
[09:32:06 | INFO] 5: D:/repos/Jobs/SquashCodes-Bot/encomendas/src/commands/Order/updateOrder.js carregado.
[09:32:06 | INFO] 6: D:/repos/Jobs/SquashCodes-Bot/encomendas/src/commands/Util/clearSystem.js carregado.
[09:32:06 | INFO] 7: D:/repos/Jobs/SquashCodes-Bot/encomendas/src/commands/Util/ehelp.js carregado.
[09:32:06 | INFO] 8: D:/repos/Jobs/SquashCodes-Bot/encomendas/src/commands/Util/eval.js carregado.
[09:32:06 | INFO] 

[09:32:06 | INFO] Serão carregados: 3 eventos!
[09:32:06 | INFO] 1: D:/repos/Jobs/SquashCodes-Bot/encomendas/src/events/guild/member/add.js carregado.
[09:32:06 | INFO] 2: D:/repos/Jobs/SquashCodes-Bot/encomendas/src/events/guild/member/update.js carregado.
[09:32:06 | INFO] 3: D:/repos/Jobs/SquashCodes-Bot/encomendas/src/events/message/update.js carregado.
[09:32:06 | INFO] 

[09:32:07 | INFO] Autenticado com sucesso como Zuraaa Testes#7347
[09:32:07 | INFO] Permissão de 'ADMINISTRATOR' verificada com sucesso
[09:32:07 | INFO] [MYSQL] CONEXÃO REALIZADA COM SUCESSO
[09:32:08 | INFO] [ENCOMENDAS] SISTEMA ONLINE!
[09:32:08 | INFO] [ENCOMENDAS] CACHEANDO CARGOS
[09:32:08 | INFO] [ENCOMENDAS] CARGOS CACHEADOS
[09:32:08 | INFO] [ENCOMENDAS] CACHEANDO ENCOMENDAS
[09:32:08 | INFO] [ENCOMENDAS] ENCOMENDAS CACHEADAS

    
<-<-<================================================================================>->->
    File generated by leekslazylogger v2.0.7 by eartharoid (http://leeks.js.org/logger)
    SquashCodes | Log File
    Wednesday, 26th May 2021, 09:49 am (America/Sao_Paulo) -->
    Node: v14.17.0 on 'Windows' | Time format: 'HH:mm:ss' | Date format: 'YYYY-MM-DD'
<-<-<================================================================================>->->


[09:49:06 | INFO] Connecting to MySQL database...
[09:49:06 | INFO] > Evento debug carregado com sucesso
[09:49:06 | INFO] > Evento error carregado com sucesso
[09:49:06 | INFO] > Evento guildMemberAdd carregado com sucesso
[09:49:06 | INFO] > Evento message carregado com sucesso
[09:49:06 | INFO] > Evento messageDelete carregado com sucesso
[09:49:06 | INFO] > Evento messageReactionAdd carregado com sucesso
[09:49:06 | INFO] > Evento messageUpdate carregado com sucesso
[09:49:06 | INFO] > Evento rateLimit carregado com sucesso
[09:49:06 | INFO] > Evento ready carregado com sucesso
[09:49:06 | INFO] > Evento warn carregado com sucesso
[09:49:06 | INFO] > Comando !add carregado com sucesso
[09:49:06 | INFO] > Comando !authenticate carregado com sucesso
[09:49:06 | INFO] > Comando !canvas carregado com sucesso
[09:49:06 | INFO] > Comando !changeip carregado com sucesso
[09:49:06 | INFO] > Comando !clear carregado com sucesso
[09:49:06 | INFO] > Comando !close carregado com sucesso
[09:49:06 | INFO] > Comando !closeall carregado com sucesso
[09:49:06 | INFO] > Comando !delete carregado com sucesso
[09:49:06 | INFO] > Comando !ajuda carregado com sucesso
[09:49:06 | INFO] > Comando !msg carregado com sucesso
[09:49:06 | INFO] > Comando !panel carregado com sucesso
[09:49:06 | INFO] > Comando !remove carregado com sucesso
[09:49:06 | INFO] > Comando !rename carregado com sucesso
[09:49:06 | INFO] > Comando !stats carregado com sucesso
[09:49:06 | INFO] > Comando !suporte carregado com sucesso
[09:49:06 | INFO] > Comando !tickets carregado com sucesso
[09:49:06 | INFO] > Comando !topic carregado com sucesso
[09:49:06 | INFO] > Comando !trans carregado com sucesso
[09:49:06 | INFO] > Comando !transcript carregado com sucesso
[09:49:06 | INFO] Foram carregados 10 eventos e 19 comandos
[09:49:07 | INFO] 

[09:49:07 | INFO] [ENCOMENDAS] - INICIANDO SISTEMA
[09:49:07 | INFO] [MONGODB] CONEXÃO REALIZADA COM SUCESSO
[09:49:08 | INFO] Serão carregados: 8 comandos!
[09:49:08 | INFO] 1: D:/repos/Jobs/SquashCodes-Bot/encomendas/src/commands/Order/finishOrder.js carregado.
[09:49:08 | INFO] 2: D:/repos/Jobs/SquashCodes-Bot/encomendas/src/commands/Order/newOrder.js carregado.
[09:49:08 | INFO] 3: D:/repos/Jobs/SquashCodes-Bot/encomendas/src/commands/Order/orderStatus.js carregado.
[09:49:08 | INFO] 4: D:/repos/Jobs/SquashCodes-Bot/encomendas/src/commands/Order/restoreOrder.js carregado.
[09:49:08 | INFO] 5: D:/repos/Jobs/SquashCodes-Bot/encomendas/src/commands/Order/updateOrder.js carregado.
[09:49:08 | INFO] 6: D:/repos/Jobs/SquashCodes-Bot/encomendas/src/commands/Util/clearSystem.js carregado.
[09:49:08 | INFO] 7: D:/repos/Jobs/SquashCodes-Bot/encomendas/src/commands/Util/ehelp.js carregado.
[09:49:08 | INFO] 8: D:/repos/Jobs/SquashCodes-Bot/encomendas/src/commands/Util/eval.js carregado.
[09:49:08 | INFO] 

[09:49:08 | INFO] Serão carregados: 3 eventos!
[09:49:08 | INFO] 1: D:/repos/Jobs/SquashCodes-Bot/encomendas/src/events/guild/member/add.js carregado.
[09:49:08 | INFO] 2: D:/repos/Jobs/SquashCodes-Bot/encomendas/src/events/guild/member/update.js carregado.
[09:49:08 | INFO] 3: D:/repos/Jobs/SquashCodes-Bot/encomendas/src/events/message/update.js carregado.
[09:49:08 | INFO] 

[09:49:09 | INFO] Autenticado com sucesso como Zuraaa Testes#7347
[09:49:09 | INFO] Permissão de 'ADMINISTRATOR' verificada com sucesso
[09:49:09 | INFO] [MYSQL] CONEXÃO REALIZADA COM SUCESSO
[09:49:09 | INFO] [ENCOMENDAS] SISTEMA ONLINE!
[09:49:09 | INFO] [ENCOMENDAS] CACHEANDO CARGOS
[09:49:09 | INFO] [ENCOMENDAS] CARGOS CACHEADOS
[09:49:09 | INFO] [ENCOMENDAS] CACHEANDO ENCOMENDAS
[09:49:09 | INFO] [ENCOMENDAS] ENCOMENDAS CACHEADAS
