
    
<-<-<================================================================================>->->
    File generated by leekslazylogger v2.0.7 by eartharoid (http://leeks.js.org/logger)
    SquashCodes | Log File
    Saturday, 29th May 2021, 00:48 am (America/Sao_Paulo) -->
    Node: v14.17.0 on 'Windows' | Time format: 'HH:mm:ss' | Date format: 'YYYY-MM-DD'
<-<-<================================================================================>->->


[00:48:18 | INFO] Connecting to MySQL database...
[00:48:19 | INFO] > Evento debug carregado com sucesso
[00:48:19 | INFO] > Evento error carregado com sucesso
[00:48:19 | INFO] > Evento guildMemberAdd carregado com sucesso
[00:48:19 | INFO] > Evento message carregado com sucesso
[00:48:19 | INFO] > Evento messageDelete carregado com sucesso
[00:48:19 | INFO] > Evento messageReactionAdd carregado com sucesso
[00:48:19 | INFO] > Evento messageUpdate carregado com sucesso
[00:48:20 | INFO] > Evento rateLimit carregado com sucesso
[00:48:20 | INFO] > Evento ready carregado com sucesso
[00:48:20 | INFO] > Evento warn carregado com sucesso
[00:48:20 | INFO] > Comando !add carregado com sucesso
[00:48:20 | INFO] > Comando !authenticate carregado com sucesso
[00:48:20 | INFO] > Comando !canvas carregado com sucesso
[00:48:20 | INFO] > Comando !changeip carregado com sucesso
[00:48:20 | INFO] > Comando !clear carregado com sucesso
[00:48:20 | INFO] > Comando !close carregado com sucesso
[00:48:20 | INFO] > Comando !closeall carregado com sucesso
[00:48:20 | INFO] > Comando !delete carregado com sucesso
[00:48:20 | INFO] > Comando !ajuda carregado com sucesso
[00:48:20 | INFO] > Comando !msg carregado com sucesso
[00:48:20 | INFO] > Comando !panel carregado com sucesso
[00:48:20 | INFO] > Comando !remove carregado com sucesso
[00:48:20 | INFO] > Comando !rename carregado com sucesso
[00:48:20 | INFO] > Comando !stats carregado com sucesso
[00:48:20 | INFO] > Comando !suporte carregado com sucesso
[00:48:20 | INFO] > Comando !tickets carregado com sucesso
[00:48:20 | INFO] > Comando !topic carregado com sucesso
[00:48:20 | INFO] > Comando !trans carregado com sucesso
[00:48:20 | INFO] > Comando !transcript carregado com sucesso
[00:48:20 | INFO] Foram carregados 10 eventos e 19 comandos
[00:48:25 | INFO] 

[00:48:25 | INFO] [ENCOMENDAS] - INICIANDO SISTEMA
[00:48:25 | INFO] [MONGODB] CONEXÃO REALIZADA COM SUCESSO
[00:48:26 | INFO] Serão carregados: 8 comandos!
[00:48:26 | INFO] 1: D:/repos/Jobs/SquashCodes-Bot/encomendas/src/commands/Order/finishOrder.js carregado.
[00:48:26 | INFO] 2: D:/repos/Jobs/SquashCodes-Bot/encomendas/src/commands/Order/newOrder.js carregado.
[00:48:26 | INFO] 3: D:/repos/Jobs/SquashCodes-Bot/encomendas/src/commands/Order/orderStatus.js carregado.
[00:48:26 | INFO] 4: D:/repos/Jobs/SquashCodes-Bot/encomendas/src/commands/Order/restoreOrder.js carregado.
[00:48:26 | INFO] 5: D:/repos/Jobs/SquashCodes-Bot/encomendas/src/commands/Order/updateOrder.js carregado.
[00:48:26 | INFO] 6: D:/repos/Jobs/SquashCodes-Bot/encomendas/src/commands/Util/clearSystem.js carregado.
[00:48:26 | INFO] 7: D:/repos/Jobs/SquashCodes-Bot/encomendas/src/commands/Util/ehelp.js carregado.
[00:48:26 | INFO] 8: D:/repos/Jobs/SquashCodes-Bot/encomendas/src/commands/Util/eval.js carregado.
[00:48:26 | INFO] 

[00:48:26 | INFO] Serão carregados: 3 eventos!
[00:48:26 | INFO] 1: D:/repos/Jobs/SquashCodes-Bot/encomendas/src/events/guild/member/add.js carregado.
[00:48:26 | INFO] 2: D:/repos/Jobs/SquashCodes-Bot/encomendas/src/events/guild/member/update.js carregado.
[00:48:26 | INFO] 3: D:/repos/Jobs/SquashCodes-Bot/encomendas/src/events/message/update.js carregado.
[00:48:26 | INFO] 

[00:48:27 | INFO] Autenticado com sucesso como Zuraaa Testes#7347
[00:48:27 | INFO] Permissão de 'ADMINISTRATOR' verificada com sucesso
[00:48:27 | INFO] [MYSQL] CONEXÃO REALIZADA COM SUCESSO
[00:48:27 | INFO] [ENCOMENDAS] SISTEMA ONLINE!
[00:48:28 | INFO] [ENCOMENDAS] CACHEANDO CARGOS
[00:48:28 | INFO] [ENCOMENDAS] CARGOS CACHEADOS
[00:48:28 | INFO] [ENCOMENDAS] CACHEANDO ENCOMENDAS
[00:48:28 | INFO] [ENCOMENDAS] ENCOMENDAS CACHEADAS
[00:48:55 | INFO] ClearSystem was executed then this process will be exited soon.
[00:48:55 | INFO] Bye bye~!

    
<-<-<================================================================================>->->
    File generated by leekslazylogger v2.0.7 by eartharoid (http://leeks.js.org/logger)
    SquashCodes | Log File
    Saturday, 29th May 2021, 00:49 am (America/Sao_Paulo) -->
    Node: v14.17.0 on 'Windows' | Time format: 'HH:mm:ss' | Date format: 'YYYY-MM-DD'
<-<-<================================================================================>->->


[00:49:18 | INFO] Connecting to MySQL database...
[00:49:19 | INFO] > Evento debug carregado com sucesso
[00:49:19 | INFO] > Evento error carregado com sucesso
[00:49:19 | INFO] > Evento guildMemberAdd carregado com sucesso
[00:49:19 | INFO] > Evento message carregado com sucesso
[00:49:19 | INFO] > Evento messageDelete carregado com sucesso
[00:49:19 | INFO] > Evento messageReactionAdd carregado com sucesso
[00:49:19 | INFO] > Evento messageUpdate carregado com sucesso
[00:49:19 | INFO] > Evento rateLimit carregado com sucesso
[00:49:19 | INFO] > Evento ready carregado com sucesso
[00:49:19 | INFO] > Evento warn carregado com sucesso
[00:49:19 | INFO] > Comando !add carregado com sucesso
[00:49:19 | INFO] > Comando !authenticate carregado com sucesso
[00:49:19 | INFO] > Comando !canvas carregado com sucesso
[00:49:19 | INFO] > Comando !changeip carregado com sucesso
[00:49:19 | INFO] > Comando !clear carregado com sucesso
[00:49:19 | INFO] > Comando !close carregado com sucesso
[00:49:19 | INFO] > Comando !closeall carregado com sucesso
[00:49:19 | INFO] > Comando !delete carregado com sucesso
[00:49:19 | INFO] > Comando !ajuda carregado com sucesso
[00:49:19 | INFO] > Comando !msg carregado com sucesso
[00:49:19 | INFO] > Comando !panel carregado com sucesso
[00:49:19 | INFO] > Comando !remove carregado com sucesso
[00:49:19 | INFO] > Comando !rename carregado com sucesso
[00:49:19 | INFO] > Comando !stats carregado com sucesso
[00:49:19 | INFO] > Comando !suporte carregado com sucesso
[00:49:19 | INFO] > Comando !tickets carregado com sucesso
[00:49:19 | INFO] > Comando !topic carregado com sucesso
[00:49:19 | INFO] > Comando !trans carregado com sucesso
[00:49:19 | INFO] > Comando !transcript carregado com sucesso
[00:49:19 | INFO] Foram carregados 10 eventos e 19 comandos
[00:49:20 | INFO] 

[00:49:20 | INFO] [ENCOMENDAS] - INICIANDO SISTEMA
[00:49:20 | INFO] [MONGODB] CONEXÃO REALIZADA COM SUCESSO
[00:49:21 | INFO] Serão carregados: 8 comandos!
[00:49:21 | INFO] 1: D:/repos/Jobs/SquashCodes-Bot/encomendas/src/commands/Order/finishOrder.js carregado.
[00:49:21 | INFO] 2: D:/repos/Jobs/SquashCodes-Bot/encomendas/src/commands/Order/newOrder.js carregado.
[00:49:21 | INFO] 3: D:/repos/Jobs/SquashCodes-Bot/encomendas/src/commands/Order/orderStatus.js carregado.
[00:49:21 | INFO] 4: D:/repos/Jobs/SquashCodes-Bot/encomendas/src/commands/Order/restoreOrder.js carregado.
[00:49:21 | INFO] 5: D:/repos/Jobs/SquashCodes-Bot/encomendas/src/commands/Order/updateOrder.js carregado.
[00:49:21 | INFO] 6: D:/repos/Jobs/SquashCodes-Bot/encomendas/src/commands/Util/clearSystem.js carregado.
[00:49:21 | INFO] 7: D:/repos/Jobs/SquashCodes-Bot/encomendas/src/commands/Util/ehelp.js carregado.
[00:49:21 | INFO] 8: D:/repos/Jobs/SquashCodes-Bot/encomendas/src/commands/Util/eval.js carregado.
[00:49:21 | INFO] 

[00:49:21 | INFO] Serão carregados: 3 eventos!
[00:49:21 | INFO] 1: D:/repos/Jobs/SquashCodes-Bot/encomendas/src/events/guild/member/add.js carregado.
[00:49:21 | INFO] 2: D:/repos/Jobs/SquashCodes-Bot/encomendas/src/events/guild/member/update.js carregado.
[00:49:21 | INFO] 3: D:/repos/Jobs/SquashCodes-Bot/encomendas/src/events/message/update.js carregado.
[00:49:21 | INFO] 

[00:49:22 | INFO] Autenticado com sucesso como Zuraaa Testes#7347
[00:49:22 | INFO] Permissão de 'ADMINISTRATOR' verificada com sucesso
[00:49:22 | INFO] [MYSQL] CONEXÃO REALIZADA COM SUCESSO
[00:49:22 | INFO] [ENCOMENDAS] SISTEMA ONLINE!
[00:49:22 | INFO] [ENCOMENDAS] CACHEANDO CARGOS
[00:49:22 | INFO] [ENCOMENDAS] CARGOS CACHEADOS
[00:49:22 | INFO] [ENCOMENDAS] CACHEANDO ENCOMENDAS
[00:49:22 | INFO] [ENCOMENDAS] ENCOMENDAS CACHEADAS

    
<-<-<================================================================================>->->
    File generated by leekslazylogger v2.0.7 by eartharoid (http://leeks.js.org/logger)
    SquashCodes | Log File
    Saturday, 29th May 2021, 00:51 am (America/Sao_Paulo) -->
    Node: v14.17.0 on 'Windows' | Time format: 'HH:mm:ss' | Date format: 'YYYY-MM-DD'
<-<-<================================================================================>->->


[00:51:11 | INFO] Connecting to MySQL database...
[00:51:11 | INFO] > Evento debug carregado com sucesso
[00:51:11 | INFO] > Evento error carregado com sucesso
[00:51:11 | INFO] > Evento guildMemberAdd carregado com sucesso
[00:51:11 | INFO] > Evento message carregado com sucesso
[00:51:11 | INFO] > Evento messageDelete carregado com sucesso
[00:51:12 | INFO] > Evento messageReactionAdd carregado com sucesso
[00:51:12 | INFO] > Evento messageUpdate carregado com sucesso
[00:51:12 | INFO] > Evento rateLimit carregado com sucesso
[00:51:12 | INFO] > Evento ready carregado com sucesso
[00:51:12 | INFO] > Evento warn carregado com sucesso
[00:51:12 | INFO] > Comando !add carregado com sucesso
[00:51:12 | INFO] > Comando !authenticate carregado com sucesso
[00:51:12 | INFO] > Comando !canvas carregado com sucesso
[00:51:12 | INFO] > Comando !changeip carregado com sucesso
[00:51:12 | INFO] > Comando !clear carregado com sucesso
[00:51:12 | INFO] > Comando !close carregado com sucesso
[00:51:12 | INFO] > Comando !closeall carregado com sucesso
[00:51:12 | INFO] > Comando !delete carregado com sucesso
[00:51:12 | INFO] > Comando !ajuda carregado com sucesso
[00:51:12 | INFO] > Comando !msg carregado com sucesso
[00:51:12 | INFO] > Comando !panel carregado com sucesso
[00:51:12 | INFO] > Comando !remove carregado com sucesso
[00:51:12 | INFO] > Comando !rename carregado com sucesso
[00:51:12 | INFO] > Comando !stats carregado com sucesso
[00:51:12 | INFO] > Comando !suporte carregado com sucesso
[00:51:12 | INFO] > Comando !tickets carregado com sucesso
[00:51:12 | INFO] > Comando !topic carregado com sucesso
[00:51:12 | INFO] > Comando !trans carregado com sucesso
[00:51:12 | INFO] > Comando !transcript carregado com sucesso
[00:51:12 | INFO] Foram carregados 10 eventos e 19 comandos
[00:51:14 | INFO] 

[00:51:14 | INFO] [ENCOMENDAS] - INICIANDO SISTEMA
[00:51:15 | INFO] [MONGODB] CONEXÃO REALIZADA COM SUCESSO
[00:51:15 | INFO] Serão carregados: 8 comandos!
[00:51:15 | INFO] 1: D:/repos/Jobs/SquashCodes-Bot/encomendas/src/commands/Order/finishOrder.js carregado.
[00:51:15 | INFO] 2: D:/repos/Jobs/SquashCodes-Bot/encomendas/src/commands/Order/newOrder.js carregado.
[00:51:15 | INFO] 3: D:/repos/Jobs/SquashCodes-Bot/encomendas/src/commands/Order/orderStatus.js carregado.
[00:51:15 | INFO] 4: D:/repos/Jobs/SquashCodes-Bot/encomendas/src/commands/Order/restoreOrder.js carregado.
[00:51:15 | INFO] 5: D:/repos/Jobs/SquashCodes-Bot/encomendas/src/commands/Order/updateOrder.js carregado.
[00:51:15 | INFO] 6: D:/repos/Jobs/SquashCodes-Bot/encomendas/src/commands/Util/clearSystem.js carregado.
[00:51:15 | INFO] 7: D:/repos/Jobs/SquashCodes-Bot/encomendas/src/commands/Util/ehelp.js carregado.
[00:51:15 | INFO] 8: D:/repos/Jobs/SquashCodes-Bot/encomendas/src/commands/Util/eval.js carregado.
[00:51:15 | INFO] 

[00:51:15 | INFO] Serão carregados: 3 eventos!
[00:51:15 | INFO] 1: D:/repos/Jobs/SquashCodes-Bot/encomendas/src/events/guild/member/add.js carregado.
[00:51:15 | INFO] 2: D:/repos/Jobs/SquashCodes-Bot/encomendas/src/events/guild/member/update.js carregado.
[00:51:15 | INFO] 3: D:/repos/Jobs/SquashCodes-Bot/encomendas/src/events/message/update.js carregado.
[00:51:15 | INFO] 

[00:51:16 | INFO] Autenticado com sucesso como Zuraaa Testes#7347
[00:51:16 | INFO] Permissão de 'ADMINISTRATOR' verificada com sucesso
[00:51:16 | INFO] [MYSQL] CONEXÃO REALIZADA COM SUCESSO
[00:51:16 | INFO] [ENCOMENDAS] SISTEMA ONLINE!
[00:51:16 | INFO] [ENCOMENDAS] CACHEANDO CARGOS
[00:51:16 | INFO] [ENCOMENDAS] CARGOS CACHEADOS
[00:51:16 | INFO] [ENCOMENDAS] CACHEANDO ENCOMENDAS
[00:51:16 | INFO] [ENCOMENDAS] ENCOMENDAS CACHEADAS

    
<-<-<================================================================================>->->
    File generated by leekslazylogger v2.0.7 by eartharoid (http://leeks.js.org/logger)
    SquashCodes | Log File
    Saturday, 29th May 2021, 00:52 am (America/Sao_Paulo) -->
    Node: v14.17.0 on 'Windows' | Time format: 'HH:mm:ss' | Date format: 'YYYY-MM-DD'
<-<-<================================================================================>->->


[00:52:07 | INFO] Connecting to MySQL database...
[00:52:07 | INFO] > Evento debug carregado com sucesso
[00:52:07 | INFO] > Evento error carregado com sucesso
[00:52:07 | INFO] > Evento guildMemberAdd carregado com sucesso
[00:52:07 | INFO] > Evento message carregado com sucesso
[00:52:07 | INFO] > Evento messageDelete carregado com sucesso
[00:52:07 | INFO] > Evento messageReactionAdd carregado com sucesso
[00:52:07 | INFO] > Evento messageUpdate carregado com sucesso
[00:52:07 | INFO] > Evento rateLimit carregado com sucesso
[00:52:07 | INFO] > Evento ready carregado com sucesso
[00:52:07 | INFO] > Evento warn carregado com sucesso
[00:52:07 | INFO] > Comando !add carregado com sucesso
[00:52:08 | INFO] > Comando !authenticate carregado com sucesso
[00:52:08 | INFO] > Comando !canvas carregado com sucesso
[00:52:08 | INFO] > Comando !changeip carregado com sucesso
[00:52:08 | INFO] > Comando !clear carregado com sucesso
[00:52:08 | INFO] > Comando !close carregado com sucesso
[00:52:08 | INFO] > Comando !closeall carregado com sucesso
[00:52:08 | INFO] > Comando !delete carregado com sucesso
[00:52:08 | INFO] > Comando !ajuda carregado com sucesso
[00:52:08 | INFO] > Comando !msg carregado com sucesso
[00:52:08 | INFO] > Comando !panel carregado com sucesso
[00:52:08 | INFO] > Comando !remove carregado com sucesso
[00:52:08 | INFO] > Comando !rename carregado com sucesso
[00:52:08 | INFO] > Comando !stats carregado com sucesso
[00:52:08 | INFO] > Comando !suporte carregado com sucesso
[00:52:08 | INFO] > Comando !tickets carregado com sucesso
[00:52:08 | INFO] > Comando !topic carregado com sucesso
[00:52:08 | INFO] > Comando !trans carregado com sucesso
[00:52:08 | INFO] > Comando !transcript carregado com sucesso
[00:52:08 | INFO] Foram carregados 10 eventos e 19 comandos
[00:52:09 | INFO] 

[00:52:09 | INFO] [ENCOMENDAS] - INICIANDO SISTEMA
[00:52:09 | INFO] [MONGODB] CONEXÃO REALIZADA COM SUCESSO
[00:52:10 | INFO] Serão carregados: 8 comandos!
[00:52:10 | INFO] 1: D:/repos/Jobs/SquashCodes-Bot/encomendas/src/commands/Order/finishOrder.js carregado.
[00:52:10 | INFO] 2: D:/repos/Jobs/SquashCodes-Bot/encomendas/src/commands/Order/newOrder.js carregado.
[00:52:10 | INFO] 3: D:/repos/Jobs/SquashCodes-Bot/encomendas/src/commands/Order/orderStatus.js carregado.
[00:52:10 | INFO] 4: D:/repos/Jobs/SquashCodes-Bot/encomendas/src/commands/Order/restoreOrder.js carregado.
[00:52:10 | INFO] 5: D:/repos/Jobs/SquashCodes-Bot/encomendas/src/commands/Order/updateOrder.js carregado.
[00:52:10 | INFO] 6: D:/repos/Jobs/SquashCodes-Bot/encomendas/src/commands/Util/clearSystem.js carregado.
[00:52:10 | INFO] 7: D:/repos/Jobs/SquashCodes-Bot/encomendas/src/commands/Util/ehelp.js carregado.
[00:52:10 | INFO] 8: D:/repos/Jobs/SquashCodes-Bot/encomendas/src/commands/Util/eval.js carregado.
[00:52:10 | INFO] 

[00:52:10 | INFO] Serão carregados: 3 eventos!
[00:52:10 | INFO] 1: D:/repos/Jobs/SquashCodes-Bot/encomendas/src/events/guild/member/add.js carregado.
[00:52:10 | INFO] 2: D:/repos/Jobs/SquashCodes-Bot/encomendas/src/events/guild/member/update.js carregado.
[00:52:10 | INFO] 3: D:/repos/Jobs/SquashCodes-Bot/encomendas/src/events/message/update.js carregado.
[00:52:10 | INFO] 

[00:52:11 | INFO] Autenticado com sucesso como Zuraaa Testes#7347
[00:52:11 | INFO] Permissão de 'ADMINISTRATOR' verificada com sucesso
[00:52:11 | INFO] [MYSQL] CONEXÃO REALIZADA COM SUCESSO
[00:52:11 | INFO] [ENCOMENDAS] SISTEMA ONLINE!
[00:52:11 | INFO] [ENCOMENDAS] CACHEANDO CARGOS
[00:52:11 | INFO] [ENCOMENDAS] CARGOS CACHEADOS
[00:52:11 | INFO] [ENCOMENDAS] CACHEANDO ENCOMENDAS
[00:52:11 | INFO] [ENCOMENDAS] ENCOMENDAS CACHEADAS

    
<-<-<================================================================================>->->
    File generated by leekslazylogger v2.0.7 by eartharoid (http://leeks.js.org/logger)
    SquashCodes | Log File
    Saturday, 29th May 2021, 00:59 am (America/Sao_Paulo) -->
    Node: v14.17.0 on 'Windows' | Time format: 'HH:mm:ss' | Date format: 'YYYY-MM-DD'
<-<-<================================================================================>->->


[00:59:46 | INFO] Connecting to MySQL database...
[00:59:46 | INFO] > Evento debug carregado com sucesso
[00:59:46 | INFO] > Evento error carregado com sucesso
[00:59:46 | INFO] > Evento guildMemberAdd carregado com sucesso
[00:59:46 | INFO] > Evento message carregado com sucesso
[00:59:46 | INFO] > Evento messageDelete carregado com sucesso
[00:59:46 | INFO] > Evento messageReactionAdd carregado com sucesso
[00:59:46 | INFO] > Evento messageUpdate carregado com sucesso
[00:59:46 | INFO] > Evento rateLimit carregado com sucesso
[00:59:46 | INFO] > Evento ready carregado com sucesso
[00:59:46 | INFO] > Evento warn carregado com sucesso
[00:59:46 | INFO] > Comando !add carregado com sucesso
[00:59:46 | INFO] > Comando !authenticate carregado com sucesso
[00:59:46 | INFO] > Comando !canvas carregado com sucesso
[00:59:46 | INFO] > Comando !changeip carregado com sucesso
[00:59:47 | INFO] > Comando !clear carregado com sucesso
[00:59:47 | INFO] > Comando !close carregado com sucesso
[00:59:47 | INFO] > Comando !closeall carregado com sucesso
[00:59:47 | INFO] > Comando !delete carregado com sucesso
[00:59:47 | INFO] > Comando !ajuda carregado com sucesso
[00:59:47 | INFO] > Comando !msg carregado com sucesso
[00:59:47 | INFO] > Comando !panel carregado com sucesso
[00:59:47 | INFO] > Comando !remove carregado com sucesso
[00:59:47 | INFO] > Comando !rename carregado com sucesso
[00:59:47 | INFO] > Comando !stats carregado com sucesso
[00:59:47 | INFO] > Comando !suporte carregado com sucesso
[00:59:47 | INFO] > Comando !tickets carregado com sucesso
[00:59:47 | INFO] > Comando !topic carregado com sucesso
[00:59:47 | INFO] > Comando !trans carregado com sucesso
[00:59:47 | INFO] > Comando !transcript carregado com sucesso
[00:59:47 | INFO] Foram carregados 10 eventos e 19 comandos
[00:59:48 | INFO] 

[00:59:48 | INFO] [ENCOMENDAS] - INICIANDO SISTEMA
[00:59:49 | INFO] [MONGODB] CONEXÃO REALIZADA COM SUCESSO
[00:59:49 | INFO] Serão carregados: 8 comandos!
[00:59:49 | INFO] 1: D:/repos/Jobs/SquashCodes-Bot/encomendas/src/commands/Order/finishOrder.js carregado.
[00:59:49 | INFO] 2: D:/repos/Jobs/SquashCodes-Bot/encomendas/src/commands/Order/newOrder.js carregado.
[00:59:49 | INFO] 3: D:/repos/Jobs/SquashCodes-Bot/encomendas/src/commands/Order/orderStatus.js carregado.
[00:59:49 | INFO] 4: D:/repos/Jobs/SquashCodes-Bot/encomendas/src/commands/Order/restoreOrder.js carregado.
[00:59:49 | INFO] 5: D:/repos/Jobs/SquashCodes-Bot/encomendas/src/commands/Order/updateOrder.js carregado.
[00:59:50 | INFO] 6: D:/repos/Jobs/SquashCodes-Bot/encomendas/src/commands/Util/clearSystem.js carregado.
[00:59:50 | INFO] 7: D:/repos/Jobs/SquashCodes-Bot/encomendas/src/commands/Util/ehelp.js carregado.
[00:59:50 | INFO] 8: D:/repos/Jobs/SquashCodes-Bot/encomendas/src/commands/Util/eval.js carregado.
[00:59:50 | INFO] 

[00:59:50 | INFO] Serão carregados: 3 eventos!
[00:59:50 | INFO] 1: D:/repos/Jobs/SquashCodes-Bot/encomendas/src/events/guild/member/add.js carregado.
[00:59:50 | INFO] 2: D:/repos/Jobs/SquashCodes-Bot/encomendas/src/events/guild/member/update.js carregado.
[00:59:50 | INFO] 3: D:/repos/Jobs/SquashCodes-Bot/encomendas/src/events/message/update.js carregado.
[00:59:50 | INFO] 

[00:59:51 | INFO] Autenticado com sucesso como Zuraaa Testes#7347
[00:59:51 | INFO] Permissão de 'ADMINISTRATOR' verificada com sucesso
[00:59:51 | INFO] [MYSQL] CONEXÃO REALIZADA COM SUCESSO
[00:59:51 | INFO] [ENCOMENDAS] SISTEMA ONLINE!
[00:59:51 | INFO] [ENCOMENDAS] CACHEANDO CARGOS
[00:59:51 | INFO] [ENCOMENDAS] CARGOS CACHEADOS
[00:59:51 | INFO] [ENCOMENDAS] CACHEANDO ENCOMENDAS
[00:59:51 | INFO] [ENCOMENDAS] ENCOMENDAS CACHEADAS

    
<-<-<================================================================================>->->
    File generated by leekslazylogger v2.0.7 by eartharoid (http://leeks.js.org/logger)
    SquashCodes | Log File
    Saturday, 29th May 2021, 01:05 am (America/Sao_Paulo) -->
    Node: v14.17.0 on 'Windows' | Time format: 'HH:mm:ss' | Date format: 'YYYY-MM-DD'
<-<-<================================================================================>->->


[01:05:24 | INFO] Connecting to MySQL database...
[01:05:25 | INFO] > Evento debug carregado com sucesso
[01:05:25 | INFO] > Evento error carregado com sucesso
[01:05:25 | INFO] > Evento guildMemberAdd carregado com sucesso
[01:05:25 | INFO] > Evento message carregado com sucesso
[01:05:25 | INFO] > Evento messageDelete carregado com sucesso
[01:05:25 | INFO] > Evento messageReactionAdd carregado com sucesso
[01:05:25 | INFO] > Evento messageUpdate carregado com sucesso
[01:05:25 | INFO] > Evento rateLimit carregado com sucesso
[01:05:25 | INFO] > Evento ready carregado com sucesso
[01:05:25 | INFO] > Evento warn carregado com sucesso
[01:05:25 | INFO] > Comando !add carregado com sucesso
[01:05:25 | INFO] > Comando !authenticate carregado com sucesso
[01:05:25 | INFO] > Comando !canvas carregado com sucesso
[01:05:25 | INFO] > Comando !changeip carregado com sucesso
[01:05:25 | INFO] > Comando !clear carregado com sucesso
[01:05:25 | INFO] > Comando !close carregado com sucesso
[01:05:25 | INFO] > Comando !closeall carregado com sucesso
[01:05:25 | INFO] > Comando !delete carregado com sucesso
[01:05:25 | INFO] > Comando !ajuda carregado com sucesso
[01:05:25 | INFO] > Comando !msg carregado com sucesso
[01:05:25 | INFO] > Comando !panel carregado com sucesso
[01:05:25 | INFO] > Comando !remove carregado com sucesso
[01:05:25 | INFO] > Comando !rename carregado com sucesso
[01:05:25 | INFO] > Comando !stats carregado com sucesso
[01:05:25 | INFO] > Comando !suporte carregado com sucesso
[01:05:25 | INFO] > Comando !tickets carregado com sucesso
[01:05:25 | INFO] > Comando !topic carregado com sucesso
[01:05:25 | INFO] > Comando !trans carregado com sucesso
[01:05:25 | INFO] > Comando !transcript carregado com sucesso
[01:05:25 | INFO] Foram carregados 10 eventos e 19 comandos
[01:05:25 | INFO] 

[01:05:25 | INFO] [ENCOMENDAS] - INICIANDO SISTEMA
[01:05:26 | INFO] [MONGODB] CONEXÃO REALIZADA COM SUCESSO
[01:05:26 | INFO] Serão carregados: 8 comandos!
[01:05:26 | INFO] 1: D:/repos/Jobs/SquashCodes-Bot/encomendas/src/commands/Order/finishOrder.js carregado.
[01:05:26 | INFO] 2: D:/repos/Jobs/SquashCodes-Bot/encomendas/src/commands/Order/newOrder.js carregado.
[01:05:26 | INFO] 3: D:/repos/Jobs/SquashCodes-Bot/encomendas/src/commands/Order/orderStatus.js carregado.
[01:05:26 | INFO] 4: D:/repos/Jobs/SquashCodes-Bot/encomendas/src/commands/Order/restoreOrder.js carregado.
[01:05:26 | INFO] 5: D:/repos/Jobs/SquashCodes-Bot/encomendas/src/commands/Order/updateOrder.js carregado.
[01:05:26 | INFO] 6: D:/repos/Jobs/SquashCodes-Bot/encomendas/src/commands/Util/clearSystem.js carregado.
[01:05:26 | INFO] 7: D:/repos/Jobs/SquashCodes-Bot/encomendas/src/commands/Util/ehelp.js carregado.
[01:05:26 | INFO] 8: D:/repos/Jobs/SquashCodes-Bot/encomendas/src/commands/Util/eval.js carregado.
[01:05:26 | INFO] 

[01:05:26 | INFO] Serão carregados: 3 eventos!
[01:05:26 | INFO] 1: D:/repos/Jobs/SquashCodes-Bot/encomendas/src/events/guild/member/add.js carregado.
[01:05:26 | INFO] 2: D:/repos/Jobs/SquashCodes-Bot/encomendas/src/events/guild/member/update.js carregado.
[01:05:26 | INFO] 3: D:/repos/Jobs/SquashCodes-Bot/encomendas/src/events/message/update.js carregado.
[01:05:26 | INFO] 

[01:05:27 | INFO] Autenticado com sucesso como Zuraaa Testes#7347
[01:05:27 | INFO] Permissão de 'ADMINISTRATOR' verificada com sucesso
[01:05:27 | INFO] [MYSQL] CONEXÃO REALIZADA COM SUCESSO
[01:05:28 | INFO] [ENCOMENDAS] SISTEMA ONLINE!
[01:05:28 | INFO] [ENCOMENDAS] CACHEANDO CARGOS
[01:05:28 | INFO] [ENCOMENDAS] CARGOS CACHEADOS
[01:05:28 | INFO] [ENCOMENDAS] CACHEANDO ENCOMENDAS
[01:05:28 | INFO] [ENCOMENDAS] ENCOMENDAS CACHEADAS

    
<-<-<================================================================================>->->
    File generated by leekslazylogger v2.0.7 by eartharoid (http://leeks.js.org/logger)
    SquashCodes | Log File
    Saturday, 29th May 2021, 01:27 am (America/Sao_Paulo) -->
    Node: v14.17.0 on 'Windows' | Time format: 'HH:mm:ss' | Date format: 'YYYY-MM-DD'
<-<-<================================================================================>->->


[01:27:14 | INFO] Connecting to MySQL database...
[01:27:15 | INFO] > Evento debug carregado com sucesso
[01:27:15 | INFO] > Evento error carregado com sucesso
[01:27:15 | INFO] > Evento guildMemberAdd carregado com sucesso
[01:27:15 | INFO] > Evento message carregado com sucesso
[01:27:15 | INFO] > Evento messageDelete carregado com sucesso
[01:27:15 | INFO] > Evento messageReactionAdd carregado com sucesso
[01:27:15 | INFO] > Evento messageUpdate carregado com sucesso
[01:27:15 | INFO] > Evento rateLimit carregado com sucesso
[01:27:15 | INFO] > Evento ready carregado com sucesso
[01:27:15 | INFO] > Evento warn carregado com sucesso
[01:27:15 | INFO] > Comando !add carregado com sucesso
[01:27:15 | INFO] > Comando !authenticate carregado com sucesso
[01:27:15 | INFO] > Comando !canvas carregado com sucesso
[01:27:15 | INFO] > Comando !changeip carregado com sucesso
[01:27:15 | INFO] > Comando !clear carregado com sucesso
[01:27:16 | INFO] > Comando !close carregado com sucesso
[01:27:16 | INFO] > Comando !closeall carregado com sucesso
[01:27:16 | INFO] > Comando !delete carregado com sucesso
[01:27:16 | INFO] > Comando !ajuda carregado com sucesso
[01:27:16 | INFO] > Comando !msg carregado com sucesso
[01:27:16 | INFO] > Comando !panel carregado com sucesso
[01:27:16 | INFO] > Comando !remove carregado com sucesso
[01:27:16 | INFO] > Comando !rename carregado com sucesso
[01:27:16 | INFO] > Comando !stats carregado com sucesso
[01:27:16 | INFO] > Comando !suporte carregado com sucesso
[01:27:16 | INFO] > Comando !tickets carregado com sucesso
[01:27:16 | INFO] > Comando !topic carregado com sucesso
[01:27:16 | INFO] > Comando !trans carregado com sucesso
[01:27:16 | INFO] > Comando !transcript carregado com sucesso
[01:27:16 | INFO] Foram carregados 10 eventos e 19 comandos
[01:27:19 | INFO] 

[01:27:19 | INFO] [ENCOMENDAS] - INICIANDO SISTEMA
[01:27:19 | INFO] [MONGODB] CONEXÃO REALIZADA COM SUCESSO
[01:27:20 | INFO] Serão carregados: 8 comandos!
[01:27:20 | INFO] 1: D:/repos/Jobs/SquashCodes-Bot/encomendas/src/commands/Order/finishOrder.js carregado.
[01:27:20 | INFO] 2: D:/repos/Jobs/SquashCodes-Bot/encomendas/src/commands/Order/newOrder.js carregado.
[01:27:20 | INFO] 3: D:/repos/Jobs/SquashCodes-Bot/encomendas/src/commands/Order/orderStatus.js carregado.
[01:27:20 | INFO] 4: D:/repos/Jobs/SquashCodes-Bot/encomendas/src/commands/Order/restoreOrder.js carregado.
[01:27:20 | INFO] 5: D:/repos/Jobs/SquashCodes-Bot/encomendas/src/commands/Order/updateOrder.js carregado.
[01:27:20 | INFO] 6: D:/repos/Jobs/SquashCodes-Bot/encomendas/src/commands/Util/clearSystem.js carregado.
[01:27:20 | INFO] 7: D:/repos/Jobs/SquashCodes-Bot/encomendas/src/commands/Util/ehelp.js carregado.
[01:27:20 | INFO] 8: D:/repos/Jobs/SquashCodes-Bot/encomendas/src/commands/Util/eval.js carregado.
[01:27:20 | INFO] 

[01:27:20 | INFO] Serão carregados: 3 eventos!
[01:27:20 | INFO] 1: D:/repos/Jobs/SquashCodes-Bot/encomendas/src/events/guild/member/add.js carregado.
[01:27:20 | INFO] 2: D:/repos/Jobs/SquashCodes-Bot/encomendas/src/events/guild/member/update.js carregado.
[01:27:20 | INFO] 3: D:/repos/Jobs/SquashCodes-Bot/encomendas/src/events/message/update.js carregado.
[01:27:20 | INFO] 

[01:27:21 | INFO] Autenticado com sucesso como Zuraaa Testes#7347
[01:27:21 | INFO] Permissão de 'ADMINISTRATOR' verificada com sucesso
[01:27:21 | INFO] [MYSQL] CONEXÃO REALIZADA COM SUCESSO
[01:27:21 | INFO] [ENCOMENDAS] SISTEMA ONLINE!
[01:27:21 | INFO] [ENCOMENDAS] CACHEANDO CARGOS
[01:27:21 | INFO] [ENCOMENDAS] CARGOS CACHEADOS
[01:27:21 | INFO] [ENCOMENDAS] CACHEANDO ENCOMENDAS
[01:27:21 | INFO] [ENCOMENDAS] ENCOMENDAS CACHEADAS

    
<-<-<================================================================================>->->
    File generated by leekslazylogger v2.0.7 by eartharoid (http://leeks.js.org/logger)
    SquashCodes | Log File
    Saturday, 29th May 2021, 01:31 am (America/Sao_Paulo) -->
    Node: v14.17.0 on 'Windows' | Time format: 'HH:mm:ss' | Date format: 'YYYY-MM-DD'
<-<-<================================================================================>->->


[01:31:09 | INFO] Connecting to MySQL database...
[01:31:10 | INFO] > Evento debug carregado com sucesso
[01:31:10 | INFO] > Evento error carregado com sucesso
[01:31:10 | INFO] > Evento guildMemberAdd carregado com sucesso
[01:31:10 | INFO] > Evento message carregado com sucesso
[01:31:10 | INFO] > Evento messageDelete carregado com sucesso
[01:31:10 | INFO] > Evento messageReactionAdd carregado com sucesso
[01:31:10 | INFO] > Evento messageUpdate carregado com sucesso
[01:31:10 | INFO] > Evento rateLimit carregado com sucesso
[01:31:10 | INFO] > Evento ready carregado com sucesso
[01:31:10 | INFO] > Evento warn carregado com sucesso
[01:31:10 | INFO] > Comando !add carregado com sucesso
[01:31:10 | INFO] > Comando !authenticate carregado com sucesso
[01:31:10 | INFO] > Comando !canvas carregado com sucesso
[01:31:10 | INFO] > Comando !changeip carregado com sucesso
[01:31:10 | INFO] > Comando !clear carregado com sucesso
[01:31:10 | INFO] > Comando !close carregado com sucesso
[01:31:10 | INFO] > Comando !closeall carregado com sucesso
[01:31:10 | INFO] > Comando !delete carregado com sucesso
[01:31:10 | INFO] > Comando !ajuda carregado com sucesso
[01:31:10 | INFO] > Comando !msg carregado com sucesso
[01:31:10 | INFO] > Comando !panel carregado com sucesso
[01:31:10 | INFO] > Comando !remove carregado com sucesso
[01:31:10 | INFO] > Comando !rename carregado com sucesso
[01:31:10 | INFO] > Comando !stats carregado com sucesso
[01:31:10 | INFO] > Comando !suporte carregado com sucesso
[01:31:10 | INFO] > Comando !tickets carregado com sucesso
[01:31:10 | INFO] > Comando !topic carregado com sucesso
[01:31:10 | INFO] > Comando !trans carregado com sucesso
[01:31:10 | INFO] > Comando !transcript carregado com sucesso
[01:31:10 | INFO] Foram carregados 10 eventos e 19 comandos
[01:31:11 | INFO] 

[01:31:11 | INFO] [ENCOMENDAS] - INICIANDO SISTEMA
[01:31:11 | INFO] [MONGODB] CONEXÃO REALIZADA COM SUCESSO
[01:31:12 | INFO] Serão carregados: 8 comandos!
[01:31:12 | INFO] 1: D:/repos/Jobs/SquashCodes-Bot/encomendas/src/commands/Order/finishOrder.js carregado.
[01:31:12 | INFO] 2: D:/repos/Jobs/SquashCodes-Bot/encomendas/src/commands/Order/newOrder.js carregado.
[01:31:12 | INFO] 3: D:/repos/Jobs/SquashCodes-Bot/encomendas/src/commands/Order/orderStatus.js carregado.
[01:31:12 | INFO] 4: D:/repos/Jobs/SquashCodes-Bot/encomendas/src/commands/Order/restoreOrder.js carregado.
[01:31:12 | INFO] 5: D:/repos/Jobs/SquashCodes-Bot/encomendas/src/commands/Order/updateOrder.js carregado.
[01:31:12 | INFO] 6: D:/repos/Jobs/SquashCodes-Bot/encomendas/src/commands/Util/clearSystem.js carregado.
[01:31:12 | INFO] 7: D:/repos/Jobs/SquashCodes-Bot/encomendas/src/commands/Util/ehelp.js carregado.
[01:31:12 | INFO] 8: D:/repos/Jobs/SquashCodes-Bot/encomendas/src/commands/Util/eval.js carregado.
[01:31:12 | INFO] 

[01:31:12 | INFO] Serão carregados: 3 eventos!
[01:31:12 | INFO] 1: D:/repos/Jobs/SquashCodes-Bot/encomendas/src/events/guild/member/add.js carregado.
[01:31:12 | INFO] 2: D:/repos/Jobs/SquashCodes-Bot/encomendas/src/events/guild/member/update.js carregado.
[01:31:12 | INFO] 3: D:/repos/Jobs/SquashCodes-Bot/encomendas/src/events/message/update.js carregado.
[01:31:12 | INFO] 

[01:31:13 | INFO] Autenticado com sucesso como Zuraaa Testes#7347
[01:31:13 | INFO] Permissão de 'ADMINISTRATOR' verificada com sucesso
[01:31:13 | INFO] [MYSQL] CONEXÃO REALIZADA COM SUCESSO
[01:31:13 | INFO] [ENCOMENDAS] SISTEMA ONLINE!
[01:31:13 | INFO] [ENCOMENDAS] CACHEANDO CARGOS
[01:31:13 | INFO] [ENCOMENDAS] CARGOS CACHEADOS
[01:31:13 | INFO] [ENCOMENDAS] CACHEANDO ENCOMENDAS
[01:31:13 | INFO] [ENCOMENDAS] ENCOMENDAS CACHEADAS

    
<-<-<================================================================================>->->
    File generated by leekslazylogger v2.0.7 by eartharoid (http://leeks.js.org/logger)
    SquashCodes | Log File
    Saturday, 29th May 2021, 01:40 am (America/Sao_Paulo) -->
    Node: v14.17.0 on 'Windows' | Time format: 'HH:mm:ss' | Date format: 'YYYY-MM-DD'
<-<-<================================================================================>->->


[01:40:47 | INFO] Connecting to MySQL database...
[01:40:47 | INFO] > Evento debug carregado com sucesso
[01:40:47 | INFO] > Evento error carregado com sucesso
[01:40:48 | INFO] > Evento guildMemberAdd carregado com sucesso
[01:40:48 | INFO] > Evento message carregado com sucesso
[01:40:48 | INFO] > Evento messageDelete carregado com sucesso
[01:40:48 | INFO] > Evento messageReactionAdd carregado com sucesso
[01:40:48 | INFO] > Evento messageUpdate carregado com sucesso
[01:40:48 | INFO] > Evento rateLimit carregado com sucesso
[01:40:48 | INFO] > Evento ready carregado com sucesso
[01:40:48 | INFO] > Evento warn carregado com sucesso
[01:40:48 | INFO] > Comando !add carregado com sucesso
[01:40:48 | INFO] > Comando !authenticate carregado com sucesso
[01:40:48 | INFO] > Comando !canvas carregado com sucesso
[01:40:48 | INFO] > Comando !changeip carregado com sucesso
[01:40:48 | INFO] > Comando !clear carregado com sucesso
[01:40:48 | INFO] > Comando !close carregado com sucesso
[01:40:48 | INFO] > Comando !closeall carregado com sucesso
[01:40:48 | INFO] > Comando !delete carregado com sucesso
[01:40:48 | INFO] > Comando !ajuda carregado com sucesso
[01:40:48 | INFO] > Comando !msg carregado com sucesso
[01:40:48 | INFO] > Comando !panel carregado com sucesso
[01:40:48 | INFO] > Comando !remove carregado com sucesso
[01:40:48 | INFO] > Comando !rename carregado com sucesso
[01:40:48 | INFO] > Comando !stats carregado com sucesso
[01:40:48 | INFO] > Comando !suporte carregado com sucesso
[01:40:48 | INFO] > Comando !tickets carregado com sucesso
[01:40:48 | INFO] > Comando !topic carregado com sucesso
[01:40:48 | INFO] > Comando !trans carregado com sucesso
[01:40:48 | INFO] > Comando !transcript carregado com sucesso
[01:40:48 | INFO] Foram carregados 10 eventos e 19 comandos
[01:40:48 | INFO] 

[01:40:48 | INFO] [ENCOMENDAS] - INICIANDO SISTEMA
[01:40:48 | INFO] [MONGODB] CONEXÃO REALIZADA COM SUCESSO
[01:40:49 | INFO] Serão carregados: 8 comandos!
[01:40:49 | INFO] 1: D:/repos/Jobs/SquashCodes-Bot/encomendas/src/commands/Order/finishOrder.js carregado.
[01:40:49 | INFO] 2: D:/repos/Jobs/SquashCodes-Bot/encomendas/src/commands/Order/newOrder.js carregado.
[01:40:49 | INFO] 3: D:/repos/Jobs/SquashCodes-Bot/encomendas/src/commands/Order/orderStatus.js carregado.
[01:40:49 | INFO] 4: D:/repos/Jobs/SquashCodes-Bot/encomendas/src/commands/Order/restoreOrder.js carregado.
[01:40:49 | INFO] 5: D:/repos/Jobs/SquashCodes-Bot/encomendas/src/commands/Order/updateOrder.js carregado.
[01:40:49 | INFO] 6: D:/repos/Jobs/SquashCodes-Bot/encomendas/src/commands/Util/clearSystem.js carregado.
[01:40:49 | INFO] 7: D:/repos/Jobs/SquashCodes-Bot/encomendas/src/commands/Util/ehelp.js carregado.
[01:40:49 | INFO] 8: D:/repos/Jobs/SquashCodes-Bot/encomendas/src/commands/Util/eval.js carregado.
[01:40:49 | INFO] 

[01:40:49 | INFO] Serão carregados: 3 eventos!
[01:40:49 | INFO] 1: D:/repos/Jobs/SquashCodes-Bot/encomendas/src/events/guild/member/add.js carregado.
[01:40:49 | INFO] 2: D:/repos/Jobs/SquashCodes-Bot/encomendas/src/events/guild/member/update.js carregado.
[01:40:49 | INFO] 3: D:/repos/Jobs/SquashCodes-Bot/encomendas/src/events/message/update.js carregado.
[01:40:49 | INFO] 

[01:40:50 | INFO] Autenticado com sucesso como Zuraaa Testes#7347
[01:40:50 | INFO] Permissão de 'ADMINISTRATOR' verificada com sucesso
[01:40:50 | INFO] [MYSQL] CONEXÃO REALIZADA COM SUCESSO
[01:40:50 | INFO] [ENCOMENDAS] SISTEMA ONLINE!
[01:40:50 | INFO] [ENCOMENDAS] CACHEANDO CARGOS
[01:40:50 | INFO] [ENCOMENDAS] CARGOS CACHEADOS
[01:40:50 | INFO] [ENCOMENDAS] CACHEANDO ENCOMENDAS
[01:40:50 | INFO] [ENCOMENDAS] ENCOMENDAS CACHEADAS
[01:41:03 | WARN] Unhandled Rejection...
[01:41:03 | ERROR] Error: ENOENT, No such file or directory 'D:\repos\Jobs\SquashCodes-Bot\encomendas\src\images\cache\5.png'
    at setSource (D:\repos\Jobs\SquashCodes-Bot\node_modules\canvas\lib\image.js:91:13)
    at Image.set (D:\repos\Jobs\SquashCodes-Bot\node_modules\canvas\lib\image.js:62:9)
    at D:\repos\Jobs\SquashCodes-Bot\node_modules\canvas\index.js:34:15
    at new Promise (<anonymous>)
    at Object.loadImage (D:\repos\Jobs\SquashCodes-Bot\node_modules\canvas\index.js:23:10)
    at updateOrderImage (D:\repos\Jobs\SquashCodes-Bot\encomendas\src\utils\imageManipulator.js:117:36)
    at processTicksAndRejections (internal/process/task_queues.js:95:5)
    at async Object.exe [as Execute] (D:\repos\Jobs\SquashCodes-Bot\encomendas\src\commands\Order\updateOrder.js:142:32)
[01:41:03 | INFO] Bye bye~!

    
<-<-<================================================================================>->->
    File generated by leekslazylogger v2.0.7 by eartharoid (http://leeks.js.org/logger)
    SquashCodes | Log File
    Saturday, 29th May 2021, 01:41 am (America/Sao_Paulo) -->
    Node: v14.17.0 on 'Windows' | Time format: 'HH:mm:ss' | Date format: 'YYYY-MM-DD'
<-<-<================================================================================>->->


[01:41:33 | INFO] Connecting to MySQL database...
[01:41:33 | INFO] > Evento debug carregado com sucesso
[01:41:33 | INFO] > Evento error carregado com sucesso
[01:41:33 | INFO] > Evento guildMemberAdd carregado com sucesso
[01:41:33 | INFO] > Evento message carregado com sucesso
[01:41:33 | INFO] > Evento messageDelete carregado com sucesso
[01:41:33 | INFO] > Evento messageReactionAdd carregado com sucesso
[01:41:33 | INFO] > Evento messageUpdate carregado com sucesso
[01:41:33 | INFO] > Evento rateLimit carregado com sucesso
[01:41:33 | INFO] > Evento ready carregado com sucesso
[01:41:33 | INFO] > Evento warn carregado com sucesso
[01:41:33 | INFO] > Comando !add carregado com sucesso
[01:41:33 | INFO] > Comando !authenticate carregado com sucesso
[01:41:33 | INFO] > Comando !canvas carregado com sucesso
[01:41:33 | INFO] > Comando !changeip carregado com sucesso
[01:41:33 | INFO] > Comando !clear carregado com sucesso
[01:41:33 | INFO] > Comando !close carregado com sucesso
[01:41:33 | INFO] > Comando !closeall carregado com sucesso
[01:41:33 | INFO] > Comando !delete carregado com sucesso
[01:41:33 | INFO] > Comando !ajuda carregado com sucesso
[01:41:33 | INFO] > Comando !msg carregado com sucesso
[01:41:33 | INFO] > Comando !panel carregado com sucesso
[01:41:33 | INFO] > Comando !remove carregado com sucesso
[01:41:33 | INFO] > Comando !rename carregado com sucesso
[01:41:33 | INFO] > Comando !stats carregado com sucesso
[01:41:33 | INFO] > Comando !suporte carregado com sucesso
[01:41:33 | INFO] > Comando !tickets carregado com sucesso
[01:41:33 | INFO] > Comando !topic carregado com sucesso
[01:41:33 | INFO] > Comando !trans carregado com sucesso
[01:41:33 | INFO] > Comando !transcript carregado com sucesso
[01:41:33 | INFO] Foram carregados 10 eventos e 19 comandos
[01:41:34 | INFO] 

[01:41:34 | INFO] [ENCOMENDAS] - INICIANDO SISTEMA
[01:41:34 | INFO] [MONGODB] CONEXÃO REALIZADA COM SUCESSO
[01:41:35 | INFO] Serão carregados: 8 comandos!
[01:41:35 | INFO] 1: D:/repos/Jobs/SquashCodes-Bot/encomendas/src/commands/Order/finishOrder.js carregado.
[01:41:35 | INFO] 2: D:/repos/Jobs/SquashCodes-Bot/encomendas/src/commands/Order/newOrder.js carregado.
[01:41:35 | INFO] 3: D:/repos/Jobs/SquashCodes-Bot/encomendas/src/commands/Order/orderStatus.js carregado.
[01:41:35 | INFO] 4: D:/repos/Jobs/SquashCodes-Bot/encomendas/src/commands/Order/restoreOrder.js carregado.
[01:41:35 | INFO] 5: D:/repos/Jobs/SquashCodes-Bot/encomendas/src/commands/Order/updateOrder.js carregado.
[01:41:35 | INFO] 6: D:/repos/Jobs/SquashCodes-Bot/encomendas/src/commands/Util/clearSystem.js carregado.
[01:41:35 | INFO] 7: D:/repos/Jobs/SquashCodes-Bot/encomendas/src/commands/Util/ehelp.js carregado.
[01:41:35 | INFO] 8: D:/repos/Jobs/SquashCodes-Bot/encomendas/src/commands/Util/eval.js carregado.
[01:41:35 | INFO] 

[01:41:35 | INFO] Serão carregados: 3 eventos!
[01:41:35 | INFO] 1: D:/repos/Jobs/SquashCodes-Bot/encomendas/src/events/guild/member/add.js carregado.
[01:41:35 | INFO] 2: D:/repos/Jobs/SquashCodes-Bot/encomendas/src/events/guild/member/update.js carregado.
[01:41:35 | INFO] 3: D:/repos/Jobs/SquashCodes-Bot/encomendas/src/events/message/update.js carregado.
[01:41:35 | INFO] 

[01:41:36 | INFO] Autenticado com sucesso como Zuraaa Testes#7347
[01:41:36 | INFO] Permissão de 'ADMINISTRATOR' verificada com sucesso
[01:41:36 | INFO] [MYSQL] CONEXÃO REALIZADA COM SUCESSO
[01:41:36 | INFO] [ENCOMENDAS] SISTEMA ONLINE!
[01:41:36 | INFO] [ENCOMENDAS] CACHEANDO CARGOS
[01:41:36 | INFO] [ENCOMENDAS] CARGOS CACHEADOS
[01:41:36 | INFO] [ENCOMENDAS] CACHEANDO ENCOMENDAS
[01:41:36 | INFO] [ENCOMENDAS] ENCOMENDAS CACHEADAS

    
<-<-<================================================================================>->->
    File generated by leekslazylogger v2.0.7 by eartharoid (http://leeks.js.org/logger)
    SquashCodes | Log File
    Saturday, 29th May 2021, 01:45 am (America/Sao_Paulo) -->
    Node: v14.17.0 on 'Windows' | Time format: 'HH:mm:ss' | Date format: 'YYYY-MM-DD'
<-<-<================================================================================>->->


[01:45:38 | INFO] Connecting to MySQL database...
[01:45:38 | INFO] > Evento debug carregado com sucesso
[01:45:38 | INFO] > Evento error carregado com sucesso
[01:45:38 | INFO] > Evento guildMemberAdd carregado com sucesso
[01:45:38 | INFO] > Evento message carregado com sucesso
[01:45:38 | INFO] > Evento messageDelete carregado com sucesso
[01:45:38 | INFO] > Evento messageReactionAdd carregado com sucesso
[01:45:38 | INFO] > Evento messageUpdate carregado com sucesso
[01:45:38 | INFO] > Evento rateLimit carregado com sucesso
[01:45:38 | INFO] > Evento ready carregado com sucesso
[01:45:38 | INFO] > Evento warn carregado com sucesso
[01:45:38 | INFO] > Comando !add carregado com sucesso
[01:45:38 | INFO] > Comando !authenticate carregado com sucesso
[01:45:38 | INFO] > Comando !canvas carregado com sucesso
[01:45:38 | INFO] > Comando !changeip carregado com sucesso
[01:45:39 | INFO] > Comando !clear carregado com sucesso
[01:45:39 | INFO] > Comando !close carregado com sucesso
[01:45:39 | INFO] > Comando !closeall carregado com sucesso
[01:45:39 | INFO] > Comando !delete carregado com sucesso
[01:45:39 | INFO] > Comando !ajuda carregado com sucesso
[01:45:39 | INFO] > Comando !msg carregado com sucesso
[01:45:39 | INFO] > Comando !panel carregado com sucesso
[01:45:39 | INFO] > Comando !remove carregado com sucesso
[01:45:39 | INFO] > Comando !rename carregado com sucesso
[01:45:39 | INFO] > Comando !stats carregado com sucesso
[01:45:39 | INFO] > Comando !suporte carregado com sucesso
[01:45:39 | INFO] > Comando !tickets carregado com sucesso
[01:45:39 | INFO] > Comando !topic carregado com sucesso
[01:45:39 | INFO] > Comando !trans carregado com sucesso
[01:45:39 | INFO] > Comando !transcript carregado com sucesso
[01:45:39 | INFO] Foram carregados 10 eventos e 19 comandos
[01:45:40 | INFO] 

[01:45:40 | INFO] [ENCOMENDAS] - INICIANDO SISTEMA
[01:45:40 | INFO] [MONGODB] CONEXÃO REALIZADA COM SUCESSO
[01:45:41 | INFO] Serão carregados: 8 comandos!
[01:45:41 | INFO] 1: D:/repos/Jobs/SquashCodes-Bot/encomendas/src/commands/Order/finishOrder.js carregado.
[01:45:41 | INFO] 2: D:/repos/Jobs/SquashCodes-Bot/encomendas/src/commands/Order/newOrder.js carregado.
[01:45:41 | INFO] 3: D:/repos/Jobs/SquashCodes-Bot/encomendas/src/commands/Order/orderStatus.js carregado.
[01:45:41 | INFO] 4: D:/repos/Jobs/SquashCodes-Bot/encomendas/src/commands/Order/restoreOrder.js carregado.
[01:45:41 | INFO] 5: D:/repos/Jobs/SquashCodes-Bot/encomendas/src/commands/Order/updateOrder.js carregado.
[01:45:41 | INFO] 6: D:/repos/Jobs/SquashCodes-Bot/encomendas/src/commands/Util/clearSystem.js carregado.
[01:45:41 | INFO] 7: D:/repos/Jobs/SquashCodes-Bot/encomendas/src/commands/Util/ehelp.js carregado.
[01:45:41 | INFO] 8: D:/repos/Jobs/SquashCodes-Bot/encomendas/src/commands/Util/eval.js carregado.
[01:45:41 | INFO] 

[01:45:41 | INFO] Serão carregados: 3 eventos!
[01:45:41 | INFO] 1: D:/repos/Jobs/SquashCodes-Bot/encomendas/src/events/guild/member/add.js carregado.
[01:45:41 | INFO] 2: D:/repos/Jobs/SquashCodes-Bot/encomendas/src/events/guild/member/update.js carregado.
[01:45:41 | INFO] 3: D:/repos/Jobs/SquashCodes-Bot/encomendas/src/events/message/update.js carregado.
[01:45:41 | INFO] 

[01:45:42 | INFO] Autenticado com sucesso como Zuraaa Testes#7347
[01:45:42 | INFO] Permissão de 'ADMINISTRATOR' verificada com sucesso
[01:45:42 | INFO] [MYSQL] CONEXÃO REALIZADA COM SUCESSO
[01:45:42 | INFO] [ENCOMENDAS] SISTEMA ONLINE!
[01:45:42 | INFO] [ENCOMENDAS] CACHEANDO CARGOS
[01:45:42 | INFO] [ENCOMENDAS] CARGOS CACHEADOS
[01:45:42 | INFO] [ENCOMENDAS] CACHEANDO ENCOMENDAS
[01:45:42 | INFO] [ENCOMENDAS] ENCOMENDAS CACHEADAS

    
<-<-<================================================================================>->->
    File generated by leekslazylogger v2.0.7 by eartharoid (http://leeks.js.org/logger)
    SquashCodes | Log File
    Saturday, 29th May 2021, 01:50 am (America/Sao_Paulo) -->
    Node: v14.17.0 on 'Windows' | Time format: 'HH:mm:ss' | Date format: 'YYYY-MM-DD'
<-<-<================================================================================>->->


[01:50:06 | INFO] Connecting to MySQL database...
[01:50:07 | INFO] > Evento debug carregado com sucesso
[01:50:07 | INFO] > Evento error carregado com sucesso
[01:50:07 | INFO] > Evento guildMemberAdd carregado com sucesso
[01:50:07 | INFO] > Evento message carregado com sucesso
[01:50:07 | INFO] > Evento messageDelete carregado com sucesso
[01:50:07 | INFO] > Evento messageReactionAdd carregado com sucesso
[01:50:07 | INFO] > Evento messageUpdate carregado com sucesso
[01:50:07 | INFO] > Evento rateLimit carregado com sucesso
[01:50:07 | INFO] > Evento ready carregado com sucesso
[01:50:07 | INFO] > Evento warn carregado com sucesso
[01:50:07 | INFO] > Comando !add carregado com sucesso
[01:50:07 | INFO] > Comando !authenticate carregado com sucesso
[01:50:07 | INFO] > Comando !canvas carregado com sucesso
[01:50:07 | INFO] > Comando !changeip carregado com sucesso
[01:50:07 | INFO] > Comando !clear carregado com sucesso
[01:50:07 | INFO] > Comando !close carregado com sucesso
[01:50:07 | INFO] > Comando !closeall carregado com sucesso
[01:50:07 | INFO] > Comando !delete carregado com sucesso
[01:50:07 | INFO] > Comando !ajuda carregado com sucesso
[01:50:07 | INFO] > Comando !msg carregado com sucesso
[01:50:07 | INFO] > Comando !panel carregado com sucesso
[01:50:07 | INFO] > Comando !remove carregado com sucesso
[01:50:07 | INFO] > Comando !rename carregado com sucesso
[01:50:07 | INFO] > Comando !stats carregado com sucesso
[01:50:07 | INFO] > Comando !suporte carregado com sucesso
[01:50:07 | INFO] > Comando !tickets carregado com sucesso
[01:50:07 | INFO] > Comando !topic carregado com sucesso
[01:50:07 | INFO] > Comando !trans carregado com sucesso
[01:50:07 | INFO] > Comando !transcript carregado com sucesso
[01:50:07 | INFO] Foram carregados 10 eventos e 19 comandos
[01:50:08 | INFO] 

[01:50:08 | INFO] [ENCOMENDAS] - INICIANDO SISTEMA
[01:50:08 | INFO] [MONGODB] CONEXÃO REALIZADA COM SUCESSO
[01:50:09 | INFO] Serão carregados: 8 comandos!
[01:50:09 | INFO] 1: D:/repos/Jobs/SquashCodes-Bot/encomendas/src/commands/Order/finishOrder.js carregado.
[01:50:09 | INFO] 2: D:/repos/Jobs/SquashCodes-Bot/encomendas/src/commands/Order/newOrder.js carregado.
[01:50:09 | INFO] 3: D:/repos/Jobs/SquashCodes-Bot/encomendas/src/commands/Order/orderStatus.js carregado.
[01:50:09 | INFO] 4: D:/repos/Jobs/SquashCodes-Bot/encomendas/src/commands/Order/restoreOrder.js carregado.
[01:50:09 | INFO] 5: D:/repos/Jobs/SquashCodes-Bot/encomendas/src/commands/Order/updateOrder.js carregado.
[01:50:09 | INFO] 6: D:/repos/Jobs/SquashCodes-Bot/encomendas/src/commands/Util/clearSystem.js carregado.
[01:50:09 | INFO] 7: D:/repos/Jobs/SquashCodes-Bot/encomendas/src/commands/Util/ehelp.js carregado.
[01:50:09 | INFO] 8: D:/repos/Jobs/SquashCodes-Bot/encomendas/src/commands/Util/eval.js carregado.
[01:50:09 | INFO] 

[01:50:09 | INFO] Serão carregados: 3 eventos!
[01:50:09 | INFO] 1: D:/repos/Jobs/SquashCodes-Bot/encomendas/src/events/guild/member/add.js carregado.
[01:50:09 | INFO] 2: D:/repos/Jobs/SquashCodes-Bot/encomendas/src/events/guild/member/update.js carregado.
[01:50:09 | INFO] 3: D:/repos/Jobs/SquashCodes-Bot/encomendas/src/events/message/update.js carregado.
[01:50:09 | INFO] 

[01:50:10 | INFO] Autenticado com sucesso como Zuraaa Testes#7347
[01:50:10 | INFO] Permissão de 'ADMINISTRATOR' verificada com sucesso
[01:50:10 | INFO] [MYSQL] CONEXÃO REALIZADA COM SUCESSO
[01:50:10 | INFO] [ENCOMENDAS] SISTEMA ONLINE!
[01:50:10 | INFO] [ENCOMENDAS] CACHEANDO CARGOS
[01:50:10 | INFO] [ENCOMENDAS] CARGOS CACHEADOS
[01:50:10 | INFO] [ENCOMENDAS] CACHEANDO ENCOMENDAS
[01:50:10 | INFO] [ENCOMENDAS] ENCOMENDAS CACHEADAS

    
<-<-<================================================================================>->->
    File generated by leekslazylogger v2.0.7 by eartharoid (http://leeks.js.org/logger)
    SquashCodes | Log File
    Saturday, 29th May 2021, 01:51 am (America/Sao_Paulo) -->
    Node: v14.17.0 on 'Windows' | Time format: 'HH:mm:ss' | Date format: 'YYYY-MM-DD'
<-<-<================================================================================>->->


[01:51:03 | INFO] Connecting to MySQL database...
[01:51:03 | INFO] > Evento debug carregado com sucesso
[01:51:03 | INFO] > Evento error carregado com sucesso
[01:51:03 | INFO] > Evento guildMemberAdd carregado com sucesso
[01:51:03 | INFO] > Evento message carregado com sucesso
[01:51:03 | INFO] > Evento messageDelete carregado com sucesso
[01:51:03 | INFO] > Evento messageReactionAdd carregado com sucesso
[01:51:03 | INFO] > Evento messageUpdate carregado com sucesso
[01:51:03 | INFO] > Evento rateLimit carregado com sucesso
[01:51:03 | INFO] > Evento ready carregado com sucesso
[01:51:03 | INFO] > Evento warn carregado com sucesso
[01:51:03 | INFO] > Comando !add carregado com sucesso
[01:51:03 | INFO] > Comando !authenticate carregado com sucesso
[01:51:03 | INFO] > Comando !canvas carregado com sucesso
[01:51:03 | INFO] > Comando !changeip carregado com sucesso
[01:51:03 | INFO] > Comando !clear carregado com sucesso
[01:51:03 | INFO] > Comando !close carregado com sucesso
[01:51:03 | INFO] > Comando !closeall carregado com sucesso
[01:51:03 | INFO] > Comando !delete carregado com sucesso
[01:51:03 | INFO] > Comando !ajuda carregado com sucesso
[01:51:03 | INFO] > Comando !msg carregado com sucesso
[01:51:03 | INFO] > Comando !panel carregado com sucesso
[01:51:03 | INFO] > Comando !remove carregado com sucesso
[01:51:03 | INFO] > Comando !rename carregado com sucesso
[01:51:03 | INFO] > Comando !stats carregado com sucesso
[01:51:03 | INFO] > Comando !suporte carregado com sucesso
[01:51:03 | INFO] > Comando !tickets carregado com sucesso
[01:51:03 | INFO] > Comando !topic carregado com sucesso
[01:51:03 | INFO] > Comando !trans carregado com sucesso
[01:51:03 | INFO] > Comando !transcript carregado com sucesso
[01:51:03 | INFO] Foram carregados 10 eventos e 19 comandos
[01:51:04 | INFO] 

[01:51:04 | INFO] [ENCOMENDAS] - INICIANDO SISTEMA
[01:51:04 | INFO] [MONGODB] CONEXÃO REALIZADA COM SUCESSO
[01:51:05 | INFO] Serão carregados: 8 comandos!
[01:51:05 | INFO] 1: D:/repos/Jobs/SquashCodes-Bot/encomendas/src/commands/Order/finishOrder.js carregado.
[01:51:05 | INFO] 2: D:/repos/Jobs/SquashCodes-Bot/encomendas/src/commands/Order/newOrder.js carregado.
[01:51:05 | INFO] 3: D:/repos/Jobs/SquashCodes-Bot/encomendas/src/commands/Order/orderStatus.js carregado.
[01:51:05 | INFO] 4: D:/repos/Jobs/SquashCodes-Bot/encomendas/src/commands/Order/restoreOrder.js carregado.
[01:51:05 | INFO] 5: D:/repos/Jobs/SquashCodes-Bot/encomendas/src/commands/Order/updateOrder.js carregado.
[01:51:05 | INFO] 6: D:/repos/Jobs/SquashCodes-Bot/encomendas/src/commands/Util/clearSystem.js carregado.
[01:51:05 | INFO] 7: D:/repos/Jobs/SquashCodes-Bot/encomendas/src/commands/Util/ehelp.js carregado.
[01:51:05 | INFO] 8: D:/repos/Jobs/SquashCodes-Bot/encomendas/src/commands/Util/eval.js carregado.
[01:51:05 | INFO] 

[01:51:05 | INFO] Serão carregados: 3 eventos!
[01:51:05 | INFO] 1: D:/repos/Jobs/SquashCodes-Bot/encomendas/src/events/guild/member/add.js carregado.
[01:51:05 | INFO] 2: D:/repos/Jobs/SquashCodes-Bot/encomendas/src/events/guild/member/update.js carregado.
[01:51:05 | INFO] 3: D:/repos/Jobs/SquashCodes-Bot/encomendas/src/events/message/update.js carregado.
[01:51:05 | INFO] 

[01:51:06 | INFO] Autenticado com sucesso como Zuraaa Testes#7347
[01:51:06 | INFO] Permissão de 'ADMINISTRATOR' verificada com sucesso
[01:51:06 | INFO] [MYSQL] CONEXÃO REALIZADA COM SUCESSO
[01:51:06 | INFO] [ENCOMENDAS] SISTEMA ONLINE!
[01:51:06 | INFO] [ENCOMENDAS] CACHEANDO CARGOS
[01:51:06 | INFO] [ENCOMENDAS] CARGOS CACHEADOS
[01:51:06 | INFO] [ENCOMENDAS] CACHEANDO ENCOMENDAS
[01:51:06 | INFO] [ENCOMENDAS] ENCOMENDAS CACHEADAS

    
<-<-<================================================================================>->->
    File generated by leekslazylogger v2.0.7 by eartharoid (http://leeks.js.org/logger)
    SquashCodes | Log File
    Saturday, 29th May 2021, 02:04 am (America/Sao_Paulo) -->
    Node: v14.17.0 on 'Windows' | Time format: 'HH:mm:ss' | Date format: 'YYYY-MM-DD'
<-<-<================================================================================>->->


[02:04:33 | INFO] Connecting to MySQL database...
[02:04:34 | INFO] > Evento debug carregado com sucesso
[02:04:34 | INFO] > Evento error carregado com sucesso
[02:04:34 | INFO] > Evento guildMemberAdd carregado com sucesso
[02:04:34 | INFO] > Evento message carregado com sucesso
[02:04:34 | INFO] > Evento messageDelete carregado com sucesso
[02:04:34 | INFO] > Evento messageReactionAdd carregado com sucesso
[02:04:34 | INFO] > Evento messageUpdate carregado com sucesso
[02:04:34 | INFO] > Evento rateLimit carregado com sucesso
[02:04:34 | INFO] > Evento ready carregado com sucesso
[02:04:34 | INFO] > Evento warn carregado com sucesso
[02:04:34 | INFO] > Comando !add carregado com sucesso
[02:04:34 | INFO] > Comando !authenticate carregado com sucesso
[02:04:34 | INFO] > Comando !canvas carregado com sucesso
[02:04:34 | INFO] > Comando !changeip carregado com sucesso
[02:04:34 | INFO] > Comando !clear carregado com sucesso
[02:04:34 | INFO] > Comando !close carregado com sucesso
[02:04:34 | INFO] > Comando !closeall carregado com sucesso
[02:04:34 | INFO] > Comando !delete carregado com sucesso
[02:04:34 | INFO] > Comando !ajuda carregado com sucesso
[02:04:34 | INFO] > Comando !msg carregado com sucesso
[02:04:34 | INFO] > Comando !panel carregado com sucesso
[02:04:34 | INFO] > Comando !remove carregado com sucesso
[02:04:34 | INFO] > Comando !rename carregado com sucesso
[02:04:34 | INFO] > Comando !stats carregado com sucesso
[02:04:34 | INFO] > Comando !suporte carregado com sucesso
[02:04:34 | INFO] > Comando !tickets carregado com sucesso
[02:04:34 | INFO] > Comando !topic carregado com sucesso
[02:04:34 | INFO] > Comando !trans carregado com sucesso
[02:04:34 | INFO] > Comando !transcript carregado com sucesso
[02:04:34 | INFO] Foram carregados 10 eventos e 19 comandos
[02:04:37 | INFO] 

[02:04:37 | INFO] [ENCOMENDAS] - INICIANDO SISTEMA
[02:04:37 | INFO] [MONGODB] CONEXÃO REALIZADA COM SUCESSO
[02:04:38 | INFO] Serão carregados: 8 comandos!
[02:04:38 | INFO] 1: D:/repos/Jobs/SquashCodes-Bot/encomendas/src/commands/Order/finishOrder.js carregado.
[02:04:38 | INFO] 2: D:/repos/Jobs/SquashCodes-Bot/encomendas/src/commands/Order/newOrder.js carregado.
[02:04:38 | INFO] 3: D:/repos/Jobs/SquashCodes-Bot/encomendas/src/commands/Order/orderStatus.js carregado.
[02:04:38 | INFO] 4: D:/repos/Jobs/SquashCodes-Bot/encomendas/src/commands/Order/restoreOrder.js carregado.
[02:04:38 | INFO] 5: D:/repos/Jobs/SquashCodes-Bot/encomendas/src/commands/Order/updateOrder.js carregado.
[02:04:38 | INFO] 6: D:/repos/Jobs/SquashCodes-Bot/encomendas/src/commands/Util/clearSystem.js carregado.
[02:04:38 | INFO] 7: D:/repos/Jobs/SquashCodes-Bot/encomendas/src/commands/Util/ehelp.js carregado.
[02:04:38 | INFO] 8: D:/repos/Jobs/SquashCodes-Bot/encomendas/src/commands/Util/eval.js carregado.
[02:04:38 | INFO] 

[02:04:38 | INFO] Serão carregados: 3 eventos!
[02:04:38 | INFO] 1: D:/repos/Jobs/SquashCodes-Bot/encomendas/src/events/guild/member/add.js carregado.
[02:04:38 | INFO] 2: D:/repos/Jobs/SquashCodes-Bot/encomendas/src/events/guild/member/update.js carregado.
[02:04:38 | INFO] 3: D:/repos/Jobs/SquashCodes-Bot/encomendas/src/events/message/update.js carregado.
[02:04:38 | INFO] 

[02:04:39 | INFO] Autenticado com sucesso como Zuraaa Testes#7347
[02:04:39 | INFO] Permissão de 'ADMINISTRATOR' verificada com sucesso
[02:04:39 | INFO] [MYSQL] CONEXÃO REALIZADA COM SUCESSO
[02:04:39 | INFO] [ENCOMENDAS] SISTEMA ONLINE!
[02:04:39 | INFO] [ENCOMENDAS] CACHEANDO CARGOS
[02:04:39 | INFO] [ENCOMENDAS] CARGOS CACHEADOS
[02:04:39 | INFO] [ENCOMENDAS] CACHEANDO ENCOMENDAS
[02:04:39 | INFO] [ENCOMENDAS] ENCOMENDAS CACHEADAS

    
<-<-<================================================================================>->->
    File generated by leekslazylogger v2.0.7 by eartharoid (http://leeks.js.org/logger)
    SquashCodes | Log File
    Saturday, 29th May 2021, 02:06 am (America/Sao_Paulo) -->
    Node: v14.17.0 on 'Windows' | Time format: 'HH:mm:ss' | Date format: 'YYYY-MM-DD'
<-<-<================================================================================>->->


[02:06:39 | INFO] Connecting to MySQL database...
[02:06:40 | INFO] > Evento debug carregado com sucesso
[02:06:40 | INFO] > Evento error carregado com sucesso
[02:06:40 | INFO] > Evento guildMemberAdd carregado com sucesso
[02:06:40 | INFO] > Evento message carregado com sucesso
[02:06:40 | INFO] > Evento messageDelete carregado com sucesso
[02:06:40 | INFO] > Evento messageReactionAdd carregado com sucesso
[02:06:40 | INFO] > Evento messageUpdate carregado com sucesso
[02:06:40 | INFO] > Evento rateLimit carregado com sucesso
[02:06:40 | INFO] > Evento ready carregado com sucesso
[02:06:40 | INFO] > Evento warn carregado com sucesso
[02:06:40 | INFO] > Comando !add carregado com sucesso
[02:06:40 | INFO] > Comando !authenticate carregado com sucesso
[02:06:40 | INFO] > Comando !canvas carregado com sucesso
[02:06:40 | INFO] > Comando !changeip carregado com sucesso
[02:06:40 | INFO] > Comando !clear carregado com sucesso
[02:06:40 | INFO] > Comando !close carregado com sucesso
[02:06:40 | INFO] > Comando !closeall carregado com sucesso
[02:06:40 | INFO] > Comando !delete carregado com sucesso
[02:06:40 | INFO] > Comando !ajuda carregado com sucesso
[02:06:40 | INFO] > Comando !msg carregado com sucesso
[02:06:40 | INFO] > Comando !panel carregado com sucesso
[02:06:40 | INFO] > Comando !remove carregado com sucesso
[02:06:40 | INFO] > Comando !rename carregado com sucesso
[02:06:40 | INFO] > Comando !stats carregado com sucesso
[02:06:40 | INFO] > Comando !suporte carregado com sucesso
[02:06:40 | INFO] > Comando !tickets carregado com sucesso
[02:06:40 | INFO] > Comando !topic carregado com sucesso
[02:06:40 | INFO] > Comando !trans carregado com sucesso
[02:06:40 | INFO] > Comando !transcript carregado com sucesso
[02:06:40 | INFO] Foram carregados 10 eventos e 19 comandos
[02:06:41 | INFO] 

[02:06:41 | INFO] [ENCOMENDAS] - INICIANDO SISTEMA
[02:06:41 | INFO] [MONGODB] CONEXÃO REALIZADA COM SUCESSO
[02:06:42 | INFO] Serão carregados: 8 comandos!
[02:06:42 | INFO] 1: D:/repos/Jobs/SquashCodes-Bot/encomendas/src/commands/Order/finishOrder.js carregado.
[02:06:42 | INFO] 2: D:/repos/Jobs/SquashCodes-Bot/encomendas/src/commands/Order/newOrder.js carregado.
[02:06:42 | INFO] 3: D:/repos/Jobs/SquashCodes-Bot/encomendas/src/commands/Order/orderStatus.js carregado.
[02:06:42 | INFO] 4: D:/repos/Jobs/SquashCodes-Bot/encomendas/src/commands/Order/restoreOrder.js carregado.
[02:06:42 | INFO] 5: D:/repos/Jobs/SquashCodes-Bot/encomendas/src/commands/Order/updateOrder.js carregado.
[02:06:42 | INFO] 6: D:/repos/Jobs/SquashCodes-Bot/encomendas/src/commands/Util/clearSystem.js carregado.
[02:06:42 | INFO] 7: D:/repos/Jobs/SquashCodes-Bot/encomendas/src/commands/Util/ehelp.js carregado.
[02:06:42 | INFO] 8: D:/repos/Jobs/SquashCodes-Bot/encomendas/src/commands/Util/eval.js carregado.
[02:06:42 | INFO] 

[02:06:42 | INFO] Serão carregados: 3 eventos!
[02:06:42 | INFO] 1: D:/repos/Jobs/SquashCodes-Bot/encomendas/src/events/guild/member/add.js carregado.
[02:06:42 | INFO] 2: D:/repos/Jobs/SquashCodes-Bot/encomendas/src/events/guild/member/update.js carregado.
[02:06:42 | INFO] 3: D:/repos/Jobs/SquashCodes-Bot/encomendas/src/events/message/update.js carregado.
[02:06:42 | INFO] 

[02:06:43 | INFO] Autenticado com sucesso como Zuraaa Testes#7347
[02:06:43 | INFO] Permissão de 'ADMINISTRATOR' verificada com sucesso
[02:06:43 | INFO] [MYSQL] CONEXÃO REALIZADA COM SUCESSO
[02:06:43 | INFO] [ENCOMENDAS] SISTEMA ONLINE!
[02:06:43 | INFO] [ENCOMENDAS] CACHEANDO CARGOS
[02:06:43 | INFO] [ENCOMENDAS] CARGOS CACHEADOS
[02:06:43 | INFO] [ENCOMENDAS] CACHEANDO ENCOMENDAS
[02:06:43 | INFO] [ENCOMENDAS] ENCOMENDAS CACHEADAS
[02:08:43 | WARN] Unhandled Rejection...
[02:08:43 | ERROR] MongoError: E11000 duplicate key error collection: squash-code.orders index: _id_ dup key: { _id: "5" }
    at Function.create (D:\repos\Jobs\SquashCodes-Bot\node_modules\mongodb\lib\core\error.js:57:12)
    at toError (D:\repos\Jobs\SquashCodes-Bot\node_modules\mongodb\lib\utils.js:123:22)
    at D:\repos\Jobs\SquashCodes-Bot\node_modules\mongodb\lib\operations\common_functions.js:258:39
    at handler (D:\repos\Jobs\SquashCodes-Bot\node_modules\mongodb\lib\core\sdam\topology.js:944:24)
    at D:\repos\Jobs\SquashCodes-Bot\node_modules\mongodb\lib\cmap\connection_pool.js:350:13
    at handleOperationResult (D:\repos\Jobs\SquashCodes-Bot\node_modules\mongodb\lib\core\sdam\server.js:558:5)
    at MessageStream.messageHandler (D:\repos\Jobs\SquashCodes-Bot\node_modules\mongodb\lib\cmap\connection.js:277:5)
    at MessageStream.emit (events.js:376:20)
    at processIncomingData (D:\repos\Jobs\SquashCodes-Bot\node_modules\mongodb\lib\cmap\message_stream.js:144:12)
    at MessageStream._write (D:\repos\Jobs\SquashCodes-Bot\node_modules\mongodb\lib\cmap\message_stream.js:42:5)
    at writeOrBuffer (internal/streams/writable.js:358:12)
    at MessageStream.Writable.write (internal/streams/writable.js:303:10)
    at Socket.ondata (internal/streams/readable.js:745:22)
    at Socket.emit (events.js:376:20)
    at addChunk (internal/streams/readable.js:309:12)
    at readableAddChunk (internal/streams/readable.js:284:9)
[02:08:43 | INFO] Bye bye~!

    
<-<-<================================================================================>->->
    File generated by leekslazylogger v2.0.7 by eartharoid (http://leeks.js.org/logger)
    SquashCodes | Log File
    Saturday, 29th May 2021, 02:09 am (America/Sao_Paulo) -->
    Node: v14.17.0 on 'Windows' | Time format: 'HH:mm:ss' | Date format: 'YYYY-MM-DD'
<-<-<================================================================================>->->


[02:09:01 | INFO] Connecting to MySQL database...
[02:09:01 | INFO] > Evento debug carregado com sucesso
[02:09:01 | INFO] > Evento error carregado com sucesso
[02:09:01 | INFO] > Evento guildMemberAdd carregado com sucesso
[02:09:01 | INFO] > Evento message carregado com sucesso
[02:09:01 | INFO] > Evento messageDelete carregado com sucesso
[02:09:01 | INFO] > Evento messageReactionAdd carregado com sucesso
[02:09:01 | INFO] > Evento messageUpdate carregado com sucesso
[02:09:01 | INFO] > Evento rateLimit carregado com sucesso
[02:09:01 | INFO] > Evento ready carregado com sucesso
[02:09:01 | INFO] > Evento warn carregado com sucesso
[02:09:01 | INFO] > Comando !add carregado com sucesso
[02:09:01 | INFO] > Comando !authenticate carregado com sucesso
[02:09:01 | INFO] > Comando !canvas carregado com sucesso
[02:09:01 | INFO] > Comando !changeip carregado com sucesso
[02:09:01 | INFO] > Comando !clear carregado com sucesso
[02:09:01 | INFO] > Comando !close carregado com sucesso
[02:09:01 | INFO] > Comando !closeall carregado com sucesso
[02:09:01 | INFO] > Comando !delete carregado com sucesso
[02:09:01 | INFO] > Comando !ajuda carregado com sucesso
[02:09:01 | INFO] > Comando !msg carregado com sucesso
[02:09:01 | INFO] > Comando !panel carregado com sucesso
[02:09:01 | INFO] > Comando !remove carregado com sucesso
[02:09:01 | INFO] > Comando !rename carregado com sucesso
[02:09:01 | INFO] > Comando !stats carregado com sucesso
[02:09:01 | INFO] > Comando !suporte carregado com sucesso
[02:09:01 | INFO] > Comando !tickets carregado com sucesso
[02:09:01 | INFO] > Comando !topic carregado com sucesso
[02:09:01 | INFO] > Comando !trans carregado com sucesso
[02:09:01 | INFO] > Comando !transcript carregado com sucesso
[02:09:01 | INFO] Foram carregados 10 eventos e 19 comandos
[02:09:02 | INFO] 

[02:09:02 | INFO] [ENCOMENDAS] - INICIANDO SISTEMA
[02:09:02 | INFO] [MONGODB] CONEXÃO REALIZADA COM SUCESSO
[02:09:03 | INFO] Serão carregados: 8 comandos!
[02:09:03 | INFO] 1: D:/repos/Jobs/SquashCodes-Bot/encomendas/src/commands/Order/finishOrder.js carregado.
[02:09:03 | INFO] 2: D:/repos/Jobs/SquashCodes-Bot/encomendas/src/commands/Order/newOrder.js carregado.
[02:09:03 | INFO] 3: D:/repos/Jobs/SquashCodes-Bot/encomendas/src/commands/Order/orderStatus.js carregado.
[02:09:03 | INFO] 4: D:/repos/Jobs/SquashCodes-Bot/encomendas/src/commands/Order/restoreOrder.js carregado.
[02:09:03 | INFO] 5: D:/repos/Jobs/SquashCodes-Bot/encomendas/src/commands/Order/updateOrder.js carregado.
[02:09:03 | INFO] 6: D:/repos/Jobs/SquashCodes-Bot/encomendas/src/commands/Util/clearSystem.js carregado.
[02:09:03 | INFO] 7: D:/repos/Jobs/SquashCodes-Bot/encomendas/src/commands/Util/ehelp.js carregado.
[02:09:03 | INFO] 8: D:/repos/Jobs/SquashCodes-Bot/encomendas/src/commands/Util/eval.js carregado.
[02:09:03 | INFO] 

[02:09:03 | INFO] Serão carregados: 3 eventos!
[02:09:03 | INFO] 1: D:/repos/Jobs/SquashCodes-Bot/encomendas/src/events/guild/member/add.js carregado.
[02:09:03 | INFO] 2: D:/repos/Jobs/SquashCodes-Bot/encomendas/src/events/guild/member/update.js carregado.
[02:09:03 | INFO] 3: D:/repos/Jobs/SquashCodes-Bot/encomendas/src/events/message/update.js carregado.
[02:09:03 | INFO] 

[02:09:04 | INFO] Autenticado com sucesso como Zuraaa Testes#7347
[02:09:04 | INFO] Permissão de 'ADMINISTRATOR' verificada com sucesso
[02:09:04 | INFO] [MYSQL] CONEXÃO REALIZADA COM SUCESSO
[02:09:04 | INFO] [ENCOMENDAS] SISTEMA ONLINE!
[02:09:04 | INFO] [ENCOMENDAS] CACHEANDO CARGOS
[02:09:04 | INFO] [ENCOMENDAS] CARGOS CACHEADOS
[02:09:04 | INFO] [ENCOMENDAS] CACHEANDO ENCOMENDAS
[02:09:04 | INFO] [ENCOMENDAS] ENCOMENDAS CACHEADAS

    
<-<-<================================================================================>->->
    File generated by leekslazylogger v2.0.7 by eartharoid (http://leeks.js.org/logger)
    SquashCodes | Log File
    Saturday, 29th May 2021, 02:09 am (America/Sao_Paulo) -->
    Node: v14.17.0 on 'Windows' | Time format: 'HH:mm:ss' | Date format: 'YYYY-MM-DD'
<-<-<================================================================================>->->


[02:09:34 | INFO] Connecting to MySQL database...
[02:09:34 | INFO] > Evento debug carregado com sucesso
[02:09:34 | INFO] > Evento error carregado com sucesso
[02:09:34 | INFO] > Evento guildMemberAdd carregado com sucesso
[02:09:34 | INFO] > Evento message carregado com sucesso
[02:09:34 | INFO] > Evento messageDelete carregado com sucesso
[02:09:34 | INFO] > Evento messageReactionAdd carregado com sucesso
[02:09:34 | INFO] > Evento messageUpdate carregado com sucesso
[02:09:34 | INFO] > Evento rateLimit carregado com sucesso
[02:09:34 | INFO] > Evento ready carregado com sucesso
[02:09:34 | INFO] > Evento warn carregado com sucesso
[02:09:34 | INFO] > Comando !add carregado com sucesso
[02:09:34 | INFO] > Comando !authenticate carregado com sucesso
[02:09:34 | INFO] > Comando !canvas carregado com sucesso
[02:09:34 | INFO] > Comando !changeip carregado com sucesso
[02:09:34 | INFO] > Comando !clear carregado com sucesso
[02:09:34 | INFO] > Comando !close carregado com sucesso
[02:09:34 | INFO] > Comando !closeall carregado com sucesso
[02:09:34 | INFO] > Comando !delete carregado com sucesso
[02:09:35 | INFO] > Comando !ajuda carregado com sucesso
[02:09:35 | INFO] > Comando !msg carregado com sucesso
[02:09:35 | INFO] > Comando !panel carregado com sucesso
[02:09:35 | INFO] > Comando !remove carregado com sucesso
[02:09:35 | INFO] > Comando !rename carregado com sucesso
[02:09:35 | INFO] > Comando !stats carregado com sucesso
[02:09:35 | INFO] > Comando !suporte carregado com sucesso
[02:09:35 | INFO] > Comando !tickets carregado com sucesso
[02:09:35 | INFO] > Comando !topic carregado com sucesso
[02:09:35 | INFO] > Comando !trans carregado com sucesso
[02:09:35 | INFO] > Comando !transcript carregado com sucesso
[02:09:35 | INFO] Foram carregados 10 eventos e 19 comandos
[02:09:36 | INFO] 

[02:09:36 | INFO] [ENCOMENDAS] - INICIANDO SISTEMA
[02:09:36 | INFO] [MONGODB] CONEXÃO REALIZADA COM SUCESSO
[02:09:37 | INFO] Serão carregados: 8 comandos!
[02:09:37 | INFO] 1: D:/repos/Jobs/SquashCodes-Bot/encomendas/src/commands/Order/finishOrder.js carregado.
[02:09:37 | INFO] 2: D:/repos/Jobs/SquashCodes-Bot/encomendas/src/commands/Order/newOrder.js carregado.
[02:09:37 | INFO] 3: D:/repos/Jobs/SquashCodes-Bot/encomendas/src/commands/Order/orderStatus.js carregado.
[02:09:37 | INFO] 4: D:/repos/Jobs/SquashCodes-Bot/encomendas/src/commands/Order/restoreOrder.js carregado.
[02:09:37 | INFO] 5: D:/repos/Jobs/SquashCodes-Bot/encomendas/src/commands/Order/updateOrder.js carregado.
[02:09:37 | INFO] 6: D:/repos/Jobs/SquashCodes-Bot/encomendas/src/commands/Util/clearSystem.js carregado.
[02:09:37 | INFO] 7: D:/repos/Jobs/SquashCodes-Bot/encomendas/src/commands/Util/ehelp.js carregado.
[02:09:37 | INFO] 8: D:/repos/Jobs/SquashCodes-Bot/encomendas/src/commands/Util/eval.js carregado.
[02:09:37 | INFO] 

[02:09:37 | INFO] Serão carregados: 3 eventos!
[02:09:37 | INFO] 1: D:/repos/Jobs/SquashCodes-Bot/encomendas/src/events/guild/member/add.js carregado.
[02:09:37 | INFO] 2: D:/repos/Jobs/SquashCodes-Bot/encomendas/src/events/guild/member/update.js carregado.
[02:09:37 | INFO] 3: D:/repos/Jobs/SquashCodes-Bot/encomendas/src/events/message/update.js carregado.
[02:09:37 | INFO] 

[02:09:38 | INFO] Autenticado com sucesso como Zuraaa Testes#7347
[02:09:38 | INFO] Permissão de 'ADMINISTRATOR' verificada com sucesso
[02:09:38 | INFO] [MYSQL] CONEXÃO REALIZADA COM SUCESSO
[02:09:38 | INFO] [ENCOMENDAS] SISTEMA ONLINE!
[02:09:38 | INFO] [ENCOMENDAS] CACHEANDO CARGOS
[02:09:38 | INFO] [ENCOMENDAS] CARGOS CACHEADOS
[02:09:38 | INFO] [ENCOMENDAS] CACHEANDO ENCOMENDAS
[02:09:38 | INFO] [ENCOMENDAS] ENCOMENDAS CACHEADAS
[02:15:44 | WARN] Ctrl-C...

    
<-<-<================================================================================>->->
    File generated by leekslazylogger v2.0.7 by eartharoid (http://leeks.js.org/logger)
    SquashCodes | Log File
    Saturday, 29th May 2021, 02:17 am (America/Sao_Paulo) -->
    Node: v14.17.0 on 'Windows' | Time format: 'HH:mm:ss' | Date format: 'YYYY-MM-DD'
<-<-<================================================================================>->->


[02:17:30 | INFO] Connecting to MySQL database...
[02:17:30 | INFO] > Evento debug carregado com sucesso
[02:17:30 | INFO] > Evento error carregado com sucesso
[02:17:30 | INFO] > Evento guildMemberAdd carregado com sucesso
[02:17:30 | INFO] > Evento message carregado com sucesso
[02:17:30 | INFO] > Evento messageDelete carregado com sucesso
[02:17:30 | INFO] > Evento messageReactionAdd carregado com sucesso
[02:17:30 | INFO] > Evento messageUpdate carregado com sucesso
[02:17:30 | INFO] > Evento rateLimit carregado com sucesso
[02:17:30 | INFO] > Evento ready carregado com sucesso
[02:17:30 | INFO] > Evento warn carregado com sucesso
[02:17:30 | INFO] > Comando !add carregado com sucesso
[02:17:30 | INFO] > Comando !authenticate carregado com sucesso
[02:17:30 | INFO] > Comando !canvas carregado com sucesso
[02:17:30 | INFO] > Comando !changeip carregado com sucesso
[02:17:30 | INFO] > Comando !clear carregado com sucesso
[02:17:30 | INFO] > Comando !close carregado com sucesso
[02:17:30 | INFO] > Comando !closeall carregado com sucesso
[02:17:30 | INFO] > Comando !delete carregado com sucesso
[02:17:30 | INFO] > Comando !ajuda carregado com sucesso
[02:17:30 | INFO] > Comando !msg carregado com sucesso
[02:17:30 | INFO] > Comando !panel carregado com sucesso
[02:17:30 | INFO] > Comando !remove carregado com sucesso
[02:17:30 | INFO] > Comando !rename carregado com sucesso
[02:17:30 | INFO] > Comando !stats carregado com sucesso
[02:17:30 | INFO] > Comando !suporte carregado com sucesso
[02:17:30 | INFO] > Comando !tickets carregado com sucesso
[02:17:30 | INFO] > Comando !topic carregado com sucesso
[02:17:30 | INFO] > Comando !trans carregado com sucesso
[02:17:30 | INFO] > Comando !transcript carregado com sucesso
[02:17:30 | INFO] Foram carregados 10 eventos e 19 comandos
[02:17:31 | INFO] 

[02:17:31 | INFO] [ENCOMENDAS] - INICIANDO SISTEMA
[02:17:31 | INFO] [MONGODB] CONEXÃO REALIZADA COM SUCESSO
[02:17:32 | INFO] Serão carregados: 8 comandos!
[02:17:32 | INFO] 1: D:/repos/Jobs/SquashCodes-Bot/encomendas/src/commands/Order/finishOrder.js carregado.
[02:17:32 | INFO] 2: D:/repos/Jobs/SquashCodes-Bot/encomendas/src/commands/Order/newOrder.js carregado.
[02:17:32 | INFO] 3: D:/repos/Jobs/SquashCodes-Bot/encomendas/src/commands/Order/orderStatus.js carregado.
[02:17:32 | INFO] 4: D:/repos/Jobs/SquashCodes-Bot/encomendas/src/commands/Order/restoreOrder.js carregado.
[02:17:32 | INFO] 5: D:/repos/Jobs/SquashCodes-Bot/encomendas/src/commands/Order/updateOrder.js carregado.
[02:17:32 | INFO] 6: D:/repos/Jobs/SquashCodes-Bot/encomendas/src/commands/Util/clearSystem.js carregado.
[02:17:32 | INFO] 7: D:/repos/Jobs/SquashCodes-Bot/encomendas/src/commands/Util/ehelp.js carregado.
[02:17:32 | INFO] 8: D:/repos/Jobs/SquashCodes-Bot/encomendas/src/commands/Util/eval.js carregado.
[02:17:32 | INFO] 

[02:17:32 | INFO] Serão carregados: 3 eventos!
[02:17:32 | INFO] 1: D:/repos/Jobs/SquashCodes-Bot/encomendas/src/events/guild/member/add.js carregado.
[02:17:32 | INFO] 2: D:/repos/Jobs/SquashCodes-Bot/encomendas/src/events/guild/member/update.js carregado.
[02:17:32 | INFO] 3: D:/repos/Jobs/SquashCodes-Bot/encomendas/src/events/message/update.js carregado.
[02:17:32 | INFO] 

[02:17:33 | INFO] Autenticado com sucesso como Zuraaa Testes#7347
[02:17:33 | INFO] Permissão de 'ADMINISTRATOR' verificada com sucesso
[02:17:33 | INFO] [MYSQL] CONEXÃO REALIZADA COM SUCESSO
[02:17:33 | INFO] [ENCOMENDAS] SISTEMA ONLINE!
[02:17:33 | INFO] [ENCOMENDAS] CACHEANDO CARGOS
[02:17:33 | INFO] [ENCOMENDAS] CARGOS CACHEADOS
[02:17:33 | INFO] [ENCOMENDAS] CACHEANDO ENCOMENDAS
[02:17:33 | INFO] [ENCOMENDAS] ENCOMENDAS CACHEADAS
[02:17:59 | INFO] ClearSystem was executed then this process will be exited soon.
[02:17:59 | INFO] Bye bye~!

    
<-<-<================================================================================>->->
    File generated by leekslazylogger v2.0.7 by eartharoid (http://leeks.js.org/logger)
    SquashCodes | Log File
    Saturday, 29th May 2021, 02:18 am (America/Sao_Paulo) -->
    Node: v14.17.0 on 'Windows' | Time format: 'HH:mm:ss' | Date format: 'YYYY-MM-DD'
<-<-<================================================================================>->->


[02:18:28 | INFO] Connecting to MySQL database...
[02:18:29 | INFO] > Evento debug carregado com sucesso
[02:18:29 | INFO] > Evento error carregado com sucesso
[02:18:29 | INFO] > Evento guildMemberAdd carregado com sucesso
[02:18:29 | INFO] > Evento message carregado com sucesso
[02:18:29 | INFO] > Evento messageDelete carregado com sucesso
[02:18:29 | INFO] > Evento messageReactionAdd carregado com sucesso
[02:18:29 | INFO] > Evento messageUpdate carregado com sucesso
[02:18:29 | INFO] > Evento rateLimit carregado com sucesso
[02:18:29 | INFO] > Evento ready carregado com sucesso
[02:18:29 | INFO] > Evento warn carregado com sucesso
[02:18:29 | INFO] > Comando !add carregado com sucesso
[02:18:29 | INFO] > Comando !authenticate carregado com sucesso
[02:18:29 | INFO] > Comando !canvas carregado com sucesso
[02:18:29 | INFO] > Comando !changeip carregado com sucesso
[02:18:29 | INFO] > Comando !clear carregado com sucesso
[02:18:29 | INFO] > Comando !close carregado com sucesso
[02:18:29 | INFO] > Comando !closeall carregado com sucesso
[02:18:29 | INFO] > Comando !delete carregado com sucesso
[02:18:29 | INFO] > Comando !ajuda carregado com sucesso
[02:18:29 | INFO] > Comando !msg carregado com sucesso
[02:18:29 | INFO] > Comando !panel carregado com sucesso
[02:18:29 | INFO] > Comando !remove carregado com sucesso
[02:18:29 | INFO] > Comando !rename carregado com sucesso
[02:18:29 | INFO] > Comando !stats carregado com sucesso
[02:18:29 | INFO] > Comando !suporte carregado com sucesso
[02:18:29 | INFO] > Comando !tickets carregado com sucesso
[02:18:29 | INFO] > Comando !topic carregado com sucesso
[02:18:29 | INFO] > Comando !trans carregado com sucesso
[02:18:29 | INFO] > Comando !transcript carregado com sucesso
[02:18:29 | INFO] Foram carregados 10 eventos e 19 comandos
[02:18:30 | INFO] 

[02:18:30 | INFO] [ENCOMENDAS] - INICIANDO SISTEMA
[02:18:30 | INFO] [MONGODB] CONEXÃO REALIZADA COM SUCESSO
[02:18:31 | INFO] Serão carregados: 8 comandos!
[02:18:31 | INFO] 1: D:/repos/Jobs/SquashCodes-Bot/encomendas/src/commands/Order/finishOrder.js carregado.
[02:18:31 | INFO] 2: D:/repos/Jobs/SquashCodes-Bot/encomendas/src/commands/Order/newOrder.js carregado.
[02:18:31 | INFO] 3: D:/repos/Jobs/SquashCodes-Bot/encomendas/src/commands/Order/orderStatus.js carregado.
[02:18:31 | INFO] 4: D:/repos/Jobs/SquashCodes-Bot/encomendas/src/commands/Order/restoreOrder.js carregado.
[02:18:31 | INFO] 5: D:/repos/Jobs/SquashCodes-Bot/encomendas/src/commands/Order/updateOrder.js carregado.
[02:18:31 | INFO] 6: D:/repos/Jobs/SquashCodes-Bot/encomendas/src/commands/Util/clearSystem.js carregado.
[02:18:31 | INFO] 7: D:/repos/Jobs/SquashCodes-Bot/encomendas/src/commands/Util/ehelp.js carregado.
[02:18:31 | INFO] 8: D:/repos/Jobs/SquashCodes-Bot/encomendas/src/commands/Util/eval.js carregado.
[02:18:31 | INFO] 

[02:18:31 | INFO] Serão carregados: 3 eventos!
[02:18:31 | INFO] 1: D:/repos/Jobs/SquashCodes-Bot/encomendas/src/events/guild/member/add.js carregado.
[02:18:31 | INFO] 2: D:/repos/Jobs/SquashCodes-Bot/encomendas/src/events/guild/member/update.js carregado.
[02:18:31 | INFO] 3: D:/repos/Jobs/SquashCodes-Bot/encomendas/src/events/message/update.js carregado.
[02:18:31 | INFO] 

[02:18:32 | INFO] Autenticado com sucesso como Zuraaa Testes#7347
[02:18:32 | INFO] Permissão de 'ADMINISTRATOR' verificada com sucesso
[02:18:32 | INFO] [MYSQL] CONEXÃO REALIZADA COM SUCESSO
[02:18:32 | INFO] [ENCOMENDAS] SISTEMA ONLINE!
[02:18:32 | INFO] [ENCOMENDAS] CACHEANDO CARGOS
[02:18:32 | INFO] [ENCOMENDAS] CARGOS CACHEADOS
[02:18:32 | INFO] [ENCOMENDAS] CACHEANDO ENCOMENDAS
[02:18:32 | INFO] [ENCOMENDAS] ENCOMENDAS CACHEADAS
[02:20:19 | INFO] ClearSystem was executed then this process will be exited soon.
[02:20:19 | INFO] Bye bye~!
