
    
<-<-<================================================================================>->->
    File generated by leekslazylogger v2.0.7 by eartharoid (http://leeks.js.org/logger)
    SquashCodes | Log File
    Wednesday, 19th May 2021, 04:55 am (America/Sao_Paulo) -->
    Node: v14.17.0 on 'Windows' | Time format: 'HH:mm:ss' | Date format: 'YYYY-MM-DD'
<-<-<================================================================================>->->


[04:55:17 | INFO] Connecting to MySQL database...
[04:55:20 | INFO] > Evento debug carregado com sucesso
[04:55:20 | INFO] > Evento error carregado com sucesso
[04:55:21 | INFO] > Evento guildMemberAdd carregado com sucesso
[04:55:21 | INFO] > Evento message carregado com sucesso
[04:55:21 | INFO] > Evento messageDelete carregado com sucesso
[04:55:21 | INFO] > Evento messageReactionAdd carregado com sucesso
[04:55:21 | INFO] > Evento messageUpdate carregado com sucesso
[04:55:21 | INFO] > Evento rateLimit carregado com sucesso
[04:55:21 | INFO] > Evento ready carregado com sucesso
[04:55:21 | INFO] > Evento warn carregado com sucesso
[04:55:21 | INFO] > Comando !add carregado com sucesso
[04:55:21 | INFO] > Comando !authenticate carregado com sucesso
[04:55:21 | INFO] > Comando !canvas carregado com sucesso
[04:55:21 | INFO] > Comando !changeip carregado com sucesso
[04:55:21 | INFO] > Comando !clear carregado com sucesso
[04:55:21 | INFO] > Comando !close carregado com sucesso
[04:55:21 | INFO] > Comando !closeall carregado com sucesso
[04:55:21 | INFO] > Comando !delete carregado com sucesso
[04:55:21 | INFO] > Comando !eval carregado com sucesso
[04:55:21 | INFO] > Comando !ajuda carregado com sucesso
[04:55:21 | INFO] > Comando !msg carregado com sucesso
[04:55:21 | INFO] > Comando !panel carregado com sucesso
[04:55:21 | INFO] > Comando !remove carregado com sucesso
[04:55:21 | INFO] > Comando !rename carregado com sucesso
[04:55:21 | INFO] > Comando !stats carregado com sucesso
[04:55:21 | INFO] > Comando !suporte carregado com sucesso
[04:55:21 | INFO] > Comando !tickets carregado com sucesso
[04:55:21 | INFO] > Comando !topic carregado com sucesso
[04:55:21 | INFO] > Comando !trans carregado com sucesso
[04:55:21 | INFO] > Comando !transcript carregado com sucesso
[04:55:21 | INFO] Foram carregados 10 eventos e 20 comandos

    
<-<-<================================================================================>->->
    File generated by leekslazylogger v2.0.7 by eartharoid (http://leeks.js.org/logger)
    SquashCodes | Log File
    Wednesday, 19th May 2021, 04:55 am (America/Sao_Paulo) -->
    Node: v14.17.0 on 'Windows' | Time format: 'HH:mm:ss' | Date format: 'YYYY-MM-DD'
<-<-<================================================================================>->->


[04:55:41 | INFO] Connecting to MySQL database...
[04:55:41 | INFO] > Evento debug carregado com sucesso
[04:55:41 | INFO] > Evento error carregado com sucesso
[04:55:41 | INFO] > Evento guildMemberAdd carregado com sucesso
[04:55:41 | INFO] > Evento message carregado com sucesso
[04:55:41 | INFO] > Evento messageDelete carregado com sucesso
[04:55:41 | INFO] > Evento messageReactionAdd carregado com sucesso
[04:55:41 | INFO] > Evento messageUpdate carregado com sucesso
[04:55:41 | INFO] > Evento rateLimit carregado com sucesso
[04:55:41 | INFO] > Evento ready carregado com sucesso
[04:55:41 | INFO] > Evento warn carregado com sucesso
[04:55:41 | INFO] > Comando !add carregado com sucesso
[04:55:41 | INFO] > Comando !authenticate carregado com sucesso
[04:55:41 | INFO] > Comando !canvas carregado com sucesso
[04:55:41 | INFO] > Comando !changeip carregado com sucesso
[04:55:41 | INFO] > Comando !clear carregado com sucesso
[04:55:41 | INFO] > Comando !close carregado com sucesso
[04:55:41 | INFO] > Comando !closeall carregado com sucesso
[04:55:41 | INFO] > Comando !delete carregado com sucesso
[04:55:41 | INFO] > Comando !eval carregado com sucesso
[04:55:41 | INFO] > Comando !ajuda carregado com sucesso
[04:55:41 | INFO] > Comando !msg carregado com sucesso
[04:55:41 | INFO] > Comando !panel carregado com sucesso
[04:55:41 | INFO] > Comando !remove carregado com sucesso
[04:55:41 | INFO] > Comando !rename carregado com sucesso
[04:55:41 | INFO] > Comando !stats carregado com sucesso
[04:55:41 | INFO] > Comando !suporte carregado com sucesso
[04:55:41 | INFO] > Comando !tickets carregado com sucesso
[04:55:41 | INFO] > Comando !topic carregado com sucesso
[04:55:41 | INFO] > Comando !trans carregado com sucesso
[04:55:41 | INFO] > Comando !transcript carregado com sucesso
[04:55:41 | INFO] Foram carregados 10 eventos e 20 comandos
[04:55:41 | WARN] An error was not caught
[04:55:41 | WARN] Uncaught SequelizeConnectionRefusedError: connect ECONNREFUSED 127.0.0.1:3306
[04:55:41 | ERROR] SequelizeConnectionRefusedError: connect ECONNREFUSED 127.0.0.1:3306
    at ConnectionManager.connect (D:\repos\Jobs\SquashCodes-Bot\node_modules\sequelize\lib\dialects\mysql\connection-manager.js:116:17)
    at processTicksAndRejections (internal/process/task_queues.js:95:5)
    at async ConnectionManager._connect (D:\repos\Jobs\SquashCodes-Bot\node_modules\sequelize\lib\dialects\abstract\connection-manager.js:318:24)
    at async D:\repos\Jobs\SquashCodes-Bot\node_modules\sequelize\lib\dialects\abstract\connection-manager.js:250:32
[04:55:41 | WARN] An error was not caught
[04:55:41 | WARN] Uncaught SequelizeConnectionRefusedError: connect ECONNREFUSED 127.0.0.1:3306
[04:55:41 | ERROR] SequelizeConnectionRefusedError: connect ECONNREFUSED 127.0.0.1:3306
    at ConnectionManager.connect (D:\repos\Jobs\SquashCodes-Bot\node_modules\sequelize\lib\dialects\mysql\connection-manager.js:116:17)
    at processTicksAndRejections (internal/process/task_queues.js:95:5)
    at async ConnectionManager._connect (D:\repos\Jobs\SquashCodes-Bot\node_modules\sequelize\lib\dialects\abstract\connection-manager.js:318:24)
    at async D:\repos\Jobs\SquashCodes-Bot\node_modules\sequelize\lib\dialects\abstract\connection-manager.js:250:32
[04:55:41 | WARN] An error was not caught
[04:55:41 | WARN] Uncaught SequelizeConnectionRefusedError: connect ECONNREFUSED 127.0.0.1:3306
[04:55:41 | ERROR] SequelizeConnectionRefusedError: connect ECONNREFUSED 127.0.0.1:3306
    at ConnectionManager.connect (D:\repos\Jobs\SquashCodes-Bot\node_modules\sequelize\lib\dialects\mysql\connection-manager.js:116:17)
    at processTicksAndRejections (internal/process/task_queues.js:95:5)
    at async ConnectionManager._connect (D:\repos\Jobs\SquashCodes-Bot\node_modules\sequelize\lib\dialects\abstract\connection-manager.js:318:24)
    at async D:\repos\Jobs\SquashCodes-Bot\node_modules\sequelize\lib\dialects\abstract\connection-manager.js:250:32
[04:55:42 | WARN] An error was not caught
[04:55:42 | WARN] Uncaught Error [TOKEN_INVALID]: An invalid token was provided.
[04:55:42 | ERROR] Error [TOKEN_INVALID]: An invalid token was provided.
    at WebSocketManager.connect (D:\repos\Jobs\SquashCodes-Bot\node_modules\discord.js\src\client\websocket\WebSocketManager.js:133:26)
    at Client.login (D:\repos\Jobs\SquashCodes-Bot\node_modules\discord.js\src\client\Client.js:223:21)
    at processTicksAndRejections (internal/process/task_queues.js:95:5)

    
<-<-<================================================================================>->->
    File generated by leekslazylogger v2.0.7 by eartharoid (http://leeks.js.org/logger)
    SquashCodes | Log File
    Wednesday, 19th May 2021, 04:56 am (America/Sao_Paulo) -->
    Node: v14.17.0 on 'Windows' | Time format: 'HH:mm:ss' | Date format: 'YYYY-MM-DD'
<-<-<================================================================================>->->


[04:56:17 | INFO] Connecting to MySQL database...
[04:56:17 | INFO] > Evento debug carregado com sucesso
[04:56:17 | INFO] > Evento error carregado com sucesso
[04:56:17 | INFO] > Evento guildMemberAdd carregado com sucesso
[04:56:17 | INFO] > Evento message carregado com sucesso
[04:56:17 | INFO] > Evento messageDelete carregado com sucesso
[04:56:17 | INFO] > Evento messageReactionAdd carregado com sucesso
[04:56:17 | INFO] > Evento messageUpdate carregado com sucesso
[04:56:17 | INFO] > Evento rateLimit carregado com sucesso
[04:56:17 | INFO] > Evento ready carregado com sucesso
[04:56:17 | INFO] > Evento warn carregado com sucesso
[04:56:17 | INFO] > Comando !add carregado com sucesso
[04:56:17 | INFO] > Comando !authenticate carregado com sucesso
[04:56:17 | INFO] > Comando !canvas carregado com sucesso
[04:56:17 | INFO] > Comando !changeip carregado com sucesso
[04:56:17 | INFO] > Comando !clear carregado com sucesso
[04:56:17 | INFO] > Comando !close carregado com sucesso
[04:56:17 | INFO] > Comando !closeall carregado com sucesso
[04:56:17 | INFO] > Comando !delete carregado com sucesso
[04:56:17 | INFO] > Comando !eval carregado com sucesso
[04:56:17 | INFO] > Comando !ajuda carregado com sucesso
[04:56:17 | INFO] > Comando !msg carregado com sucesso
[04:56:17 | INFO] > Comando !panel carregado com sucesso
[04:56:17 | INFO] > Comando !remove carregado com sucesso
[04:56:17 | INFO] > Comando !rename carregado com sucesso
[04:56:17 | INFO] > Comando !stats carregado com sucesso
[04:56:17 | INFO] > Comando !suporte carregado com sucesso
[04:56:17 | INFO] > Comando !tickets carregado com sucesso
[04:56:17 | INFO] > Comando !topic carregado com sucesso
[04:56:17 | INFO] > Comando !trans carregado com sucesso
[04:56:17 | INFO] > Comando !transcript carregado com sucesso
[04:56:17 | INFO] Foram carregados 10 eventos e 20 comandos
[04:56:18 | WARN] An error was not caught
[04:56:18 | WARN] Uncaught SequelizeConnectionRefusedError: connect ECONNREFUSED 127.0.0.1:3306
[04:56:18 | ERROR] SequelizeConnectionRefusedError: connect ECONNREFUSED 127.0.0.1:3306
    at ConnectionManager.connect (D:\repos\Jobs\SquashCodes-Bot\node_modules\sequelize\lib\dialects\mysql\connection-manager.js:116:17)
    at processTicksAndRejections (internal/process/task_queues.js:95:5)
    at async ConnectionManager._connect (D:\repos\Jobs\SquashCodes-Bot\node_modules\sequelize\lib\dialects\abstract\connection-manager.js:318:24)
    at async D:\repos\Jobs\SquashCodes-Bot\node_modules\sequelize\lib\dialects\abstract\connection-manager.js:250:32
[04:56:18 | WARN] An error was not caught
[04:56:18 | WARN] Uncaught SequelizeConnectionRefusedError: connect ECONNREFUSED 127.0.0.1:3306
[04:56:18 | ERROR] SequelizeConnectionRefusedError: connect ECONNREFUSED 127.0.0.1:3306
    at ConnectionManager.connect (D:\repos\Jobs\SquashCodes-Bot\node_modules\sequelize\lib\dialects\mysql\connection-manager.js:116:17)
    at processTicksAndRejections (internal/process/task_queues.js:95:5)
    at async ConnectionManager._connect (D:\repos\Jobs\SquashCodes-Bot\node_modules\sequelize\lib\dialects\abstract\connection-manager.js:318:24)
    at async D:\repos\Jobs\SquashCodes-Bot\node_modules\sequelize\lib\dialects\abstract\connection-manager.js:250:32
[04:56:18 | WARN] An error was not caught
[04:56:18 | WARN] Uncaught SequelizeConnectionRefusedError: connect ECONNREFUSED 127.0.0.1:3306
[04:56:18 | ERROR] SequelizeConnectionRefusedError: connect ECONNREFUSED 127.0.0.1:3306
    at ConnectionManager.connect (D:\repos\Jobs\SquashCodes-Bot\node_modules\sequelize\lib\dialects\mysql\connection-manager.js:116:17)
    at processTicksAndRejections (internal/process/task_queues.js:95:5)
    at async ConnectionManager._connect (D:\repos\Jobs\SquashCodes-Bot\node_modules\sequelize\lib\dialects\abstract\connection-manager.js:318:24)
    at async D:\repos\Jobs\SquashCodes-Bot\node_modules\sequelize\lib\dialects\abstract\connection-manager.js:250:32
[04:56:19 | INFO] Autenticado com sucesso como Zuraaa Testes#7347
[04:56:19 | INFO] Permissão de 'ADMINISTRATOR' verificada com sucesso
[04:56:32 | WARN] An error was not caught
[04:56:32 | WARN] Uncaught SequelizeConnectionRefusedError: connect ECONNREFUSED 127.0.0.1:3306
[04:56:32 | ERROR] SequelizeConnectionRefusedError: connect ECONNREFUSED 127.0.0.1:3306
    at ConnectionManager.connect (D:\repos\Jobs\SquashCodes-Bot\node_modules\sequelize\lib\dialects\mysql\connection-manager.js:116:17)
    at processTicksAndRejections (internal/process/task_queues.js:95:5)
    at async ConnectionManager._connect (D:\repos\Jobs\SquashCodes-Bot\node_modules\sequelize\lib\dialects\abstract\connection-manager.js:318:24)
    at async D:\repos\Jobs\SquashCodes-Bot\node_modules\sequelize\lib\dialects\abstract\connection-manager.js:250:32
    at async ConnectionManager.getConnection (D:\repos\Jobs\SquashCodes-Bot\node_modules\sequelize\lib\dialects\abstract\connection-manager.js:280:7)
    at async D:\repos\Jobs\SquashCodes-Bot\node_modules\sequelize\lib\sequelize.js:613:26
    at async MySQLQueryInterface.select (D:\repos\Jobs\SquashCodes-Bot\node_modules\sequelize\lib\dialects\abstract\query-interface.js:952:12)
    at async Function.findAll (D:\repos\Jobs\SquashCodes-Bot\node_modules\sequelize\lib\model.js:1753:21)
    at async Function.findOne (D:\repos\Jobs\SquashCodes-Bot\node_modules\sequelize\lib\model.js:1917:12)
    at async Object.execute (D:\repos\Jobs\SquashCodes-Bot\src\events\message.js:16:16)

    
<-<-<================================================================================>->->
    File generated by leekslazylogger v2.0.7 by eartharoid (http://leeks.js.org/logger)
    SquashCodes | Log File
    Wednesday, 19th May 2021, 09:20 am (America/Sao_Paulo) -->
    Node: v14.17.0 on 'Windows' | Time format: 'HH:mm:ss' | Date format: 'YYYY-MM-DD'
<-<-<================================================================================>->->



    
<-<-<================================================================================>->->
    File generated by leekslazylogger v2.0.7 by eartharoid (http://leeks.js.org/logger)
    SquashCodes | Log File
    Wednesday, 19th May 2021, 10:10 am (America/Sao_Paulo) -->
    Node: v14.17.0 on 'Windows' | Time format: 'HH:mm:ss' | Date format: 'YYYY-MM-DD'
<-<-<================================================================================>->->



    
<-<-<================================================================================>->->
    File generated by leekslazylogger v2.0.7 by eartharoid (http://leeks.js.org/logger)
    SquashCodes | Log File
    Wednesday, 19th May 2021, 10:10 am (America/Sao_Paulo) -->
    Node: v14.17.0 on 'Windows' | Time format: 'HH:mm:ss' | Date format: 'YYYY-MM-DD'
<-<-<================================================================================>->->


[10:10:22 | INFO] Serão carregados: 4 comandos!
[10:10:22 | INFO] 1: D:/repos/Jobs/SquashCodes-Bot/encomendas/src/commands/finishOrder.js carregado.
[10:10:22 | INFO] 2: D:/repos/Jobs/SquashCodes-Bot/encomendas/src/commands/newOrder.js carregado.
[10:10:22 | INFO] 3: D:/repos/Jobs/SquashCodes-Bot/encomendas/src/commands/restoreOrder.js carregado.
[10:10:22 | INFO] 4: D:/repos/Jobs/SquashCodes-Bot/encomendas/src/commands/updateOrder.js carregado.
[10:10:22 | INFO] 

[10:10:22 | INFO] Serão carregados: 1 eventos!
[10:10:22 | INFO] 1: D:/repos/Jobs/SquashCodes-Bot/encomendas/src/events/message/update.js carregado.
[10:10:22 | INFO] 

[10:10:24 | INFO] [ENCOMENDAS] SISTEMA ONLINE!

    
<-<-<================================================================================>->->
    File generated by leekslazylogger v2.0.7 by eartharoid (http://leeks.js.org/logger)
    SquashCodes | Log File
    Wednesday, 19th May 2021, 10:11 am (America/Sao_Paulo) -->
    Node: v14.17.0 on 'Windows' | Time format: 'HH:mm:ss' | Date format: 'YYYY-MM-DD'
<-<-<================================================================================>->->


[10:11:10 | INFO] Serão carregados: 4 comandos!
[10:11:10 | INFO] 1: D:/repos/Jobs/SquashCodes-Bot/encomendas/src/commands/finishOrder.js carregado.
[10:11:10 | INFO] 2: D:/repos/Jobs/SquashCodes-Bot/encomendas/src/commands/newOrder.js carregado.
[10:11:10 | INFO] 3: D:/repos/Jobs/SquashCodes-Bot/encomendas/src/commands/restoreOrder.js carregado.
[10:11:10 | INFO] 4: D:/repos/Jobs/SquashCodes-Bot/encomendas/src/commands/updateOrder.js carregado.
[10:11:10 | INFO] Serão carregados: 1 eventos!
[10:11:11 | INFO] 1: D:/repos/Jobs/SquashCodes-Bot/encomendas/src/events/message/update.js carregado.
[10:11:11 | INFO] [ENCOMENDAS] SISTEMA ONLINE!

    
<-<-<================================================================================>->->
    File generated by leekslazylogger v2.0.7 by eartharoid (http://leeks.js.org/logger)
    SquashCodes | Log File
    Wednesday, 19th May 2021, 10:11 am (America/Sao_Paulo) -->
    Node: v14.17.0 on 'Windows' | Time format: 'HH:mm:ss' | Date format: 'YYYY-MM-DD'
<-<-<================================================================================>->->


[10:11:28 | INFO] Serão carregados: 4 comandos!
[10:11:28 | INFO] 1: D:/repos/Jobs/SquashCodes-Bot/encomendas/src/commands/finishOrder.js carregado.
[10:11:28 | INFO] 2: D:/repos/Jobs/SquashCodes-Bot/encomendas/src/commands/newOrder.js carregado.
[10:11:28 | INFO] 3: D:/repos/Jobs/SquashCodes-Bot/encomendas/src/commands/restoreOrder.js carregado.
[10:11:28 | INFO] 4: D:/repos/Jobs/SquashCodes-Bot/encomendas/src/commands/updateOrder.js carregado.
[10:11:28 | INFO] Serão carregados: 1 eventos!
[10:11:28 | INFO] 1: D:/repos/Jobs/SquashCodes-Bot/encomendas/src/events/message/update.js carregado.
[10:11:29 | INFO] [ENCOMENDAS] SISTEMA ONLINE!

    
<-<-<================================================================================>->->
    File generated by leekslazylogger v2.0.7 by eartharoid (http://leeks.js.org/logger)
    SquashCodes | Log File
    Wednesday, 19th May 2021, 10:12 am (America/Sao_Paulo) -->
    Node: v14.17.0 on 'Windows' | Time format: 'HH:mm:ss' | Date format: 'YYYY-MM-DD'
<-<-<================================================================================>->->


[10:12:01 | INFO] Serão carregados: 4 comandos!
[10:12:01 | INFO] 1: D:/repos/Jobs/SquashCodes-Bot/encomendas/src/commands/finishOrder.js carregado.
[10:12:01 | INFO] 2: D:/repos/Jobs/SquashCodes-Bot/encomendas/src/commands/newOrder.js carregado.
[10:12:01 | INFO] 3: D:/repos/Jobs/SquashCodes-Bot/encomendas/src/commands/restoreOrder.js carregado.
[10:12:01 | INFO] 4: D:/repos/Jobs/SquashCodes-Bot/encomendas/src/commands/updateOrder.js carregado.
[10:12:01 | INFO] Serão carregados: 1 eventos!
[10:12:01 | INFO] 1: D:/repos/Jobs/SquashCodes-Bot/encomendas/src/events/message/update.js carregado.
[10:12:02 | INFO] [ENCOMENDAS] SISTEMA ONLINE!

    
<-<-<================================================================================>->->
    File generated by leekslazylogger v2.0.7 by eartharoid (http://leeks.js.org/logger)
    SquashCodes | Log File
    Wednesday, 19th May 2021, 10:12 am (America/Sao_Paulo) -->
    Node: v14.17.0 on 'Windows' | Time format: 'HH:mm:ss' | Date format: 'YYYY-MM-DD'
<-<-<================================================================================>->->


[10:12:10 | INFO] Serão carregados: 4 comandos!
[10:12:10 | INFO] 1: D:/repos/Jobs/SquashCodes-Bot/encomendas/src/commands/finishOrder.js carregado.
[10:12:10 | INFO] 2: D:/repos/Jobs/SquashCodes-Bot/encomendas/src/commands/newOrder.js carregado.
[10:12:10 | INFO] 3: D:/repos/Jobs/SquashCodes-Bot/encomendas/src/commands/restoreOrder.js carregado.
[10:12:10 | INFO] 4: D:/repos/Jobs/SquashCodes-Bot/encomendas/src/commands/updateOrder.js carregado.
[10:12:10 | INFO] 

[10:12:10 | INFO] Serão carregados: 1 eventos!
[10:12:10 | INFO] 1: D:/repos/Jobs/SquashCodes-Bot/encomendas/src/events/message/update.js carregado.
[10:12:10 | INFO] 

[10:12:11 | INFO] [ENCOMENDAS] SISTEMA ONLINE!

    
<-<-<================================================================================>->->
    File generated by leekslazylogger v2.0.7 by eartharoid (http://leeks.js.org/logger)
    SquashCodes | Log File
    Wednesday, 19th May 2021, 10:13 am (America/Sao_Paulo) -->
    Node: v14.17.0 on 'Windows' | Time format: 'HH:mm:ss' | Date format: 'YYYY-MM-DD'
<-<-<================================================================================>->->


[10:13:07 | INFO] Serão carregados: 4 comandos!
[10:13:07 | INFO] 1: D:/repos/Jobs/SquashCodes-Bot/encomendas/src/commands/finishOrder.js carregado.
[10:13:07 | INFO] 2: D:/repos/Jobs/SquashCodes-Bot/encomendas/src/commands/newOrder.js carregado.
[10:13:07 | INFO] 3: D:/repos/Jobs/SquashCodes-Bot/encomendas/src/commands/restoreOrder.js carregado.
[10:13:07 | INFO] 4: D:/repos/Jobs/SquashCodes-Bot/encomendas/src/commands/updateOrder.js carregado.
[10:13:07 | INFO] 

[10:13:07 | INFO] Serão carregados: 1 eventos!
[10:13:07 | INFO] 1: D:/repos/Jobs/SquashCodes-Bot/encomendas/src/events/message/update.js carregado.
[10:13:07 | INFO] 

[10:13:08 | INFO] [ENCOMENDAS] SISTEMA ONLINE!

    
<-<-<================================================================================>->->
    File generated by leekslazylogger v2.0.7 by eartharoid (http://leeks.js.org/logger)
    SquashCodes | Log File
    Wednesday, 19th May 2021, 10:13 am (America/Sao_Paulo) -->
    Node: v14.17.0 on 'Windows' | Time format: 'HH:mm:ss' | Date format: 'YYYY-MM-DD'
<-<-<================================================================================>->->


[10:13:30 | INFO] Serão carregados: 4 comandos!
[10:13:30 | INFO] 1: D:/repos/Jobs/SquashCodes-Bot/encomendas/src/commands/finishOrder.js carregado.
[10:13:30 | INFO] 2: D:/repos/Jobs/SquashCodes-Bot/encomendas/src/commands/newOrder.js carregado.
[10:13:30 | INFO] 3: D:/repos/Jobs/SquashCodes-Bot/encomendas/src/commands/restoreOrder.js carregado.
[10:13:30 | INFO] 4: D:/repos/Jobs/SquashCodes-Bot/encomendas/src/commands/updateOrder.js carregado.
[10:13:30 | INFO] 

[10:13:30 | INFO] Serão carregados: 1 eventos!
[10:13:30 | INFO] 1: D:/repos/Jobs/SquashCodes-Bot/encomendas/src/events/message/update.js carregado.
[10:13:30 | INFO] 

[10:13:31 | INFO] [ENCOMENDAS] SISTEMA ONLINE!

    
<-<-<================================================================================>->->
    File generated by leekslazylogger v2.0.7 by eartharoid (http://leeks.js.org/logger)
    SquashCodes | Log File
    Wednesday, 19th May 2021, 10:14 am (America/Sao_Paulo) -->
    Node: v14.17.0 on 'Windows' | Time format: 'HH:mm:ss' | Date format: 'YYYY-MM-DD'
<-<-<================================================================================>->->


[10:14:11 | INFO] Serão carregados: 4 comandos!
[10:14:11 | INFO] 1: D:/repos/Jobs/SquashCodes-Bot/encomendas/src/commands/finishOrder.js carregado.
[10:14:12 | INFO] 2: D:/repos/Jobs/SquashCodes-Bot/encomendas/src/commands/newOrder.js carregado.
[10:14:12 | INFO] 3: D:/repos/Jobs/SquashCodes-Bot/encomendas/src/commands/restoreOrder.js carregado.
[10:14:12 | INFO] 4: D:/repos/Jobs/SquashCodes-Bot/encomendas/src/commands/updateOrder.js carregado.
[10:14:12 | INFO] 

[10:14:12 | INFO] Serão carregados: 1 eventos!
[10:14:12 | INFO] 1: D:/repos/Jobs/SquashCodes-Bot/encomendas/src/events/message/update.js carregado.
[10:14:12 | INFO] 

[10:14:12 | INFO] [ENCOMENDAS] SISTEMA ONLINE!

    
<-<-<================================================================================>->->
    File generated by leekslazylogger v2.0.7 by eartharoid (http://leeks.js.org/logger)
    SquashCodes | Log File
    Wednesday, 19th May 2021, 10:44 am (America/Sao_Paulo) -->
    Node: v14.17.0 on 'Windows' | Time format: 'HH:mm:ss' | Date format: 'YYYY-MM-DD'
<-<-<================================================================================>->->


[10:44:48 | INFO] Serão carregados: 4 comandos!
[10:44:48 | INFO] 1: D:/repos/Jobs/SquashCodes-Bot/encomendas/src/commands/finishOrder.js carregado.
[10:44:48 | INFO] 2: D:/repos/Jobs/SquashCodes-Bot/encomendas/src/commands/newOrder.js carregado.
[10:44:48 | INFO] 3: D:/repos/Jobs/SquashCodes-Bot/encomendas/src/commands/restoreOrder.js carregado.
[10:44:48 | INFO] 4: D:/repos/Jobs/SquashCodes-Bot/encomendas/src/commands/updateOrder.js carregado.
[10:44:48 | INFO] 

[10:44:48 | INFO] Serão carregados: 1 eventos!
[10:44:48 | INFO] 1: D:/repos/Jobs/SquashCodes-Bot/encomendas/src/events/message/update.js carregado.
[10:44:48 | INFO] 

[10:44:49 | INFO] [ENCOMENDAS] SISTEMA ONLINE!

    
<-<-<================================================================================>->->
    File generated by leekslazylogger v2.0.7 by eartharoid (http://leeks.js.org/logger)
    SquashCodes | Log File
    Wednesday, 19th May 2021, 10:45 am (America/Sao_Paulo) -->
    Node: v14.17.0 on 'Windows' | Time format: 'HH:mm:ss' | Date format: 'YYYY-MM-DD'
<-<-<================================================================================>->->


[10:45:02 | INFO] Serão carregados: 4 comandos!
[10:45:02 | INFO] 1: D:/repos/Jobs/SquashCodes-Bot/encomendas/src/commands/finishOrder.js carregado.

    
<-<-<================================================================================>->->
    File generated by leekslazylogger v2.0.7 by eartharoid (http://leeks.js.org/logger)
    SquashCodes | Log File
    Wednesday, 19th May 2021, 10:45 am (America/Sao_Paulo) -->
    Node: v14.17.0 on 'Windows' | Time format: 'HH:mm:ss' | Date format: 'YYYY-MM-DD'
<-<-<================================================================================>->->


[10:45:04 | INFO] Serão carregados: 4 comandos!
[10:45:04 | INFO] 1: D:/repos/Jobs/SquashCodes-Bot/encomendas/src/commands/finishOrder.js carregado.

    
<-<-<================================================================================>->->
    File generated by leekslazylogger v2.0.7 by eartharoid (http://leeks.js.org/logger)
    SquashCodes | Log File
    Wednesday, 19th May 2021, 10:45 am (America/Sao_Paulo) -->
    Node: v14.17.0 on 'Windows' | Time format: 'HH:mm:ss' | Date format: 'YYYY-MM-DD'
<-<-<================================================================================>->->


[10:45:13 | INFO] Serão carregados: 4 comandos!
[10:45:13 | INFO] 1: D:/repos/Jobs/SquashCodes-Bot/encomendas/src/commands/finishOrder.js carregado.
[10:45:13 | INFO] 2: D:/repos/Jobs/SquashCodes-Bot/encomendas/src/commands/newOrder.js carregado.
[10:45:13 | INFO] 3: D:/repos/Jobs/SquashCodes-Bot/encomendas/src/commands/restoreOrder.js carregado.
[10:45:13 | INFO] 4: D:/repos/Jobs/SquashCodes-Bot/encomendas/src/commands/updateOrder.js carregado.
[10:45:13 | INFO] 

[10:45:13 | INFO] Serão carregados: 1 eventos!
[10:45:13 | INFO] 1: D:/repos/Jobs/SquashCodes-Bot/encomendas/src/events/message/update.js carregado.
[10:45:13 | INFO] 

[10:45:14 | INFO] [ENCOMENDAS] SISTEMA ONLINE!

    
<-<-<================================================================================>->->
    File generated by leekslazylogger v2.0.7 by eartharoid (http://leeks.js.org/logger)
    SquashCodes | Log File
    Wednesday, 19th May 2021, 10:46 am (America/Sao_Paulo) -->
    Node: v14.17.0 on 'Windows' | Time format: 'HH:mm:ss' | Date format: 'YYYY-MM-DD'
<-<-<================================================================================>->->


[10:46:11 | INFO] Serão carregados: 4 comandos!
[10:46:11 | INFO] 1: D:/repos/Jobs/SquashCodes-Bot/encomendas/src/commands/finishOrder.js carregado.
[10:46:11 | INFO] 2: D:/repos/Jobs/SquashCodes-Bot/encomendas/src/commands/newOrder.js carregado.
[10:46:11 | INFO] 3: D:/repos/Jobs/SquashCodes-Bot/encomendas/src/commands/restoreOrder.js carregado.
[10:46:11 | INFO] 4: D:/repos/Jobs/SquashCodes-Bot/encomendas/src/commands/updateOrder.js carregado.
[10:46:11 | INFO] 

[10:46:11 | INFO] Serão carregados: 1 eventos!
[10:46:11 | INFO] 1: D:/repos/Jobs/SquashCodes-Bot/encomendas/src/events/message/update.js carregado.
[10:46:11 | INFO] 

[10:46:12 | INFO] [ENCOMENDAS] SISTEMA ONLINE!

    
<-<-<================================================================================>->->
    File generated by leekslazylogger v2.0.7 by eartharoid (http://leeks.js.org/logger)
    SquashCodes | Log File
    Wednesday, 19th May 2021, 10:46 am (America/Sao_Paulo) -->
    Node: v14.17.0 on 'Windows' | Time format: 'HH:mm:ss' | Date format: 'YYYY-MM-DD'
<-<-<================================================================================>->->


[10:46:45 | INFO] Serão carregados: 4 comandos!
[10:46:45 | INFO] 1: D:/repos/Jobs/SquashCodes-Bot/encomendas/src/commands/finishOrder.js carregado.
[10:46:45 | INFO] 2: D:/repos/Jobs/SquashCodes-Bot/encomendas/src/commands/newOrder.js carregado.
[10:46:45 | INFO] 3: D:/repos/Jobs/SquashCodes-Bot/encomendas/src/commands/restoreOrder.js carregado.
[10:46:45 | INFO] 4: D:/repos/Jobs/SquashCodes-Bot/encomendas/src/commands/updateOrder.js carregado.
[10:46:45 | INFO] 

[10:46:45 | INFO] Serão carregados: 1 eventos!
[10:46:45 | INFO] 1: D:/repos/Jobs/SquashCodes-Bot/encomendas/src/events/message/update.js carregado.
[10:46:45 | INFO] 

[10:46:46 | INFO] [ENCOMENDAS] SISTEMA ONLINE!

    
<-<-<================================================================================>->->
    File generated by leekslazylogger v2.0.7 by eartharoid (http://leeks.js.org/logger)
    SquashCodes | Log File
    Wednesday, 19th May 2021, 10:47 am (America/Sao_Paulo) -->
    Node: v14.17.0 on 'Windows' | Time format: 'HH:mm:ss' | Date format: 'YYYY-MM-DD'
<-<-<================================================================================>->->


[10:47:51 | INFO] Serão carregados: 4 comandos!
[10:47:51 | INFO] 1: D:/repos/Jobs/SquashCodes-Bot/encomendas/src/commands/finishOrder.js carregado.
[10:47:51 | INFO] 2: D:/repos/Jobs/SquashCodes-Bot/encomendas/src/commands/newOrder.js carregado.
[10:47:51 | INFO] 3: D:/repos/Jobs/SquashCodes-Bot/encomendas/src/commands/restoreOrder.js carregado.
[10:47:51 | INFO] 4: D:/repos/Jobs/SquashCodes-Bot/encomendas/src/commands/updateOrder.js carregado.
[10:47:51 | INFO] 

[10:47:51 | INFO] Serão carregados: 1 eventos!
[10:47:51 | INFO] 1: D:/repos/Jobs/SquashCodes-Bot/encomendas/src/events/message/update.js carregado.
[10:47:51 | INFO] 

[10:47:52 | INFO] [ENCOMENDAS] SISTEMA ONLINE!

    
<-<-<================================================================================>->->
    File generated by leekslazylogger v2.0.7 by eartharoid (http://leeks.js.org/logger)
    SquashCodes | Log File
    Wednesday, 19th May 2021, 10:50 am (America/Sao_Paulo) -->
    Node: v14.17.0 on 'Windows' | Time format: 'HH:mm:ss' | Date format: 'YYYY-MM-DD'
<-<-<================================================================================>->->


[10:50:34 | INFO] Serão carregados: 4 comandos!
[10:50:34 | INFO] 1: D:/repos/Jobs/SquashCodes-Bot/encomendas/src/commands/finishOrder.js carregado.
[10:50:34 | INFO] 2: D:/repos/Jobs/SquashCodes-Bot/encomendas/src/commands/newOrder.js carregado.
[10:50:34 | INFO] 3: D:/repos/Jobs/SquashCodes-Bot/encomendas/src/commands/restoreOrder.js carregado.
[10:50:34 | INFO] 4: D:/repos/Jobs/SquashCodes-Bot/encomendas/src/commands/updateOrder.js carregado.
[10:50:34 | INFO] 

[10:50:34 | INFO] Serão carregados: 1 eventos!
[10:50:34 | INFO] 1: D:/repos/Jobs/SquashCodes-Bot/encomendas/src/events/message/update.js carregado.
[10:50:34 | INFO] 

[10:50:35 | INFO] [ENCOMENDAS] SISTEMA ONLINE!

    
<-<-<================================================================================>->->
    File generated by leekslazylogger v2.0.7 by eartharoid (http://leeks.js.org/logger)
    SquashCodes | Log File
    Wednesday, 19th May 2021, 10:51 am (America/Sao_Paulo) -->
    Node: v14.17.0 on 'Windows' | Time format: 'HH:mm:ss' | Date format: 'YYYY-MM-DD'
<-<-<================================================================================>->->


[10:51:02 | INFO] Serão carregados: 4 comandos!
[10:51:02 | INFO] 1: D:/repos/Jobs/SquashCodes-Bot/encomendas/src/commands/finishOrder.js carregado.
[10:51:02 | INFO] 2: D:/repos/Jobs/SquashCodes-Bot/encomendas/src/commands/newOrder.js carregado.
[10:51:02 | INFO] 3: D:/repos/Jobs/SquashCodes-Bot/encomendas/src/commands/restoreOrder.js carregado.
[10:51:02 | INFO] 4: D:/repos/Jobs/SquashCodes-Bot/encomendas/src/commands/updateOrder.js carregado.
[10:51:02 | INFO] 

[10:51:02 | INFO] Serão carregados: 1 eventos!
[10:51:02 | INFO] 1: D:/repos/Jobs/SquashCodes-Bot/encomendas/src/events/message/update.js carregado.
[10:51:02 | INFO] 

[10:51:03 | INFO] [ENCOMENDAS] SISTEMA ONLINE!

    
<-<-<================================================================================>->->
    File generated by leekslazylogger v2.0.7 by eartharoid (http://leeks.js.org/logger)
    SquashCodes | Log File
    Wednesday, 19th May 2021, 10:54 am (America/Sao_Paulo) -->
    Node: v14.17.0 on 'Windows' | Time format: 'HH:mm:ss' | Date format: 'YYYY-MM-DD'
<-<-<================================================================================>->->


[10:54:43 | INFO] Serão carregados: 4 comandos!
[10:54:43 | INFO] 1: D:/repos/Jobs/SquashCodes-Bot/encomendas/src/commands/finishOrder.js carregado.
[10:54:43 | INFO] 2: D:/repos/Jobs/SquashCodes-Bot/encomendas/src/commands/newOrder.js carregado.
[10:54:43 | INFO] 3: D:/repos/Jobs/SquashCodes-Bot/encomendas/src/commands/restoreOrder.js carregado.
[10:54:43 | INFO] 4: D:/repos/Jobs/SquashCodes-Bot/encomendas/src/commands/updateOrder.js carregado.
[10:54:43 | INFO] 

[10:54:43 | INFO] Serão carregados: 1 eventos!
[10:54:43 | INFO] 1: D:/repos/Jobs/SquashCodes-Bot/encomendas/src/events/message/update.js carregado.
[10:54:43 | INFO] 

[10:54:44 | INFO] [ENCOMENDAS] SISTEMA ONLINE!

    
<-<-<================================================================================>->->
    File generated by leekslazylogger v2.0.7 by eartharoid (http://leeks.js.org/logger)
    SquashCodes | Log File
    Wednesday, 19th May 2021, 10:56 am (America/Sao_Paulo) -->
    Node: v14.17.0 on 'Windows' | Time format: 'HH:mm:ss' | Date format: 'YYYY-MM-DD'
<-<-<================================================================================>->->


[10:56:24 | INFO] Serão carregados: 4 comandos!
[10:56:24 | INFO] 1: D:/repos/Jobs/SquashCodes-Bot/encomendas/src/commands/finishOrder.js carregado.
[10:56:24 | INFO] 2: D:/repos/Jobs/SquashCodes-Bot/encomendas/src/commands/newOrder.js carregado.
[10:56:24 | INFO] 3: D:/repos/Jobs/SquashCodes-Bot/encomendas/src/commands/restoreOrder.js carregado.
[10:56:24 | INFO] 4: D:/repos/Jobs/SquashCodes-Bot/encomendas/src/commands/updateOrder.js carregado.
[10:56:24 | INFO] 

[10:56:24 | INFO] Serão carregados: 1 eventos!
[10:56:24 | INFO] 1: D:/repos/Jobs/SquashCodes-Bot/encomendas/src/events/message/update.js carregado.
[10:56:24 | INFO] 

[10:56:25 | INFO] [ENCOMENDAS] SISTEMA ONLINE!

    
<-<-<================================================================================>->->
    File generated by leekslazylogger v2.0.7 by eartharoid (http://leeks.js.org/logger)
    SquashCodes | Log File
    Wednesday, 19th May 2021, 10:56 am (America/Sao_Paulo) -->
    Node: v14.17.0 on 'Windows' | Time format: 'HH:mm:ss' | Date format: 'YYYY-MM-DD'
<-<-<================================================================================>->->


[10:56:45 | INFO] Serão carregados: 4 comandos!
[10:56:45 | INFO] 1: D:/repos/Jobs/SquashCodes-Bot/encomendas/src/commands/finishOrder.js carregado.
[10:56:45 | INFO] 2: D:/repos/Jobs/SquashCodes-Bot/encomendas/src/commands/newOrder.js carregado.
[10:56:45 | INFO] 3: D:/repos/Jobs/SquashCodes-Bot/encomendas/src/commands/restoreOrder.js carregado.
[10:56:45 | INFO] 4: D:/repos/Jobs/SquashCodes-Bot/encomendas/src/commands/updateOrder.js carregado.
[10:56:45 | INFO] 

[10:56:45 | INFO] Serão carregados: 1 eventos!
[10:56:45 | INFO] 1: D:/repos/Jobs/SquashCodes-Bot/encomendas/src/events/message/update.js carregado.
[10:56:45 | INFO] 

[10:56:46 | INFO] [ENCOMENDAS] SISTEMA ONLINE!

    
<-<-<================================================================================>->->
    File generated by leekslazylogger v2.0.7 by eartharoid (http://leeks.js.org/logger)
    SquashCodes | Log File
    Wednesday, 19th May 2021, 10:57 am (America/Sao_Paulo) -->
    Node: v14.17.0 on 'Windows' | Time format: 'HH:mm:ss' | Date format: 'YYYY-MM-DD'
<-<-<================================================================================>->->


[10:57:26 | INFO] Serão carregados: 4 comandos!
[10:57:26 | INFO] 1: D:/repos/Jobs/SquashCodes-Bot/encomendas/src/commands/finishOrder.js carregado.
[10:57:26 | INFO] 2: D:/repos/Jobs/SquashCodes-Bot/encomendas/src/commands/newOrder.js carregado.
[10:57:26 | INFO] 3: D:/repos/Jobs/SquashCodes-Bot/encomendas/src/commands/restoreOrder.js carregado.
[10:57:26 | INFO] 4: D:/repos/Jobs/SquashCodes-Bot/encomendas/src/commands/updateOrder.js carregado.
[10:57:26 | INFO] 

[10:57:26 | INFO] Serão carregados: 1 eventos!
[10:57:26 | INFO] 1: D:/repos/Jobs/SquashCodes-Bot/encomendas/src/events/message/update.js carregado.
[10:57:26 | INFO] 

[10:57:27 | INFO] [ENCOMENDAS] SISTEMA ONLINE!

    
<-<-<================================================================================>->->
    File generated by leekslazylogger v2.0.7 by eartharoid (http://leeks.js.org/logger)
    SquashCodes | Log File
    Wednesday, 19th May 2021, 10:57 am (America/Sao_Paulo) -->
    Node: v14.17.0 on 'Windows' | Time format: 'HH:mm:ss' | Date format: 'YYYY-MM-DD'
<-<-<================================================================================>->->


[10:57:45 | INFO] Serão carregados: 4 comandos!
[10:57:45 | INFO] 1: D:/repos/Jobs/SquashCodes-Bot/encomendas/src/commands/finishOrder.js carregado.
[10:57:45 | INFO] 2: D:/repos/Jobs/SquashCodes-Bot/encomendas/src/commands/newOrder.js carregado.
[10:57:45 | INFO] 3: D:/repos/Jobs/SquashCodes-Bot/encomendas/src/commands/restoreOrder.js carregado.
[10:57:45 | INFO] 4: D:/repos/Jobs/SquashCodes-Bot/encomendas/src/commands/updateOrder.js carregado.
[10:57:45 | INFO] 

[10:57:45 | INFO] Serão carregados: 1 eventos!
[10:57:45 | INFO] 1: D:/repos/Jobs/SquashCodes-Bot/encomendas/src/events/message/update.js carregado.
[10:57:45 | INFO] 

[10:58:02 | INFO] [ENCOMENDAS] SISTEMA ONLINE!

    
<-<-<================================================================================>->->
    File generated by leekslazylogger v2.0.7 by eartharoid (http://leeks.js.org/logger)
    SquashCodes | Log File
    Wednesday, 19th May 2021, 10:58 am (America/Sao_Paulo) -->
    Node: v14.17.0 on 'Windows' | Time format: 'HH:mm:ss' | Date format: 'YYYY-MM-DD'
<-<-<================================================================================>->->


[10:58:09 | INFO] Serão carregados: 4 comandos!
[10:58:09 | INFO] 1: D:/repos/Jobs/SquashCodes-Bot/encomendas/src/commands/finishOrder.js carregado.
[10:58:09 | INFO] 2: D:/repos/Jobs/SquashCodes-Bot/encomendas/src/commands/newOrder.js carregado.
[10:58:09 | INFO] 3: D:/repos/Jobs/SquashCodes-Bot/encomendas/src/commands/restoreOrder.js carregado.
[10:58:09 | INFO] 4: D:/repos/Jobs/SquashCodes-Bot/encomendas/src/commands/updateOrder.js carregado.
[10:58:09 | INFO] 

[10:58:09 | INFO] Serão carregados: 1 eventos!
[10:58:09 | INFO] 1: D:/repos/Jobs/SquashCodes-Bot/encomendas/src/events/message/update.js carregado.
[10:58:09 | INFO] 

[10:58:19 | INFO] [ENCOMENDAS] SISTEMA ONLINE!

    
<-<-<================================================================================>->->
    File generated by leekslazylogger v2.0.7 by eartharoid (http://leeks.js.org/logger)
    SquashCodes | Log File
    Wednesday, 19th May 2021, 11:00 am (America/Sao_Paulo) -->
    Node: v14.17.0 on 'Windows' | Time format: 'HH:mm:ss' | Date format: 'YYYY-MM-DD'
<-<-<================================================================================>->->


[11:00:14 | INFO] Serão carregados: 4 comandos!
[11:00:14 | INFO] 1: D:/repos/Jobs/SquashCodes-Bot/encomendas/src/commands/finishOrder.js carregado.
[11:00:14 | INFO] 2: D:/repos/Jobs/SquashCodes-Bot/encomendas/src/commands/newOrder.js carregado.
[11:00:14 | INFO] 3: D:/repos/Jobs/SquashCodes-Bot/encomendas/src/commands/restoreOrder.js carregado.
[11:00:14 | INFO] 4: D:/repos/Jobs/SquashCodes-Bot/encomendas/src/commands/updateOrder.js carregado.
[11:00:14 | INFO] 

[11:00:14 | INFO] Serão carregados: 1 eventos!
[11:00:14 | INFO] 1: D:/repos/Jobs/SquashCodes-Bot/encomendas/src/events/message/update.js carregado.
[11:00:14 | INFO] 

[11:00:15 | INFO] [ENCOMENDAS] SISTEMA ONLINE!

    
<-<-<================================================================================>->->
    File generated by leekslazylogger v2.0.7 by eartharoid (http://leeks.js.org/logger)
    SquashCodes | Log File
    Wednesday, 19th May 2021, 11:07 am (America/Sao_Paulo) -->
    Node: v14.17.0 on 'Windows' | Time format: 'HH:mm:ss' | Date format: 'YYYY-MM-DD'
<-<-<================================================================================>->->


[11:07:01 | INFO] Serão carregados: 4 comandos!
[11:07:01 | INFO] 1: D:/repos/Jobs/SquashCodes-Bot/encomendas/src/commands/finishOrder.js carregado.
[11:07:01 | INFO] 2: D:/repos/Jobs/SquashCodes-Bot/encomendas/src/commands/newOrder.js carregado.
[11:07:01 | INFO] 3: D:/repos/Jobs/SquashCodes-Bot/encomendas/src/commands/restoreOrder.js carregado.
[11:07:01 | INFO] 4: D:/repos/Jobs/SquashCodes-Bot/encomendas/src/commands/updateOrder.js carregado.
[11:07:01 | INFO] 

[11:07:01 | INFO] Serão carregados: 1 eventos!
[11:07:01 | INFO] 1: D:/repos/Jobs/SquashCodes-Bot/encomendas/src/events/message/update.js carregado.
[11:07:01 | INFO] 

[11:07:02 | INFO] [ENCOMENDAS] SISTEMA ONLINE!

    
<-<-<================================================================================>->->
    File generated by leekslazylogger v2.0.7 by eartharoid (http://leeks.js.org/logger)
    SquashCodes | Log File
    Wednesday, 19th May 2021, 11:07 am (America/Sao_Paulo) -->
    Node: v14.17.0 on 'Windows' | Time format: 'HH:mm:ss' | Date format: 'YYYY-MM-DD'
<-<-<================================================================================>->->



    
<-<-<================================================================================>->->
    File generated by leekslazylogger v2.0.7 by eartharoid (http://leeks.js.org/logger)
    SquashCodes | Log File
    Wednesday, 19th May 2021, 11:07 am (America/Sao_Paulo) -->
    Node: v14.17.0 on 'Windows' | Time format: 'HH:mm:ss' | Date format: 'YYYY-MM-DD'
<-<-<================================================================================>->->


[11:07:14 | INFO] Serão carregados: 4 comandos!
[11:07:14 | INFO] 1: D:/repos/Jobs/SquashCodes-Bot/encomendas/src/commands/finishOrder.js carregado.
[11:07:14 | INFO] 2: D:/repos/Jobs/SquashCodes-Bot/encomendas/src/commands/newOrder.js carregado.
[11:07:14 | INFO] 3: D:/repos/Jobs/SquashCodes-Bot/encomendas/src/commands/restoreOrder.js carregado.
[11:07:14 | INFO] 4: D:/repos/Jobs/SquashCodes-Bot/encomendas/src/commands/updateOrder.js carregado.
[11:07:14 | INFO] 

[11:07:14 | INFO] Serão carregados: 1 eventos!
[11:07:14 | INFO] 1: D:/repos/Jobs/SquashCodes-Bot/encomendas/src/events/message/update.js carregado.
[11:07:14 | INFO] 

[11:07:16 | INFO] [ENCOMENDAS] SISTEMA ONLINE!

    
<-<-<================================================================================>->->
    File generated by leekslazylogger v2.0.7 by eartharoid (http://leeks.js.org/logger)
    SquashCodes | Log File
    Wednesday, 19th May 2021, 11:10 am (America/Sao_Paulo) -->
    Node: v14.17.0 on 'Windows' | Time format: 'HH:mm:ss' | Date format: 'YYYY-MM-DD'
<-<-<================================================================================>->->


[11:10:49 | INFO] Serão carregados: 4 comandos!
[11:10:49 | INFO] 1: D:/repos/Jobs/SquashCodes-Bot/encomendas/src/commands/finishOrder.js carregado.
[11:10:49 | INFO] 2: D:/repos/Jobs/SquashCodes-Bot/encomendas/src/commands/newOrder.js carregado.
[11:10:49 | INFO] 3: D:/repos/Jobs/SquashCodes-Bot/encomendas/src/commands/restoreOrder.js carregado.
[11:10:49 | INFO] 4: D:/repos/Jobs/SquashCodes-Bot/encomendas/src/commands/updateOrder.js carregado.
[11:10:49 | INFO] 

[11:10:49 | INFO] Serão carregados: 1 eventos!
[11:10:49 | INFO] 1: D:/repos/Jobs/SquashCodes-Bot/encomendas/src/events/message/update.js carregado.
[11:10:49 | INFO] 

[11:10:50 | INFO] [ENCOMENDAS] SISTEMA ONLINE!

    
<-<-<================================================================================>->->
    File generated by leekslazylogger v2.0.7 by eartharoid (http://leeks.js.org/logger)
    SquashCodes | Log File
    Wednesday, 19th May 2021, 11:23 am (America/Sao_Paulo) -->
    Node: v14.17.0 on 'Windows' | Time format: 'HH:mm:ss' | Date format: 'YYYY-MM-DD'
<-<-<================================================================================>->->


[11:23:56 | INFO] Serão carregados: 4 comandos!
[11:23:56 | INFO] 1: D:/repos/Jobs/SquashCodes-Bot/encomendas/src/commands/finishOrder.js carregado.
[11:23:56 | INFO] 2: D:/repos/Jobs/SquashCodes-Bot/encomendas/src/commands/newOrder.js carregado.
[11:23:56 | INFO] 3: D:/repos/Jobs/SquashCodes-Bot/encomendas/src/commands/restoreOrder.js carregado.
[11:23:56 | INFO] 4: D:/repos/Jobs/SquashCodes-Bot/encomendas/src/commands/updateOrder.js carregado.
[11:23:56 | INFO] 

[11:23:56 | INFO] Serão carregados: 1 eventos!
[11:23:56 | INFO] 1: D:/repos/Jobs/SquashCodes-Bot/encomendas/src/events/message/update.js carregado.
[11:23:56 | INFO] 

[11:23:57 | INFO] [ENCOMENDAS] SISTEMA ONLINE!

    
<-<-<================================================================================>->->
    File generated by leekslazylogger v2.0.7 by eartharoid (http://leeks.js.org/logger)
    SquashCodes | Log File
    Wednesday, 19th May 2021, 11:24 am (America/Sao_Paulo) -->
    Node: v14.17.0 on 'Windows' | Time format: 'HH:mm:ss' | Date format: 'YYYY-MM-DD'
<-<-<================================================================================>->->


[11:24:52 | INFO] Serão carregados: 4 comandos!
[11:24:52 | INFO] 1: D:/repos/Jobs/SquashCodes-Bot/encomendas/src/commands/finishOrder.js carregado.
[11:24:52 | INFO] 2: D:/repos/Jobs/SquashCodes-Bot/encomendas/src/commands/newOrder.js carregado.
[11:24:52 | INFO] 3: D:/repos/Jobs/SquashCodes-Bot/encomendas/src/commands/restoreOrder.js carregado.
[11:24:52 | INFO] 4: D:/repos/Jobs/SquashCodes-Bot/encomendas/src/commands/updateOrder.js carregado.
[11:24:52 | INFO] 

[11:24:52 | INFO] Serão carregados: 1 eventos!
[11:24:52 | INFO] 1: D:/repos/Jobs/SquashCodes-Bot/encomendas/src/events/message/update.js carregado.
[11:24:52 | INFO] 

[11:24:53 | INFO] [ENCOMENDAS] SISTEMA ONLINE!

    
<-<-<================================================================================>->->
    File generated by leekslazylogger v2.0.7 by eartharoid (http://leeks.js.org/logger)
    SquashCodes | Log File
    Wednesday, 19th May 2021, 11:26 am (America/Sao_Paulo) -->
    Node: v14.17.0 on 'Windows' | Time format: 'HH:mm:ss' | Date format: 'YYYY-MM-DD'
<-<-<================================================================================>->->


[11:26:16 | INFO] Serão carregados: 4 comandos!
[11:26:16 | INFO] 1: D:/repos/Jobs/SquashCodes-Bot/encomendas/src/commands/finishOrder.js carregado.
[11:26:16 | INFO] 2: D:/repos/Jobs/SquashCodes-Bot/encomendas/src/commands/newOrder.js carregado.
[11:26:16 | INFO] 3: D:/repos/Jobs/SquashCodes-Bot/encomendas/src/commands/restoreOrder.js carregado.
[11:26:16 | INFO] 4: D:/repos/Jobs/SquashCodes-Bot/encomendas/src/commands/updateOrder.js carregado.
[11:26:16 | INFO] 

[11:26:16 | INFO] Serão carregados: 1 eventos!
[11:26:16 | INFO] 1: D:/repos/Jobs/SquashCodes-Bot/encomendas/src/events/message/update.js carregado.
[11:26:16 | INFO] 

[11:26:17 | INFO] [ENCOMENDAS] SISTEMA ONLINE!

    
<-<-<================================================================================>->->
    File generated by leekslazylogger v2.0.7 by eartharoid (http://leeks.js.org/logger)
    SquashCodes | Log File
    Wednesday, 19th May 2021, 11:27 am (America/Sao_Paulo) -->
    Node: v14.17.0 on 'Windows' | Time format: 'HH:mm:ss' | Date format: 'YYYY-MM-DD'
<-<-<================================================================================>->->


[11:27:08 | INFO] Serão carregados: 4 comandos!
[11:27:08 | INFO] 1: D:/repos/Jobs/SquashCodes-Bot/encomendas/src/commands/finishOrder.js carregado.
[11:27:08 | INFO] 2: D:/repos/Jobs/SquashCodes-Bot/encomendas/src/commands/newOrder.js carregado.
[11:27:08 | INFO] 3: D:/repos/Jobs/SquashCodes-Bot/encomendas/src/commands/restoreOrder.js carregado.
[11:27:08 | INFO] 4: D:/repos/Jobs/SquashCodes-Bot/encomendas/src/commands/updateOrder.js carregado.
[11:27:08 | INFO] 

[11:27:08 | INFO] Serão carregados: 1 eventos!
[11:27:08 | INFO] 1: D:/repos/Jobs/SquashCodes-Bot/encomendas/src/events/message/update.js carregado.
[11:27:08 | INFO] 

[11:27:09 | INFO] [ENCOMENDAS] SISTEMA ONLINE!

    
<-<-<================================================================================>->->
    File generated by leekslazylogger v2.0.7 by eartharoid (http://leeks.js.org/logger)
    SquashCodes | Log File
    Wednesday, 19th May 2021, 11:27 am (America/Sao_Paulo) -->
    Node: v14.17.0 on 'Windows' | Time format: 'HH:mm:ss' | Date format: 'YYYY-MM-DD'
<-<-<================================================================================>->->


[11:27:36 | INFO] Serão carregados: 4 comandos!
[11:27:36 | INFO] 1: D:/repos/Jobs/SquashCodes-Bot/encomendas/src/commands/finishOrder.js carregado.
[11:27:36 | INFO] 2: D:/repos/Jobs/SquashCodes-Bot/encomendas/src/commands/newOrder.js carregado.
[11:27:36 | INFO] 3: D:/repos/Jobs/SquashCodes-Bot/encomendas/src/commands/restoreOrder.js carregado.
[11:27:36 | INFO] 4: D:/repos/Jobs/SquashCodes-Bot/encomendas/src/commands/updateOrder.js carregado.
[11:27:36 | INFO] 

[11:27:36 | INFO] Serão carregados: 1 eventos!
[11:27:36 | INFO] 1: D:/repos/Jobs/SquashCodes-Bot/encomendas/src/events/message/update.js carregado.
[11:27:36 | INFO] 

[11:27:37 | INFO] [ENCOMENDAS] SISTEMA ONLINE!

    
<-<-<================================================================================>->->
    File generated by leekslazylogger v2.0.7 by eartharoid (http://leeks.js.org/logger)
    SquashCodes | Log File
    Wednesday, 19th May 2021, 11:28 am (America/Sao_Paulo) -->
    Node: v14.17.0 on 'Windows' | Time format: 'HH:mm:ss' | Date format: 'YYYY-MM-DD'
<-<-<================================================================================>->->


[11:28:14 | INFO] Serão carregados: 4 comandos!
[11:28:14 | INFO] 1: D:/repos/Jobs/SquashCodes-Bot/encomendas/src/commands/finishOrder.js carregado.
[11:28:14 | INFO] 2: D:/repos/Jobs/SquashCodes-Bot/encomendas/src/commands/newOrder.js carregado.
[11:28:14 | INFO] 3: D:/repos/Jobs/SquashCodes-Bot/encomendas/src/commands/restoreOrder.js carregado.
[11:28:14 | INFO] 4: D:/repos/Jobs/SquashCodes-Bot/encomendas/src/commands/updateOrder.js carregado.
[11:28:14 | INFO] 

[11:28:14 | INFO] Serão carregados: 1 eventos!
[11:28:14 | INFO] 1: D:/repos/Jobs/SquashCodes-Bot/encomendas/src/events/message/update.js carregado.
[11:28:14 | INFO] 

[11:28:15 | INFO] [ENCOMENDAS] SISTEMA ONLINE!

    
<-<-<================================================================================>->->
    File generated by leekslazylogger v2.0.7 by eartharoid (http://leeks.js.org/logger)
    SquashCodes | Log File
    Wednesday, 19th May 2021, 11:28 am (America/Sao_Paulo) -->
    Node: v14.17.0 on 'Windows' | Time format: 'HH:mm:ss' | Date format: 'YYYY-MM-DD'
<-<-<================================================================================>->->


[11:28:20 | INFO] Serão carregados: 4 comandos!
[11:28:20 | INFO] 1: D:/repos/Jobs/SquashCodes-Bot/encomendas/src/commands/finishOrder.js carregado.
[11:28:20 | INFO] 2: D:/repos/Jobs/SquashCodes-Bot/encomendas/src/commands/newOrder.js carregado.
[11:28:20 | INFO] 3: D:/repos/Jobs/SquashCodes-Bot/encomendas/src/commands/restoreOrder.js carregado.
[11:28:20 | INFO] 4: D:/repos/Jobs/SquashCodes-Bot/encomendas/src/commands/updateOrder.js carregado.
[11:28:20 | INFO] 

[11:28:20 | INFO] Serão carregados: 1 eventos!
[11:28:20 | INFO] 1: D:/repos/Jobs/SquashCodes-Bot/encomendas/src/events/message/update.js carregado.
[11:28:20 | INFO] 

[11:28:21 | INFO] [ENCOMENDAS] SISTEMA ONLINE!

    
<-<-<================================================================================>->->
    File generated by leekslazylogger v2.0.7 by eartharoid (http://leeks.js.org/logger)
    SquashCodes | Log File
    Wednesday, 19th May 2021, 11:30 am (America/Sao_Paulo) -->
    Node: v14.17.0 on 'Windows' | Time format: 'HH:mm:ss' | Date format: 'YYYY-MM-DD'
<-<-<================================================================================>->->


[11:30:44 | INFO] Serão carregados: 4 comandos!
[11:30:44 | INFO] 1: D:/repos/Jobs/SquashCodes-Bot/encomendas/src/commands/finishOrder.js carregado.
[11:30:44 | INFO] 2: D:/repos/Jobs/SquashCodes-Bot/encomendas/src/commands/newOrder.js carregado.
[11:30:44 | INFO] 3: D:/repos/Jobs/SquashCodes-Bot/encomendas/src/commands/restoreOrder.js carregado.
[11:30:44 | INFO] 4: D:/repos/Jobs/SquashCodes-Bot/encomendas/src/commands/updateOrder.js carregado.
[11:30:44 | INFO] 

[11:30:44 | INFO] Serão carregados: 1 eventos!
[11:30:44 | INFO] 1: D:/repos/Jobs/SquashCodes-Bot/encomendas/src/events/message/update.js carregado.
[11:30:44 | INFO] 

[11:30:45 | INFO] [ENCOMENDAS] SISTEMA ONLINE!

    
<-<-<================================================================================>->->
    File generated by leekslazylogger v2.0.7 by eartharoid (http://leeks.js.org/logger)
    SquashCodes | Log File
    Wednesday, 19th May 2021, 11:31 am (America/Sao_Paulo) -->
    Node: v14.17.0 on 'Windows' | Time format: 'HH:mm:ss' | Date format: 'YYYY-MM-DD'
<-<-<================================================================================>->->


[11:31:38 | INFO] Serão carregados: 4 comandos!
[11:31:38 | INFO] 1: D:/repos/Jobs/SquashCodes-Bot/encomendas/src/commands/finishOrder.js carregado.
[11:31:38 | INFO] 2: D:/repos/Jobs/SquashCodes-Bot/encomendas/src/commands/newOrder.js carregado.
[11:31:38 | INFO] 3: D:/repos/Jobs/SquashCodes-Bot/encomendas/src/commands/restoreOrder.js carregado.
[11:31:38 | INFO] 4: D:/repos/Jobs/SquashCodes-Bot/encomendas/src/commands/updateOrder.js carregado.
[11:31:38 | INFO] 

[11:31:38 | INFO] Serão carregados: 1 eventos!
[11:31:38 | INFO] 1: D:/repos/Jobs/SquashCodes-Bot/encomendas/src/events/message/update.js carregado.
[11:31:38 | INFO] 

[11:31:39 | INFO] [ENCOMENDAS] SISTEMA ONLINE!

    
<-<-<================================================================================>->->
    File generated by leekslazylogger v2.0.7 by eartharoid (http://leeks.js.org/logger)
    SquashCodes | Log File
    Wednesday, 19th May 2021, 11:32 am (America/Sao_Paulo) -->
    Node: v14.17.0 on 'Windows' | Time format: 'HH:mm:ss' | Date format: 'YYYY-MM-DD'
<-<-<================================================================================>->->


[11:32:06 | INFO] Serão carregados: 4 comandos!
[11:32:06 | INFO] 1: D:/repos/Jobs/SquashCodes-Bot/encomendas/src/commands/finishOrder.js carregado.
[11:32:06 | INFO] 2: D:/repos/Jobs/SquashCodes-Bot/encomendas/src/commands/newOrder.js carregado.
[11:32:06 | INFO] 3: D:/repos/Jobs/SquashCodes-Bot/encomendas/src/commands/restoreOrder.js carregado.
[11:32:06 | INFO] 4: D:/repos/Jobs/SquashCodes-Bot/encomendas/src/commands/updateOrder.js carregado.
[11:32:06 | INFO] 

[11:32:06 | INFO] Serão carregados: 1 eventos!
[11:32:06 | INFO] 1: D:/repos/Jobs/SquashCodes-Bot/encomendas/src/events/message/update.js carregado.
[11:32:06 | INFO] 

[11:32:07 | INFO] [ENCOMENDAS] SISTEMA ONLINE!

    
<-<-<================================================================================>->->
    File generated by leekslazylogger v2.0.7 by eartharoid (http://leeks.js.org/logger)
    SquashCodes | Log File
    Wednesday, 19th May 2021, 11:32 am (America/Sao_Paulo) -->
    Node: v14.17.0 on 'Windows' | Time format: 'HH:mm:ss' | Date format: 'YYYY-MM-DD'
<-<-<================================================================================>->->


[11:32:16 | INFO] Serão carregados: 4 comandos!
[11:32:16 | INFO] 1: D:/repos/Jobs/SquashCodes-Bot/encomendas/src/commands/finishOrder.js carregado.
[11:32:16 | INFO] 2: D:/repos/Jobs/SquashCodes-Bot/encomendas/src/commands/newOrder.js carregado.
[11:32:16 | INFO] 3: D:/repos/Jobs/SquashCodes-Bot/encomendas/src/commands/restoreOrder.js carregado.
[11:32:16 | INFO] 4: D:/repos/Jobs/SquashCodes-Bot/encomendas/src/commands/updateOrder.js carregado.
[11:32:16 | INFO] 

[11:32:16 | INFO] Serão carregados: 1 eventos!
[11:32:16 | INFO] 1: D:/repos/Jobs/SquashCodes-Bot/encomendas/src/events/message/update.js carregado.
[11:32:16 | INFO] 

[11:32:17 | INFO] [ENCOMENDAS] SISTEMA ONLINE!

    
<-<-<================================================================================>->->
    File generated by leekslazylogger v2.0.7 by eartharoid (http://leeks.js.org/logger)
    SquashCodes | Log File
    Wednesday, 19th May 2021, 11:33 am (America/Sao_Paulo) -->
    Node: v14.17.0 on 'Windows' | Time format: 'HH:mm:ss' | Date format: 'YYYY-MM-DD'
<-<-<================================================================================>->->


[11:33:18 | INFO] Serão carregados: 4 comandos!
[11:33:18 | INFO] 1: D:/repos/Jobs/SquashCodes-Bot/encomendas/src/commands/finishOrder.js carregado.
[11:33:18 | INFO] 2: D:/repos/Jobs/SquashCodes-Bot/encomendas/src/commands/newOrder.js carregado.
[11:33:18 | INFO] 3: D:/repos/Jobs/SquashCodes-Bot/encomendas/src/commands/restoreOrder.js carregado.
[11:33:18 | INFO] 4: D:/repos/Jobs/SquashCodes-Bot/encomendas/src/commands/updateOrder.js carregado.
[11:33:18 | INFO] 

[11:33:18 | INFO] Serão carregados: 1 eventos!
[11:33:18 | INFO] 1: D:/repos/Jobs/SquashCodes-Bot/encomendas/src/events/message/update.js carregado.
[11:33:18 | INFO] 

[11:33:19 | INFO] [ENCOMENDAS] SISTEMA ONLINE!

    
<-<-<================================================================================>->->
    File generated by leekslazylogger v2.0.7 by eartharoid (http://leeks.js.org/logger)
    SquashCodes | Log File
    Wednesday, 19th May 2021, 11:47 am (America/Sao_Paulo) -->
    Node: v14.17.0 on 'Windows' | Time format: 'HH:mm:ss' | Date format: 'YYYY-MM-DD'
<-<-<================================================================================>->->


[11:47:13 | INFO] Serão carregados: 4 comandos!
[11:47:13 | INFO] 1: D:/repos/Jobs/SquashCodes-Bot/encomendas/src/commands/finishOrder.js carregado.
[11:47:13 | INFO] 2: D:/repos/Jobs/SquashCodes-Bot/encomendas/src/commands/newOrder.js carregado.
[11:47:13 | INFO] 3: D:/repos/Jobs/SquashCodes-Bot/encomendas/src/commands/restoreOrder.js carregado.
[11:47:13 | INFO] 4: D:/repos/Jobs/SquashCodes-Bot/encomendas/src/commands/updateOrder.js carregado.
[11:47:13 | INFO] 

[11:47:13 | INFO] Serão carregados: 1 eventos!
[11:47:13 | INFO] 1: D:/repos/Jobs/SquashCodes-Bot/encomendas/src/events/message/update.js carregado.
[11:47:13 | INFO] 

[11:47:14 | INFO] [ENCOMENDAS] SISTEMA ONLINE!

    
<-<-<================================================================================>->->
    File generated by leekslazylogger v2.0.7 by eartharoid (http://leeks.js.org/logger)
    SquashCodes | Log File
    Wednesday, 19th May 2021, 11:55 am (America/Sao_Paulo) -->
    Node: v14.17.0 on 'Windows' | Time format: 'HH:mm:ss' | Date format: 'YYYY-MM-DD'
<-<-<================================================================================>->->


[11:55:29 | INFO] Serão carregados: 4 comandos!
[11:55:29 | INFO] 1: D:/repos/Jobs/SquashCodes-Bot/encomendas/src/commands/finishOrder.js carregado.
[11:55:29 | INFO] 2: D:/repos/Jobs/SquashCodes-Bot/encomendas/src/commands/newOrder.js carregado.
[11:55:29 | INFO] 3: D:/repos/Jobs/SquashCodes-Bot/encomendas/src/commands/restoreOrder.js carregado.
[11:55:29 | INFO] 4: D:/repos/Jobs/SquashCodes-Bot/encomendas/src/commands/updateOrder.js carregado.
[11:55:29 | INFO] 

[11:55:29 | INFO] Serão carregados: 1 eventos!
[11:55:29 | INFO] 1: D:/repos/Jobs/SquashCodes-Bot/encomendas/src/events/message/update.js carregado.
[11:55:29 | INFO] 

[11:55:30 | INFO] [ENCOMENDAS] SISTEMA ONLINE!

    
<-<-<================================================================================>->->
    File generated by leekslazylogger v2.0.7 by eartharoid (http://leeks.js.org/logger)
    SquashCodes | Log File
    Wednesday, 19th May 2021, 11:56 am (America/Sao_Paulo) -->
    Node: v14.17.0 on 'Windows' | Time format: 'HH:mm:ss' | Date format: 'YYYY-MM-DD'
<-<-<================================================================================>->->


[11:56:16 | INFO] Serão carregados: 4 comandos!
[11:56:16 | INFO] 1: D:/repos/Jobs/SquashCodes-Bot/encomendas/src/commands/finishOrder.js carregado.
[11:56:16 | INFO] 2: D:/repos/Jobs/SquashCodes-Bot/encomendas/src/commands/newOrder.js carregado.
[11:56:16 | INFO] 3: D:/repos/Jobs/SquashCodes-Bot/encomendas/src/commands/restoreOrder.js carregado.
[11:56:16 | INFO] 4: D:/repos/Jobs/SquashCodes-Bot/encomendas/src/commands/updateOrder.js carregado.
[11:56:16 | INFO] 

[11:56:16 | INFO] Serão carregados: 1 eventos!
[11:56:16 | INFO] 1: D:/repos/Jobs/SquashCodes-Bot/encomendas/src/events/message/update.js carregado.
[11:56:16 | INFO] 

[11:56:16 | INFO] [ENCOMENDAS] SISTEMA ONLINE!

    
<-<-<================================================================================>->->
    File generated by leekslazylogger v2.0.7 by eartharoid (http://leeks.js.org/logger)
    SquashCodes | Log File
    Wednesday, 19th May 2021, 11:57 am (America/Sao_Paulo) -->
    Node: v14.17.0 on 'Windows' | Time format: 'HH:mm:ss' | Date format: 'YYYY-MM-DD'
<-<-<================================================================================>->->


[11:57:23 | INFO] Serão carregados: 4 comandos!
[11:57:23 | INFO] 1: D:/repos/Jobs/SquashCodes-Bot/encomendas/src/commands/finishOrder.js carregado.
[11:57:23 | INFO] 2: D:/repos/Jobs/SquashCodes-Bot/encomendas/src/commands/newOrder.js carregado.
[11:57:23 | INFO] 3: D:/repos/Jobs/SquashCodes-Bot/encomendas/src/commands/restoreOrder.js carregado.
[11:57:23 | INFO] 4: D:/repos/Jobs/SquashCodes-Bot/encomendas/src/commands/updateOrder.js carregado.
[11:57:23 | INFO] 

[11:57:23 | INFO] Serão carregados: 1 eventos!
[11:57:23 | INFO] 1: D:/repos/Jobs/SquashCodes-Bot/encomendas/src/events/message/update.js carregado.
[11:57:23 | INFO] 

[11:57:24 | INFO] [ENCOMENDAS] SISTEMA ONLINE!

    
<-<-<================================================================================>->->
    File generated by leekslazylogger v2.0.7 by eartharoid (http://leeks.js.org/logger)
    SquashCodes | Log File
    Wednesday, 19th May 2021, 12:27 pm (America/Sao_Paulo) -->
    Node: v14.17.0 on 'Windows' | Time format: 'HH:mm:ss' | Date format: 'YYYY-MM-DD'
<-<-<================================================================================>->->


[12:27:02 | INFO] Serão carregados: 4 comandos!
[12:27:02 | INFO] 1: D:/repos/Jobs/SquashCodes-Bot/encomendas/src/commands/finishOrder.js carregado.
[12:27:02 | INFO] 2: D:/repos/Jobs/SquashCodes-Bot/encomendas/src/commands/newOrder.js carregado.
[12:27:02 | INFO] 3: D:/repos/Jobs/SquashCodes-Bot/encomendas/src/commands/restoreOrder.js carregado.
[12:27:02 | INFO] 4: D:/repos/Jobs/SquashCodes-Bot/encomendas/src/commands/updateOrder.js carregado.
[12:27:02 | INFO] 

[12:27:02 | INFO] Serão carregados: 1 eventos!
[12:27:02 | INFO] 1: D:/repos/Jobs/SquashCodes-Bot/encomendas/src/events/message/update.js carregado.
[12:27:02 | INFO] 

[12:27:03 | INFO] [ENCOMENDAS] SISTEMA ONLINE!

    
<-<-<================================================================================>->->
    File generated by leekslazylogger v2.0.7 by eartharoid (http://leeks.js.org/logger)
    SquashCodes | Log File
    Wednesday, 19th May 2021, 12:27 pm (America/Sao_Paulo) -->
    Node: v14.17.0 on 'Windows' | Time format: 'HH:mm:ss' | Date format: 'YYYY-MM-DD'
<-<-<================================================================================>->->


[12:27:28 | INFO] Serão carregados: 4 comandos!
[12:27:28 | INFO] 1: D:/repos/Jobs/SquashCodes-Bot/encomendas/src/commands/finishOrder.js carregado.
[12:27:28 | INFO] 2: D:/repos/Jobs/SquashCodes-Bot/encomendas/src/commands/newOrder.js carregado.
[12:27:28 | INFO] 3: D:/repos/Jobs/SquashCodes-Bot/encomendas/src/commands/restoreOrder.js carregado.
[12:27:28 | INFO] 4: D:/repos/Jobs/SquashCodes-Bot/encomendas/src/commands/updateOrder.js carregado.
[12:27:28 | INFO] 

[12:27:28 | INFO] Serão carregados: 1 eventos!
[12:27:28 | INFO] 1: D:/repos/Jobs/SquashCodes-Bot/encomendas/src/events/message/update.js carregado.
[12:27:28 | INFO] 

[12:27:29 | INFO] [ENCOMENDAS] SISTEMA ONLINE!

    
<-<-<================================================================================>->->
    File generated by leekslazylogger v2.0.7 by eartharoid (http://leeks.js.org/logger)
    SquashCodes | Log File
    Wednesday, 19th May 2021, 12:29 pm (America/Sao_Paulo) -->
    Node: v14.17.0 on 'Windows' | Time format: 'HH:mm:ss' | Date format: 'YYYY-MM-DD'
<-<-<================================================================================>->->


[12:29:35 | INFO] Serão carregados: 4 comandos!
[12:29:35 | INFO] 1: D:/repos/Jobs/SquashCodes-Bot/encomendas/src/commands/finishOrder.js carregado.
[12:29:35 | INFO] 2: D:/repos/Jobs/SquashCodes-Bot/encomendas/src/commands/newOrder.js carregado.
[12:29:35 | INFO] 3: D:/repos/Jobs/SquashCodes-Bot/encomendas/src/commands/restoreOrder.js carregado.
[12:29:35 | INFO] 4: D:/repos/Jobs/SquashCodes-Bot/encomendas/src/commands/updateOrder.js carregado.
[12:29:35 | INFO] 

[12:29:35 | INFO] Serão carregados: 1 eventos!
[12:29:35 | INFO] 1: D:/repos/Jobs/SquashCodes-Bot/encomendas/src/events/message/update.js carregado.
[12:29:35 | INFO] 

[12:29:36 | INFO] [ENCOMENDAS] SISTEMA ONLINE!

    
<-<-<================================================================================>->->
    File generated by leekslazylogger v2.0.7 by eartharoid (http://leeks.js.org/logger)
    SquashCodes | Log File
    Wednesday, 19th May 2021, 12:30 pm (America/Sao_Paulo) -->
    Node: v14.17.0 on 'Windows' | Time format: 'HH:mm:ss' | Date format: 'YYYY-MM-DD'
<-<-<================================================================================>->->


[12:30:59 | INFO] Serão carregados: 4 comandos!
[12:30:59 | INFO] 1: D:/repos/Jobs/SquashCodes-Bot/encomendas/src/commands/finishOrder.js carregado.
[12:30:59 | INFO] 2: D:/repos/Jobs/SquashCodes-Bot/encomendas/src/commands/newOrder.js carregado.
[12:30:59 | INFO] 3: D:/repos/Jobs/SquashCodes-Bot/encomendas/src/commands/restoreOrder.js carregado.
[12:30:59 | INFO] 4: D:/repos/Jobs/SquashCodes-Bot/encomendas/src/commands/updateOrder.js carregado.
[12:30:59 | INFO] 

[12:30:59 | INFO] Serão carregados: 1 eventos!
[12:30:59 | INFO] 1: D:/repos/Jobs/SquashCodes-Bot/encomendas/src/events/message/update.js carregado.
[12:30:59 | INFO] 

[12:31:00 | INFO] [ENCOMENDAS] SISTEMA ONLINE!

    
<-<-<================================================================================>->->
    File generated by leekslazylogger v2.0.7 by eartharoid (http://leeks.js.org/logger)
    SquashCodes | Log File
    Wednesday, 19th May 2021, 12:31 pm (America/Sao_Paulo) -->
    Node: v14.17.0 on 'Windows' | Time format: 'HH:mm:ss' | Date format: 'YYYY-MM-DD'
<-<-<================================================================================>->->


[12:31:24 | INFO] Serão carregados: 4 comandos!
[12:31:24 | INFO] 1: D:/repos/Jobs/SquashCodes-Bot/encomendas/src/commands/finishOrder.js carregado.
[12:31:24 | INFO] 2: D:/repos/Jobs/SquashCodes-Bot/encomendas/src/commands/newOrder.js carregado.
[12:31:24 | INFO] 3: D:/repos/Jobs/SquashCodes-Bot/encomendas/src/commands/restoreOrder.js carregado.
[12:31:24 | INFO] 4: D:/repos/Jobs/SquashCodes-Bot/encomendas/src/commands/updateOrder.js carregado.
[12:31:24 | INFO] 

[12:31:24 | INFO] Serão carregados: 1 eventos!
[12:31:24 | INFO] 1: D:/repos/Jobs/SquashCodes-Bot/encomendas/src/events/message/update.js carregado.
[12:31:24 | INFO] 

[12:31:25 | INFO] [ENCOMENDAS] SISTEMA ONLINE!

    
<-<-<================================================================================>->->
    File generated by leekslazylogger v2.0.7 by eartharoid (http://leeks.js.org/logger)
    SquashCodes | Log File
    Wednesday, 19th May 2021, 12:31 pm (America/Sao_Paulo) -->
    Node: v14.17.0 on 'Windows' | Time format: 'HH:mm:ss' | Date format: 'YYYY-MM-DD'
<-<-<================================================================================>->->


[12:31:52 | INFO] Serão carregados: 4 comandos!
[12:31:52 | INFO] 1: D:/repos/Jobs/SquashCodes-Bot/encomendas/src/commands/finishOrder.js carregado.
[12:31:52 | INFO] 2: D:/repos/Jobs/SquashCodes-Bot/encomendas/src/commands/newOrder.js carregado.
[12:31:52 | INFO] 3: D:/repos/Jobs/SquashCodes-Bot/encomendas/src/commands/restoreOrder.js carregado.
[12:31:52 | INFO] 4: D:/repos/Jobs/SquashCodes-Bot/encomendas/src/commands/updateOrder.js carregado.
[12:31:52 | INFO] 

[12:31:52 | INFO] Serão carregados: 1 eventos!
[12:31:52 | INFO] 1: D:/repos/Jobs/SquashCodes-Bot/encomendas/src/events/message/update.js carregado.
[12:31:52 | INFO] 

[12:31:53 | INFO] [ENCOMENDAS] SISTEMA ONLINE!

    
<-<-<================================================================================>->->
    File generated by leekslazylogger v2.0.7 by eartharoid (http://leeks.js.org/logger)
    SquashCodes | Log File
    Wednesday, 19th May 2021, 12:32 pm (America/Sao_Paulo) -->
    Node: v14.17.0 on 'Windows' | Time format: 'HH:mm:ss' | Date format: 'YYYY-MM-DD'
<-<-<================================================================================>->->


[12:32:04 | INFO] Serão carregados: 4 comandos!
[12:32:04 | INFO] 1: D:/repos/Jobs/SquashCodes-Bot/encomendas/src/commands/finishOrder.js carregado.
[12:32:04 | INFO] 2: D:/repos/Jobs/SquashCodes-Bot/encomendas/src/commands/newOrder.js carregado.
[12:32:04 | INFO] 3: D:/repos/Jobs/SquashCodes-Bot/encomendas/src/commands/restoreOrder.js carregado.
[12:32:04 | INFO] 4: D:/repos/Jobs/SquashCodes-Bot/encomendas/src/commands/updateOrder.js carregado.
[12:32:04 | INFO] 

[12:32:04 | INFO] Serão carregados: 1 eventos!
[12:32:04 | INFO] 1: D:/repos/Jobs/SquashCodes-Bot/encomendas/src/events/message/update.js carregado.
[12:32:04 | INFO] 

[12:32:05 | INFO] [ENCOMENDAS] SISTEMA ONLINE!

    
<-<-<================================================================================>->->
    File generated by leekslazylogger v2.0.7 by eartharoid (http://leeks.js.org/logger)
    SquashCodes | Log File
    Wednesday, 19th May 2021, 12:32 pm (America/Sao_Paulo) -->
    Node: v14.17.0 on 'Windows' | Time format: 'HH:mm:ss' | Date format: 'YYYY-MM-DD'
<-<-<================================================================================>->->


[12:32:36 | INFO] Serão carregados: 4 comandos!
[12:32:36 | INFO] 1: D:/repos/Jobs/SquashCodes-Bot/encomendas/src/commands/finishOrder.js carregado.
[12:32:36 | INFO] 2: D:/repos/Jobs/SquashCodes-Bot/encomendas/src/commands/newOrder.js carregado.
[12:32:36 | INFO] 3: D:/repos/Jobs/SquashCodes-Bot/encomendas/src/commands/restoreOrder.js carregado.
[12:32:36 | INFO] 4: D:/repos/Jobs/SquashCodes-Bot/encomendas/src/commands/updateOrder.js carregado.
[12:32:36 | INFO] 

[12:32:36 | INFO] Serão carregados: 1 eventos!
[12:32:36 | INFO] 1: D:/repos/Jobs/SquashCodes-Bot/encomendas/src/events/message/update.js carregado.
[12:32:36 | INFO] 

[12:32:37 | INFO] [ENCOMENDAS] SISTEMA ONLINE!

    
<-<-<================================================================================>->->
    File generated by leekslazylogger v2.0.7 by eartharoid (http://leeks.js.org/logger)
    SquashCodes | Log File
    Wednesday, 19th May 2021, 13:28 pm (America/Sao_Paulo) -->
    Node: v14.17.0 on 'Windows' | Time format: 'HH:mm:ss' | Date format: 'YYYY-MM-DD'
<-<-<================================================================================>->->


[13:28:26 | INFO] Serão carregados: 4 comandos!
[13:28:26 | INFO] 1: D:/repos/Jobs/SquashCodes-Bot/encomendas/src/commands/finishOrder.js carregado.
[13:28:26 | INFO] 2: D:/repos/Jobs/SquashCodes-Bot/encomendas/src/commands/newOrder.js carregado.
[13:28:26 | INFO] 3: D:/repos/Jobs/SquashCodes-Bot/encomendas/src/commands/restoreOrder.js carregado.
[13:28:26 | INFO] 4: D:/repos/Jobs/SquashCodes-Bot/encomendas/src/commands/updateOrder.js carregado.
[13:28:26 | INFO] 

[13:28:26 | INFO] Serão carregados: 1 eventos!
[13:28:26 | INFO] 1: D:/repos/Jobs/SquashCodes-Bot/encomendas/src/events/message/update.js carregado.
[13:28:26 | INFO] 

[13:28:27 | INFO] [ENCOMENDAS] SISTEMA ONLINE!

    
<-<-<================================================================================>->->
    File generated by leekslazylogger v2.0.7 by eartharoid (http://leeks.js.org/logger)
    SquashCodes | Log File
    Wednesday, 19th May 2021, 13:40 pm (America/Sao_Paulo) -->
    Node: v14.17.0 on 'Windows' | Time format: 'HH:mm:ss' | Date format: 'YYYY-MM-DD'
<-<-<================================================================================>->->


[13:40:45 | INFO] Serão carregados: 4 comandos!
[13:40:45 | INFO] 1: D:/repos/Jobs/SquashCodes-Bot/encomendas/src/commands/finishOrder.js carregado.
[13:40:45 | INFO] 2: D:/repos/Jobs/SquashCodes-Bot/encomendas/src/commands/newOrder.js carregado.
[13:40:45 | INFO] 3: D:/repos/Jobs/SquashCodes-Bot/encomendas/src/commands/restoreOrder.js carregado.
[13:40:45 | INFO] 4: D:/repos/Jobs/SquashCodes-Bot/encomendas/src/commands/updateOrder.js carregado.
[13:40:45 | INFO] 

[13:40:46 | INFO] Serão carregados: 1 eventos!
[13:40:46 | INFO] 1: D:/repos/Jobs/SquashCodes-Bot/encomendas/src/events/message/update.js carregado.
[13:40:46 | INFO] 

[13:40:47 | INFO] [ENCOMENDAS] SISTEMA ONLINE!

    
<-<-<================================================================================>->->
    File generated by leekslazylogger v2.0.7 by eartharoid (http://leeks.js.org/logger)
    SquashCodes | Log File
    Wednesday, 19th May 2021, 13:41 pm (America/Sao_Paulo) -->
    Node: v14.17.0 on 'Windows' | Time format: 'HH:mm:ss' | Date format: 'YYYY-MM-DD'
<-<-<================================================================================>->->


[13:41:01 | INFO] Serão carregados: 4 comandos!
[13:41:01 | INFO] 1: D:/repos/Jobs/SquashCodes-Bot/encomendas/src/commands/finishOrder.js carregado.
[13:41:01 | INFO] 2: D:/repos/Jobs/SquashCodes-Bot/encomendas/src/commands/newOrder.js carregado.
[13:41:01 | INFO] 3: D:/repos/Jobs/SquashCodes-Bot/encomendas/src/commands/restoreOrder.js carregado.
[13:41:01 | INFO] 4: D:/repos/Jobs/SquashCodes-Bot/encomendas/src/commands/updateOrder.js carregado.
[13:41:01 | INFO] 

[13:41:01 | INFO] Serão carregados: 1 eventos!
[13:41:01 | INFO] 1: D:/repos/Jobs/SquashCodes-Bot/encomendas/src/events/message/update.js carregado.
[13:41:01 | INFO] 

[13:41:02 | INFO] [ENCOMENDAS] SISTEMA ONLINE!

    
<-<-<================================================================================>->->
    File generated by leekslazylogger v2.0.7 by eartharoid (http://leeks.js.org/logger)
    SquashCodes | Log File
    Wednesday, 19th May 2021, 15:17 pm (America/Sao_Paulo) -->
    Node: v14.17.0 on 'Windows' | Time format: 'HH:mm:ss' | Date format: 'YYYY-MM-DD'
<-<-<================================================================================>->->


[15:17:04 | INFO] Serão carregados: 4 comandos!
[15:17:04 | INFO] 1: D:/repos/Jobs/SquashCodes-Bot/encomendas/src/commands/finishOrder.js carregado.
[15:17:04 | INFO] 2: D:/repos/Jobs/SquashCodes-Bot/encomendas/src/commands/newOrder.js carregado.
[15:17:04 | INFO] 3: D:/repos/Jobs/SquashCodes-Bot/encomendas/src/commands/restoreOrder.js carregado.
[15:17:04 | INFO] 4: D:/repos/Jobs/SquashCodes-Bot/encomendas/src/commands/updateOrder.js carregado.
[15:17:04 | INFO] 

[15:17:04 | INFO] Serão carregados: 1 eventos!
[15:17:05 | INFO] 1: D:/repos/Jobs/SquashCodes-Bot/encomendas/src/events/message/update.js carregado.
[15:17:05 | INFO] 

[15:17:06 | INFO] [ENCOMENDAS] SISTEMA ONLINE!

    
<-<-<================================================================================>->->
    File generated by leekslazylogger v2.0.7 by eartharoid (http://leeks.js.org/logger)
    SquashCodes | Log File
    Wednesday, 19th May 2021, 15:37 pm (America/Sao_Paulo) -->
    Node: v14.17.0 on 'Windows' | Time format: 'HH:mm:ss' | Date format: 'YYYY-MM-DD'
<-<-<================================================================================>->->


[15:37:01 | INFO] Serão carregados: 4 comandos!
[15:37:01 | INFO] 1: D:/repos/Jobs/SquashCodes-Bot/encomendas/src/commands/finishOrder.js carregado.
[15:37:01 | INFO] 2: D:/repos/Jobs/SquashCodes-Bot/encomendas/src/commands/newOrder.js carregado.
[15:37:01 | INFO] 3: D:/repos/Jobs/SquashCodes-Bot/encomendas/src/commands/restoreOrder.js carregado.
[15:37:01 | INFO] 4: D:/repos/Jobs/SquashCodes-Bot/encomendas/src/commands/updateOrder.js carregado.
[15:37:01 | INFO] 

[15:37:01 | INFO] Serão carregados: 1 eventos!
[15:37:01 | INFO] 1: D:/repos/Jobs/SquashCodes-Bot/encomendas/src/events/message/update.js carregado.
[15:37:01 | INFO] 

[15:37:02 | INFO] [ENCOMENDAS] SISTEMA ONLINE!

    
<-<-<================================================================================>->->
    File generated by leekslazylogger v2.0.7 by eartharoid (http://leeks.js.org/logger)
    SquashCodes | Log File
    Wednesday, 19th May 2021, 15:37 pm (America/Sao_Paulo) -->
    Node: v14.17.0 on 'Windows' | Time format: 'HH:mm:ss' | Date format: 'YYYY-MM-DD'
<-<-<================================================================================>->->


[15:37:49 | INFO] Serão carregados: 4 comandos!
[15:37:49 | INFO] 1: D:/repos/Jobs/SquashCodes-Bot/encomendas/src/commands/finishOrder.js carregado.
[15:37:49 | INFO] 2: D:/repos/Jobs/SquashCodes-Bot/encomendas/src/commands/newOrder.js carregado.
[15:37:49 | INFO] 3: D:/repos/Jobs/SquashCodes-Bot/encomendas/src/commands/restoreOrder.js carregado.
[15:37:49 | INFO] 4: D:/repos/Jobs/SquashCodes-Bot/encomendas/src/commands/updateOrder.js carregado.
[15:37:49 | INFO] 

[15:37:49 | INFO] Serão carregados: 1 eventos!
[15:37:49 | INFO] 1: D:/repos/Jobs/SquashCodes-Bot/encomendas/src/events/message/update.js carregado.
[15:37:49 | INFO] 

[15:37:50 | INFO] [ENCOMENDAS] SISTEMA ONLINE!

    
<-<-<================================================================================>->->
    File generated by leekslazylogger v2.0.7 by eartharoid (http://leeks.js.org/logger)
    SquashCodes | Log File
    Wednesday, 19th May 2021, 15:50 pm (America/Sao_Paulo) -->
    Node: v14.17.0 on 'Windows' | Time format: 'HH:mm:ss' | Date format: 'YYYY-MM-DD'
<-<-<================================================================================>->->


[15:50:14 | INFO] Serão carregados: 4 comandos!
[15:50:14 | INFO] 1: D:/repos/Jobs/SquashCodes-Bot/encomendas/src/commands/finishOrder.js carregado.
[15:50:14 | INFO] 2: D:/repos/Jobs/SquashCodes-Bot/encomendas/src/commands/newOrder.js carregado.
[15:50:14 | INFO] 3: D:/repos/Jobs/SquashCodes-Bot/encomendas/src/commands/restoreOrder.js carregado.
[15:50:14 | INFO] 4: D:/repos/Jobs/SquashCodes-Bot/encomendas/src/commands/updateOrder.js carregado.
[15:50:14 | INFO] 

[15:50:14 | INFO] Serão carregados: 1 eventos!
[15:50:14 | INFO] 1: D:/repos/Jobs/SquashCodes-Bot/encomendas/src/events/message/update.js carregado.
[15:50:14 | INFO] 

[15:50:15 | INFO] [ENCOMENDAS] SISTEMA ONLINE!

    
<-<-<================================================================================>->->
    File generated by leekslazylogger v2.0.7 by eartharoid (http://leeks.js.org/logger)
    SquashCodes | Log File
    Wednesday, 19th May 2021, 15:54 pm (America/Sao_Paulo) -->
    Node: v14.17.0 on 'Windows' | Time format: 'HH:mm:ss' | Date format: 'YYYY-MM-DD'
<-<-<================================================================================>->->


[15:54:11 | INFO] Serão carregados: 4 comandos!
[15:54:11 | INFO] 1: D:/repos/Jobs/SquashCodes-Bot/encomendas/src/commands/finishOrder.js carregado.
[15:54:11 | INFO] 2: D:/repos/Jobs/SquashCodes-Bot/encomendas/src/commands/newOrder.js carregado.
[15:54:11 | INFO] 3: D:/repos/Jobs/SquashCodes-Bot/encomendas/src/commands/restoreOrder.js carregado.
[15:54:11 | INFO] 4: D:/repos/Jobs/SquashCodes-Bot/encomendas/src/commands/updateOrder.js carregado.
[15:54:11 | INFO] 

[15:54:11 | INFO] Serão carregados: 1 eventos!
[15:54:11 | INFO] 1: D:/repos/Jobs/SquashCodes-Bot/encomendas/src/events/message/update.js carregado.
[15:54:11 | INFO] 

[15:54:12 | INFO] [ENCOMENDAS] SISTEMA ONLINE!

    
<-<-<================================================================================>->->
    File generated by leekslazylogger v2.0.7 by eartharoid (http://leeks.js.org/logger)
    SquashCodes | Log File
    Wednesday, 19th May 2021, 15:54 pm (America/Sao_Paulo) -->
    Node: v14.17.0 on 'Windows' | Time format: 'HH:mm:ss' | Date format: 'YYYY-MM-DD'
<-<-<================================================================================>->->


[15:54:43 | INFO] Serão carregados: 4 comandos!
[15:54:43 | INFO] 1: D:/repos/Jobs/SquashCodes-Bot/encomendas/src/commands/finishOrder.js carregado.
[15:54:43 | INFO] 2: D:/repos/Jobs/SquashCodes-Bot/encomendas/src/commands/newOrder.js carregado.
[15:54:43 | INFO] 3: D:/repos/Jobs/SquashCodes-Bot/encomendas/src/commands/restoreOrder.js carregado.
[15:54:43 | INFO] 4: D:/repos/Jobs/SquashCodes-Bot/encomendas/src/commands/updateOrder.js carregado.
[15:54:43 | INFO] 

[15:54:43 | INFO] Serão carregados: 1 eventos!
[15:54:43 | INFO] 1: D:/repos/Jobs/SquashCodes-Bot/encomendas/src/events/message/update.js carregado.
[15:54:43 | INFO] 

[15:54:44 | INFO] [ENCOMENDAS] SISTEMA ONLINE!

    
<-<-<================================================================================>->->
    File generated by leekslazylogger v2.0.7 by eartharoid (http://leeks.js.org/logger)
    SquashCodes | Log File
    Wednesday, 19th May 2021, 15:54 pm (America/Sao_Paulo) -->
    Node: v14.17.0 on 'Windows' | Time format: 'HH:mm:ss' | Date format: 'YYYY-MM-DD'
<-<-<================================================================================>->->


[15:54:52 | INFO] Serão carregados: 4 comandos!
[15:54:52 | INFO] 1: D:/repos/Jobs/SquashCodes-Bot/encomendas/src/commands/finishOrder.js carregado.
[15:54:52 | INFO] 2: D:/repos/Jobs/SquashCodes-Bot/encomendas/src/commands/newOrder.js carregado.
[15:54:52 | INFO] 3: D:/repos/Jobs/SquashCodes-Bot/encomendas/src/commands/restoreOrder.js carregado.
[15:54:52 | INFO] 4: D:/repos/Jobs/SquashCodes-Bot/encomendas/src/commands/updateOrder.js carregado.
[15:54:52 | INFO] 

[15:54:52 | INFO] Serão carregados: 1 eventos!
[15:54:52 | INFO] 1: D:/repos/Jobs/SquashCodes-Bot/encomendas/src/events/message/update.js carregado.
[15:54:52 | INFO] 

[15:54:53 | INFO] [ENCOMENDAS] SISTEMA ONLINE!

    
<-<-<================================================================================>->->
    File generated by leekslazylogger v2.0.7 by eartharoid (http://leeks.js.org/logger)
    SquashCodes | Log File
    Wednesday, 19th May 2021, 15:55 pm (America/Sao_Paulo) -->
    Node: v14.17.0 on 'Windows' | Time format: 'HH:mm:ss' | Date format: 'YYYY-MM-DD'
<-<-<================================================================================>->->


[15:55:17 | INFO] Serão carregados: 4 comandos!
[15:55:17 | INFO] 1: D:/repos/Jobs/SquashCodes-Bot/encomendas/src/commands/finishOrder.js carregado.
[15:55:17 | INFO] 2: D:/repos/Jobs/SquashCodes-Bot/encomendas/src/commands/newOrder.js carregado.
[15:55:17 | INFO] 3: D:/repos/Jobs/SquashCodes-Bot/encomendas/src/commands/restoreOrder.js carregado.
[15:55:17 | INFO] 4: D:/repos/Jobs/SquashCodes-Bot/encomendas/src/commands/updateOrder.js carregado.
[15:55:17 | INFO] 

[15:55:17 | INFO] Serão carregados: 1 eventos!
[15:55:17 | INFO] 1: D:/repos/Jobs/SquashCodes-Bot/encomendas/src/events/message/update.js carregado.
[15:55:17 | INFO] 

[15:55:18 | INFO] [ENCOMENDAS] SISTEMA ONLINE!

    
<-<-<================================================================================>->->
    File generated by leekslazylogger v2.0.7 by eartharoid (http://leeks.js.org/logger)
    SquashCodes | Log File
    Wednesday, 19th May 2021, 15:55 pm (America/Sao_Paulo) -->
    Node: v14.17.0 on 'Windows' | Time format: 'HH:mm:ss' | Date format: 'YYYY-MM-DD'
<-<-<================================================================================>->->


[15:55:55 | INFO] Serão carregados: 4 comandos!
[15:55:55 | INFO] 1: D:/repos/Jobs/SquashCodes-Bot/encomendas/src/commands/finishOrder.js carregado.
[15:55:55 | INFO] 2: D:/repos/Jobs/SquashCodes-Bot/encomendas/src/commands/newOrder.js carregado.
[15:55:55 | INFO] 3: D:/repos/Jobs/SquashCodes-Bot/encomendas/src/commands/restoreOrder.js carregado.
[15:55:55 | INFO] 4: D:/repos/Jobs/SquashCodes-Bot/encomendas/src/commands/updateOrder.js carregado.
[15:55:55 | INFO] 

[15:55:55 | INFO] Serão carregados: 1 eventos!
[15:55:55 | INFO] 1: D:/repos/Jobs/SquashCodes-Bot/encomendas/src/events/message/update.js carregado.
[15:55:55 | INFO] 

[15:55:56 | INFO] [ENCOMENDAS] SISTEMA ONLINE!

    
<-<-<================================================================================>->->
    File generated by leekslazylogger v2.0.7 by eartharoid (http://leeks.js.org/logger)
    SquashCodes | Log File
    Wednesday, 19th May 2021, 17:17 pm (America/Sao_Paulo) -->
    Node: v14.17.0 on 'Windows' | Time format: 'HH:mm:ss' | Date format: 'YYYY-MM-DD'
<-<-<================================================================================>->->


[17:17:27 | INFO] Serão carregados: 4 comandos!
[17:17:27 | INFO] 1: D:/repos/Jobs/SquashCodes-Bot/encomendas/src/commands/finishOrder.js carregado.
[17:17:27 | INFO] 2: D:/repos/Jobs/SquashCodes-Bot/encomendas/src/commands/newOrder.js carregado.
[17:17:27 | INFO] 3: D:/repos/Jobs/SquashCodes-Bot/encomendas/src/commands/restoreOrder.js carregado.
[17:17:27 | INFO] 4: D:/repos/Jobs/SquashCodes-Bot/encomendas/src/commands/updateOrder.js carregado.
[17:17:27 | INFO] 

[17:17:27 | INFO] Serão carregados: 1 eventos!
[17:17:27 | INFO] 1: D:/repos/Jobs/SquashCodes-Bot/encomendas/src/events/message/update.js carregado.
[17:17:27 | INFO] 

[17:17:28 | INFO] [ENCOMENDAS] SISTEMA ONLINE!

    
<-<-<================================================================================>->->
    File generated by leekslazylogger v2.0.7 by eartharoid (http://leeks.js.org/logger)
    SquashCodes | Log File
    Wednesday, 19th May 2021, 18:44 pm (America/Sao_Paulo) -->
    Node: v14.17.0 on 'Windows' | Time format: 'HH:mm:ss' | Date format: 'YYYY-MM-DD'
<-<-<================================================================================>->->


[18:44:48 | INFO] Serão carregados: 4 comandos!
[18:44:48 | INFO] 1: D:/repos/Jobs/SquashCodes-Bot/encomendas/src/commands/finishOrder.js carregado.
[18:44:48 | INFO] 2: D:/repos/Jobs/SquashCodes-Bot/encomendas/src/commands/newOrder.js carregado.
[18:44:48 | INFO] 3: D:/repos/Jobs/SquashCodes-Bot/encomendas/src/commands/restoreOrder.js carregado.
[18:44:48 | INFO] 4: D:/repos/Jobs/SquashCodes-Bot/encomendas/src/commands/updateOrder.js carregado.
[18:44:48 | INFO] 

[18:44:48 | INFO] Serão carregados: 1 eventos!
[18:44:48 | INFO] 1: D:/repos/Jobs/SquashCodes-Bot/encomendas/src/events/message/update.js carregado.
[18:44:48 | INFO] 

[18:44:49 | INFO] [ENCOMENDAS] SISTEMA ONLINE!

    
<-<-<================================================================================>->->
    File generated by leekslazylogger v2.0.7 by eartharoid (http://leeks.js.org/logger)
    SquashCodes | Log File
    Wednesday, 19th May 2021, 18:45 pm (America/Sao_Paulo) -->
    Node: v14.17.0 on 'Windows' | Time format: 'HH:mm:ss' | Date format: 'YYYY-MM-DD'
<-<-<================================================================================>->->


[18:45:03 | INFO] Serão carregados: 4 comandos!
[18:45:03 | INFO] 1: D:/repos/Jobs/SquashCodes-Bot/encomendas/src/commands/finishOrder.js carregado.
[18:45:03 | INFO] 2: D:/repos/Jobs/SquashCodes-Bot/encomendas/src/commands/newOrder.js carregado.
[18:45:03 | INFO] 3: D:/repos/Jobs/SquashCodes-Bot/encomendas/src/commands/restoreOrder.js carregado.
[18:45:03 | INFO] 4: D:/repos/Jobs/SquashCodes-Bot/encomendas/src/commands/updateOrder.js carregado.
[18:45:03 | INFO] 

[18:45:03 | INFO] Serão carregados: 1 eventos!
[18:45:03 | INFO] 1: D:/repos/Jobs/SquashCodes-Bot/encomendas/src/events/message/update.js carregado.
[18:45:03 | INFO] 

[18:45:04 | INFO] [ENCOMENDAS] SISTEMA ONLINE!

    
<-<-<================================================================================>->->
    File generated by leekslazylogger v2.0.7 by eartharoid (http://leeks.js.org/logger)
    SquashCodes | Log File
    Wednesday, 19th May 2021, 19:26 pm (America/Sao_Paulo) -->
    Node: v14.17.0 on 'Windows' | Time format: 'HH:mm:ss' | Date format: 'YYYY-MM-DD'
<-<-<================================================================================>->->


[19:26:18 | INFO] Serão carregados: 4 comandos!
[19:26:18 | INFO] 1: D:/repos/Jobs/SquashCodes-Bot/encomendas/src/commands/finishOrder.js carregado.
[19:26:18 | INFO] 2: D:/repos/Jobs/SquashCodes-Bot/encomendas/src/commands/newOrder.js carregado.
[19:26:18 | INFO] 3: D:/repos/Jobs/SquashCodes-Bot/encomendas/src/commands/restoreOrder.js carregado.
[19:26:18 | INFO] 4: D:/repos/Jobs/SquashCodes-Bot/encomendas/src/commands/updateOrder.js carregado.
[19:26:18 | INFO] 

[19:26:18 | INFO] Serão carregados: 1 eventos!
[19:26:18 | INFO] 1: D:/repos/Jobs/SquashCodes-Bot/encomendas/src/events/message/update.js carregado.
[19:26:18 | INFO] 

[19:26:19 | INFO] [ENCOMENDAS] SISTEMA ONLINE!

    
<-<-<================================================================================>->->
    File generated by leekslazylogger v2.0.7 by eartharoid (http://leeks.js.org/logger)
    SquashCodes | Log File
    Wednesday, 19th May 2021, 20:13 pm (America/Sao_Paulo) -->
    Node: v14.17.0 on 'Windows' | Time format: 'HH:mm:ss' | Date format: 'YYYY-MM-DD'
<-<-<================================================================================>->->


[20:13:22 | INFO] Serão carregados: 4 comandos!
[20:13:22 | INFO] 1: D:/repos/Jobs/SquashCodes-Bot/encomendas/src/commands/finishOrder.js carregado.
[20:13:22 | INFO] 2: D:/repos/Jobs/SquashCodes-Bot/encomendas/src/commands/newOrder.js carregado.
[20:13:22 | INFO] 3: D:/repos/Jobs/SquashCodes-Bot/encomendas/src/commands/restoreOrder.js carregado.
[20:13:22 | INFO] 4: D:/repos/Jobs/SquashCodes-Bot/encomendas/src/commands/updateOrder.js carregado.
[20:13:22 | INFO] 

[20:13:22 | INFO] Serão carregados: 1 eventos!
[20:13:22 | INFO] 1: D:/repos/Jobs/SquashCodes-Bot/encomendas/src/events/message/update.js carregado.
[20:13:22 | INFO] 

[20:13:23 | INFO] [ENCOMENDAS] SISTEMA ONLINE!
