
    
<-<-<================================================================================>->->
    File generated by leekslazylogger v2.0.7 by eartharoid (http://leeks.js.org/logger)
    SquashCodes | Log File
    Wednesday, 7th April 2021, 22:27 pm (America/Sao_Paulo) -->
    Node: v14.15.5 on 'Windows' | Time format: 'HH:mm:ss' | Date format: 'YYYY-MM-DD'
<-<-<================================================================================>->->


[22:27:39 | INFO] Using SQLite storage
[22:27:40 | INFO] > Loaded debug event
[22:27:40 | INFO] > Loaded error event
[22:27:40 | INFO] > Loaded message event
[22:27:40 | INFO] > Loaded messageDelete event
[22:27:40 | INFO] > Loaded messageReactionAdd event
[22:27:40 | INFO] > Loaded messageUpdate event
[22:27:40 | INFO] > Loaded rateLimit event
[22:27:40 | INFO] > Loaded ready event
[22:27:40 | INFO] > Loaded warn event
[22:27:40 | INFO] > Loaded !add command
[22:27:40 | INFO] > Loaded !close command
[22:27:40 | INFO] > Loaded !closeall command
[22:27:40 | INFO] > Loaded !delete command
[22:27:40 | INFO] > Loaded !help command
[22:27:40 | INFO] > Loaded !new command
[22:27:40 | INFO] > Loaded !panel command
[22:27:40 | INFO] > Loaded !remove command
[22:27:40 | INFO] > Loaded !rename command
[22:27:40 | INFO] > Loaded !stats command
[22:27:40 | INFO] > Loaded !tickets command
[22:27:40 | INFO] > Loaded !topic command
[22:27:40 | INFO] > Loaded !transcript command
[22:27:40 | INFO] > Loaded !transfer command
[22:27:40 | INFO] Loaded 9 events and 14 commands
[22:27:41 | INFO] Authenticated as Betina#2704
[22:27:41 | WARN] An error was not caught
[22:27:41 | WARN] Uncaught TypeError: Cannot read property 'member' of undefined
[22:27:41 | ERROR] TypeError: Cannot read property 'member' of undefined
    at Object.execute (C:\Users\COMPUTADOR\node\Sqh\src\events\ready.js:37:44)
    at Client.<anonymous> (C:\Users\COMPUTADOR\node\Sqh\src\index.js:132:68)
    at Client.emit (events.js:315:20)
    at WebSocketManager.triggerClientReady (C:\Users\COMPUTADOR\node\Sqh\node_modules\discord.js\src\client\websocket\WebSocketManager.js:431:17)
    at WebSocketManager.checkShardsReady (C:\Users\COMPUTADOR\node\Sqh\node_modules\discord.js\src\client\websocket\WebSocketManager.js:415:10)
    at WebSocketShard.<anonymous> (C:\Users\COMPUTADOR\node\Sqh\node_modules\discord.js\src\client\websocket\WebSocketManager.js:197:14)
    at WebSocketShard.emit (events.js:315:20)
    at WebSocketShard.checkReady (C:\Users\COMPUTADOR\node\Sqh\node_modules\discord.js\src\client\websocket\WebSocketShard.js:475:12)
    at WebSocketShard.onPacket (C:\Users\COMPUTADOR\node\Sqh\node_modules\discord.js\src\client\websocket\WebSocketShard.js:447:16)
    at WebSocketShard.onMessage (C:\Users\COMPUTADOR\node\Sqh\node_modules\discord.js\src\client\websocket\WebSocketShard.js:301:10)

    
<-<-<================================================================================>->->
    File generated by leekslazylogger v2.0.7 by eartharoid (http://leeks.js.org/logger)
    SquashCodes | Log File
    Wednesday, 7th April 2021, 22:28 pm (America/Sao_Paulo) -->
    Node: v14.15.5 on 'Windows' | Time format: 'HH:mm:ss' | Date format: 'YYYY-MM-DD'
<-<-<================================================================================>->->


[22:28:36 | INFO] Using SQLite storage
[22:28:36 | INFO] > Loaded debug event
[22:28:36 | INFO] > Loaded error event
[22:28:36 | INFO] > Loaded message event
[22:28:36 | INFO] > Loaded messageDelete event
[22:28:36 | INFO] > Loaded messageReactionAdd event
[22:28:36 | INFO] > Loaded messageUpdate event
[22:28:36 | INFO] > Loaded rateLimit event
[22:28:36 | INFO] > Loaded ready event
[22:28:36 | INFO] > Loaded warn event
[22:28:36 | INFO] > Loaded !add command
[22:28:36 | INFO] > Loaded !close command
[22:28:36 | INFO] > Loaded !closeall command
[22:28:36 | INFO] > Loaded !delete command
[22:28:36 | INFO] > Loaded !help command
[22:28:36 | INFO] > Loaded !new command
[22:28:36 | INFO] > Loaded !panel command
[22:28:36 | INFO] > Loaded !remove command
[22:28:36 | INFO] > Loaded !rename command
[22:28:36 | INFO] > Loaded !stats command
[22:28:36 | INFO] > Loaded !tickets command
[22:28:36 | INFO] > Loaded !topic command
[22:28:36 | INFO] > Loaded !transcript command
[22:28:36 | INFO] > Loaded !transfer command
[22:28:36 | INFO] Loaded 9 events and 14 commands
[22:28:37 | INFO] Authenticated as Betina#2704
[22:28:37 | INFO] 'ADMINISTRATOR' permission has been granted
[22:28:46 | INFO] dutra#3978 used the 'help' command
[22:28:55 | INFO] dutra#3978 used the 'panel' command
[22:28:55 | INFO] dutra#3978 created a panel widget
[22:29:03 | INFO] dutra#3978 created a new ticket (#ticket-1) via panel

    
<-<-<================================================================================>->->
    File generated by leekslazylogger v2.0.7 by eartharoid (http://leeks.js.org/logger)
    SquashCodes | Log File
    Wednesday, 7th April 2021, 22:29 pm (America/Sao_Paulo) -->
    Node: v14.15.5 on 'Windows' | Time format: 'HH:mm:ss' | Date format: 'YYYY-MM-DD'
<-<-<================================================================================>->->


[22:29:22 | INFO] Using SQLite storage
[22:29:22 | INFO] > Loaded debug event
[22:29:22 | INFO] > Loaded error event
[22:29:22 | INFO] > Loaded message event
[22:29:22 | INFO] > Loaded messageDelete event
[22:29:22 | INFO] > Loaded messageReactionAdd event
[22:29:22 | INFO] > Loaded messageUpdate event
[22:29:22 | INFO] > Loaded rateLimit event
[22:29:22 | INFO] > Loaded ready event
[22:29:22 | INFO] > Loaded warn event
[22:29:22 | INFO] > Loaded !add command
[22:29:22 | INFO] > Loaded !close command
[22:29:22 | INFO] > Loaded !closeall command
[22:29:22 | INFO] > Loaded !delete command
[22:29:22 | INFO] > Loaded !help command
[22:29:22 | INFO] > Loaded !new command
[22:29:22 | INFO] > Loaded !panel command
[22:29:22 | INFO] > Loaded !remove command
[22:29:22 | INFO] > Loaded !rename command
[22:29:22 | INFO] > Loaded !stats command
[22:29:22 | INFO] > Loaded !tickets command
[22:29:22 | INFO] > Loaded !topic command
[22:29:22 | INFO] > Loaded !transcript command
[22:29:22 | INFO] > Loaded !transfer command
[22:29:22 | INFO] Loaded 9 events and 14 commands
[22:29:23 | INFO] Authenticated as Betina#2704
[22:29:23 | INFO] 'ADMINISTRATOR' permission has been granted
[22:29:27 | INFO] dutra#3978 used the 'panel' command
[22:29:27 | INFO] Deleted old panel
[22:29:27 | INFO] dutra#3978 created a panel widget
[22:29:41 | INFO] dutra#3978 created a new ticket (#ticket-2) via panel

    
<-<-<================================================================================>->->
    File generated by leekslazylogger v2.0.7 by eartharoid (http://leeks.js.org/logger)
    SquashCodes | Log File
    Wednesday, 7th April 2021, 22:30 pm (America/Sao_Paulo) -->
    Node: v14.15.5 on 'Windows' | Time format: 'HH:mm:ss' | Date format: 'YYYY-MM-DD'
<-<-<================================================================================>->->


[22:30:31 | INFO] Using SQLite storage
[22:30:31 | INFO] > Loaded debug event
[22:30:31 | INFO] > Loaded error event
[22:30:31 | INFO] > Loaded message event
[22:30:31 | INFO] > Loaded messageDelete event
[22:30:31 | INFO] > Loaded messageReactionAdd event
[22:30:31 | INFO] > Loaded messageUpdate event
[22:30:31 | INFO] > Loaded rateLimit event
[22:30:31 | INFO] > Loaded ready event
[22:30:31 | INFO] > Loaded warn event
[22:30:31 | INFO] > Loaded !add command
[22:30:31 | INFO] > Loaded !close command
[22:30:31 | INFO] > Loaded !closeall command
[22:30:31 | INFO] > Loaded !delete command
[22:30:31 | INFO] > Loaded !help command
[22:30:31 | INFO] > Loaded !new command
[22:30:31 | INFO] > Loaded !panel command
[22:30:31 | INFO] > Loaded !remove command
[22:30:31 | INFO] > Loaded !rename command
[22:30:31 | INFO] > Loaded !stats command
[22:30:31 | INFO] > Loaded !tickets command
[22:30:31 | INFO] > Loaded !topic command
[22:30:31 | INFO] > Loaded !transcript command
[22:30:31 | INFO] > Loaded !transfer command
[22:30:31 | INFO] Loaded 9 events and 14 commands
[22:30:32 | INFO] Authenticated as Betina#2704
[22:30:32 | INFO] 'ADMINISTRATOR' permission has been granted
[22:30:37 | INFO] dutra#3978 used the 'close' command
[22:30:40 | INFO] dutra#3978 closed a ticket (#ticket-2)
[22:30:42 | INFO] dutra#3978 used the 'close' command
[22:30:45 | INFO] dutra#3978 closed a ticket (#ticket-1)
[22:32:45 | INFO] dutra#3978 used the 'help' command
[22:32:47 | INFO] dutra#3978 used the 'stats' command
[22:32:57 | INFO] f0reach#1760 used the 'stats' command

    
<-<-<================================================================================>->->
    File generated by leekslazylogger v2.0.7 by eartharoid (http://leeks.js.org/logger)
    SquashCodes | Log File
    Wednesday, 7th April 2021, 22:33 pm (America/Sao_Paulo) -->
    Node: v14.15.5 on 'Windows' | Time format: 'HH:mm:ss' | Date format: 'YYYY-MM-DD'
<-<-<================================================================================>->->


[22:33:44 | INFO] Using SQLite storage
[22:33:44 | INFO] > Loaded debug event
[22:33:44 | INFO] > Loaded error event
[22:33:44 | INFO] > Loaded message event
[22:33:44 | INFO] > Loaded messageDelete event
[22:33:44 | INFO] > Loaded messageReactionAdd event
[22:33:44 | INFO] > Loaded messageUpdate event
[22:33:44 | INFO] > Loaded rateLimit event
[22:33:44 | INFO] > Loaded ready event
[22:33:44 | INFO] > Loaded warn event
[22:33:44 | INFO] > Loaded !add command
[22:33:44 | INFO] > Loaded !close command
[22:33:44 | INFO] > Loaded !closeall command
[22:33:44 | INFO] > Loaded !delete command
[22:33:44 | INFO] > Loaded !help command
[22:33:44 | INFO] > Loaded !new command
[22:33:44 | INFO] > Loaded !panel command
[22:33:44 | INFO] > Loaded !remove command
[22:33:44 | INFO] > Loaded !rename command
[22:33:44 | INFO] > Loaded !stats command
[22:33:44 | INFO] > Loaded !tickets command
[22:33:44 | INFO] > Loaded !topic command
[22:33:44 | INFO] > Loaded !transcript command
[22:33:44 | INFO] > Loaded !transfer command
[22:33:44 | INFO] Loaded 9 events and 14 commands
[22:33:45 | INFO] Authenticated as Betina#2704
[22:33:45 | INFO] 'ADMINISTRATOR' permission has been granted

    
<-<-<================================================================================>->->
    File generated by leekslazylogger v2.0.7 by eartharoid (http://leeks.js.org/logger)
    SquashCodes | Log File
    Wednesday, 7th April 2021, 22:33 pm (America/Sao_Paulo) -->
    Node: v14.15.5 on 'Windows' | Time format: 'HH:mm:ss' | Date format: 'YYYY-MM-DD'
<-<-<================================================================================>->->


[22:33:56 | INFO] Using SQLite storage
[22:33:56 | INFO] > Loaded debug event
[22:33:56 | INFO] > Loaded error event
[22:33:56 | INFO] > Loaded message event
[22:33:56 | INFO] > Loaded messageDelete event
[22:33:56 | INFO] > Loaded messageReactionAdd event
[22:33:56 | INFO] > Loaded messageUpdate event
[22:33:56 | INFO] > Loaded rateLimit event
[22:33:56 | INFO] > Loaded ready event
[22:33:56 | INFO] > Loaded warn event
[22:33:56 | INFO] > Loaded !add command
[22:33:56 | INFO] > Loaded !close command
[22:33:56 | INFO] > Loaded !closeall command
[22:33:56 | INFO] > Loaded !delete command
[22:33:56 | INFO] > Loaded !help command
[22:33:56 | INFO] > Loaded !new command
[22:33:56 | INFO] > Loaded !panel command
[22:33:56 | INFO] > Loaded !remove command
[22:33:56 | INFO] > Loaded !rename command
[22:33:56 | INFO] > Loaded !stats command
[22:33:56 | INFO] > Loaded !tickets command
[22:33:56 | INFO] > Loaded !topic command
[22:33:56 | INFO] > Loaded !transcript command
[22:33:56 | INFO] > Loaded !transfer command
[22:33:56 | INFO] Loaded 9 events and 14 commands
[22:33:57 | INFO] Authenticated as Betina#2704
[22:33:57 | INFO] 'ADMINISTRATOR' permission has been granted

    
<-<-<================================================================================>->->
    File generated by leekslazylogger v2.0.7 by eartharoid (http://leeks.js.org/logger)
    SquashCodes | Log File
    Wednesday, 7th April 2021, 23:32 pm (America/Sao_Paulo) -->
    Node: v14.15.5 on 'Windows' | Time format: 'HH:mm:ss' | Date format: 'YYYY-MM-DD'
<-<-<================================================================================>->->


[23:32:30 | INFO] Using SQLite storage
[23:32:31 | INFO] > Loaded debug event
[23:32:31 | INFO] > Loaded error event
[23:32:31 | INFO] > Loaded message event
[23:32:31 | INFO] > Loaded messageDelete event
[23:32:31 | INFO] > Loaded messageReactionAdd event
[23:32:31 | INFO] > Loaded messageUpdate event
[23:32:31 | INFO] > Loaded rateLimit event
[23:32:31 | INFO] > Loaded ready event
[23:32:31 | INFO] > Loaded warn event
[23:32:31 | INFO] > Loaded !add command
[23:32:31 | INFO] > Loaded !close command
[23:32:31 | INFO] > Loaded !closeall command
[23:32:31 | INFO] > Loaded !delete command
[23:32:31 | INFO] > Loaded !help command
[23:32:31 | INFO] > Loaded !new command
[23:32:31 | INFO] > Loaded !panel command
[23:32:31 | INFO] > Loaded !remove command
[23:32:31 | INFO] > Loaded !rename command
[23:32:31 | INFO] > Loaded !stats command
[23:32:31 | INFO] > Loaded !tickets command
[23:32:31 | INFO] > Loaded !topic command
[23:32:31 | INFO] > Loaded !transcript command
[23:32:31 | INFO] > Loaded !transfer command
[23:32:31 | INFO] Loaded 9 events and 14 commands
[23:32:31 | INFO] Authenticated as Betina#2704
[23:32:31 | INFO] 'ADMINISTRATOR' permission has been granted
[23:32:37 | INFO] dutra#3978 created a new ticket (#ticket-3) via panel

    
<-<-<================================================================================>->->
    File generated by leekslazylogger v2.0.7 by eartharoid (http://leeks.js.org/logger)
    SquashCodes | Log File
    Wednesday, 7th April 2021, 23:32 pm (America/Sao_Paulo) -->
    Node: v14.15.5 on 'Windows' | Time format: 'HH:mm:ss' | Date format: 'YYYY-MM-DD'
<-<-<================================================================================>->->


[23:32:48 | INFO] Using SQLite storage
[23:32:48 | INFO] > Loaded debug event
[23:32:48 | INFO] > Loaded error event
[23:32:48 | INFO] > Loaded message event
[23:32:48 | INFO] > Loaded messageDelete event
[23:32:48 | INFO] > Loaded messageReactionAdd event
[23:32:48 | INFO] > Loaded messageUpdate event
[23:32:48 | INFO] > Loaded rateLimit event
[23:32:48 | INFO] > Loaded ready event
[23:32:48 | INFO] > Loaded warn event
[23:32:48 | INFO] > Loaded !add command
[23:32:48 | INFO] > Loaded !close command
[23:32:48 | INFO] > Loaded !closeall command
[23:32:48 | INFO] > Loaded !delete command
[23:32:48 | INFO] > Loaded !help command
[23:32:48 | INFO] > Loaded !new command
[23:32:48 | INFO] > Loaded !panel command
[23:32:48 | INFO] > Loaded !remove command
[23:32:48 | INFO] > Loaded !rename command
[23:32:48 | INFO] > Loaded !stats command
[23:32:48 | INFO] > Loaded !tickets command
[23:32:48 | INFO] > Loaded !topic command
[23:32:48 | INFO] > Loaded !transcript command
[23:32:48 | INFO] > Loaded !transfer command
[23:32:48 | INFO] Loaded 9 events and 14 commands
[23:32:49 | INFO] Authenticated as Betina#2704
[23:32:49 | INFO] 'ADMINISTRATOR' permission has been granted
[23:32:57 | INFO] dutra#3978 created a new ticket (#ticket-4) via panel

    
<-<-<================================================================================>->->
    File generated by leekslazylogger v2.0.7 by eartharoid (http://leeks.js.org/logger)
    SquashCodes | Log File
    Wednesday, 7th April 2021, 23:33 pm (America/Sao_Paulo) -->
    Node: v14.15.5 on 'Windows' | Time format: 'HH:mm:ss' | Date format: 'YYYY-MM-DD'
<-<-<================================================================================>->->


[23:33:48 | INFO] Using SQLite storage
[23:33:49 | INFO] > Loaded debug event
[23:33:49 | INFO] > Loaded error event
[23:33:49 | INFO] > Loaded message event
[23:33:49 | INFO] > Loaded messageDelete event
[23:33:49 | INFO] > Loaded messageReactionAdd event
[23:33:49 | INFO] > Loaded messageUpdate event
[23:33:49 | INFO] > Loaded rateLimit event
[23:33:49 | INFO] > Loaded ready event
[23:33:49 | INFO] > Loaded warn event
[23:33:49 | INFO] > Loaded !add command
[23:33:49 | INFO] > Loaded !close command
[23:33:49 | INFO] > Loaded !closeall command
[23:33:49 | INFO] > Loaded !delete command
[23:33:49 | INFO] > Loaded !help command
[23:33:49 | INFO] > Loaded !new command
[23:33:49 | INFO] > Loaded !panel command
[23:33:49 | INFO] > Loaded !remove command
[23:33:49 | INFO] > Loaded !rename command
[23:33:49 | INFO] > Loaded !stats command
[23:33:49 | INFO] > Loaded !tickets command
[23:33:49 | INFO] > Loaded !topic command
[23:33:49 | INFO] > Loaded !transcript command
[23:33:49 | INFO] > Loaded !transfer command
[23:33:49 | INFO] Loaded 9 events and 14 commands
[23:33:50 | INFO] Authenticated as Betina#2704
[23:33:50 | INFO] 'ADMINISTRATOR' permission has been granted
[23:33:57 | INFO] dutra#3978 created a new ticket (#ticket-5) via panel

    
<-<-<================================================================================>->->
    File generated by leekslazylogger v2.0.7 by eartharoid (http://leeks.js.org/logger)
    SquashCodes | Log File
    Wednesday, 7th April 2021, 23:34 pm (America/Sao_Paulo) -->
    Node: v14.15.5 on 'Windows' | Time format: 'HH:mm:ss' | Date format: 'YYYY-MM-DD'
<-<-<================================================================================>->->


[23:34:26 | INFO] Using SQLite storage
[23:34:26 | INFO] > Loaded debug event
[23:34:26 | INFO] > Loaded error event
[23:34:26 | INFO] > Loaded message event
[23:34:26 | INFO] > Loaded messageDelete event
[23:34:26 | INFO] > Loaded messageReactionAdd event
[23:34:26 | INFO] > Loaded messageUpdate event
[23:34:26 | INFO] > Loaded rateLimit event
[23:34:26 | INFO] > Loaded ready event
[23:34:26 | INFO] > Loaded warn event
[23:34:26 | INFO] > Loaded !add command
[23:34:26 | INFO] > Loaded !close command
[23:34:26 | INFO] > Loaded !closeall command
[23:34:26 | INFO] > Loaded !delete command
[23:34:26 | INFO] > Loaded !help command
[23:34:26 | INFO] > Loaded !new command
[23:34:26 | INFO] > Loaded !panel command
[23:34:26 | INFO] > Loaded !remove command
[23:34:26 | INFO] > Loaded !rename command
[23:34:26 | INFO] > Loaded !stats command
[23:34:26 | INFO] > Loaded !tickets command
[23:34:26 | INFO] > Loaded !topic command
[23:34:26 | INFO] > Loaded !transcript command
[23:34:26 | INFO] > Loaded !transfer command
[23:34:26 | INFO] Loaded 9 events and 14 commands
[23:34:27 | INFO] Authenticated as Betina#2704
[23:34:27 | INFO] 'ADMINISTRATOR' permission has been granted
[23:34:29 | INFO] dutra#3978 used the 'delete' command
[23:34:30 | INFO] dutra#3978 deleted a ticket (#ticket-5)
[23:34:33 | INFO] dutra#3978 used the 'delete' command
[23:34:35 | INFO] dutra#3978 deleted a ticket (#ticket-4)
[23:34:37 | INFO] dutra#3978 used the 'delete' command
[23:34:38 | INFO] dutra#3978 deleted a ticket (#ticket-3)
[23:34:43 | INFO] dutra#3978 created a new ticket (#ticket-6) via panel

    
<-<-<================================================================================>->->
    File generated by leekslazylogger v2.0.7 by eartharoid (http://leeks.js.org/logger)
    SquashCodes | Log File
    Wednesday, 7th April 2021, 23:34 pm (America/Sao_Paulo) -->
    Node: v14.15.5 on 'Windows' | Time format: 'HH:mm:ss' | Date format: 'YYYY-MM-DD'
<-<-<================================================================================>->->


[23:34:59 | INFO] Using SQLite storage
[23:34:59 | INFO] > Loaded debug event
[23:34:59 | INFO] > Loaded error event
[23:34:59 | INFO] > Loaded message event
[23:34:59 | INFO] > Loaded messageDelete event
[23:34:59 | INFO] > Loaded messageReactionAdd event
[23:34:59 | INFO] > Loaded messageUpdate event
[23:34:59 | INFO] > Loaded rateLimit event
[23:34:59 | INFO] > Loaded ready event
[23:34:59 | INFO] > Loaded warn event
[23:34:59 | INFO] > Loaded !add command
[23:34:59 | INFO] > Loaded !close command
[23:34:59 | INFO] > Loaded !closeall command
[23:34:59 | INFO] > Loaded !delete command
[23:34:59 | INFO] > Loaded !help command
[23:34:59 | INFO] > Loaded !new command
[23:34:59 | INFO] > Loaded !panel command
[23:34:59 | INFO] > Loaded !remove command
[23:34:59 | INFO] > Loaded !rename command
[23:34:59 | INFO] > Loaded !stats command
[23:34:59 | INFO] > Loaded !tickets command
[23:34:59 | INFO] > Loaded !topic command
[23:34:59 | INFO] > Loaded !transcript command
[23:34:59 | INFO] > Loaded !transfer command
[23:34:59 | INFO] Loaded 9 events and 14 commands
[23:35:00 | INFO] Authenticated as Betina#2704
[23:35:00 | INFO] 'ADMINISTRATOR' permission has been granted
[23:35:05 | INFO] dutra#3978 created a new ticket (#ticket-7) via panel

    
<-<-<================================================================================>->->
    File generated by leekslazylogger v2.0.7 by eartharoid (http://leeks.js.org/logger)
    SquashCodes | Log File
    Wednesday, 7th April 2021, 23:35 pm (America/Sao_Paulo) -->
    Node: v14.15.5 on 'Windows' | Time format: 'HH:mm:ss' | Date format: 'YYYY-MM-DD'
<-<-<================================================================================>->->


[23:35:50 | INFO] Using SQLite storage
[23:35:50 | INFO] > Loaded debug event
[23:35:50 | INFO] > Loaded error event
[23:35:50 | INFO] > Loaded message event
[23:35:50 | INFO] > Loaded messageDelete event
[23:35:50 | INFO] > Loaded messageReactionAdd event
[23:35:50 | INFO] > Loaded messageUpdate event
[23:35:50 | INFO] > Loaded rateLimit event
[23:35:50 | INFO] > Loaded ready event
[23:35:50 | INFO] > Loaded warn event
[23:35:50 | INFO] > Loaded !add command
[23:35:50 | INFO] > Loaded !close command
[23:35:50 | INFO] > Loaded !closeall command
[23:35:50 | INFO] > Loaded !delete command
[23:35:50 | INFO] > Loaded !help command
[23:35:50 | INFO] > Loaded !new command
[23:35:50 | INFO] > Loaded !panel command
[23:35:50 | INFO] > Loaded !remove command
[23:35:50 | INFO] > Loaded !rename command
[23:35:50 | INFO] > Loaded !stats command
[23:35:50 | INFO] > Loaded !tickets command
[23:35:50 | INFO] > Loaded !topic command
[23:35:50 | INFO] > Loaded !transcript command
[23:35:50 | INFO] > Loaded !transfer command
[23:35:50 | INFO] Loaded 9 events and 14 commands
[23:35:51 | INFO] Authenticated as Betina#2704
[23:35:51 | INFO] 'ADMINISTRATOR' permission has been granted
[23:36:02 | INFO] dutra#3978 created a new ticket (#ticket-8) via panel

    
<-<-<================================================================================>->->
    File generated by leekslazylogger v2.0.7 by eartharoid (http://leeks.js.org/logger)
    SquashCodes | Log File
    Wednesday, 7th April 2021, 23:36 pm (America/Sao_Paulo) -->
    Node: v14.15.5 on 'Windows' | Time format: 'HH:mm:ss' | Date format: 'YYYY-MM-DD'
<-<-<================================================================================>->->


[23:36:36 | INFO] Using SQLite storage
[23:36:36 | INFO] > Loaded debug event
[23:36:36 | INFO] > Loaded error event
[23:36:36 | INFO] > Loaded message event
[23:36:36 | INFO] > Loaded messageDelete event
[23:36:36 | INFO] > Loaded messageReactionAdd event
[23:36:36 | INFO] > Loaded messageUpdate event
[23:36:36 | INFO] > Loaded rateLimit event
[23:36:36 | INFO] > Loaded ready event
[23:36:36 | INFO] > Loaded warn event
[23:36:36 | INFO] > Loaded !add command
[23:36:36 | INFO] > Loaded !close command
[23:36:36 | INFO] > Loaded !closeall command
[23:36:36 | INFO] > Loaded !delete command
[23:36:36 | INFO] > Loaded !help command
[23:36:36 | INFO] > Loaded !new command
[23:36:36 | INFO] > Loaded !panel command
[23:36:36 | INFO] > Loaded !remove command
[23:36:36 | INFO] > Loaded !rename command
[23:36:36 | INFO] > Loaded !stats command
[23:36:36 | INFO] > Loaded !tickets command
[23:36:36 | INFO] > Loaded !topic command
[23:36:36 | INFO] > Loaded !transcript command
[23:36:36 | INFO] > Loaded !transfer command
[23:36:36 | INFO] Loaded 9 events and 14 commands
[23:36:37 | INFO] Authenticated as Betina#2704
[23:36:37 | INFO] 'ADMINISTRATOR' permission has been granted
[23:36:43 | INFO] dutra#3978 used the 'delete' command
[23:36:45 | INFO] dutra#3978 deleted a ticket (#ticket-8)
[23:36:49 | INFO] dutra#3978 created a new ticket (#ticket-9) via panel

    
<-<-<================================================================================>->->
    File generated by leekslazylogger v2.0.7 by eartharoid (http://leeks.js.org/logger)
    SquashCodes | Log File
    Wednesday, 7th April 2021, 23:37 pm (America/Sao_Paulo) -->
    Node: v14.15.5 on 'Windows' | Time format: 'HH:mm:ss' | Date format: 'YYYY-MM-DD'
<-<-<================================================================================>->->


[23:37:49 | INFO] Using SQLite storage
[23:37:49 | INFO] > Loaded debug event
[23:37:49 | INFO] > Loaded error event
[23:37:49 | INFO] > Loaded message event
[23:37:49 | INFO] > Loaded messageDelete event
[23:37:49 | INFO] > Loaded messageReactionAdd event
[23:37:49 | INFO] > Loaded messageUpdate event
[23:37:49 | INFO] > Loaded rateLimit event
[23:37:49 | INFO] > Loaded ready event
[23:37:49 | INFO] > Loaded warn event
[23:37:49 | INFO] > Loaded !add command
[23:37:49 | INFO] > Loaded !close command
[23:37:49 | INFO] > Loaded !closeall command
[23:37:49 | INFO] > Loaded !delete command
[23:37:49 | INFO] > Loaded !help command
[23:37:49 | INFO] > Loaded !new command
[23:37:49 | INFO] > Loaded !panel command
[23:37:49 | INFO] > Loaded !remove command
[23:37:49 | INFO] > Loaded !rename command
[23:37:49 | INFO] > Loaded !stats command
[23:37:49 | INFO] > Loaded !tickets command
[23:37:49 | INFO] > Loaded !topic command
[23:37:49 | INFO] > Loaded !transcript command
[23:37:49 | INFO] > Loaded !transfer command
[23:37:49 | INFO] Loaded 9 events and 14 commands
[23:37:50 | INFO] Authenticated as Betina#2704
[23:37:50 | INFO] 'ADMINISTRATOR' permission has been granted

    
<-<-<================================================================================>->->
    File generated by leekslazylogger v2.0.7 by eartharoid (http://leeks.js.org/logger)
    SquashCodes | Log File
    Wednesday, 7th April 2021, 23:37 pm (America/Sao_Paulo) -->
    Node: v14.15.5 on 'Windows' | Time format: 'HH:mm:ss' | Date format: 'YYYY-MM-DD'
<-<-<================================================================================>->->


[23:37:56 | INFO] Using SQLite storage
[23:37:57 | INFO] > Loaded debug event
[23:37:57 | INFO] > Loaded error event
[23:37:57 | INFO] > Loaded message event
[23:37:57 | INFO] > Loaded messageDelete event
[23:37:57 | INFO] > Loaded messageReactionAdd event
[23:37:57 | INFO] > Loaded messageUpdate event
[23:37:57 | INFO] > Loaded rateLimit event
[23:37:57 | INFO] > Loaded ready event
[23:37:57 | INFO] > Loaded warn event
[23:37:57 | INFO] > Loaded !add command
[23:37:57 | INFO] > Loaded !close command
[23:37:57 | INFO] > Loaded !closeall command
[23:37:57 | INFO] > Loaded !delete command
[23:37:57 | INFO] > Loaded !help command
[23:37:57 | INFO] > Loaded !new command
[23:37:57 | INFO] > Loaded !panel command
[23:37:57 | INFO] > Loaded !remove command
[23:37:57 | INFO] > Loaded !rename command
[23:37:57 | INFO] > Loaded !stats command
[23:37:57 | INFO] > Loaded !tickets command
[23:37:57 | INFO] > Loaded !topic command
[23:37:57 | INFO] > Loaded !transcript command
[23:37:57 | INFO] > Loaded !transfer command
[23:37:57 | INFO] Loaded 9 events and 14 commands
[23:37:57 | INFO] Authenticated as Betina#2704
[23:37:57 | INFO] 'ADMINISTRATOR' permission has been granted
[23:38:00 | INFO] dutra#3978 created a new ticket (#ticket-10) via panel

    
<-<-<================================================================================>->->
    File generated by leekslazylogger v2.0.7 by eartharoid (http://leeks.js.org/logger)
    SquashCodes | Log File
    Wednesday, 7th April 2021, 23:39 pm (America/Sao_Paulo) -->
    Node: v14.15.5 on 'Windows' | Time format: 'HH:mm:ss' | Date format: 'YYYY-MM-DD'
<-<-<================================================================================>->->


[23:39:30 | INFO] Using SQLite storage
[23:39:30 | INFO] > Loaded debug event
[23:39:30 | INFO] > Loaded error event
[23:39:30 | INFO] > Loaded message event
[23:39:30 | INFO] > Loaded messageDelete event
[23:39:30 | INFO] > Loaded messageReactionAdd event
[23:39:30 | INFO] > Loaded messageUpdate event
[23:39:30 | INFO] > Loaded rateLimit event
[23:39:30 | INFO] > Loaded ready event
[23:39:30 | INFO] > Loaded warn event
[23:39:30 | INFO] > Loaded !add command
[23:39:30 | INFO] > Loaded !close command
[23:39:30 | INFO] > Loaded !closeall command
[23:39:30 | INFO] > Loaded !delete command
[23:39:30 | INFO] > Loaded !help command
[23:39:30 | INFO] > Loaded !new command
[23:39:30 | INFO] > Loaded !panel command
[23:39:30 | INFO] > Loaded !remove command
[23:39:30 | INFO] > Loaded !rename command
[23:39:30 | INFO] > Loaded !stats command
[23:39:30 | INFO] > Loaded !tickets command
[23:39:30 | INFO] > Loaded !topic command
[23:39:30 | INFO] > Loaded !transcript command
[23:39:30 | INFO] > Loaded !transfer command
[23:39:30 | INFO] Loaded 9 events and 14 commands
[23:39:31 | INFO] Authenticated as Betina#2704
[23:39:31 | INFO] 'ADMINISTRATOR' permission has been granted
[23:39:47 | INFO] dutra#3978 created a new ticket (#ticket-11) via panel

    
<-<-<================================================================================>->->
    File generated by leekslazylogger v2.0.7 by eartharoid (http://leeks.js.org/logger)
    SquashCodes | Log File
    Wednesday, 7th April 2021, 23:40 pm (America/Sao_Paulo) -->
    Node: v14.15.5 on 'Windows' | Time format: 'HH:mm:ss' | Date format: 'YYYY-MM-DD'
<-<-<================================================================================>->->


[23:40:08 | INFO] Using SQLite storage
[23:40:08 | INFO] > Loaded debug event
[23:40:08 | INFO] > Loaded error event
[23:40:08 | INFO] > Loaded message event
[23:40:08 | INFO] > Loaded messageDelete event
[23:40:08 | INFO] > Loaded messageReactionAdd event
[23:40:08 | INFO] > Loaded messageUpdate event
[23:40:08 | INFO] > Loaded rateLimit event
[23:40:08 | INFO] > Loaded ready event
[23:40:08 | INFO] > Loaded warn event
[23:40:08 | INFO] > Loaded !add command
[23:40:08 | INFO] > Loaded !close command
[23:40:08 | INFO] > Loaded !closeall command
[23:40:08 | INFO] > Loaded !delete command
[23:40:08 | INFO] > Loaded !help command
[23:40:08 | INFO] > Loaded !new command
[23:40:08 | INFO] > Loaded !panel command
[23:40:08 | INFO] > Loaded !remove command
[23:40:08 | INFO] > Loaded !rename command
[23:40:08 | INFO] > Loaded !stats command
[23:40:08 | INFO] > Loaded !tickets command
[23:40:08 | INFO] > Loaded !topic command
[23:40:08 | INFO] > Loaded !transcript command
[23:40:08 | INFO] > Loaded !transfer command
[23:40:08 | INFO] Loaded 9 events and 14 commands
[23:40:09 | INFO] Authenticated as Betina#2704
[23:40:09 | INFO] 'ADMINISTRATOR' permission has been granted
[23:40:13 | INFO] dutra#3978 created a new ticket (#ticket-12) via panel
[23:41:07 | INFO] dutra#3978 created a new ticket (#ticket-13) via panel
[23:41:21 | INFO] dutra#3978 used the 'delete' command
[23:41:26 | INFO] dutra#3978 deleted a ticket (#ticket-13)
[23:41:29 | INFO] dutra#3978 used the 'delete' command
[23:41:32 | INFO] dutra#3978 attempted to use the 'delete' command before the cooldown was over
[23:41:34 | INFO] dutra#3978 deleted a ticket (#ticket-12)
[23:41:37 | INFO] dutra#3978 used the 'delete' command
[23:41:38 | INFO] dutra#3978 deleted a ticket (#ticket-11)
[23:41:38 | WARN] An error was not caught
[23:41:38 | WARN] Uncaught DiscordAPIError: Unknown Message
[23:41:38 | ERROR] DiscordAPIError: Unknown Message
    at RequestHandler.execute (C:\Users\COMPUTADOR\node\Sqh\node_modules\discord.js\src\rest\RequestHandler.js:154:13)
    at processTicksAndRejections (internal/process/task_queues.js:93:5)
    at async RequestHandler.push (C:\Users\COMPUTADOR\node\Sqh\node_modules\discord.js\src\rest\RequestHandler.js:39:14)
[23:41:40 | INFO] dutra#3978 used the 'delete' command
[23:41:42 | INFO] dutra#3978 deleted a ticket (#ticket-10)
[23:41:44 | INFO] dutra#3978 used the 'delete' command
[23:41:45 | INFO] dutra#3978 deleted a ticket (#ticket-9)
[23:41:47 | INFO] dutra#3978 used the 'delete' command
[23:41:48 | INFO] dutra#3978 deleted a ticket (#ticket-7)

    
<-<-<================================================================================>->->
    File generated by leekslazylogger v2.0.7 by eartharoid (http://leeks.js.org/logger)
    SquashCodes | Log File
    Wednesday, 7th April 2021, 23:42 pm (America/Sao_Paulo) -->
    Node: v14.15.5 on 'Windows' | Time format: 'HH:mm:ss' | Date format: 'YYYY-MM-DD'
<-<-<================================================================================>->->


[23:42:41 | INFO] Using SQLite storage
[23:42:41 | INFO] > Loaded debug event
[23:42:41 | INFO] > Loaded error event
[23:42:41 | INFO] > Loaded message event
[23:42:41 | INFO] > Loaded messageDelete event
[23:42:41 | INFO] > Loaded messageReactionAdd event
[23:42:41 | INFO] > Loaded messageUpdate event
[23:42:42 | INFO] > Loaded rateLimit event
[23:42:42 | INFO] > Loaded ready event
[23:42:42 | INFO] > Loaded warn event
[23:42:42 | INFO] > Loaded !add command
[23:42:42 | INFO] > Loaded !close command
[23:42:42 | INFO] > Loaded !closeall command
[23:42:42 | INFO] > Loaded !delete command
[23:42:42 | INFO] > Loaded !help command
[23:42:42 | INFO] > Loaded !new command
[23:42:42 | INFO] > Loaded !panel command
[23:42:42 | INFO] > Loaded !remove command
[23:42:42 | INFO] > Loaded !rename command
[23:42:42 | INFO] > Loaded !stats command
[23:42:42 | INFO] > Loaded !tickets command
[23:42:42 | INFO] > Loaded !topic command
[23:42:42 | INFO] > Loaded !transcript command
[23:42:42 | INFO] > Loaded !transfer command
[23:42:42 | INFO] Loaded 9 events and 14 commands
[23:42:42 | INFO] Authenticated as Betina#2704
[23:42:42 | INFO] 'ADMINISTRATOR' permission has been granted
[23:42:45 | INFO] dutra#3978 created a new ticket (#ticket-14) via panel

    
<-<-<================================================================================>->->
    File generated by leekslazylogger v2.0.7 by eartharoid (http://leeks.js.org/logger)
    SquashCodes | Log File
    Wednesday, 7th April 2021, 23:44 pm (America/Sao_Paulo) -->
    Node: v14.15.5 on 'Windows' | Time format: 'HH:mm:ss' | Date format: 'YYYY-MM-DD'
<-<-<================================================================================>->->


[23:44:17 | INFO] Using SQLite storage
[23:44:17 | INFO] > Loaded debug event
[23:44:17 | INFO] > Loaded error event
[23:44:17 | INFO] > Loaded message event
[23:44:17 | INFO] > Loaded messageDelete event
[23:44:17 | INFO] > Loaded messageReactionAdd event
[23:44:17 | INFO] > Loaded messageUpdate event
[23:44:17 | INFO] > Loaded rateLimit event
[23:44:17 | INFO] > Loaded ready event
[23:44:17 | INFO] > Loaded warn event
[23:44:17 | INFO] > Loaded !add command
[23:44:17 | INFO] > Loaded !close command
[23:44:17 | INFO] > Loaded !closeall command
[23:44:17 | INFO] > Loaded !delete command
[23:44:17 | INFO] > Loaded !help command
[23:44:17 | INFO] > Loaded !new command
[23:44:17 | INFO] > Loaded !panel command
[23:44:17 | INFO] > Loaded !remove command
[23:44:17 | INFO] > Loaded !rename command
[23:44:17 | INFO] > Loaded !stats command
[23:44:17 | INFO] > Loaded !tickets command
[23:44:17 | INFO] > Loaded !topic command
[23:44:17 | INFO] > Loaded !transcript command
[23:44:17 | INFO] > Loaded !transfer command
[23:44:17 | INFO] Loaded 9 events and 14 commands
[23:44:18 | INFO] Authenticated as Betina#2704
[23:44:18 | INFO] 'ADMINISTRATOR' permission has been granted

    
<-<-<================================================================================>->->
    File generated by leekslazylogger v2.0.7 by eartharoid (http://leeks.js.org/logger)
    SquashCodes | Log File
    Wednesday, 7th April 2021, 23:44 pm (America/Sao_Paulo) -->
    Node: v14.15.5 on 'Windows' | Time format: 'HH:mm:ss' | Date format: 'YYYY-MM-DD'
<-<-<================================================================================>->->


[23:44:24 | INFO] Using SQLite storage
[23:44:24 | INFO] > Loaded debug event
[23:44:24 | INFO] > Loaded error event
[23:44:24 | INFO] > Loaded message event
[23:44:24 | INFO] > Loaded messageDelete event
[23:44:24 | INFO] > Loaded messageReactionAdd event
[23:44:24 | INFO] > Loaded messageUpdate event
[23:44:24 | INFO] > Loaded rateLimit event
[23:44:24 | INFO] > Loaded ready event
[23:44:24 | INFO] > Loaded warn event
[23:44:24 | INFO] > Loaded !add command
[23:44:24 | INFO] > Loaded !close command
[23:44:24 | INFO] > Loaded !closeall command
[23:44:24 | INFO] > Loaded !delete command
[23:44:24 | INFO] > Loaded !help command
[23:44:24 | INFO] > Loaded !new command
[23:44:24 | INFO] > Loaded !panel command
[23:44:24 | INFO] > Loaded !remove command
[23:44:24 | INFO] > Loaded !rename command
[23:44:24 | INFO] > Loaded !stats command
[23:44:24 | INFO] > Loaded !tickets command
[23:44:24 | INFO] > Loaded !topic command
[23:44:24 | INFO] > Loaded !transcript command
[23:44:24 | INFO] > Loaded !transfer command
[23:44:24 | INFO] Loaded 9 events and 14 commands
[23:44:25 | INFO] Authenticated as Betina#2704
[23:44:25 | INFO] 'ADMINISTRATOR' permission has been granted
[23:44:28 | INFO] dutra#3978 created a new ticket (#suporte-15) via panel

    
<-<-<================================================================================>->->
    File generated by leekslazylogger v2.0.7 by eartharoid (http://leeks.js.org/logger)
    SquashCodes | Log File
    Wednesday, 7th April 2021, 23:45 pm (America/Sao_Paulo) -->
    Node: v14.15.5 on 'Windows' | Time format: 'HH:mm:ss' | Date format: 'YYYY-MM-DD'
<-<-<================================================================================>->->


[23:45:03 | INFO] Using SQLite storage
[23:45:03 | INFO] > Loaded debug event
[23:45:03 | INFO] > Loaded error event
[23:45:03 | INFO] > Loaded message event
[23:45:03 | INFO] > Loaded messageDelete event
[23:45:03 | INFO] > Loaded messageReactionAdd event
[23:45:03 | INFO] > Loaded messageUpdate event
[23:45:03 | INFO] > Loaded rateLimit event
[23:45:03 | INFO] > Loaded ready event
[23:45:03 | INFO] > Loaded warn event
[23:45:03 | INFO] > Loaded !add command
[23:45:03 | INFO] > Loaded !close command
[23:45:03 | INFO] > Loaded !closeall command
[23:45:03 | INFO] > Loaded !delete command
[23:45:03 | INFO] > Loaded !help command
[23:45:03 | INFO] > Loaded !new command
[23:45:03 | INFO] > Loaded !panel command
[23:45:03 | INFO] > Loaded !remove command
[23:45:03 | INFO] > Loaded !rename command
[23:45:03 | INFO] > Loaded !stats command
[23:45:03 | INFO] > Loaded !tickets command
[23:45:03 | INFO] > Loaded !topic command
[23:45:03 | INFO] > Loaded !transcript command
[23:45:03 | INFO] > Loaded !transfer command
[23:45:03 | INFO] Loaded 9 events and 14 commands
[23:45:04 | INFO] Authenticated as Betina#2704
[23:45:04 | INFO] 'ADMINISTRATOR' permission has been granted
[23:45:06 | INFO] dutra#3978 used the 'new' command
[23:45:07 | ERROR] ReferenceError: u is not defined
    at C:\Users\COMPUTADOR\node\Sqh\src\commands\new.js:177:32
    at processTicksAndRejections (internal/process/task_queues.js:93:5)

    
<-<-<================================================================================>->->
    File generated by leekslazylogger v2.0.7 by eartharoid (http://leeks.js.org/logger)
    SquashCodes | Log File
    Wednesday, 7th April 2021, 23:47 pm (America/Sao_Paulo) -->
    Node: v14.15.5 on 'Windows' | Time format: 'HH:mm:ss' | Date format: 'YYYY-MM-DD'
<-<-<================================================================================>->->


[23:47:08 | INFO] Using SQLite storage
[23:47:08 | INFO] > Loaded debug event
[23:47:08 | INFO] > Loaded error event
[23:47:08 | INFO] > Loaded message event
[23:47:08 | INFO] > Loaded messageDelete event
[23:47:08 | INFO] > Loaded messageReactionAdd event
[23:47:08 | INFO] > Loaded messageUpdate event
[23:47:08 | INFO] > Loaded rateLimit event
[23:47:08 | INFO] > Loaded ready event
[23:47:08 | INFO] > Loaded warn event
[23:47:08 | INFO] > Loaded !add command
[23:47:08 | INFO] > Loaded !close command
[23:47:08 | INFO] > Loaded !closeall command
[23:47:08 | INFO] > Loaded !delete command
[23:47:08 | INFO] > Loaded !help command
[23:47:08 | INFO] > Loaded !new command
[23:47:08 | INFO] > Loaded !panel command
[23:47:08 | INFO] > Loaded !remove command
[23:47:08 | INFO] > Loaded !rename command
[23:47:08 | INFO] > Loaded !stats command
[23:47:08 | INFO] > Loaded !tickets command
[23:47:08 | INFO] > Loaded !topic command
[23:47:08 | INFO] > Loaded !transcript command
[23:47:08 | INFO] > Loaded !transfer command
[23:47:08 | INFO] Loaded 9 events and 14 commands
[23:47:09 | INFO] Authenticated as Betina#2704
[23:47:09 | INFO] 'ADMINISTRATOR' permission has been granted
[23:47:13 | INFO] dutra#3978 used the 'new' command
[23:47:14 | ERROR] ReferenceError: channel is not defined
    at C:\Users\COMPUTADOR\node\Sqh\src\commands\new.js:180:42
    at processTicksAndRejections (internal/process/task_queues.js:93:5)

    
<-<-<================================================================================>->->
    File generated by leekslazylogger v2.0.7 by eartharoid (http://leeks.js.org/logger)
    SquashCodes | Log File
    Wednesday, 7th April 2021, 23:48 pm (America/Sao_Paulo) -->
    Node: v14.15.5 on 'Windows' | Time format: 'HH:mm:ss' | Date format: 'YYYY-MM-DD'
<-<-<================================================================================>->->


[23:48:46 | INFO] Using SQLite storage
[23:48:46 | INFO] > Loaded debug event
[23:48:46 | INFO] > Loaded error event
[23:48:46 | INFO] > Loaded message event
[23:48:46 | INFO] > Loaded messageDelete event
[23:48:46 | INFO] > Loaded messageReactionAdd event
[23:48:46 | INFO] > Loaded messageUpdate event
[23:48:46 | INFO] > Loaded rateLimit event
[23:48:46 | INFO] > Loaded ready event
[23:48:46 | INFO] > Loaded warn event
[23:48:46 | INFO] > Loaded !add command
[23:48:46 | INFO] > Loaded !close command
[23:48:46 | INFO] > Loaded !closeall command
[23:48:46 | INFO] > Loaded !delete command
[23:48:46 | INFO] > Loaded !help command
[23:48:46 | INFO] > Loaded !new command
[23:48:46 | INFO] > Loaded !panel command
[23:48:46 | INFO] > Loaded !remove command
[23:48:46 | INFO] > Loaded !rename command
[23:48:46 | INFO] > Loaded !stats command
[23:48:46 | INFO] > Loaded !tickets command
[23:48:46 | INFO] > Loaded !topic command
[23:48:46 | INFO] > Loaded !transcript command
[23:48:46 | INFO] > Loaded !transfer command
[23:48:46 | INFO] Loaded 9 events and 14 commands
[23:48:47 | INFO] Authenticated as Betina#2704
[23:48:47 | INFO] 'ADMINISTRATOR' permission has been granted
[23:48:48 | INFO] dutra#3978 used the 'new' command
[23:48:50 | INFO] dutra#3978 criou um novo ticket (#ticket-18)

    
<-<-<================================================================================>->->
    File generated by leekslazylogger v2.0.7 by eartharoid (http://leeks.js.org/logger)
    SquashCodes | Log File
    Wednesday, 7th April 2021, 23:50 pm (America/Sao_Paulo) -->
    Node: v14.15.5 on 'Windows' | Time format: 'HH:mm:ss' | Date format: 'YYYY-MM-DD'
<-<-<================================================================================>->->


[23:50:11 | INFO] Using SQLite storage
[23:50:12 | INFO] > Loaded debug event
[23:50:12 | INFO] > Loaded error event
[23:50:12 | INFO] > Loaded message event
[23:50:12 | INFO] > Loaded messageDelete event
[23:50:12 | INFO] > Loaded messageReactionAdd event
[23:50:12 | INFO] > Loaded messageUpdate event
[23:50:12 | INFO] > Loaded rateLimit event
[23:50:12 | INFO] > Loaded ready event
[23:50:12 | INFO] > Loaded warn event
[23:50:12 | INFO] > Loaded !add command
[23:50:12 | INFO] > Loaded !close command
[23:50:12 | INFO] > Loaded !closeall command
[23:50:12 | INFO] > Loaded !delete command
[23:50:12 | INFO] > Loaded !help command
[23:50:12 | INFO] > Loaded !new command
[23:50:12 | INFO] > Loaded !panel command
[23:50:12 | INFO] > Loaded !remove command
[23:50:12 | INFO] > Loaded !rename command
[23:50:12 | INFO] > Loaded !stats command
[23:50:12 | INFO] > Loaded !tickets command
[23:50:12 | INFO] > Loaded !topic command
[23:50:12 | INFO] > Loaded !transcript command
[23:50:12 | INFO] > Loaded !transfer command
[23:50:12 | INFO] Loaded 9 events and 14 commands
[23:50:13 | INFO] Authenticated as Betina#2704
[23:50:13 | INFO] 'ADMINISTRATOR' permission has been granted
[23:50:16 | INFO] dutra#3978 created a new ticket (#suporte-19) via panel

    
<-<-<================================================================================>->->
    File generated by leekslazylogger v2.0.7 by eartharoid (http://leeks.js.org/logger)
    SquashCodes | Log File
    Wednesday, 7th April 2021, 23:55 pm (America/Sao_Paulo) -->
    Node: v14.15.5 on 'Windows' | Time format: 'HH:mm:ss' | Date format: 'YYYY-MM-DD'
<-<-<================================================================================>->->


[23:55:44 | INFO] Using SQLite storage
[23:55:44 | INFO] > Loaded debug event
[23:55:44 | INFO] > Loaded error event
[23:55:44 | INFO] > Loaded message event
[23:55:44 | INFO] > Loaded messageDelete event
[23:55:44 | INFO] > Loaded messageReactionAdd event
[23:55:44 | INFO] > Loaded messageUpdate event
[23:55:44 | INFO] > Loaded rateLimit event
[23:55:44 | INFO] > Loaded ready event
[23:55:44 | INFO] > Loaded warn event
[23:55:44 | INFO] > Loaded !add command
[23:55:44 | INFO] > Loaded !close command
[23:55:44 | INFO] > Loaded !closeall command
[23:55:44 | INFO] > Loaded !delete command
[23:55:44 | INFO] > Loaded !help command
[23:55:44 | INFO] > Loaded !panel command
[23:55:44 | INFO] > Loaded !remove command
[23:55:44 | INFO] > Loaded !rename command
[23:55:44 | INFO] > Loaded !stats command
[23:55:44 | INFO] > Loaded !suporte command
[23:55:44 | INFO] > Loaded !tickets command
[23:55:44 | INFO] > Loaded !topic command
[23:55:44 | INFO] > Loaded !transcript command
[23:55:44 | INFO] > Loaded !transfer command
[23:55:44 | INFO] Loaded 9 events and 14 commands
[23:55:45 | INFO] Authenticated as Betina#2704
[23:55:45 | INFO] 'ADMINISTRATOR' permission has been granted
[23:55:51 | INFO] dutra#3978 used the 'suporte' command
[23:55:53 | INFO] dutra#3978 criou um novo ticket (#suporte-20)

    
<-<-<================================================================================>->->
    File generated by leekslazylogger v2.0.7 by eartharoid (http://leeks.js.org/logger)
    SquashCodes | Log File
    Wednesday, 7th April 2021, 23:58 pm (America/Sao_Paulo) -->
    Node: v14.15.5 on 'Windows' | Time format: 'HH:mm:ss' | Date format: 'YYYY-MM-DD'
<-<-<================================================================================>->->


[23:58:06 | INFO] Using SQLite storage
[23:58:06 | INFO] > Loaded debug event
[23:58:06 | INFO] > Loaded error event
[23:58:06 | INFO] > Loaded message event
[23:58:06 | INFO] > Loaded messageDelete event
[23:58:07 | INFO] > Loaded messageReactionAdd event
[23:58:07 | INFO] > Loaded messageUpdate event
[23:58:07 | INFO] > Loaded rateLimit event
[23:58:07 | INFO] > Loaded ready event
[23:58:07 | INFO] > Loaded warn event
[23:58:07 | INFO] > Loaded !add command
[23:58:07 | INFO] > Loaded !close command
[23:58:07 | INFO] > Loaded !closeall command
[23:58:07 | INFO] > Loaded !delete command
[23:58:07 | INFO] > Loaded !help command
[23:58:07 | INFO] > Loaded !panel command
[23:58:07 | INFO] > Loaded !remove command
[23:58:07 | INFO] > Loaded !rename command
[23:58:07 | INFO] > Loaded !stats command
[23:58:07 | INFO] > Loaded !suporte command
[23:58:07 | INFO] > Loaded !tickets command
[23:58:07 | INFO] > Loaded !topic command
[23:58:07 | INFO] > Loaded !transcript command
[23:58:07 | INFO] > Loaded !transfer command
[23:58:07 | INFO] Loaded 9 events and 14 commands
[23:58:07 | INFO] Authenticated as Betina#2704
[23:58:07 | INFO] 'ADMINISTRATOR' permission has been granted
[23:58:12 | INFO] dutra#3978 used the 'stats' command
[23:58:30 | INFO] dutra#3978 used the 'tickets' command
